TN:
SF:/mnt/hgfs/Desktop/DUUF/COMF/COMFLogger.cpp
FN:17,_ZN4DUUF4COMF11COMF_LoggerC2Ev
FN:30,_ZN4DUUF4COMF11COMF_LoggerD2Ev
FN:30,_ZN4DUUF4COMF11COMF_LoggerD0Ev
FN:33,_ZN4DUUF4COMF11COMF_Logger9getLoggerEv
FNDA:1,_ZN4DUUF4COMF11COMF_LoggerD2Ev
FNDA:0,_ZN4DUUF4COMF11COMF_LoggerD0Ev
FNDA:1,_ZN4DUUF4COMF11COMF_LoggerC2Ev
FNDA:324,_ZN4DUUF4COMF11COMF_Logger9getLoggerEv
FNF:4
FNH:3
DA:17,1
DA:18,1
DA:19,2
DA:20,1
DA:21,1
DA:22,1
DA:23,1
DA:24,1
DA:25,1
DA:26,1
DA:27,1
DA:28,1
DA:30,1
DA:31,1
DA:33,324
DA:34,324
DA:35,324
LF:17
LH:17
end_of_record
TN:
SF:/mnt/hgfs/Desktop/DUUF/COMF/message/BaseMessage.cpp
FN:22,_ZN4DUUF4COMF7MESSAGE11BaseMessageC2Ev
FN:27,_ZN4DUUF4COMF7MESSAGE11BaseMessageC2ERKS2_
FN:35,_ZN4DUUF4COMF7MESSAGE11BaseMessageD2Ev
FN:35,_ZN4DUUF4COMF7MESSAGE11BaseMessageD0Ev
FN:41,_ZN4DUUF4COMF7MESSAGE11BaseMessage7SetDataEPKcj
FN:50,_ZNK4DUUF4COMF7MESSAGE11BaseMessage7GetDataEv
FN:54,_ZN4DUUF4COMF7MESSAGE11BaseMessage9SetHeaderERNS1_9BASICTYPE13MessageHeaderE
FN:58,_ZN4DUUF4COMF7MESSAGE11BaseMessage9GetHeaderEv
FN:62,_ZN4DUUF4COMF7MESSAGE11BaseMessage11deserializeERSi
FN:74,_ZNK4DUUF4COMF7MESSAGE11BaseMessage9serializeERSo
FNDA:0,_ZN4DUUF4COMF7MESSAGE11BaseMessage9GetHeaderEv
FNDA:0,_ZN4DUUF4COMF7MESSAGE11BaseMessageD2Ev
FNDA:0,_ZNK4DUUF4COMF7MESSAGE11BaseMessage7GetDataEv
FNDA:0,_ZN4DUUF4COMF7MESSAGE11BaseMessageC2Ev
FNDA:0,_ZNK4DUUF4COMF7MESSAGE11BaseMessage9serializeERSo
FNDA:0,_ZN4DUUF4COMF7MESSAGE11BaseMessageC2ERKS2_
FNDA:0,_ZN4DUUF4COMF7MESSAGE11BaseMessage7SetDataEPKcj
FNDA:0,_ZN4DUUF4COMF7MESSAGE11BaseMessage11deserializeERSi
FNDA:0,_ZN4DUUF4COMF7MESSAGE11BaseMessage9SetHeaderERNS1_9BASICTYPE13MessageHeaderE
FNDA:0,_ZN4DUUF4COMF7MESSAGE11BaseMessageD0Ev
FNF:10
FNH:0
DA:22,0
DA:23,0
DA:24,0
DA:25,0
DA:27,0
DA:28,0
DA:29,0
DA:31,0
DA:32,0
DA:33,0
DA:35,0
DA:36,0
DA:37,0
DA:39,0
DA:41,0
DA:42,0
DA:43,0
DA:45,0
DA:46,0
DA:47,0
DA:48,0
DA:50,0
DA:51,0
DA:54,0
DA:55,0
DA:56,0
DA:58,0
DA:59,0
DA:62,0
DA:63,0
DA:64,0
DA:65,0
DA:66,0
DA:68,0
DA:69,0
DA:70,0
DA:74,0
DA:75,0
DA:76,0
DA:77,0
DA:78,0
LF:41
LH:0
end_of_record
TN:
SF:/mnt/hgfs/Desktop/DUUF/COMF/message/basic_type/MessageHeader.cpp
FN:24,_ZN4DUUF4COMF7MESSAGE9BASICTYPE13MessageHeaderC2Ev
FN:31,_ZN4DUUF4COMF7MESSAGE9BASICTYPE13MessageHeaderD0Ev
FN:31,_ZN4DUUF4COMF7MESSAGE9BASICTYPE13MessageHeaderD2Ev
FN:34,_ZN4DUUF4COMF7MESSAGE9BASICTYPE13MessageHeader11SetDataSizeEj
FN:38,_ZNK4DUUF4COMF7MESSAGE9BASICTYPE13MessageHeader11GetDataSizeEv
FN:42,_ZN4DUUF4COMF7MESSAGE9BASICTYPE13MessageHeader16SetUsecTimestampERKNSt6chrono8durationIlSt5ratioILl1ELl1000000EEEE
FN:46,_ZNK4DUUF4COMF7MESSAGE9BASICTYPE13MessageHeader16GetUsecTimestampEv
FN:50,_ZN4DUUF4COMF7MESSAGE9BASICTYPE13MessageHeader7SetPortEi
FN:54,_ZNK4DUUF4COMF7MESSAGE9BASICTYPE13MessageHeader7GetPortEv
FN:58,_ZN4DUUF4COMF7MESSAGE9BASICTYPE13MessageHeader7SetAddrERKNSt7__cxx1112basic_stringIcSt11char_traitsIcESaIcEEE
FN:62,_ZNK4DUUF4COMF7MESSAGE9BASICTYPE13MessageHeader7GetAddrB5cxx11Ev
FN:66,_ZN4DUUF4COMF7MESSAGE9BASICTYPE13MessageHeader11deserializeERSi
FN:77,_ZNK4DUUF4COMF7MESSAGE9BASICTYPE13MessageHeader9serializeERSo
FN:87,_ZNK4DUUF4COMF7MESSAGE9BASICTYPE13MessageHeader12getMessageIdEv
FN:91,_ZN4DUUF4COMF7MESSAGE9BASICTYPE13MessageHeader12setMessageIdEm
FNDA:0,_ZNK4DUUF4COMF7MESSAGE9BASICTYPE13MessageHeader7GetAddrB5cxx11Ev
FNDA:0,_ZNK4DUUF4COMF7MESSAGE9BASICTYPE13MessageHeader11GetDataSizeEv
FNDA:0,_ZNK4DUUF4COMF7MESSAGE9BASICTYPE13MessageHeader7GetPortEv
FNDA:0,_ZN4DUUF4COMF7MESSAGE9BASICTYPE13MessageHeader7SetPortEi
FNDA:0,_ZN4DUUF4COMF7MESSAGE9BASICTYPE13MessageHeader12setMessageIdEm
FNDA:0,_ZN4DUUF4COMF7MESSAGE9BASICTYPE13MessageHeaderD0Ev
FNDA:0,_ZNK4DUUF4COMF7MESSAGE9BASICTYPE13MessageHeader16GetUsecTimestampEv
FNDA:0,_ZN4DUUF4COMF7MESSAGE9BASICTYPE13MessageHeaderD2Ev
FNDA:0,_ZNK4DUUF4COMF7MESSAGE9BASICTYPE13MessageHeader9serializeERSo
FNDA:0,_ZN4DUUF4COMF7MESSAGE9BASICTYPE13MessageHeader16SetUsecTimestampERKNSt6chrono8durationIlSt5ratioILl1ELl1000000EEEE
FNDA:0,_ZN4DUUF4COMF7MESSAGE9BASICTYPE13MessageHeaderC2Ev
FNDA:0,_ZN4DUUF4COMF7MESSAGE9BASICTYPE13MessageHeader7SetAddrERKNSt7__cxx1112basic_stringIcSt11char_traitsIcESaIcEEE
FNDA:0,_ZNK4DUUF4COMF7MESSAGE9BASICTYPE13MessageHeader12getMessageIdEv
FNDA:0,_ZN4DUUF4COMF7MESSAGE9BASICTYPE13MessageHeader11deserializeERSi
FNDA:0,_ZN4DUUF4COMF7MESSAGE9BASICTYPE13MessageHeader11SetDataSizeEj
FNF:15
FNH:0
DA:24,0
DA:25,0
DA:26,0
DA:27,0
DA:28,0
DA:29,0
DA:31,0
DA:32,0
DA:34,0
DA:35,0
DA:36,0
DA:38,0
DA:39,0
DA:42,0
DA:43,0
DA:44,0
DA:46,0
DA:47,0
DA:50,0
DA:51,0
DA:52,0
DA:54,0
DA:55,0
DA:58,0
DA:59,0
DA:60,0
DA:62,0
DA:63,0
DA:66,0
DA:67,0
DA:69,0
DA:70,0
DA:71,0
DA:72,0
DA:73,0
DA:74,0
DA:77,0
DA:78,0
DA:79,0
DA:80,0
DA:81,0
DA:82,0
DA:83,0
DA:84,0
DA:87,0
DA:88,0
DA:91,0
DA:92,0
DA:93,0
LF:49
LH:0
end_of_record
TN:
SF:/mnt/hgfs/Desktop/DUUF/COMF/serialization/Serializable.h
FN:27,_ZN4DUUF4COMF12SerializableD2Ev
FN:27,_ZN4DUUF4COMF12SerializableD0Ev
FNDA:0,_ZN4DUUF4COMF12SerializableD0Ev
FNDA:0,_ZN4DUUF4COMF12SerializableD2Ev
FNF:2
FNH:0
DA:27,0
LF:1
LH:0
end_of_record
TN:
SF:/mnt/hgfs/Desktop/DUUF/COMF/serialization/Serialization.cpp
FN:25,_ZN4DUUF4COMF20deserialize_templateItEEjRSiRT_
FN:25,_ZN4DUUF4COMF20deserialize_templateIbEEjRSiRT_
FN:25,_ZN4DUUF4COMF20deserialize_templateImEEjRSiRT_
FN:25,_ZN4DUUF4COMF20deserialize_templateIjEEjRSiRT_
FN:25,_ZN4DUUF4COMF20deserialize_templateIiEEjRSiRT_
FN:25,_ZN4DUUF4COMF20deserialize_templateIfEEjRSiRT_
FN:25,_ZN4DUUF4COMF20deserialize_templateIcEEjRSiRT_
FN:25,_ZN4DUUF4COMF20deserialize_templateIdEEjRSiRT_
FN:25,_ZN4DUUF4COMF20deserialize_templateIhEEjRSiRT_
FN:25,_ZN4DUUF4COMF20deserialize_templateIsEEjRSiRT_
FN:25,_ZN4DUUF4COMF20deserialize_templateIlEEjRSiRT_
FN:31,_ZN4DUUF4COMF18serialize_templateImEEjRKT_RSo
FN:31,_ZN4DUUF4COMF18serialize_templateIhEEjRKT_RSo
FN:31,_ZN4DUUF4COMF18serialize_templateIsEEjRKT_RSo
FN:31,_ZN4DUUF4COMF18serialize_templateItEEjRKT_RSo
FN:31,_ZN4DUUF4COMF18serialize_templateIdEEjRKT_RSo
FN:31,_ZN4DUUF4COMF18serialize_templateIcEEjRKT_RSo
FN:31,_ZN4DUUF4COMF18serialize_templateIiEEjRKT_RSo
FN:31,_ZN4DUUF4COMF18serialize_templateIbEEjRKT_RSo
FN:31,_ZN4DUUF4COMF18serialize_templateIjEEjRKT_RSo
FN:31,_ZN4DUUF4COMF18serialize_templateIlEEjRKT_RSo
FN:31,_ZN4DUUF4COMF18serialize_templateIfEEjRKT_RSo
FN:37,_ZN4DUUF4COMF13Serialization9serializeERKiRSo
FN:42,_ZN4DUUF4COMF13Serialization9serializeERKjRSo
FN:47,_ZN4DUUF4COMF13Serialization9serializeERKsRSo
FN:52,_ZN4DUUF4COMF13Serialization9serializeERKtRSo
FN:57,_ZN4DUUF4COMF13Serialization9serializeERKlRSo
FN:62,_ZN4DUUF4COMF13Serialization9serializeERKmRSo
FN:67,_ZN4DUUF4COMF13Serialization9serializeERKcRSo
FN:72,_ZN4DUUF4COMF13Serialization9serializeERKhRSo
FN:77,_ZN4DUUF4COMF13Serialization9serializeERKfRSo
FN:82,_ZN4DUUF4COMF13Serialization9serializeERKdRSo
FN:87,_ZN4DUUF4COMF13Serialization9serializeERKbRSo
FN:92,_ZN4DUUF4COMF13Serialization9serializeERKNSt7__cxx1112basic_stringIcSt11char_traitsIcESaIcEEERSo
FN:101,_ZN4DUUF4COMF13Serialization9serializeEPKcjRSo
FN:109,_ZN4DUUF4COMF13Serialization9serializeERKNS0_12SerializableERSo
FN:114,_ZN4DUUF4COMF13Serialization11deserializeERSiRi
FN:119,_ZN4DUUF4COMF13Serialization11deserializeERSiRj
FN:124,_ZN4DUUF4COMF13Serialization11deserializeERSiRs
FN:129,_ZN4DUUF4COMF13Serialization11deserializeERSiRt
FN:134,_ZN4DUUF4COMF13Serialization11deserializeERSiRl
FN:139,_ZN4DUUF4COMF13Serialization11deserializeERSiRm
FN:144,_ZN4DUUF4COMF13Serialization11deserializeERSiRc
FN:149,_ZN4DUUF4COMF13Serialization11deserializeERSiRh
FN:154,_ZN4DUUF4COMF13Serialization11deserializeERSiRf
FN:159,_ZN4DUUF4COMF13Serialization11deserializeERSiRd
FN:164,_ZN4DUUF4COMF13Serialization11deserializeERSiRb
FN:169,_ZN4DUUF4COMF13Serialization11deserializeERSiRNSt7__cxx1112basic_stringIcSt11char_traitsIcESaIcEEE
FN:181,_ZN4DUUF4COMF13Serialization11deserializeERSijPc
FN:196,_ZN4DUUF4COMF13Serialization11deserializeERSiRNS0_12SerializableE
FN:201,_ZN4DUUF4COMF13Serialization18streambufToCharBufERNSt7__cxx1118basic_stringstreamIcSt11char_traitsIcESaIcEEEPcj
FN:212,_ZN4DUUF4COMF13Serialization18charBufToStreamBufEPKcRNSt7__cxx1118basic_stringstreamIcSt11char_traitsIcESaIcEEEj
FNDA:0,_ZN4DUUF4COMF20deserialize_templateIiEEjRSiRT_
FNDA:0,_ZN4DUUF4COMF13Serialization9serializeERKmRSo
FNDA:0,_ZN4DUUF4COMF18serialize_templateImEEjRKT_RSo
FNDA:0,_ZN4DUUF4COMF20deserialize_templateIjEEjRSiRT_
FNDA:0,_ZN4DUUF4COMF20deserialize_templateImEEjRSiRT_
FNDA:0,_ZN4DUUF4COMF13Serialization9serializeERKjRSo
FNDA:0,_ZN4DUUF4COMF20deserialize_templateIbEEjRSiRT_
FNDA:0,_ZN4DUUF4COMF13Serialization9serializeERKtRSo
FNDA:0,_ZN4DUUF4COMF13Serialization11deserializeERSiRt
FNDA:0,_ZN4DUUF4COMF20deserialize_templateItEEjRSiRT_
FNDA:0,_ZN4DUUF4COMF13Serialization11deserializeERSiRm
FNDA:0,_ZN4DUUF4COMF20deserialize_templateIcEEjRSiRT_
FNDA:0,_ZN4DUUF4COMF13Serialization11deserializeERSiRb
FNDA:0,_ZN4DUUF4COMF13Serialization11deserializeERSiRc
FNDA:0,_ZN4DUUF4COMF13Serialization9serializeERKNSt7__cxx1112basic_stringIcSt11char_traitsIcESaIcEEERSo
FNDA:0,_ZN4DUUF4COMF13Serialization11deserializeERSiRf
FNDA:0,_ZN4DUUF4COMF18serialize_templateIhEEjRKT_RSo
FNDA:0,_ZN4DUUF4COMF18serialize_templateIsEEjRKT_RSo
FNDA:0,_ZN4DUUF4COMF13Serialization9serializeERKcRSo
FNDA:0,_ZN4DUUF4COMF13Serialization11deserializeERSijPc
FNDA:0,_ZN4DUUF4COMF13Serialization11deserializeERSiRd
FNDA:0,_ZN4DUUF4COMF18serialize_templateItEEjRKT_RSo
FNDA:0,_ZN4DUUF4COMF13Serialization18charBufToStreamBufEPKcRNSt7__cxx1118basic_stringstreamIcSt11char_traitsIcESaIcEEEj
FNDA:0,_ZN4DUUF4COMF13Serialization11deserializeERSiRNS0_12SerializableE
FNDA:0,_ZN4DUUF4COMF13Serialization18streambufToCharBufERNSt7__cxx1118basic_stringstreamIcSt11char_traitsIcESaIcEEEPcj
FNDA:0,_ZN4DUUF4COMF20deserialize_templateIfEEjRSiRT_
FNDA:0,_ZN4DUUF4COMF13Serialization9serializeERKbRSo
FNDA:0,_ZN4DUUF4COMF18serialize_templateIjEEjRKT_RSo
FNDA:0,_ZN4DUUF4COMF20deserialize_templateIhEEjRSiRT_
FNDA:0,_ZN4DUUF4COMF18serialize_templateIcEEjRKT_RSo
FNDA:0,_ZN4DUUF4COMF18serialize_templateIiEEjRKT_RSo
FNDA:0,_ZN4DUUF4COMF18serialize_templateIbEEjRKT_RSo
FNDA:0,_ZN4DUUF4COMF20deserialize_templateIdEEjRSiRT_
FNDA:0,_ZN4DUUF4COMF18serialize_templateIdEEjRKT_RSo
FNDA:0,_ZN4DUUF4COMF13Serialization11deserializeERSiRi
FNDA:0,_ZN4DUUF4COMF13Serialization9serializeERKiRSo
FNDA:0,_ZN4DUUF4COMF13Serialization9serializeEPKcjRSo
FNDA:0,_ZN4DUUF4COMF13Serialization11deserializeERSiRs
FNDA:0,_ZN4DUUF4COMF13Serialization9serializeERKsRSo
FNDA:0,_ZN4DUUF4COMF13Serialization11deserializeERSiRj
FNDA:0,_ZN4DUUF4COMF13Serialization9serializeERKdRSo
FNDA:0,_ZN4DUUF4COMF13Serialization11deserializeERSiRh
FNDA:0,_ZN4DUUF4COMF13Serialization11deserializeERSiRl
FNDA:0,_ZN4DUUF4COMF13Serialization9serializeERKlRSo
FNDA:0,_ZN4DUUF4COMF20deserialize_templateIlEEjRSiRT_
FNDA:0,_ZN4DUUF4COMF13Serialization9serializeERKNS0_12SerializableERSo
FNDA:0,_ZN4DUUF4COMF18serialize_templateIfEEjRKT_RSo
FNDA:0,_ZN4DUUF4COMF18serialize_templateIlEEjRKT_RSo
FNDA:0,_ZN4DUUF4COMF13Serialization9serializeERKfRSo
FNDA:0,_ZN4DUUF4COMF13Serialization9serializeERKhRSo
FNDA:0,_ZN4DUUF4COMF20deserialize_templateIsEEjRSiRT_
FNDA:0,_ZN4DUUF4COMF13Serialization11deserializeERSiRNSt7__cxx1112basic_stringIcSt11char_traitsIcESaIcEEE
FNF:52
FNH:0
DA:25,0
DA:26,0
DA:27,0
DA:28,0
DA:31,0
DA:32,0
DA:33,0
DA:34,0
DA:37,0
DA:38,0
DA:39,0
DA:42,0
DA:43,0
DA:44,0
DA:47,0
DA:48,0
DA:49,0
DA:52,0
DA:53,0
DA:54,0
DA:57,0
DA:58,0
DA:59,0
DA:62,0
DA:63,0
DA:64,0
DA:67,0
DA:68,0
DA:69,0
DA:72,0
DA:73,0
DA:74,0
DA:77,0
DA:78,0
DA:79,0
DA:82,0
DA:83,0
DA:84,0
DA:87,0
DA:88,0
DA:89,0
DA:92,0
DA:93,0
DA:94,0
DA:95,0
DA:96,0
DA:97,0
DA:98,0
DA:101,0
DA:102,0
DA:103,0
DA:104,0
DA:105,0
DA:106,0
DA:109,0
DA:110,0
DA:111,0
DA:114,0
DA:115,0
DA:116,0
DA:119,0
DA:120,0
DA:121,0
DA:124,0
DA:125,0
DA:126,0
DA:129,0
DA:130,0
DA:131,0
DA:134,0
DA:135,0
DA:136,0
DA:139,0
DA:140,0
DA:141,0
DA:144,0
DA:145,0
DA:146,0
DA:149,0
DA:150,0
DA:151,0
DA:154,0
DA:155,0
DA:156,0
DA:159,0
DA:160,0
DA:161,0
DA:164,0
DA:165,0
DA:166,0
DA:169,0
DA:170,0
DA:171,0
DA:172,0
DA:173,0
DA:174,0
DA:175,0
DA:176,0
DA:177,0
DA:178,0
DA:181,0
DA:182,0
DA:183,0
DA:184,0
DA:185,0
DA:186,0
DA:187,0
DA:188,0
DA:189,0
DA:191,0
DA:193,0
DA:196,0
DA:197,0
DA:198,0
DA:201,0
DA:202,0
DA:203,0
DA:204,0
DA:205,0
DA:207,0
DA:209,0
DA:212,0
DA:213,0
DA:214,0
LF:124
LH:0
end_of_record
TN:
SF:/mnt/hgfs/Desktop/DUUF/COMF/udp_customer/UdpConnection.cpp
FN:15,_ZN4DUUF4COMF3UDP13UdpConnectionC2ERKNSt7__cxx1112basic_stringIcSt11char_traitsIcESaIcEEERKNS1_22Send_Receive_Mode_EnumESA_RKiSF_
FN:51,_ZN4DUUF4COMF3UDP13UdpConnectionD0Ev
FN:51,_ZN4DUUF4COMF3UDP13UdpConnectionD2Ev
FN:69,_ZN4DUUF4COMF3UDP13UdpConnection10enableSendEv
FN:92,_ZN4DUUF4COMF3UDP13UdpConnection13enableReceiveEv
FN:115,_ZNK4DUUF4COMF3UDP13UdpConnection9getFamilyEv
FN:119,_ZNK4DUUF4COMF3UDP13UdpConnection7getModeEv
FN:123,_ZNK4DUUF4COMF3UDP13UdpConnection7getNameB5cxx11Ev
FN:127,_ZNK4DUUF4COMF3UDP13UdpConnection7getPortEv
FN:131,_ZNK4DUUF4COMF3UDP13UdpConnection10getUdpAddrB5cxx11Ev
FN:135,_ZNK4DUUF4COMF3UDP13UdpConnection4sendEPKcm
FN:147,_ZNK4DUUF4COMF3UDP13UdpConnection4recvEPcm
FN:159,_ZN4DUUF4COMF3UDP13UdpConnection11disableSendEv
FN:179,_ZN4DUUF4COMF3UDP13UdpConnection14disableReceiveEv
FN:199,_ZNK4DUUF4COMF3UDP13UdpConnection10timed_recvEPcmi
FNDA:2,_ZN4DUUF4COMF3UDP13UdpConnection10enableSendEv
FNDA:2,_ZN4DUUF4COMF3UDP13UdpConnection13enableReceiveEv
FNDA:2,_ZN4DUUF4COMF3UDP13UdpConnection14disableReceiveEv
FNDA:0,_ZNK4DUUF4COMF3UDP13UdpConnection7getNameB5cxx11Ev
FNDA:0,_ZNK4DUUF4COMF3UDP13UdpConnection9getFamilyEv
FNDA:19,_ZN4DUUF4COMF3UDP13UdpConnectionC2ERKNSt7__cxx1112basic_stringIcSt11char_traitsIcESaIcEEERKNS1_22Send_Receive_Mode_EnumESA_RKiSF_
FNDA:0,_ZNK4DUUF4COMF3UDP13UdpConnection4recvEPcm
FNDA:0,_ZNK4DUUF4COMF3UDP13UdpConnection7getPortEv
FNDA:19,_ZN4DUUF4COMF3UDP13UdpConnectionD2Ev
FNDA:2,_ZNK4DUUF4COMF3UDP13UdpConnection4sendEPKcm
FNDA:0,_ZNK4DUUF4COMF3UDP13UdpConnection10getUdpAddrB5cxx11Ev
FNDA:0,_ZNK4DUUF4COMF3UDP13UdpConnection10timed_recvEPcmi
FNDA:0,_ZN4DUUF4COMF3UDP13UdpConnectionD0Ev
FNDA:2,_ZN4DUUF4COMF3UDP13UdpConnection11disableSendEv
FNDA:0,_ZNK4DUUF4COMF3UDP13UdpConnection7getModeEv
FNF:15
FNH:7
DA:15,19
DA:16,19
DA:17,19
DA:18,6
DA:19,6
DA:20,6
DA:21,6
DA:23,6
DA:24,7
DA:25,7
DA:26,7
DA:27,7
DA:29,7
DA:30,4
DA:31,4
DA:32,4
DA:33,4
DA:35,4
DA:36,2
DA:37,2
DA:38,2
DA:39,2
DA:41,2
DA:42,0
DA:43,0
DA:44,0
DA:45,0
DA:49,19
DA:51,19
DA:52,19
DA:53,6
DA:54,6
DA:56,19
DA:57,9
DA:58,9
DA:60,19
DA:61,19
DA:69,2
DA:70,2
DA:71,1
DA:72,1
DA:73,0
DA:74,0
DA:76,1
DA:77,0
DA:78,1
DA:79,1
DA:83,1
DA:84,1
DA:87,1
DA:88,1
DA:92,2
DA:93,2
DA:94,1
DA:95,1
DA:96,0
DA:97,0
DA:99,1
DA:100,0
DA:101,1
DA:102,1
DA:106,1
DA:107,1
DA:110,1
DA:111,1
DA:115,0
DA:116,0
DA:119,0
DA:120,0
DA:123,0
DA:124,0
DA:127,0
DA:128,0
DA:131,0
DA:132,0
DA:135,2
DA:136,2
DA:137,1
DA:138,1
DA:140,1
DA:141,1
DA:142,1
DA:143,1
DA:147,0
DA:148,0
DA:149,0
DA:150,0
DA:152,0
DA:153,0
DA:154,0
DA:155,0
DA:159,2
DA:160,2
DA:161,1
DA:162,1
DA:163,1
DA:165,1
DA:166,1
DA:167,0
DA:168,0
DA:170,1
DA:171,1
DA:174,1
DA:175,1
DA:179,2
DA:180,2
DA:181,1
DA:182,1
DA:183,1
DA:185,1
DA:186,1
DA:187,0
DA:188,0
DA:190,1
DA:191,1
DA:194,1
DA:195,1
DA:199,0
DA:200,0
DA:201,0
DA:202,0
DA:204,0
DA:205,0
DA:206,0
DA:207,0
LF:125
LH:85
end_of_record
TN:
SF:/mnt/hgfs/Desktop/DUUF/COMF/udp_customer/UdpCustomer.cpp
FN:15,_ZN4DUUF4COMF3UDP11UdpCustomerC2Ev
FN:18,_ZN4DUUF4COMF3UDP11UdpCustomerD2Ev
FN:18,_ZN4DUUF4COMF3UDP11UdpCustomerD0Ev
FN:21,_ZN4DUUF4COMF3UDP11UdpCustomer14openConnectionERKNSt7__cxx1112basic_stringIcSt11char_traitsIcESaIcEEERKNS1_22Send_Receive_Mode_EnumESA_RKiSF_
FN:34,_ZN4DUUF4COMF3UDP11UdpCustomer15closeConnectionERKNSt7__cxx1112basic_stringIcSt11char_traitsIcESaIcEEE
FN:48,_ZN4DUUF4COMF3UDP11UdpCustomer20enableConnectionSendERKNSt7__cxx1112basic_stringIcSt11char_traitsIcESaIcEEE
FN:65,_ZN4DUUF4COMF3UDP11UdpCustomer23enableConnectionReceiveERKNSt7__cxx1112basic_stringIcSt11char_traitsIcESaIcEEE
FN:82,_ZNK4DUUF4COMF3UDP11UdpCustomer4sendEPKcmRKNSt7__cxx1112basic_stringIcSt11char_traitsIcESaIcEEE
FN:96,_ZNK4DUUF4COMF3UDP11UdpCustomer4recvEPcmRKNSt7__cxx1112basic_stringIcSt11char_traitsIcESaIcEEE
FN:110,_ZNK4DUUF4COMF3UDP11UdpCustomer10timed_recvEPcmiRKNSt7__cxx1112basic_stringIcSt11char_traitsIcESaIcEEE
FN:124,_ZN4DUUF4COMF3UDP11UdpCustomer21disableConnectionSendERKNSt7__cxx1112basic_stringIcSt11char_traitsIcESaIcEEE
FN:141,_ZN4DUUF4COMF3UDP11UdpCustomer24disableConnectionReceiveERKNSt7__cxx1112basic_stringIcSt11char_traitsIcESaIcEEE
FN:158,_ZN4DUUF4COMF3UDP11UdpCustomer16isConnectionOpenERKNSt7__cxx1112basic_stringIcSt11char_traitsIcESaIcEEE
FNDA:0,_ZNK4DUUF4COMF3UDP11UdpCustomer10timed_recvEPcmiRKNSt7__cxx1112basic_stringIcSt11char_traitsIcESaIcEEE
FNDA:3,_ZN4DUUF4COMF3UDP11UdpCustomer20enableConnectionSendERKNSt7__cxx1112basic_stringIcSt11char_traitsIcESaIcEEE
FNDA:20,_ZN4DUUF4COMF3UDP11UdpCustomerD2Ev
FNDA:3,_ZN4DUUF4COMF3UDP11UdpCustomer21disableConnectionSendERKNSt7__cxx1112basic_stringIcSt11char_traitsIcESaIcEEE
FNDA:20,_ZN4DUUF4COMF3UDP11UdpCustomerC2Ev
FNDA:2,_ZN4DUUF4COMF3UDP11UdpCustomer15closeConnectionERKNSt7__cxx1112basic_stringIcSt11char_traitsIcESaIcEEE
FNDA:34,_ZN4DUUF4COMF3UDP11UdpCustomer16isConnectionOpenERKNSt7__cxx1112basic_stringIcSt11char_traitsIcESaIcEEE
FNDA:20,_ZN4DUUF4COMF3UDP11UdpCustomer14openConnectionERKNSt7__cxx1112basic_stringIcSt11char_traitsIcESaIcEEERKNS1_22Send_Receive_Mode_EnumESA_RKiSF_
FNDA:3,_ZN4DUUF4COMF3UDP11UdpCustomer24disableConnectionReceiveERKNSt7__cxx1112basic_stringIcSt11char_traitsIcESaIcEEE
FNDA:0,_ZNK4DUUF4COMF3UDP11UdpCustomer4recvEPcmRKNSt7__cxx1112basic_stringIcSt11char_traitsIcESaIcEEE
FNDA:3,_ZNK4DUUF4COMF3UDP11UdpCustomer4sendEPKcmRKNSt7__cxx1112basic_stringIcSt11char_traitsIcESaIcEEE
FNDA:3,_ZN4DUUF4COMF3UDP11UdpCustomer23enableConnectionReceiveERKNSt7__cxx1112basic_stringIcSt11char_traitsIcESaIcEEE
FNDA:20,_ZN4DUUF4COMF3UDP11UdpCustomerD0Ev
FNF:13
FNH:11
DA:15,20
DA:16,20
DA:18,40
DA:19,40
DA:21,20
DA:22,20
DA:24,1
DA:25,1
DA:27,19
DA:28,19
DA:30,19
DA:31,19
DA:34,2
DA:35,2
DA:36,2
DA:38,1
DA:39,1
DA:41,1
DA:42,1
DA:44,1
DA:45,1
DA:48,3
DA:49,3
DA:51,1
DA:52,1
DA:54,2
DA:55,2
DA:57,1
DA:58,1
DA:61,1
DA:62,1
DA:65,3
DA:66,3
DA:68,1
DA:69,1
DA:71,2
DA:72,2
DA:74,1
DA:75,1
DA:78,1
DA:79,1
DA:82,3
DA:83,3
DA:84,3
DA:86,1
DA:87,1
DA:89,2
DA:90,2
DA:91,2
DA:92,2
DA:96,0
DA:97,0
DA:98,0
DA:100,0
DA:101,0
DA:103,0
DA:104,0
DA:105,0
DA:106,0
DA:110,0
DA:111,0
DA:112,0
DA:114,0
DA:115,0
DA:117,0
DA:118,0
DA:119,0
DA:120,0
DA:124,3
DA:125,3
DA:127,1
DA:128,1
DA:130,2
DA:131,2
DA:133,1
DA:134,1
DA:137,1
DA:138,1
DA:141,3
DA:142,3
DA:144,1
DA:145,1
DA:147,2
DA:148,2
DA:150,1
DA:151,1
DA:154,1
DA:155,1
DA:158,34
DA:159,34
DA:160,34
DA:162,24
DA:163,24
DA:165,10
LF:94
LH:76
end_of_record
TN:
SF:/mnt/hgfs/Desktop/DUUF/COMF/udp_message_queue/UdpMessageQueue.cpp
FN:20,_ZN4DUUF4COMF3UDP15UdpMessageQueueC2Ev
FN:23,_ZN4DUUF4COMF3UDP15UdpMessageQueueD2Ev
FN:23,_ZN4DUUF4COMF3UDP15UdpMessageQueueD0Ev
FN:26,_ZN4DUUF4COMF3UDP15UdpMessageQueue5frontEv
FN:34,_ZN4DUUF4COMF3UDP15UdpMessageQueue9pop_frontEv
FN:44,_ZN4DUUF4COMF3UDP15UdpMessageQueue3popEv
FN:50,_ZN4DUUF4COMF3UDP15UdpMessageQueue9push_backERNS0_7MESSAGE11BaseMessageE
FN:54,_ZN4DUUF4COMF3UDP15UdpMessageQueue7isEmptyEv
FNDA:0,_ZN4DUUF4COMF3UDP15UdpMessageQueueD2Ev
FNDA:0,_ZN4DUUF4COMF3UDP15UdpMessageQueue9push_backERNS0_7MESSAGE11BaseMessageE
FNDA:0,_ZN4DUUF4COMF3UDP15UdpMessageQueue5frontEv
FNDA:0,_ZN4DUUF4COMF3UDP15UdpMessageQueueC2Ev
FNDA:0,_ZN4DUUF4COMF3UDP15UdpMessageQueue7isEmptyEv
FNDA:0,_ZN4DUUF4COMF3UDP15UdpMessageQueue3popEv
FNDA:0,_ZN4DUUF4COMF3UDP15UdpMessageQueue9pop_frontEv
FNDA:0,_ZN4DUUF4COMF3UDP15UdpMessageQueueD0Ev
FNF:8
FNH:0
DA:20,0
DA:21,0
DA:23,0
DA:24,0
DA:26,0
DA:27,0
DA:28,0
DA:30,0
DA:34,0
DA:35,0
DA:36,0
DA:37,0
DA:38,0
DA:40,0
DA:44,0
DA:45,0
DA:46,0
DA:48,0
DA:50,0
DA:51,0
DA:52,0
DA:54,0
DA:55,0
LF:23
LH:0
end_of_record
TN:
SF:/mnt/hgfs/Desktop/DUUF/COMF/udp_sender_receiver/UdpBase.cpp
FN:27,_ZN4DUUF4COMF3UDP7UdpBaseC2ERKNSt7__cxx1112basic_stringIcSt11char_traitsIcESaIcEEERKiSC_
FN:62,_ZN4DUUF4COMF3UDP7UdpBaseD2Ev
FN:62,_ZN4DUUF4COMF3UDP7UdpBaseD0Ev
FN:69,_ZNK4DUUF4COMF3UDP7UdpBase10get_socketEv
FN:73,_ZNK4DUUF4COMF3UDP7UdpBase8get_portEv
FN:77,_ZNK4DUUF4COMF3UDP7UdpBase11get_addressB5cxx11Ev
FNDA:36,_ZN4DUUF4COMF3UDP7UdpBaseD2Ev
FNDA:0,_ZN4DUUF4COMF3UDP7UdpBaseD0Ev
FNDA:3,_ZNK4DUUF4COMF3UDP7UdpBase10get_socketEv
FNDA:2,_ZNK4DUUF4COMF3UDP7UdpBase8get_portEv
FNDA:36,_ZN4DUUF4COMF3UDP7UdpBaseC2ERKNSt7__cxx1112basic_stringIcSt11char_traitsIcESaIcEEERKiSC_
FNDA:2,_ZNK4DUUF4COMF3UDP7UdpBase11get_addressB5cxx11Ev
FNF:6
FNH:5
DA:27,36
DA:28,36
DA:29,36
DA:31,0
DA:34,36
DA:36,0
DA:39,72
DA:40,36
DA:41,72
DA:43,36
DA:44,36
DA:45,36
DA:46,36
DA:49,36
DA:50,36
DA:52,1
DA:55,36
DA:56,36
DA:58,1
DA:60,36
DA:62,36
DA:63,36
DA:64,36
DA:65,36
DA:67,36
DA:69,3
DA:70,3
DA:73,2
DA:74,2
DA:77,2
DA:78,2
LF:31
LH:29
end_of_record
TN:
SF:/mnt/hgfs/Desktop/DUUF/COMF/udp_sender_receiver/UdpReceiver.cpp
FN:29,_ZN4DUUF4COMF3UDP11UdpReceiverC2ERKNSt7__cxx1112basic_stringIcSt11char_traitsIcESaIcEEERKiSC_PS9_
FN:98,_ZNK4DUUF4COMF3UDP11UdpReceiver4recvEPcm
FN:106,_ZNK4DUUF4COMF3UDP11UdpReceiver10timed_recvEPcmi
FN:129,_ZNK4DUUF4COMF3UDP11UdpReceiver10timed_recvB5cxx11Eii
FNDA:1,_ZNK4DUUF4COMF3UDP11UdpReceiver4recvEPcm
FNDA:2,_ZNK4DUUF4COMF3UDP11UdpReceiver10timed_recvB5cxx11Eii
FNDA:17,_ZN4DUUF4COMF3UDP11UdpReceiverC2ERKNSt7__cxx1112basic_stringIcSt11char_traitsIcESaIcEEERKiSC_PS9_
FNDA:4,_ZNK4DUUF4COMF3UDP11UdpReceiver10timed_recvEPcmi
FNF:4
FNH:4
DA:29,17
DA:30,17
DA:31,17
DA:32,17
DA:33,17
DA:34,0
DA:37,0
DA:38,0
DA:39,0
DA:40,0
DA:41,0
DA:42,0
DA:43,0
DA:44,0
DA:45,0
DA:46,0
DA:48,0
DA:51,17
DA:52,1
DA:55,2
DA:56,1
DA:57,2
DA:59,1
DA:60,1
DA:61,1
DA:62,1
DA:64,1
DA:65,1
DA:66,1
DA:67,0
DA:71,1
DA:72,1
DA:74,1
DA:75,1
DA:76,1
DA:77,1
DA:79,1
DA:80,1
DA:81,1
DA:82,1
DA:86,1
DA:87,1
DA:88,1
DA:90,0
DA:91,0
DA:96,17
DA:98,1
DA:99,1
DA:100,1
DA:101,1
DA:102,1
DA:103,1
DA:106,4
DA:107,4
DA:109,4
DA:110,4
DA:111,4
DA:112,4
DA:113,0
DA:114,0
DA:115,4
DA:117,2
DA:118,2
DA:119,2
DA:120,2
DA:124,2
DA:125,2
DA:126,2
DA:129,2
DA:130,4
DA:131,2
DA:132,2
DA:133,2
DA:135,1
DA:136,1
DA:141,1
DA:143,2
DA:144,1
DA:145,1
DA:146,1
DA:147,1
LF:81
LH:64
end_of_record
TN:
SF:/mnt/hgfs/Desktop/DUUF/COMF/udp_sender_receiver/UdpReceiver.h
FN:26,_ZN4DUUF4COMF3UDP11UdpReceiverD0Ev
FN:26,_ZN4DUUF4COMF3UDP11UdpReceiverD2Ev
FNDA:17,_ZN4DUUF4COMF3UDP11UdpReceiverD2Ev
FNDA:17,_ZN4DUUF4COMF3UDP11UdpReceiverD0Ev
FNF:2
FNH:2
DA:26,34
LF:1
LH:1
end_of_record
TN:
SF:/mnt/hgfs/Desktop/DUUF/COMF/udp_sender_receiver/UdpSender.cpp
FN:22,_ZN4DUUF4COMF3UDP9UdpSenderC2ERKNSt7__cxx1112basic_stringIcSt11char_traitsIcESaIcEEERKiSC_
FN:28,_ZNK4DUUF4COMF3UDP9UdpSender4sendEPKcm
FNDA:19,_ZN4DUUF4COMF3UDP9UdpSenderC2ERKNSt7__cxx1112basic_stringIcSt11char_traitsIcESaIcEEERKiSC_
FNDA:5,_ZNK4DUUF4COMF3UDP9UdpSender4sendEPKcm
FNF:2
FNH:2
DA:22,19
DA:23,19
DA:24,19
DA:26,19
DA:28,5
DA:29,5
DA:30,5
DA:31,5
DA:32,5
LF:9
LH:9
end_of_record
TN:
SF:/mnt/hgfs/Desktop/DUUF/COMF/udp_sender_receiver/UdpSender.h
FN:27,_ZN4DUUF4COMF3UDP9UdpSenderD0Ev
FN:27,_ZN4DUUF4COMF3UDP9UdpSenderD2Ev
FNDA:19,_ZN4DUUF4COMF3UDP9UdpSenderD2Ev
FNDA:19,_ZN4DUUF4COMF3UDP9UdpSenderD0Ev
FNF:2
FNH:2
DA:27,38
LF:1
LH:1
end_of_record
