TN:
SF:/mnt/hgfs/Desktop/DUUF/COMF/COMFLogger.cpp
FN:17,_ZN4DUUF4COMF11COMF_LoggerC2Ev
FN:30,_ZN4DUUF4COMF11COMF_LoggerD2Ev
FN:30,_ZN4DUUF4COMF11COMF_LoggerD0Ev
FN:33,_ZN4DUUF4COMF11COMF_Logger9getLoggerEv
FNDA:12,_ZN4DUUF4COMF11COMF_LoggerC2Ev
FNDA:0,_ZN4DUUF4COMF11COMF_LoggerD0Ev
FNDA:12,_ZN4DUUF4COMF11COMF_LoggerD2Ev
FNDA:4888,_ZN4DUUF4COMF11COMF_Logger9getLoggerEv
FNF:4
FNH:3
DA:17,12
DA:18,12
DA:19,24
DA:20,12
DA:21,12
DA:22,12
DA:23,12
DA:24,12
DA:25,12
DA:26,12
DA:27,12
DA:28,12
DA:30,12
DA:31,12
DA:33,4888
DA:34,4888
DA:35,4888
LF:17
LH:17
end_of_record
TN:
SF:/mnt/hgfs/Desktop/DUUF/COMF/message/BaseMessage.cpp
FN:22,_ZN4DUUF4COMF7MESSAGE11BaseMessageC2Ev
FN:27,_ZN4DUUF4COMF7MESSAGE11BaseMessageC2ERKS2_
FN:36,_ZN4DUUF4COMF7MESSAGE11BaseMessageD2Ev
FN:36,_ZN4DUUF4COMF7MESSAGE11BaseMessageD0Ev
FN:42,_ZN4DUUF4COMF7MESSAGE11BaseMessage7SetDataEPKcj
FN:51,_ZNK4DUUF4COMF7MESSAGE11BaseMessage7GetDataEv
FN:55,_ZN4DUUF4COMF7MESSAGE11BaseMessage9SetHeaderERNS1_9BASICTYPE13MessageHeaderE
FN:59,_ZN4DUUF4COMF7MESSAGE11BaseMessage9GetHeaderEv
FN:63,_ZN4DUUF4COMF7MESSAGE11BaseMessage11deserializeERSi
FN:75,_ZNK4DUUF4COMF7MESSAGE11BaseMessage9serializeERSo
FN:82,_ZNK4DUUF4COMF7MESSAGE11BaseMessageeqERKS2_
FNDA:4,_ZN4DUUF4COMF7MESSAGE11BaseMessage11deserializeERSi
FNDA:80,_ZN4DUUF4COMF7MESSAGE11BaseMessageD2Ev
FNDA:32,_ZN4DUUF4COMF7MESSAGE11BaseMessage9SetHeaderERNS1_9BASICTYPE13MessageHeaderE
FNDA:40,_ZNK4DUUF4COMF7MESSAGE11BaseMessage7GetDataEv
FNDA:36,_ZN4DUUF4COMF7MESSAGE11BaseMessageC2Ev
FNDA:0,_ZN4DUUF4COMF7MESSAGE11BaseMessageD0Ev
FNDA:16,_ZNK4DUUF4COMF7MESSAGE11BaseMessageeqERKS2_
FNDA:72,_ZN4DUUF4COMF7MESSAGE11BaseMessage9GetHeaderEv
FNDA:44,_ZN4DUUF4COMF7MESSAGE11BaseMessageC2ERKS2_
FNDA:32,_ZN4DUUF4COMF7MESSAGE11BaseMessage7SetDataEPKcj
FNDA:4,_ZNK4DUUF4COMF7MESSAGE11BaseMessage9serializeERSo
FNF:11
FNH:10
DA:22,36
DA:23,36
DA:24,36
DA:25,36
DA:27,44
DA:31,44
DA:32,44
DA:33,44
DA:34,44
DA:36,80
DA:37,80
DA:38,76
DA:40,80
DA:42,32
DA:43,32
DA:44,4
DA:46,32
DA:47,32
DA:48,32
DA:49,32
DA:51,40
DA:52,40
DA:55,32
DA:56,32
DA:57,32
DA:59,72
DA:60,72
DA:63,4
DA:64,4
DA:65,4
DA:66,4
DA:67,0
DA:69,4
DA:70,4
DA:71,4
DA:75,4
DA:76,4
DA:77,4
DA:78,4
DA:79,4
DA:82,16
DA:83,16
LF:42
LH:41
end_of_record
TN:
SF:/mnt/hgfs/Desktop/DUUF/COMF/message/basic_type/MessageHeader.cpp
FN:24,_ZN4DUUF4COMF7MESSAGE9BASICTYPE13MessageHeaderC2Ev
FN:31,_ZN4DUUF4COMF7MESSAGE9BASICTYPE13MessageHeaderD2Ev
FN:31,_ZN4DUUF4COMF7MESSAGE9BASICTYPE13MessageHeaderD0Ev
FN:34,_ZN4DUUF4COMF7MESSAGE9BASICTYPE13MessageHeader11SetDataSizeEj
FN:38,_ZNK4DUUF4COMF7MESSAGE9BASICTYPE13MessageHeader11GetDataSizeEv
FN:42,_ZN4DUUF4COMF7MESSAGE9BASICTYPE13MessageHeader16SetUsecTimestampERKNSt6chrono8durationIlSt5ratioILl1ELl1000000EEEE
FN:46,_ZN4DUUF4COMF7MESSAGE9BASICTYPE13MessageHeader19SetUsecTimestampNowEv
FN:54,_ZNK4DUUF4COMF7MESSAGE9BASICTYPE13MessageHeader16GetUsecTimestampEv
FN:58,_ZN4DUUF4COMF7MESSAGE9BASICTYPE13MessageHeader7SetPortEi
FN:62,_ZNK4DUUF4COMF7MESSAGE9BASICTYPE13MessageHeader7GetPortEv
FN:66,_ZN4DUUF4COMF7MESSAGE9BASICTYPE13MessageHeader7SetAddrERKNSt7__cxx1112basic_stringIcSt11char_traitsIcESaIcEEE
FN:70,_ZNK4DUUF4COMF7MESSAGE9BASICTYPE13MessageHeader7GetAddrB5cxx11Ev
FN:74,_ZN4DUUF4COMF7MESSAGE9BASICTYPE13MessageHeader11deserializeERSi
FN:86,_ZNK4DUUF4COMF7MESSAGE9BASICTYPE13MessageHeader9serializeERSo
FN:97,_ZNK4DUUF4COMF7MESSAGE9BASICTYPE13MessageHeader12getMessageIdEv
FN:101,_ZN4DUUF4COMF7MESSAGE9BASICTYPE13MessageHeader12setMessageIdEm
FN:105,_ZNK4DUUF4COMF7MESSAGE9BASICTYPE13MessageHeadereqERKS3_
FNDA:36,_ZN4DUUF4COMF7MESSAGE9BASICTYPE13MessageHeader7SetPortEi
FNDA:0,_ZN4DUUF4COMF7MESSAGE9BASICTYPE13MessageHeaderD0Ev
FNDA:123,_ZN4DUUF4COMF7MESSAGE9BASICTYPE13MessageHeaderC2Ev
FNDA:5,_ZNK4DUUF4COMF7MESSAGE9BASICTYPE13MessageHeader9serializeERSo
FNDA:10,_ZNK4DUUF4COMF7MESSAGE9BASICTYPE13MessageHeader16GetUsecTimestampEv
FNDA:26,_ZNK4DUUF4COMF7MESSAGE9BASICTYPE13MessageHeadereqERKS3_
FNDA:10,_ZNK4DUUF4COMF7MESSAGE9BASICTYPE13MessageHeader12getMessageIdEv
FNDA:36,_ZN4DUUF4COMF7MESSAGE9BASICTYPE13MessageHeader7SetAddrERKNSt7__cxx1112basic_stringIcSt11char_traitsIcESaIcEEE
FNDA:10,_ZNK4DUUF4COMF7MESSAGE9BASICTYPE13MessageHeader7GetAddrB5cxx11Ev
FNDA:19,_ZN4DUUF4COMF7MESSAGE9BASICTYPE13MessageHeader19SetUsecTimestampNowEv
FNDA:36,_ZN4DUUF4COMF7MESSAGE9BASICTYPE13MessageHeader11SetDataSizeEj
FNDA:123,_ZN4DUUF4COMF7MESSAGE9BASICTYPE13MessageHeaderD2Ev
FNDA:17,_ZN4DUUF4COMF7MESSAGE9BASICTYPE13MessageHeader16SetUsecTimestampERKNSt6chrono8durationIlSt5ratioILl1ELl1000000EEEE
FNDA:153,_ZNK4DUUF4COMF7MESSAGE9BASICTYPE13MessageHeader11GetDataSizeEv
FNDA:5,_ZN4DUUF4COMF7MESSAGE9BASICTYPE13MessageHeader11deserializeERSi
FNDA:36,_ZN4DUUF4COMF7MESSAGE9BASICTYPE13MessageHeader12setMessageIdEm
FNDA:10,_ZNK4DUUF4COMF7MESSAGE9BASICTYPE13MessageHeader7GetPortEv
FNF:17
FNH:16
DA:24,123
DA:25,123
DA:26,123
DA:27,123
DA:28,123
DA:29,123
DA:31,123
DA:32,123
DA:34,36
DA:35,36
DA:36,36
DA:38,153
DA:39,153
DA:42,17
DA:43,17
DA:44,17
DA:46,19
DA:47,19
DA:48,19
DA:49,19
DA:50,19
DA:51,19
DA:52,19
DA:54,10
DA:55,10
DA:58,36
DA:59,36
DA:60,36
DA:62,10
DA:63,10
DA:66,36
DA:67,36
DA:68,36
DA:70,10
DA:71,10
DA:74,5
DA:75,5
DA:77,5
DA:78,5
DA:79,5
DA:80,5
DA:81,5
DA:82,5
DA:83,5
DA:86,5
DA:87,5
DA:88,5
DA:89,5
DA:90,5
DA:91,5
DA:92,5
DA:93,5
DA:94,5
DA:97,10
DA:98,10
DA:101,36
DA:102,36
DA:103,36
DA:105,26
DA:106,26
LF:60
LH:60
end_of_record
TN:
SF:/mnt/hgfs/Desktop/DUUF/COMF/serialization/Serializable.h
FN:27,_ZN4DUUF4COMF12SerializableD2Ev
FN:27,_ZN4DUUF4COMF12SerializableD0Ev
FNDA:210,_ZN4DUUF4COMF12SerializableD2Ev
FNDA:0,_ZN4DUUF4COMF12SerializableD0Ev
FNF:2
FNH:1
DA:27,210
LF:1
LH:1
end_of_record
TN:
SF:/mnt/hgfs/Desktop/DUUF/COMF/serialization/Serialization.cpp
FN:25,_ZN4DUUF4COMF20deserialize_templateIcEEjRSiRT_
FN:25,_ZN4DUUF4COMF20deserialize_templateIiEEjRSiRT_
FN:25,_ZN4DUUF4COMF20deserialize_templateItEEjRSiRT_
FN:25,_ZN4DUUF4COMF20deserialize_templateIsEEjRSiRT_
FN:25,_ZN4DUUF4COMF20deserialize_templateIlEEjRSiRT_
FN:25,_ZN4DUUF4COMF20deserialize_templateIhEEjRSiRT_
FN:25,_ZN4DUUF4COMF20deserialize_templateIfEEjRSiRT_
FN:25,_ZN4DUUF4COMF20deserialize_templateIjEEjRSiRT_
FN:25,_ZN4DUUF4COMF20deserialize_templateIbEEjRSiRT_
FN:25,_ZN4DUUF4COMF20deserialize_templateImEEjRSiRT_
FN:25,_ZN4DUUF4COMF20deserialize_templateIdEEjRSiRT_
FN:31,_ZN4DUUF4COMF18serialize_templateItEEjRKT_RSo
FN:31,_ZN4DUUF4COMF18serialize_templateIhEEjRKT_RSo
FN:31,_ZN4DUUF4COMF18serialize_templateIfEEjRKT_RSo
FN:31,_ZN4DUUF4COMF18serialize_templateIlEEjRKT_RSo
FN:31,_ZN4DUUF4COMF18serialize_templateIjEEjRKT_RSo
FN:31,_ZN4DUUF4COMF18serialize_templateIbEEjRKT_RSo
FN:31,_ZN4DUUF4COMF18serialize_templateImEEjRKT_RSo
FN:31,_ZN4DUUF4COMF18serialize_templateIsEEjRKT_RSo
FN:31,_ZN4DUUF4COMF18serialize_templateIdEEjRKT_RSo
FN:31,_ZN4DUUF4COMF18serialize_templateIiEEjRKT_RSo
FN:31,_ZN4DUUF4COMF18serialize_templateIcEEjRKT_RSo
FN:37,_ZN4DUUF4COMF13Serialization9serializeERKiRSo
FN:42,_ZN4DUUF4COMF13Serialization9serializeERKjRSo
FN:47,_ZN4DUUF4COMF13Serialization9serializeERKsRSo
FN:52,_ZN4DUUF4COMF13Serialization9serializeERKtRSo
FN:57,_ZN4DUUF4COMF13Serialization9serializeERKlRSo
FN:62,_ZN4DUUF4COMF13Serialization9serializeERKmRSo
FN:67,_ZN4DUUF4COMF13Serialization9serializeERKcRSo
FN:72,_ZN4DUUF4COMF13Serialization9serializeERKhRSo
FN:77,_ZN4DUUF4COMF13Serialization9serializeERKfRSo
FN:82,_ZN4DUUF4COMF13Serialization9serializeERKdRSo
FN:87,_ZN4DUUF4COMF13Serialization9serializeERKbRSo
FN:92,_ZN4DUUF4COMF13Serialization9serializeERKNSt7__cxx1112basic_stringIcSt11char_traitsIcESaIcEEERSo
FN:101,_ZN4DUUF4COMF13Serialization9serializeEPKcjRSo
FN:109,_ZN4DUUF4COMF13Serialization9serializeERKNS0_12SerializableERSo
FN:114,_ZN4DUUF4COMF13Serialization11deserializeERSiRi
FN:119,_ZN4DUUF4COMF13Serialization11deserializeERSiRj
FN:124,_ZN4DUUF4COMF13Serialization11deserializeERSiRs
FN:129,_ZN4DUUF4COMF13Serialization11deserializeERSiRt
FN:134,_ZN4DUUF4COMF13Serialization11deserializeERSiRl
FN:139,_ZN4DUUF4COMF13Serialization11deserializeERSiRm
FN:144,_ZN4DUUF4COMF13Serialization11deserializeERSiRc
FN:149,_ZN4DUUF4COMF13Serialization11deserializeERSiRh
FN:154,_ZN4DUUF4COMF13Serialization11deserializeERSiRf
FN:159,_ZN4DUUF4COMF13Serialization11deserializeERSiRd
FN:164,_ZN4DUUF4COMF13Serialization11deserializeERSiRb
FN:169,_ZN4DUUF4COMF13Serialization11deserializeERSiRNSt7__cxx1112basic_stringIcSt11char_traitsIcESaIcEEE
FN:181,_ZN4DUUF4COMF13Serialization11deserializeERSijPc
FN:196,_ZN4DUUF4COMF13Serialization11deserializeERSiRNS0_12SerializableE
FN:201,_ZN4DUUF4COMF13Serialization18streambufToCharBufERNSt7__cxx1118basic_stringstreamIcSt11char_traitsIcESaIcEEEPcj
FN:212,_ZN4DUUF4COMF13Serialization18charBufToStreamBufEPKcRNSt7__cxx1118basic_stringstreamIcSt11char_traitsIcESaIcEEEj
FNDA:20,_ZN4DUUF4COMF13Serialization11deserializeERSiRm
FNDA:20,_ZN4DUUF4COMF13Serialization9serializeERKmRSo
FNDA:3,_ZN4DUUF4COMF20deserialize_templateIbEEjRSiRT_
FNDA:3,_ZN4DUUF4COMF13Serialization9serializeERKhRSo
FNDA:12,_ZN4DUUF4COMF13Serialization9serializeERKNS0_12SerializableERSo
FNDA:15,_ZN4DUUF4COMF13Serialization9serializeEPKcjRSo
FNDA:0,_ZN4DUUF4COMF13Serialization18streambufToCharBufERNSt7__cxx1118basic_stringstreamIcSt11char_traitsIcESaIcEEEPcj
FNDA:3,_ZN4DUUF4COMF18serialize_templateIcEEjRKT_RSo
FNDA:3,_ZN4DUUF4COMF20deserialize_templateIdEEjRSiRT_
FNDA:3,_ZN4DUUF4COMF13Serialization9serializeERKdRSo
FNDA:20,_ZN4DUUF4COMF20deserialize_templateImEEjRSiRT_
FNDA:15,_ZN4DUUF4COMF13Serialization11deserializeERSiRi
FNDA:3,_ZN4DUUF4COMF18serialize_templateIsEEjRKT_RSo
FNDA:15,_ZN4DUUF4COMF13Serialization9serializeERKNSt7__cxx1112basic_stringIcSt11char_traitsIcESaIcEEERSo
FNDA:3,_ZN4DUUF4COMF13Serialization11deserializeERSiRh
FNDA:20,_ZN4DUUF4COMF18serialize_templateImEEjRKT_RSo
FNDA:3,_ZN4DUUF4COMF18serialize_templateIbEEjRKT_RSo
FNDA:3,_ZN4DUUF4COMF20deserialize_templateIhEEjRSiRT_
FNDA:3,_ZN4DUUF4COMF13Serialization9serializeERKcRSo
FNDA:3,_ZN4DUUF4COMF13Serialization9serializeERKbRSo
FNDA:45,_ZN4DUUF4COMF20deserialize_templateIjEEjRSiRT_
FNDA:3,_ZN4DUUF4COMF20deserialize_templateIfEEjRSiRT_
FNDA:3,_ZN4DUUF4COMF13Serialization9serializeERKsRSo
FNDA:3,_ZN4DUUF4COMF18serialize_templateIdEEjRKT_RSo
FNDA:15,_ZN4DUUF4COMF18serialize_templateIiEEjRKT_RSo
FNDA:15,_ZN4DUUF4COMF13Serialization11deserializeERSiRNSt7__cxx1112basic_stringIcSt11char_traitsIcESaIcEEE
FNDA:3,_ZN4DUUF4COMF20deserialize_templateIsEEjRSiRT_
FNDA:3,_ZN4DUUF4COMF20deserialize_templateItEEjRSiRT_
FNDA:15,_ZN4DUUF4COMF13Serialization11deserializeERSijPc
FNDA:3,_ZN4DUUF4COMF13Serialization11deserializeERSiRb
FNDA:3,_ZN4DUUF4COMF13Serialization11deserializeERSiRf
FNDA:3,_ZN4DUUF4COMF20deserialize_templateIlEEjRSiRT_
FNDA:3,_ZN4DUUF4COMF13Serialization11deserializeERSiRs
FNDA:15,_ZN4DUUF4COMF13Serialization11deserializeERSiRj
FNDA:3,_ZN4DUUF4COMF13Serialization9serializeERKlRSo
FNDA:15,_ZN4DUUF4COMF13Serialization9serializeERKjRSo
FNDA:3,_ZN4DUUF4COMF13Serialization11deserializeERSiRl
FNDA:3,_ZN4DUUF4COMF18serialize_templateIfEEjRKT_RSo
FNDA:3,_ZN4DUUF4COMF18serialize_templateIhEEjRKT_RSo
FNDA:0,_ZN4DUUF4COMF13Serialization18charBufToStreamBufEPKcRNSt7__cxx1118basic_stringstreamIcSt11char_traitsIcESaIcEEEj
FNDA:3,_ZN4DUUF4COMF18serialize_templateItEEjRKT_RSo
FNDA:3,_ZN4DUUF4COMF13Serialization11deserializeERSiRc
FNDA:3,_ZN4DUUF4COMF13Serialization9serializeERKfRSo
FNDA:45,_ZN4DUUF4COMF18serialize_templateIjEEjRKT_RSo
FNDA:15,_ZN4DUUF4COMF20deserialize_templateIiEEjRSiRT_
FNDA:3,_ZN4DUUF4COMF13Serialization9serializeERKtRSo
FNDA:15,_ZN4DUUF4COMF13Serialization9serializeERKiRSo
FNDA:3,_ZN4DUUF4COMF20deserialize_templateIcEEjRSiRT_
FNDA:3,_ZN4DUUF4COMF18serialize_templateIlEEjRKT_RSo
FNDA:3,_ZN4DUUF4COMF13Serialization11deserializeERSiRt
FNDA:12,_ZN4DUUF4COMF13Serialization11deserializeERSiRNS0_12SerializableE
FNDA:3,_ZN4DUUF4COMF13Serialization11deserializeERSiRd
FNF:52
FNH:50
DA:25,104
DA:26,104
DA:27,104
DA:28,104
DA:31,104
DA:32,104
DA:33,104
DA:34,104
DA:37,15
DA:38,15
DA:39,15
DA:42,15
DA:43,15
DA:44,15
DA:47,3
DA:48,3
DA:49,3
DA:52,3
DA:53,3
DA:54,3
DA:57,3
DA:58,3
DA:59,3
DA:62,20
DA:63,20
DA:64,20
DA:67,3
DA:68,3
DA:69,3
DA:72,3
DA:73,3
DA:74,3
DA:77,3
DA:78,3
DA:79,3
DA:82,3
DA:83,3
DA:84,3
DA:87,3
DA:88,3
DA:89,3
DA:92,15
DA:93,15
DA:94,15
DA:95,15
DA:96,15
DA:97,15
DA:98,15
DA:101,15
DA:102,15
DA:103,15
DA:104,15
DA:105,15
DA:106,15
DA:109,12
DA:110,12
DA:111,12
DA:114,15
DA:115,15
DA:116,15
DA:119,15
DA:120,15
DA:121,15
DA:124,3
DA:125,3
DA:126,3
DA:129,3
DA:130,3
DA:131,3
DA:134,3
DA:135,3
DA:136,3
DA:139,20
DA:140,20
DA:141,20
DA:144,3
DA:145,3
DA:146,3
DA:149,3
DA:150,3
DA:151,3
DA:154,3
DA:155,3
DA:156,3
DA:159,3
DA:160,3
DA:161,3
DA:164,3
DA:165,3
DA:166,3
DA:169,15
DA:170,15
DA:171,15
DA:172,15
DA:173,15
DA:174,15
DA:175,15
DA:176,15
DA:177,15
DA:178,30
DA:181,15
DA:182,15
DA:183,15
DA:184,15
DA:185,15
DA:186,15
DA:187,15
DA:188,15
DA:189,15
DA:191,0
DA:193,30
DA:196,12
DA:197,12
DA:198,12
DA:201,0
DA:202,0
DA:203,0
DA:204,0
DA:205,0
DA:207,0
DA:209,0
DA:212,0
DA:213,0
DA:214,0
LF:124
LH:113
end_of_record
TN:
SF:/mnt/hgfs/Desktop/DUUF/COMF/udp_customer/UdpConnection.cpp
FN:15,_ZN4DUUF4COMF3UDP13UdpConnectionC2ERKNSt7__cxx1112basic_stringIcSt11char_traitsIcESaIcEEERKNS1_22Send_Receive_Mode_EnumESA_RKiSF_
FN:51,_ZN4DUUF4COMF3UDP13UdpConnectionD2Ev
FN:51,_ZN4DUUF4COMF3UDP13UdpConnectionD0Ev
FN:69,_ZN4DUUF4COMF3UDP13UdpConnection10enableSendEv
FN:92,_ZN4DUUF4COMF3UDP13UdpConnection13enableReceiveEv
FN:115,_ZNK4DUUF4COMF3UDP13UdpConnection9getFamilyEv
FN:119,_ZNK4DUUF4COMF3UDP13UdpConnection7getModeEv
FN:123,_ZNK4DUUF4COMF3UDP13UdpConnection7getNameB5cxx11Ev
FN:127,_ZNK4DUUF4COMF3UDP13UdpConnection7getPortEv
FN:131,_ZNK4DUUF4COMF3UDP13UdpConnection10getUdpAddrB5cxx11Ev
FN:135,_ZNK4DUUF4COMF3UDP13UdpConnection4sendEPKcm
FN:147,_ZNK4DUUF4COMF3UDP13UdpConnection4recvEPcm
FN:159,_ZN4DUUF4COMF3UDP13UdpConnection11disableSendEv
FN:179,_ZN4DUUF4COMF3UDP13UdpConnection14disableReceiveEv
FN:199,_ZNK4DUUF4COMF3UDP13UdpConnection10timed_recvEPcmi
FNDA:24,_ZNK4DUUF4COMF3UDP13UdpConnection4sendEPKcm
FNDA:0,_ZNK4DUUF4COMF3UDP13UdpConnection4recvEPcm
FNDA:0,_ZNK4DUUF4COMF3UDP13UdpConnection7getPortEv
FNDA:228,_ZN4DUUF4COMF3UDP13UdpConnectionD2Ev
FNDA:0,_ZNK4DUUF4COMF3UDP13UdpConnection7getNameB5cxx11Ev
FNDA:228,_ZN4DUUF4COMF3UDP13UdpConnectionC2ERKNSt7__cxx1112basic_stringIcSt11char_traitsIcESaIcEEERKNS1_22Send_Receive_Mode_EnumESA_RKiSF_
FNDA:24,_ZN4DUUF4COMF3UDP13UdpConnection13enableReceiveEv
FNDA:24,_ZN4DUUF4COMF3UDP13UdpConnection14disableReceiveEv
FNDA:0,_ZN4DUUF4COMF3UDP13UdpConnectionD0Ev
FNDA:24,_ZN4DUUF4COMF3UDP13UdpConnection10enableSendEv
FNDA:0,_ZNK4DUUF4COMF3UDP13UdpConnection9getFamilyEv
FNDA:0,_ZNK4DUUF4COMF3UDP13UdpConnection7getModeEv
FNDA:24,_ZN4DUUF4COMF3UDP13UdpConnection11disableSendEv
FNDA:0,_ZNK4DUUF4COMF3UDP13UdpConnection10timed_recvEPcmi
FNDA:0,_ZNK4DUUF4COMF3UDP13UdpConnection10getUdpAddrB5cxx11Ev
FNF:15
FNH:7
DA:15,228
DA:16,228
DA:17,228
DA:18,72
DA:19,72
DA:20,72
DA:21,72
DA:23,72
DA:24,84
DA:25,84
DA:26,84
DA:27,84
DA:29,84
DA:30,48
DA:31,48
DA:32,48
DA:33,48
DA:35,48
DA:36,24
DA:37,24
DA:38,24
DA:39,24
DA:41,24
DA:42,0
DA:43,0
DA:44,0
DA:45,0
DA:49,228
DA:51,228
DA:52,228
DA:53,72
DA:54,72
DA:56,228
DA:57,108
DA:58,108
DA:60,228
DA:61,228
DA:69,24
DA:70,24
DA:71,12
DA:72,12
DA:73,0
DA:74,0
DA:76,12
DA:77,0
DA:78,12
DA:79,12
DA:83,12
DA:84,12
DA:87,12
DA:88,12
DA:92,24
DA:93,24
DA:94,12
DA:95,12
DA:96,0
DA:97,0
DA:99,12
DA:100,0
DA:101,12
DA:102,12
DA:106,12
DA:107,12
DA:110,12
DA:111,12
DA:115,0
DA:116,0
DA:119,0
DA:120,0
DA:123,0
DA:124,0
DA:127,0
DA:128,0
DA:131,0
DA:132,0
DA:135,24
DA:136,24
DA:137,12
DA:138,12
DA:140,12
DA:141,12
DA:142,12
DA:143,12
DA:147,0
DA:148,0
DA:149,0
DA:150,0
DA:152,0
DA:153,0
DA:154,0
DA:155,0
DA:159,24
DA:160,24
DA:161,12
DA:162,12
DA:163,12
DA:165,12
DA:166,12
DA:167,0
DA:168,0
DA:170,12
DA:171,12
DA:174,12
DA:175,12
DA:179,24
DA:180,24
DA:181,12
DA:182,12
DA:183,12
DA:185,12
DA:186,12
DA:187,0
DA:188,0
DA:190,12
DA:191,12
DA:194,12
DA:195,12
DA:199,0
DA:200,0
DA:201,0
DA:202,0
DA:204,0
DA:205,0
DA:206,0
DA:207,0
LF:125
LH:85
end_of_record
TN:
SF:/mnt/hgfs/Desktop/DUUF/COMF/udp_customer/UdpCustomer.cpp
FN:15,_ZN4DUUF4COMF3UDP11UdpCustomerC2Ev
FN:18,_ZN4DUUF4COMF3UDP11UdpCustomerD2Ev
FN:18,_ZN4DUUF4COMF3UDP11UdpCustomerD0Ev
FN:21,_ZN4DUUF4COMF3UDP11UdpCustomer14openConnectionERKNSt7__cxx1112basic_stringIcSt11char_traitsIcESaIcEEERKNS1_22Send_Receive_Mode_EnumESA_RKiSF_
FN:34,_ZN4DUUF4COMF3UDP11UdpCustomer15closeConnectionERKNSt7__cxx1112basic_stringIcSt11char_traitsIcESaIcEEE
FN:48,_ZN4DUUF4COMF3UDP11UdpCustomer20enableConnectionSendERKNSt7__cxx1112basic_stringIcSt11char_traitsIcESaIcEEE
FN:65,_ZN4DUUF4COMF3UDP11UdpCustomer23enableConnectionReceiveERKNSt7__cxx1112basic_stringIcSt11char_traitsIcESaIcEEE
FN:82,_ZNK4DUUF4COMF3UDP11UdpCustomer4sendEPKcmRKNSt7__cxx1112basic_stringIcSt11char_traitsIcESaIcEEE
FN:96,_ZNK4DUUF4COMF3UDP11UdpCustomer4recvEPcmRKNSt7__cxx1112basic_stringIcSt11char_traitsIcESaIcEEE
FN:110,_ZNK4DUUF4COMF3UDP11UdpCustomer10timed_recvEPcmiRKNSt7__cxx1112basic_stringIcSt11char_traitsIcESaIcEEE
FN:124,_ZN4DUUF4COMF3UDP11UdpCustomer21disableConnectionSendERKNSt7__cxx1112basic_stringIcSt11char_traitsIcESaIcEEE
FN:141,_ZN4DUUF4COMF3UDP11UdpCustomer24disableConnectionReceiveERKNSt7__cxx1112basic_stringIcSt11char_traitsIcESaIcEEE
FN:158,_ZN4DUUF4COMF3UDP11UdpCustomer16isConnectionOpenERKNSt7__cxx1112basic_stringIcSt11char_traitsIcESaIcEEE
FNDA:240,_ZN4DUUF4COMF3UDP11UdpCustomerC2Ev
FNDA:0,_ZNK4DUUF4COMF3UDP11UdpCustomer10timed_recvEPcmiRKNSt7__cxx1112basic_stringIcSt11char_traitsIcESaIcEEE
FNDA:36,_ZN4DUUF4COMF3UDP11UdpCustomer23enableConnectionReceiveERKNSt7__cxx1112basic_stringIcSt11char_traitsIcESaIcEEE
FNDA:240,_ZN4DUUF4COMF3UDP11UdpCustomerD0Ev
FNDA:36,_ZN4DUUF4COMF3UDP11UdpCustomer21disableConnectionSendERKNSt7__cxx1112basic_stringIcSt11char_traitsIcESaIcEEE
FNDA:0,_ZNK4DUUF4COMF3UDP11UdpCustomer4recvEPcmRKNSt7__cxx1112basic_stringIcSt11char_traitsIcESaIcEEE
FNDA:24,_ZN4DUUF4COMF3UDP11UdpCustomer15closeConnectionERKNSt7__cxx1112basic_stringIcSt11char_traitsIcESaIcEEE
FNDA:240,_ZN4DUUF4COMF3UDP11UdpCustomer14openConnectionERKNSt7__cxx1112basic_stringIcSt11char_traitsIcESaIcEEERKNS1_22Send_Receive_Mode_EnumESA_RKiSF_
FNDA:36,_ZNK4DUUF4COMF3UDP11UdpCustomer4sendEPKcmRKNSt7__cxx1112basic_stringIcSt11char_traitsIcESaIcEEE
FNDA:408,_ZN4DUUF4COMF3UDP11UdpCustomer16isConnectionOpenERKNSt7__cxx1112basic_stringIcSt11char_traitsIcESaIcEEE
FNDA:36,_ZN4DUUF4COMF3UDP11UdpCustomer24disableConnectionReceiveERKNSt7__cxx1112basic_stringIcSt11char_traitsIcESaIcEEE
FNDA:240,_ZN4DUUF4COMF3UDP11UdpCustomerD2Ev
FNDA:36,_ZN4DUUF4COMF3UDP11UdpCustomer20enableConnectionSendERKNSt7__cxx1112basic_stringIcSt11char_traitsIcESaIcEEE
FNF:13
FNH:11
DA:15,240
DA:16,240
DA:18,480
DA:19,480
DA:21,240
DA:22,240
DA:24,12
DA:25,12
DA:27,228
DA:28,228
DA:30,228
DA:31,228
DA:34,24
DA:35,24
DA:36,24
DA:38,12
DA:39,12
DA:41,12
DA:42,12
DA:44,12
DA:45,12
DA:48,36
DA:49,36
DA:51,12
DA:52,12
DA:54,24
DA:55,24
DA:57,12
DA:58,12
DA:61,12
DA:62,12
DA:65,36
DA:66,36
DA:68,12
DA:69,12
DA:71,24
DA:72,24
DA:74,12
DA:75,12
DA:78,12
DA:79,12
DA:82,36
DA:83,36
DA:84,36
DA:86,12
DA:87,12
DA:89,24
DA:90,24
DA:91,24
DA:92,24
DA:96,0
DA:97,0
DA:98,0
DA:100,0
DA:101,0
DA:103,0
DA:104,0
DA:105,0
DA:106,0
DA:110,0
DA:111,0
DA:112,0
DA:114,0
DA:115,0
DA:117,0
DA:118,0
DA:119,0
DA:120,0
DA:124,36
DA:125,36
DA:127,12
DA:128,12
DA:130,24
DA:131,24
DA:133,12
DA:134,12
DA:137,12
DA:138,12
DA:141,36
DA:142,36
DA:144,12
DA:145,12
DA:147,24
DA:148,24
DA:150,12
DA:151,12
DA:154,12
DA:155,12
DA:158,408
DA:159,408
DA:160,408
DA:162,288
DA:163,288
DA:165,120
LF:94
LH:76
end_of_record
TN:
SF:/mnt/hgfs/Desktop/DUUF/COMF/udp_message_queue/UdpMessageQueue.cpp
FN:20,_ZN4DUUF4COMF3UDP15UdpMessageQueueC2Ev
FN:23,_ZN4DUUF4COMF3UDP15UdpMessageQueueD2Ev
FN:23,_ZN4DUUF4COMF3UDP15UdpMessageQueueD0Ev
FN:26,_ZN4DUUF4COMF3UDP15UdpMessageQueue5frontEv
FN:34,_ZN4DUUF4COMF3UDP15UdpMessageQueue9pop_frontEv
FN:44,_ZN4DUUF4COMF3UDP15UdpMessageQueue3popEv
FN:50,_ZN4DUUF4COMF3UDP15UdpMessageQueue9push_backERNS0_7MESSAGE11BaseMessageE
FN:54,_ZN4DUUF4COMF3UDP15UdpMessageQueue7isEmptyEv
FNDA:12,_ZN4DUUF4COMF3UDP15UdpMessageQueueD2Ev
FNDA:80,_ZN4DUUF4COMF3UDP15UdpMessageQueue7isEmptyEv
FNDA:0,_ZN4DUUF4COMF3UDP15UdpMessageQueueD0Ev
FNDA:12,_ZN4DUUF4COMF3UDP15UdpMessageQueue3popEv
FNDA:16,_ZN4DUUF4COMF3UDP15UdpMessageQueue9push_backERNS0_7MESSAGE11BaseMessageE
FNDA:4,_ZN4DUUF4COMF3UDP15UdpMessageQueue9pop_frontEv
FNDA:12,_ZN4DUUF4COMF3UDP15UdpMessageQueue5frontEv
FNDA:12,_ZN4DUUF4COMF3UDP15UdpMessageQueueC2Ev
FNF:8
FNH:7
DA:20,12
DA:21,12
DA:23,12
DA:24,12
DA:26,12
DA:27,12
DA:28,12
DA:30,0
DA:34,4
DA:35,4
DA:36,8
DA:37,4
DA:38,4
DA:40,0
DA:44,12
DA:45,12
DA:46,12
DA:48,12
DA:50,16
DA:51,16
DA:52,16
DA:54,80
DA:55,80
LF:23
LH:21
end_of_record
TN:
SF:/mnt/hgfs/Desktop/DUUF/COMF/udp_sender_receiver/UdpBase.cpp
FN:27,_ZN4DUUF4COMF3UDP7UdpBaseC2ERKNSt7__cxx1112basic_stringIcSt11char_traitsIcESaIcEEERKiSC_
FN:62,_ZN4DUUF4COMF3UDP7UdpBaseD2Ev
FN:62,_ZN4DUUF4COMF3UDP7UdpBaseD0Ev
FN:69,_ZNK4DUUF4COMF3UDP7UdpBase10get_socketEv
FN:73,_ZNK4DUUF4COMF3UDP7UdpBase8get_portEv
FN:77,_ZNK4DUUF4COMF3UDP7UdpBase11get_addressB5cxx11Ev
FNDA:0,_ZN4DUUF4COMF3UDP7UdpBaseD0Ev
FNDA:24,_ZNK4DUUF4COMF3UDP7UdpBase8get_portEv
FNDA:432,_ZN4DUUF4COMF3UDP7UdpBaseC2ERKNSt7__cxx1112basic_stringIcSt11char_traitsIcESaIcEEERKiSC_
FNDA:432,_ZN4DUUF4COMF3UDP7UdpBaseD2Ev
FNDA:24,_ZNK4DUUF4COMF3UDP7UdpBase11get_addressB5cxx11Ev
FNDA:36,_ZNK4DUUF4COMF3UDP7UdpBase10get_socketEv
FNF:6
FNH:5
DA:27,432
DA:28,432
DA:29,432
DA:31,0
DA:34,432
DA:36,0
DA:39,864
DA:40,432
DA:41,864
DA:43,432
DA:44,432
DA:45,432
DA:46,432
DA:49,432
DA:50,432
DA:52,12
DA:55,432
DA:56,432
DA:58,12
DA:60,432
DA:62,432
DA:63,432
DA:64,432
DA:65,432
DA:67,432
DA:69,36
DA:70,36
DA:73,24
DA:74,24
DA:77,24
DA:78,24
LF:31
LH:29
end_of_record
TN:
SF:/mnt/hgfs/Desktop/DUUF/COMF/udp_sender_receiver/UdpReceiver.cpp
FN:29,_ZN4DUUF4COMF3UDP11UdpReceiverC2ERKNSt7__cxx1112basic_stringIcSt11char_traitsIcESaIcEEERKiSC_PS9_
FN:98,_ZNK4DUUF4COMF3UDP11UdpReceiver4recvEPcm
FN:106,_ZNK4DUUF4COMF3UDP11UdpReceiver10timed_recvEPcmi
FN:129,_ZNK4DUUF4COMF3UDP11UdpReceiver10timed_recvB5cxx11Eii
FNDA:48,_ZNK4DUUF4COMF3UDP11UdpReceiver10timed_recvEPcmi
FNDA:204,_ZN4DUUF4COMF3UDP11UdpReceiverC2ERKNSt7__cxx1112basic_stringIcSt11char_traitsIcESaIcEEERKiSC_PS9_
FNDA:12,_ZNK4DUUF4COMF3UDP11UdpReceiver4recvEPcm
FNDA:24,_ZNK4DUUF4COMF3UDP11UdpReceiver10timed_recvB5cxx11Eii
FNF:4
FNH:4
DA:29,204
DA:30,204
DA:31,204
DA:32,204
DA:33,204
DA:34,0
DA:37,0
DA:38,0
DA:39,0
DA:40,0
DA:41,0
DA:42,0
DA:43,0
DA:44,0
DA:45,0
DA:46,0
DA:48,0
DA:51,204
DA:52,12
DA:55,24
DA:56,12
DA:57,24
DA:59,12
DA:60,12
DA:61,12
DA:62,12
DA:64,12
DA:65,12
DA:66,12
DA:67,0
DA:71,12
DA:72,12
DA:74,12
DA:75,12
DA:76,12
DA:77,12
DA:79,12
DA:80,12
DA:81,12
DA:82,12
DA:86,12
DA:87,12
DA:88,12
DA:90,0
DA:91,0
DA:96,204
DA:98,12
DA:99,12
DA:100,12
DA:101,12
DA:102,12
DA:103,12
DA:106,48
DA:107,48
DA:109,48
DA:110,48
DA:111,48
DA:112,48
DA:113,0
DA:114,0
DA:115,48
DA:117,24
DA:118,24
DA:119,24
DA:120,24
DA:124,24
DA:125,24
DA:126,24
DA:129,24
DA:130,48
DA:131,24
DA:132,24
DA:133,24
DA:135,12
DA:136,12
DA:141,12
DA:143,24
DA:144,12
DA:145,12
DA:146,12
DA:147,12
LF:81
LH:64
end_of_record
TN:
SF:/mnt/hgfs/Desktop/DUUF/COMF/udp_sender_receiver/UdpReceiver.h
FN:26,_ZN4DUUF4COMF3UDP11UdpReceiverD2Ev
FN:26,_ZN4DUUF4COMF3UDP11UdpReceiverD0Ev
FNDA:204,_ZN4DUUF4COMF3UDP11UdpReceiverD2Ev
FNDA:204,_ZN4DUUF4COMF3UDP11UdpReceiverD0Ev
FNF:2
FNH:2
DA:26,408
LF:1
LH:1
end_of_record
TN:
SF:/mnt/hgfs/Desktop/DUUF/COMF/udp_sender_receiver/UdpSender.cpp
FN:22,_ZN4DUUF4COMF3UDP9UdpSenderC2ERKNSt7__cxx1112basic_stringIcSt11char_traitsIcESaIcEEERKiSC_
FN:28,_ZNK4DUUF4COMF3UDP9UdpSender4sendEPKcm
FNDA:228,_ZN4DUUF4COMF3UDP9UdpSenderC2ERKNSt7__cxx1112basic_stringIcSt11char_traitsIcESaIcEEERKiSC_
FNDA:60,_ZNK4DUUF4COMF3UDP9UdpSender4sendEPKcm
FNF:2
FNH:2
DA:22,228
DA:23,228
DA:24,228
DA:26,228
DA:28,60
DA:29,60
DA:30,60
DA:31,60
DA:32,60
LF:9
LH:9
end_of_record
TN:
SF:/mnt/hgfs/Desktop/DUUF/COMF/udp_sender_receiver/UdpSender.h
FN:27,_ZN4DUUF4COMF3UDP9UdpSenderD0Ev
FN:27,_ZN4DUUF4COMF3UDP9UdpSenderD2Ev
FNDA:228,_ZN4DUUF4COMF3UDP9UdpSenderD2Ev
FNDA:228,_ZN4DUUF4COMF3UDP9UdpSenderD0Ev
FNF:2
FNH:2
DA:27,456
LF:1
LH:1
end_of_record
