TN:
SF:/mnt/hgfs/Desktop/DUUF/COMF/COMFLogger.cpp
FN:17,_ZN4DUUF4COMF11COMF_LoggerC2Ev
FN:30,_ZN4DUUF4COMF11COMF_LoggerD0Ev
FN:30,_ZN4DUUF4COMF11COMF_LoggerD2Ev
FN:33,_ZN4DUUF4COMF11COMF_Logger9getLoggerEv
FNDA:8,_ZN4DUUF4COMF11COMF_LoggerD2Ev
FNDA:0,_ZN4DUUF4COMF11COMF_LoggerD0Ev
FNDA:8,_ZN4DUUF4COMF11COMF_LoggerC2Ev
FNDA:5264,_ZN4DUUF4COMF11COMF_Logger9getLoggerEv
FNF:4
FNH:3
DA:17,8
DA:18,8
DA:19,16
DA:20,8
DA:21,8
DA:22,8
DA:23,8
DA:24,8
DA:25,8
DA:26,8
DA:27,8
DA:28,8
DA:30,8
DA:31,8
DA:33,5264
DA:34,5264
DA:35,5264
LF:17
LH:17
end_of_record
TN:
SF:/mnt/hgfs/Desktop/DUUF/COMF/message/BaseMessage.cpp
FN:22,_ZN4DUUF4COMF7MESSAGE11BaseMessageC2Ev
FN:27,_ZN4DUUF4COMF7MESSAGE11BaseMessageC2ERKS2_
FN:36,_ZN4DUUF4COMF7MESSAGE11BaseMessageD2Ev
FN:36,_ZN4DUUF4COMF7MESSAGE11BaseMessageD0Ev
FN:42,_ZN4DUUF4COMF7MESSAGE11BaseMessage7SetDataEPKcj
FN:51,_ZNK4DUUF4COMF7MESSAGE11BaseMessage7GetDataEv
FN:55,_ZN4DUUF4COMF7MESSAGE11BaseMessage9SetHeaderERNS1_9BASICTYPE13MessageHeaderE
FN:59,_ZN4DUUF4COMF7MESSAGE11BaseMessage9GetHeaderEv
FN:63,_ZN4DUUF4COMF7MESSAGE11BaseMessage11deserializeERSi
FN:75,_ZNK4DUUF4COMF7MESSAGE11BaseMessage9serializeERSo
FN:82,_ZNK4DUUF4COMF7MESSAGE11BaseMessageeqERKS2_
FNDA:88,_ZN4DUUF4COMF7MESSAGE11BaseMessageC2Ev
FNDA:120,_ZNK4DUUF4COMF7MESSAGE11BaseMessage7GetDataEv
FNDA:0,_ZN4DUUF4COMF7MESSAGE11BaseMessageD0Ev
FNDA:72,_ZN4DUUF4COMF7MESSAGE11BaseMessage7SetDataEPKcj
FNDA:72,_ZN4DUUF4COMF7MESSAGE11BaseMessage9SetHeaderERNS1_9BASICTYPE13MessageHeaderE
FNDA:24,_ZN4DUUF4COMF7MESSAGE11BaseMessage11deserializeERSi
FNDA:32,_ZNK4DUUF4COMF7MESSAGE11BaseMessageeqERKS2_
FNDA:88,_ZN4DUUF4COMF7MESSAGE11BaseMessageC2ERKS2_
FNDA:176,_ZN4DUUF4COMF7MESSAGE11BaseMessageD2Ev
FNDA:184,_ZN4DUUF4COMF7MESSAGE11BaseMessage9GetHeaderEv
FNDA:23,_ZNK4DUUF4COMF7MESSAGE11BaseMessage9serializeERSo
FNF:11
FNH:10
DA:22,88
DA:23,88
DA:24,88
DA:25,88
DA:27,88
DA:31,88
DA:32,88
DA:33,88
DA:34,88
DA:36,176
DA:37,176
DA:38,168
DA:40,176
DA:42,72
DA:43,72
DA:44,8
DA:46,72
DA:47,72
DA:48,72
DA:49,72
DA:51,120
DA:52,120
DA:55,72
DA:56,72
DA:57,72
DA:59,184
DA:60,184
DA:63,24
DA:64,24
DA:65,24
DA:66,24
DA:67,8
DA:69,24
DA:70,24
DA:71,24
DA:75,23
DA:76,23
DA:77,23
DA:78,23
DA:79,23
DA:82,32
DA:83,32
LF:42
LH:42
end_of_record
TN:
SF:/mnt/hgfs/Desktop/DUUF/COMF/message/basic_type/MessageHeader.cpp
FN:24,_ZN4DUUF4COMF7MESSAGE9BASICTYPE13MessageHeaderC2Ev
FN:31,_ZN4DUUF4COMF7MESSAGE9BASICTYPE13MessageHeaderD2Ev
FN:31,_ZN4DUUF4COMF7MESSAGE9BASICTYPE13MessageHeaderD0Ev
FN:34,_ZN4DUUF4COMF7MESSAGE9BASICTYPE13MessageHeader11SetDataSizeEj
FN:38,_ZNK4DUUF4COMF7MESSAGE9BASICTYPE13MessageHeader11GetDataSizeEv
FN:42,_ZN4DUUF4COMF7MESSAGE9BASICTYPE13MessageHeader16SetUsecTimestampERKNSt6chrono8durationIlSt5ratioILl1ELl1000000EEEE
FN:46,_ZN4DUUF4COMF7MESSAGE9BASICTYPE13MessageHeader19SetUsecTimestampNowEv
FN:54,_ZNK4DUUF4COMF7MESSAGE9BASICTYPE13MessageHeader16GetUsecTimestampEv
FN:58,_ZN4DUUF4COMF7MESSAGE9BASICTYPE13MessageHeader7SetPortEi
FN:62,_ZNK4DUUF4COMF7MESSAGE9BASICTYPE13MessageHeader7GetPortEv
FN:66,_ZN4DUUF4COMF7MESSAGE9BASICTYPE13MessageHeader7SetAddrERKNSt7__cxx1112basic_stringIcSt11char_traitsIcESaIcEEE
FN:70,_ZNK4DUUF4COMF7MESSAGE9BASICTYPE13MessageHeader7GetAddrB5cxx11Ev
FN:74,_ZN4DUUF4COMF7MESSAGE9BASICTYPE13MessageHeader11deserializeERSi
FN:86,_ZNK4DUUF4COMF7MESSAGE9BASICTYPE13MessageHeader9serializeERSo
FN:97,_ZNK4DUUF4COMF7MESSAGE9BASICTYPE13MessageHeader12getMessageIdEv
FN:101,_ZN4DUUF4COMF7MESSAGE9BASICTYPE13MessageHeader12setMessageIdEm
FN:105,_ZNK4DUUF4COMF7MESSAGE9BASICTYPE13MessageHeadereqERKS3_
FNDA:23,_ZNK4DUUF4COMF7MESSAGE9BASICTYPE13MessageHeader9serializeERSo
FNDA:64,_ZNK4DUUF4COMF7MESSAGE9BASICTYPE13MessageHeadereqERKS3_
FNDA:16,_ZNK4DUUF4COMF7MESSAGE9BASICTYPE13MessageHeader12getMessageIdEv
FNDA:248,_ZN4DUUF4COMF7MESSAGE9BASICTYPE13MessageHeaderC2Ev
FNDA:40,_ZN4DUUF4COMF7MESSAGE9BASICTYPE13MessageHeader19SetUsecTimestampNowEv
FNDA:16,_ZNK4DUUF4COMF7MESSAGE9BASICTYPE13MessageHeader7GetPortEv
FNDA:72,_ZN4DUUF4COMF7MESSAGE9BASICTYPE13MessageHeader12setMessageIdEm
FNDA:248,_ZN4DUUF4COMF7MESSAGE9BASICTYPE13MessageHeaderD2Ev
FNDA:24,_ZN4DUUF4COMF7MESSAGE9BASICTYPE13MessageHeader11deserializeERSi
FNDA:0,_ZN4DUUF4COMF7MESSAGE9BASICTYPE13MessageHeaderD0Ev
FNDA:72,_ZN4DUUF4COMF7MESSAGE9BASICTYPE13MessageHeader11SetDataSizeEj
FNDA:16,_ZNK4DUUF4COMF7MESSAGE9BASICTYPE13MessageHeader7GetAddrB5cxx11Ev
FNDA:16,_ZNK4DUUF4COMF7MESSAGE9BASICTYPE13MessageHeader16GetUsecTimestampEv
FNDA:335,_ZNK4DUUF4COMF7MESSAGE9BASICTYPE13MessageHeader11GetDataSizeEv
FNDA:72,_ZN4DUUF4COMF7MESSAGE9BASICTYPE13MessageHeader7SetPortEi
FNDA:72,_ZN4DUUF4COMF7MESSAGE9BASICTYPE13MessageHeader7SetAddrERKNSt7__cxx1112basic_stringIcSt11char_traitsIcESaIcEEE
FNDA:32,_ZN4DUUF4COMF7MESSAGE9BASICTYPE13MessageHeader16SetUsecTimestampERKNSt6chrono8durationIlSt5ratioILl1ELl1000000EEEE
FNF:17
FNH:16
DA:24,248
DA:25,248
DA:26,248
DA:27,248
DA:28,248
DA:29,248
DA:31,248
DA:32,248
DA:34,72
DA:35,72
DA:36,72
DA:38,335
DA:39,335
DA:42,32
DA:43,32
DA:44,32
DA:46,40
DA:47,40
DA:48,40
DA:49,40
DA:50,40
DA:51,40
DA:52,40
DA:54,16
DA:55,16
DA:58,72
DA:59,72
DA:60,72
DA:62,16
DA:63,16
DA:66,72
DA:67,72
DA:68,72
DA:70,16
DA:71,16
DA:74,24
DA:75,24
DA:77,24
DA:78,24
DA:79,24
DA:80,24
DA:81,24
DA:82,24
DA:83,24
DA:86,23
DA:87,23
DA:88,23
DA:89,23
DA:90,23
DA:91,23
DA:92,23
DA:93,23
DA:94,23
DA:97,16
DA:98,16
DA:101,72
DA:102,72
DA:103,72
DA:105,64
DA:106,64
LF:60
LH:60
end_of_record
TN:
SF:/mnt/hgfs/Desktop/DUUF/COMF/serialization/Serializable.h
FN:27,_ZN4DUUF4COMF12SerializableD2Ev
FN:27,_ZN4DUUF4COMF12SerializableD0Ev
FNDA:424,_ZN4DUUF4COMF12SerializableD2Ev
FNDA:0,_ZN4DUUF4COMF12SerializableD0Ev
FNF:2
FNH:1
DA:27,424
LF:1
LH:1
end_of_record
TN:
SF:/mnt/hgfs/Desktop/DUUF/COMF/serialization/Serialization.cpp
FN:25,_ZN4DUUF4COMF20deserialize_templateImEEjRSiRT_
FN:25,_ZN4DUUF4COMF20deserialize_templateIsEEjRSiRT_
FN:25,_ZN4DUUF4COMF20deserialize_templateIbEEjRSiRT_
FN:25,_ZN4DUUF4COMF20deserialize_templateIiEEjRSiRT_
FN:25,_ZN4DUUF4COMF20deserialize_templateIhEEjRSiRT_
FN:25,_ZN4DUUF4COMF20deserialize_templateIdEEjRSiRT_
FN:25,_ZN4DUUF4COMF20deserialize_templateIlEEjRSiRT_
FN:25,_ZN4DUUF4COMF20deserialize_templateItEEjRSiRT_
FN:25,_ZN4DUUF4COMF20deserialize_templateIcEEjRSiRT_
FN:25,_ZN4DUUF4COMF20deserialize_templateIfEEjRSiRT_
FN:25,_ZN4DUUF4COMF20deserialize_templateIjEEjRSiRT_
FN:31,_ZN4DUUF4COMF18serialize_templateIjEEjRKT_RSo
FN:31,_ZN4DUUF4COMF18serialize_templateIfEEjRKT_RSo
FN:31,_ZN4DUUF4COMF18serialize_templateIhEEjRKT_RSo
FN:31,_ZN4DUUF4COMF18serialize_templateIcEEjRKT_RSo
FN:31,_ZN4DUUF4COMF18serialize_templateIiEEjRKT_RSo
FN:31,_ZN4DUUF4COMF18serialize_templateImEEjRKT_RSo
FN:31,_ZN4DUUF4COMF18serialize_templateIlEEjRKT_RSo
FN:31,_ZN4DUUF4COMF18serialize_templateIbEEjRKT_RSo
FN:31,_ZN4DUUF4COMF18serialize_templateIsEEjRKT_RSo
FN:31,_ZN4DUUF4COMF18serialize_templateIdEEjRKT_RSo
FN:31,_ZN4DUUF4COMF18serialize_templateItEEjRKT_RSo
FN:37,_ZN4DUUF4COMF13Serialization9serializeERKiRSo
FN:42,_ZN4DUUF4COMF13Serialization9serializeERKjRSo
FN:47,_ZN4DUUF4COMF13Serialization9serializeERKsRSo
FN:52,_ZN4DUUF4COMF13Serialization9serializeERKtRSo
FN:57,_ZN4DUUF4COMF13Serialization9serializeERKlRSo
FN:62,_ZN4DUUF4COMF13Serialization9serializeERKmRSo
FN:67,_ZN4DUUF4COMF13Serialization9serializeERKcRSo
FN:72,_ZN4DUUF4COMF13Serialization9serializeERKhRSo
FN:77,_ZN4DUUF4COMF13Serialization9serializeERKfRSo
FN:82,_ZN4DUUF4COMF13Serialization9serializeERKdRSo
FN:87,_ZN4DUUF4COMF13Serialization9serializeERKbRSo
FN:92,_ZN4DUUF4COMF13Serialization9serializeERKNSt7__cxx1112basic_stringIcSt11char_traitsIcESaIcEEERSo
FN:101,_ZN4DUUF4COMF13Serialization9serializeEPKcjRSo
FN:109,_ZN4DUUF4COMF13Serialization9serializeERKNS0_12SerializableERSo
FN:114,_ZN4DUUF4COMF13Serialization11deserializeERSiRi
FN:119,_ZN4DUUF4COMF13Serialization11deserializeERSiRj
FN:124,_ZN4DUUF4COMF13Serialization11deserializeERSiRs
FN:129,_ZN4DUUF4COMF13Serialization11deserializeERSiRt
FN:134,_ZN4DUUF4COMF13Serialization11deserializeERSiRl
FN:139,_ZN4DUUF4COMF13Serialization11deserializeERSiRm
FN:144,_ZN4DUUF4COMF13Serialization11deserializeERSiRc
FN:149,_ZN4DUUF4COMF13Serialization11deserializeERSiRh
FN:154,_ZN4DUUF4COMF13Serialization11deserializeERSiRf
FN:159,_ZN4DUUF4COMF13Serialization11deserializeERSiRd
FN:164,_ZN4DUUF4COMF13Serialization11deserializeERSiRb
FN:169,_ZN4DUUF4COMF13Serialization11deserializeERSiRNSt7__cxx1112basic_stringIcSt11char_traitsIcESaIcEEE
FN:181,_ZN4DUUF4COMF13Serialization11deserializeERSijPc
FN:196,_ZN4DUUF4COMF13Serialization11deserializeERSiRNS0_12SerializableE
FN:201,_ZN4DUUF4COMF13Serialization18streambufToCharBufERNSt7__cxx1118basic_stringstreamIcSt11char_traitsIcESaIcEEEPcj
FN:212,_ZN4DUUF4COMF13Serialization18charBufToStreamBufEPKcRNSt7__cxx1118basic_stringstreamIcSt11char_traitsIcESaIcEEEj
FNDA:8,_ZN4DUUF4COMF13Serialization9serializeERKtRSo
FNDA:32,_ZN4DUUF4COMF13Serialization11deserializeERSiRNSt7__cxx1112basic_stringIcSt11char_traitsIcESaIcEEE
FNDA:8,_ZN4DUUF4COMF20deserialize_templateIdEEjRSiRT_
FNDA:8,_ZN4DUUF4COMF18serialize_templateIhEEjRKT_RSo
FNDA:8,_ZN4DUUF4COMF18serialize_templateIcEEjRKT_RSo
FNDA:8,_ZN4DUUF4COMF20deserialize_templateIhEEjRSiRT_
FNDA:8,_ZN4DUUF4COMF20deserialize_templateItEEjRSiRT_
FNDA:12,_ZN4DUUF4COMF13Serialization18streambufToCharBufERNSt7__cxx1118basic_stringstreamIcSt11char_traitsIcESaIcEEEPcj
FNDA:8,_ZN4DUUF4COMF13Serialization11deserializeERSiRb
FNDA:8,_ZN4DUUF4COMF13Serialization9serializeERKlRSo
FNDA:8,_ZN4DUUF4COMF13Serialization11deserializeERSiRt
FNDA:56,_ZN4DUUF4COMF13Serialization11deserializeERSiRm
FNDA:8,_ZN4DUUF4COMF13Serialization11deserializeERSiRs
FNDA:8,_ZN4DUUF4COMF13Serialization9serializeERKfRSo
FNDA:32,_ZN4DUUF4COMF13Serialization11deserializeERSiRi
FNDA:8,_ZN4DUUF4COMF20deserialize_templateIlEEjRSiRT_
FNDA:8,_ZN4DUUF4COMF13Serialization11deserializeERSiRc
FNDA:56,_ZN4DUUF4COMF20deserialize_templateImEEjRSiRT_
FNDA:54,_ZN4DUUF4COMF13Serialization9serializeERKmRSo
FNDA:8,_ZN4DUUF4COMF20deserialize_templateIsEEjRSiRT_
FNDA:105,_ZN4DUUF4COMF18serialize_templateIjEEjRKT_RSo
FNDA:31,_ZN4DUUF4COMF13Serialization9serializeERKiRSo
FNDA:8,_ZN4DUUF4COMF13Serialization11deserializeERSiRh
FNDA:8,_ZN4DUUF4COMF13Serialization11deserializeERSiRl
FNDA:8,_ZN4DUUF4COMF18serialize_templateIfEEjRKT_RSo
FNDA:32,_ZN4DUUF4COMF20deserialize_templateIiEEjRSiRT_
FNDA:8,_ZN4DUUF4COMF13Serialization9serializeERKbRSo
FNDA:43,_ZN4DUUF4COMF13Serialization9serializeEPKcjRSo
FNDA:8,_ZN4DUUF4COMF13Serialization9serializeERKhRSo
FNDA:32,_ZN4DUUF4COMF13Serialization11deserializeERSiRj
FNDA:8,_ZN4DUUF4COMF20deserialize_templateIbEEjRSiRT_
FNDA:8,_ZN4DUUF4COMF13Serialization11deserializeERSiRd
FNDA:23,_ZN4DUUF4COMF13Serialization9serializeERKNS0_12SerializableERSo
FNDA:6,_ZN4DUUF4COMF13Serialization18charBufToStreamBufEPKcRNSt7__cxx1118basic_stringstreamIcSt11char_traitsIcESaIcEEEj
FNDA:8,_ZN4DUUF4COMF18serialize_templateIlEEjRKT_RSo
FNDA:8,_ZN4DUUF4COMF18serialize_templateIbEEjRKT_RSo
FNDA:8,_ZN4DUUF4COMF18serialize_templateIsEEjRKT_RSo
FNDA:8,_ZN4DUUF4COMF18serialize_templateItEEjRKT_RSo
FNDA:8,_ZN4DUUF4COMF18serialize_templateIdEEjRKT_RSo
FNDA:8,_ZN4DUUF4COMF13Serialization9serializeERKcRSo
FNDA:102,_ZN4DUUF4COMF20deserialize_templateIjEEjRSiRT_
FNDA:8,_ZN4DUUF4COMF13Serialization11deserializeERSiRf
FNDA:31,_ZN4DUUF4COMF13Serialization9serializeERKNSt7__cxx1112basic_stringIcSt11char_traitsIcESaIcEEERSo
FNDA:31,_ZN4DUUF4COMF18serialize_templateIiEEjRKT_RSo
FNDA:8,_ZN4DUUF4COMF13Serialization9serializeERKdRSo
FNDA:54,_ZN4DUUF4COMF18serialize_templateImEEjRKT_RSo
FNDA:8,_ZN4DUUF4COMF13Serialization9serializeERKsRSo
FNDA:8,_ZN4DUUF4COMF20deserialize_templateIfEEjRSiRT_
FNDA:38,_ZN4DUUF4COMF13Serialization11deserializeERSijPc
FNDA:31,_ZN4DUUF4COMF13Serialization9serializeERKjRSo
FNDA:24,_ZN4DUUF4COMF13Serialization11deserializeERSiRNS0_12SerializableE
FNDA:8,_ZN4DUUF4COMF20deserialize_templateIcEEjRSiRT_
FNF:52
FNH:52
DA:25,254
DA:26,254
DA:27,254
DA:28,254
DA:31,254
DA:32,254
DA:33,254
DA:34,254
DA:37,31
DA:38,31
DA:39,31
DA:42,31
DA:43,31
DA:44,31
DA:47,8
DA:48,8
DA:49,8
DA:52,8
DA:53,8
DA:54,8
DA:57,8
DA:58,8
DA:59,8
DA:62,54
DA:63,54
DA:64,54
DA:67,8
DA:68,8
DA:69,8
DA:72,8
DA:73,8
DA:74,8
DA:77,8
DA:78,8
DA:79,8
DA:82,8
DA:83,8
DA:84,8
DA:87,8
DA:88,8
DA:89,8
DA:92,31
DA:93,31
DA:94,31
DA:95,31
DA:96,31
DA:97,31
DA:98,31
DA:101,43
DA:102,43
DA:103,43
DA:104,43
DA:105,43
DA:106,43
DA:109,23
DA:110,23
DA:111,23
DA:114,32
DA:115,32
DA:116,32
DA:119,32
DA:120,32
DA:121,32
DA:124,8
DA:125,8
DA:126,8
DA:129,8
DA:130,8
DA:131,8
DA:134,8
DA:135,8
DA:136,8
DA:139,56
DA:140,56
DA:141,56
DA:144,8
DA:145,8
DA:146,8
DA:149,8
DA:150,8
DA:151,8
DA:154,8
DA:155,8
DA:156,8
DA:159,8
DA:160,8
DA:161,8
DA:164,8
DA:165,8
DA:166,8
DA:169,32
DA:170,32
DA:171,32
DA:172,32
DA:173,32
DA:174,32
DA:175,32
DA:176,32
DA:177,32
DA:178,64
DA:181,38
DA:182,38
DA:183,38
DA:184,38
DA:185,38
DA:186,38
DA:187,38
DA:188,38
DA:189,32
DA:191,6
DA:193,76
DA:196,24
DA:197,24
DA:198,24
DA:201,12
DA:202,12
DA:203,12
DA:204,6
DA:205,6
DA:207,6
DA:209,6
DA:212,6
DA:213,6
DA:214,6
LF:124
LH:124
end_of_record
TN:
SF:/mnt/hgfs/Desktop/DUUF/COMF/udp_customer/UdpConnection.cpp
FN:15,_ZN4DUUF4COMF3UDP13UdpConnectionC2ERKNSt7__cxx1112basic_stringIcSt11char_traitsIcESaIcEEERKNS1_22Send_Receive_Mode_EnumESA_RKiSF_
FN:51,_ZN4DUUF4COMF3UDP13UdpConnectionD2Ev
FN:51,_ZN4DUUF4COMF3UDP13UdpConnectionD0Ev
FN:69,_ZN4DUUF4COMF3UDP13UdpConnection10enableSendEv
FN:92,_ZN4DUUF4COMF3UDP13UdpConnection13enableReceiveEv
FN:115,_ZNK4DUUF4COMF3UDP13UdpConnection9getFamilyEv
FN:119,_ZNK4DUUF4COMF3UDP13UdpConnection7getModeEv
FN:123,_ZNK4DUUF4COMF3UDP13UdpConnection7getNameB5cxx11Ev
FN:127,_ZNK4DUUF4COMF3UDP13UdpConnection7getPortEv
FN:131,_ZNK4DUUF4COMF3UDP13UdpConnection10getUdpAddrB5cxx11Ev
FN:135,_ZNK4DUUF4COMF3UDP13UdpConnection4sendEPKcm
FN:147,_ZNK4DUUF4COMF3UDP13UdpConnection4recvEPcm
FN:159,_ZN4DUUF4COMF3UDP13UdpConnection11disableSendEv
FN:179,_ZN4DUUF4COMF3UDP13UdpConnection14disableReceiveEv
FN:199,_ZNK4DUUF4COMF3UDP13UdpConnection10timed_recvEPcmi
FNDA:18,_ZN4DUUF4COMF3UDP13UdpConnection11disableSendEv
FNDA:0,_ZNK4DUUF4COMF3UDP13UdpConnection7getPortEv
FNDA:0,_ZN4DUUF4COMF3UDP13UdpConnectionD0Ev
FNDA:163,_ZN4DUUF4COMF3UDP13UdpConnectionC2ERKNSt7__cxx1112basic_stringIcSt11char_traitsIcESaIcEEERKNS1_22Send_Receive_Mode_EnumESA_RKiSF_
FNDA:0,_ZNK4DUUF4COMF3UDP13UdpConnection7getModeEv
FNDA:3,_ZNK4DUUF4COMF3UDP13UdpConnection10timed_recvEPcmi
FNDA:16,_ZN4DUUF4COMF3UDP13UdpConnection10enableSendEv
FNDA:16,_ZN4DUUF4COMF3UDP13UdpConnection13enableReceiveEv
FNDA:23,_ZNK4DUUF4COMF3UDP13UdpConnection4sendEPKcm
FNDA:0,_ZNK4DUUF4COMF3UDP13UdpConnection10getUdpAddrB5cxx11Ev
FNDA:0,_ZNK4DUUF4COMF3UDP13UdpConnection9getFamilyEv
FNDA:163,_ZN4DUUF4COMF3UDP13UdpConnectionD2Ev
FNDA:18,_ZN4DUUF4COMF3UDP13UdpConnection14disableReceiveEv
FNDA:4,_ZNK4DUUF4COMF3UDP13UdpConnection4recvEPcm
FNDA:0,_ZNK4DUUF4COMF3UDP13UdpConnection7getNameB5cxx11Ev
FNF:15
FNH:9
DA:15,163
DA:16,163
DA:17,163
DA:18,48
DA:19,48
DA:20,48
DA:21,48
DA:23,48
DA:24,56
DA:25,56
DA:26,56
DA:27,56
DA:29,56
DA:30,32
DA:31,32
DA:32,32
DA:33,32
DA:35,32
DA:36,27
DA:37,27
DA:38,27
DA:39,27
DA:41,27
DA:42,0
DA:43,0
DA:44,0
DA:45,0
DA:49,163
DA:51,163
DA:52,163
DA:53,57
DA:54,57
DA:56,163
DA:57,81
DA:58,81
DA:60,163
DA:61,163
DA:69,16
DA:70,16
DA:71,8
DA:72,8
DA:73,0
DA:74,0
DA:76,8
DA:77,0
DA:78,8
DA:79,8
DA:83,8
DA:84,8
DA:87,8
DA:88,8
DA:92,16
DA:93,16
DA:94,8
DA:95,8
DA:96,0
DA:97,0
DA:99,8
DA:100,0
DA:101,8
DA:102,8
DA:106,8
DA:107,8
DA:110,8
DA:111,8
DA:115,0
DA:116,0
DA:119,0
DA:120,0
DA:123,0
DA:124,0
DA:127,0
DA:128,0
DA:131,0
DA:132,0
DA:135,23
DA:136,23
DA:137,8
DA:138,8
DA:140,15
DA:141,15
DA:142,15
DA:143,15
DA:147,4
DA:148,4
DA:149,0
DA:150,0
DA:152,4
DA:153,4
DA:154,4
DA:155,4
DA:159,18
DA:160,18
DA:161,10
DA:162,10
DA:163,10
DA:165,10
DA:166,8
DA:167,2
DA:168,2
DA:170,10
DA:171,10
DA:174,8
DA:175,8
DA:179,18
DA:180,18
DA:181,10
DA:182,10
DA:183,10
DA:185,10
DA:186,8
DA:187,2
DA:188,2
DA:190,10
DA:191,10
DA:194,8
DA:195,8
DA:199,3
DA:200,3
DA:201,0
DA:202,0
DA:204,3
DA:205,3
DA:206,3
DA:207,3
LF:125
LH:101
end_of_record
TN:
SF:/mnt/hgfs/Desktop/DUUF/COMF/udp_customer/UdpCustomer.cpp
FN:15,_ZN4DUUF4COMF3UDP11UdpCustomerC2Ev
FN:18,_ZN4DUUF4COMF3UDP11UdpCustomerD0Ev
FN:18,_ZN4DUUF4COMF3UDP11UdpCustomerD2Ev
FN:21,_ZN4DUUF4COMF3UDP11UdpCustomer14openConnectionERKNSt7__cxx1112basic_stringIcSt11char_traitsIcESaIcEEERKNS1_22Send_Receive_Mode_EnumESA_RKiSF_
FN:34,_ZN4DUUF4COMF3UDP11UdpCustomer15closeConnectionERKNSt7__cxx1112basic_stringIcSt11char_traitsIcESaIcEEE
FN:48,_ZN4DUUF4COMF3UDP11UdpCustomer20enableConnectionSendERKNSt7__cxx1112basic_stringIcSt11char_traitsIcESaIcEEE
FN:65,_ZN4DUUF4COMF3UDP11UdpCustomer23enableConnectionReceiveERKNSt7__cxx1112basic_stringIcSt11char_traitsIcESaIcEEE
FN:82,_ZNK4DUUF4COMF3UDP11UdpCustomer4sendEPKcmRKNSt7__cxx1112basic_stringIcSt11char_traitsIcESaIcEEE
FN:96,_ZNK4DUUF4COMF3UDP11UdpCustomer4recvEPcmRKNSt7__cxx1112basic_stringIcSt11char_traitsIcESaIcEEE
FN:110,_ZNK4DUUF4COMF3UDP11UdpCustomer10timed_recvEPcmiRKNSt7__cxx1112basic_stringIcSt11char_traitsIcESaIcEEE
FN:124,_ZN4DUUF4COMF3UDP11UdpCustomer21disableConnectionSendERKNSt7__cxx1112basic_stringIcSt11char_traitsIcESaIcEEE
FN:141,_ZN4DUUF4COMF3UDP11UdpCustomer24disableConnectionReceiveERKNSt7__cxx1112basic_stringIcSt11char_traitsIcESaIcEEE
FN:158,_ZN4DUUF4COMF3UDP11UdpCustomer16isConnectionOpenERKNSt7__cxx1112basic_stringIcSt11char_traitsIcESaIcEEE
FNDA:287,_ZN4DUUF4COMF3UDP11UdpCustomer16isConnectionOpenERKNSt7__cxx1112basic_stringIcSt11char_traitsIcESaIcEEE
FNDA:3,_ZNK4DUUF4COMF3UDP11UdpCustomer10timed_recvEPcmiRKNSt7__cxx1112basic_stringIcSt11char_traitsIcESaIcEEE
FNDA:171,_ZN4DUUF4COMF3UDP11UdpCustomerD2Ev
FNDA:171,_ZN4DUUF4COMF3UDP11UdpCustomer14openConnectionERKNSt7__cxx1112basic_stringIcSt11char_traitsIcESaIcEEERKNS1_22Send_Receive_Mode_EnumESA_RKiSF_
FNDA:171,_ZN4DUUF4COMF3UDP11UdpCustomerC2Ev
FNDA:24,_ZN4DUUF4COMF3UDP11UdpCustomer20enableConnectionSendERKNSt7__cxx1112basic_stringIcSt11char_traitsIcESaIcEEE
FNDA:24,_ZN4DUUF4COMF3UDP11UdpCustomer23enableConnectionReceiveERKNSt7__cxx1112basic_stringIcSt11char_traitsIcESaIcEEE
FNDA:26,_ZN4DUUF4COMF3UDP11UdpCustomer21disableConnectionSendERKNSt7__cxx1112basic_stringIcSt11char_traitsIcESaIcEEE
FNDA:4,_ZNK4DUUF4COMF3UDP11UdpCustomer4recvEPcmRKNSt7__cxx1112basic_stringIcSt11char_traitsIcESaIcEEE
FNDA:26,_ZN4DUUF4COMF3UDP11UdpCustomer24disableConnectionReceiveERKNSt7__cxx1112basic_stringIcSt11char_traitsIcESaIcEEE
FNDA:171,_ZN4DUUF4COMF3UDP11UdpCustomerD0Ev
FNDA:16,_ZN4DUUF4COMF3UDP11UdpCustomer15closeConnectionERKNSt7__cxx1112basic_stringIcSt11char_traitsIcESaIcEEE
FNDA:31,_ZNK4DUUF4COMF3UDP11UdpCustomer4sendEPKcmRKNSt7__cxx1112basic_stringIcSt11char_traitsIcESaIcEEE
FNF:13
FNH:13
DA:15,171
DA:16,171
DA:18,342
DA:19,342
DA:21,171
DA:22,171
DA:24,8
DA:25,8
DA:27,163
DA:28,163
DA:30,163
DA:31,163
DA:34,16
DA:35,16
DA:36,16
DA:38,8
DA:39,8
DA:41,8
DA:42,8
DA:44,8
DA:45,8
DA:48,24
DA:49,24
DA:51,8
DA:52,8
DA:54,16
DA:55,16
DA:57,8
DA:58,8
DA:61,8
DA:62,8
DA:65,24
DA:66,24
DA:68,8
DA:69,8
DA:71,16
DA:72,16
DA:74,8
DA:75,8
DA:78,8
DA:79,8
DA:82,31
DA:83,31
DA:84,31
DA:86,8
DA:87,8
DA:89,23
DA:90,23
DA:91,23
DA:92,23
DA:96,4
DA:97,4
DA:98,4
DA:100,0
DA:101,0
DA:103,4
DA:104,4
DA:105,4
DA:106,4
DA:110,3
DA:111,3
DA:112,3
DA:114,0
DA:115,0
DA:117,3
DA:118,3
DA:119,3
DA:120,3
DA:124,26
DA:125,26
DA:127,8
DA:128,8
DA:130,18
DA:131,18
DA:133,8
DA:134,8
DA:137,10
DA:138,10
DA:141,26
DA:142,26
DA:144,8
DA:145,8
DA:147,18
DA:148,18
DA:150,8
DA:151,8
DA:154,10
DA:155,10
DA:158,287
DA:159,287
DA:160,287
DA:162,203
DA:163,203
DA:165,84
LF:94
LH:90
end_of_record
TN:
SF:/mnt/hgfs/Desktop/DUUF/COMF/udp_message_queue/UdpMessageQueue.cpp
FN:20,_ZN4DUUF4COMF3UDP15UdpMessageQueueC2Ev
FN:23,_ZN4DUUF4COMF3UDP15UdpMessageQueueD2Ev
FN:23,_ZN4DUUF4COMF3UDP15UdpMessageQueueD0Ev
FN:26,_ZN4DUUF4COMF3UDP15UdpMessageQueue5frontEv
FN:34,_ZN4DUUF4COMF3UDP15UdpMessageQueue9pop_frontEv
FN:44,_ZN4DUUF4COMF3UDP15UdpMessageQueue3popEv
FN:50,_ZN4DUUF4COMF3UDP15UdpMessageQueue9push_backERNS0_7MESSAGE11BaseMessageE
FN:54,_ZN4DUUF4COMF3UDP15UdpMessageQueue7isEmptyEv
FNDA:24,_ZN4DUUF4COMF3UDP15UdpMessageQueue3popEv
FNDA:24,_ZN4DUUF4COMF3UDP15UdpMessageQueueD2Ev
FNDA:32,_ZN4DUUF4COMF3UDP15UdpMessageQueue9push_backERNS0_7MESSAGE11BaseMessageE
FNDA:160,_ZN4DUUF4COMF3UDP15UdpMessageQueue7isEmptyEv
FNDA:24,_ZN4DUUF4COMF3UDP15UdpMessageQueueC2Ev
FNDA:0,_ZN4DUUF4COMF3UDP15UdpMessageQueueD0Ev
FNDA:24,_ZN4DUUF4COMF3UDP15UdpMessageQueue5frontEv
FNDA:8,_ZN4DUUF4COMF3UDP15UdpMessageQueue9pop_frontEv
FNF:8
FNH:7
DA:20,24
DA:21,24
DA:23,24
DA:24,24
DA:26,24
DA:27,24
DA:28,24
DA:30,0
DA:34,8
DA:35,8
DA:36,16
DA:37,8
DA:38,8
DA:40,0
DA:44,24
DA:45,24
DA:46,24
DA:48,24
DA:50,32
DA:51,32
DA:52,32
DA:54,160
DA:55,160
LF:23
LH:21
end_of_record
TN:
SF:/mnt/hgfs/Desktop/DUUF/COMF/udp_sender_receiver/UdpBase.cpp
FN:27,_ZN4DUUF4COMF3UDP7UdpBaseC2ERKNSt7__cxx1112basic_stringIcSt11char_traitsIcESaIcEEERKiSC_
FN:62,_ZN4DUUF4COMF3UDP7UdpBaseD0Ev
FN:62,_ZN4DUUF4COMF3UDP7UdpBaseD2Ev
FN:69,_ZNK4DUUF4COMF3UDP7UdpBase10get_socketEv
FN:73,_ZNK4DUUF4COMF3UDP7UdpBase8get_portEv
FN:77,_ZNK4DUUF4COMF3UDP7UdpBase11get_addressB5cxx11Ev
FNDA:24,_ZNK4DUUF4COMF3UDP7UdpBase10get_socketEv
FNDA:16,_ZNK4DUUF4COMF3UDP7UdpBase8get_portEv
FNDA:310,_ZN4DUUF4COMF3UDP7UdpBaseD2Ev
FNDA:16,_ZNK4DUUF4COMF3UDP7UdpBase11get_addressB5cxx11Ev
FNDA:0,_ZN4DUUF4COMF3UDP7UdpBaseD0Ev
FNDA:317,_ZN4DUUF4COMF3UDP7UdpBaseC2ERKNSt7__cxx1112basic_stringIcSt11char_traitsIcESaIcEEERKiSC_
FNF:6
FNH:5
DA:27,317
DA:28,317
DA:29,317
DA:31,0
DA:34,317
DA:36,0
DA:39,634
DA:40,317
DA:41,634
DA:43,317
DA:44,317
DA:45,317
DA:46,317
DA:49,317
DA:50,317
DA:52,8
DA:55,317
DA:56,317
DA:58,8
DA:60,317
DA:62,310
DA:63,310
DA:64,310
DA:65,310
DA:67,310
DA:69,24
DA:70,24
DA:73,16
DA:74,16
DA:77,16
DA:78,16
LF:31
LH:29
end_of_record
TN:
SF:/mnt/hgfs/Desktop/DUUF/COMF/udp_sender_receiver/UdpReceiver.cpp
FN:29,_ZN4DUUF4COMF3UDP11UdpReceiverC2ERKNSt7__cxx1112basic_stringIcSt11char_traitsIcESaIcEEERKiSC_PS9_
FN:98,_ZNK4DUUF4COMF3UDP11UdpReceiver4recvEPcm
FN:106,_ZNK4DUUF4COMF3UDP11UdpReceiver10timed_recvEPcmi
FN:129,_ZNK4DUUF4COMF3UDP11UdpReceiver10timed_recvB5cxx11Eii
FNDA:16,_ZNK4DUUF4COMF3UDP11UdpReceiver10timed_recvB5cxx11Eii
FNDA:12,_ZNK4DUUF4COMF3UDP11UdpReceiver4recvEPcm
FNDA:35,_ZNK4DUUF4COMF3UDP11UdpReceiver10timed_recvEPcmi
FNDA:147,_ZN4DUUF4COMF3UDP11UdpReceiverC2ERKNSt7__cxx1112basic_stringIcSt11char_traitsIcESaIcEEERKiSC_PS9_
FNF:4
FNH:4
DA:29,147
DA:30,147
DA:31,147
DA:32,147
DA:33,147
DA:34,0
DA:37,0
DA:38,0
DA:39,0
DA:40,0
DA:41,0
DA:42,0
DA:43,0
DA:44,0
DA:45,0
DA:46,0
DA:48,0
DA:51,147
DA:52,8
DA:55,16
DA:56,8
DA:57,16
DA:59,8
DA:60,8
DA:61,8
DA:62,8
DA:64,8
DA:65,8
DA:66,8
DA:67,0
DA:71,8
DA:72,8
DA:74,8
DA:75,8
DA:76,8
DA:77,8
DA:79,8
DA:80,8
DA:81,8
DA:82,8
DA:86,8
DA:87,8
DA:88,8
DA:90,0
DA:91,0
DA:96,147
DA:98,12
DA:99,12
DA:100,12
DA:101,12
DA:102,12
DA:103,12
DA:106,35
DA:107,35
DA:109,35
DA:110,35
DA:111,35
DA:112,35
DA:113,0
DA:114,0
DA:115,35
DA:117,19
DA:118,19
DA:119,19
DA:120,19
DA:124,16
DA:125,16
DA:126,16
DA:129,16
DA:130,32
DA:131,16
DA:132,16
DA:133,16
DA:135,8
DA:136,8
DA:141,8
DA:143,16
DA:144,8
DA:145,8
DA:146,8
DA:147,8
LF:81
LH:64
end_of_record
TN:
SF:/mnt/hgfs/Desktop/DUUF/COMF/udp_sender_receiver/UdpReceiver.h
FN:26,_ZN4DUUF4COMF3UDP11UdpReceiverD0Ev
FN:26,_ZN4DUUF4COMF3UDP11UdpReceiverD2Ev
FNDA:147,_ZN4DUUF4COMF3UDP11UdpReceiverD0Ev
FNDA:147,_ZN4DUUF4COMF3UDP11UdpReceiverD2Ev
FNF:2
FNH:2
DA:26,294
LF:1
LH:1
end_of_record
TN:
SF:/mnt/hgfs/Desktop/DUUF/COMF/udp_sender_receiver/UdpSender.cpp
FN:22,_ZN4DUUF4COMF3UDP9UdpSenderC2ERKNSt7__cxx1112basic_stringIcSt11char_traitsIcESaIcEEERKiSC_
FN:28,_ZNK4DUUF4COMF3UDP9UdpSender4sendEPKcm
FNDA:47,_ZNK4DUUF4COMF3UDP9UdpSender4sendEPKcm
FNDA:170,_ZN4DUUF4COMF3UDP9UdpSenderC2ERKNSt7__cxx1112basic_stringIcSt11char_traitsIcESaIcEEERKiSC_
FNF:2
FNH:2
DA:22,170
DA:23,170
DA:24,170
DA:26,170
DA:28,47
DA:29,47
DA:30,47
DA:31,47
DA:32,47
LF:9
LH:9
end_of_record
TN:
SF:/mnt/hgfs/Desktop/DUUF/COMF/udp_sender_receiver/UdpSender.h
FN:27,_ZN4DUUF4COMF3UDP9UdpSenderD2Ev
FN:27,_ZN4DUUF4COMF3UDP9UdpSenderD0Ev
FNDA:163,_ZN4DUUF4COMF3UDP9UdpSenderD0Ev
FNDA:163,_ZN4DUUF4COMF3UDP9UdpSenderD2Ev
FNF:2
FNH:2
DA:27,326
LF:1
LH:1
end_of_record
