TN:
SF:/mnt/hgfs/Desktop/DUUF/COMF/udp_customer/UdpConnection.cpp
FN:14,_ZN4DUUF4COMF3UDP13UdpConnectionC2ERKNSt7__cxx1112basic_stringIcSt11char_traitsIcESaIcEEERKNS1_22Send_Receive_Mode_EnumESA_RKiSF_
FN:45,_ZN4DUUF4COMF3UDP13UdpConnectionD0Ev
FN:45,_ZN4DUUF4COMF3UDP13UdpConnectionD2Ev
FN:60,_ZN4DUUF4COMF3UDP13UdpConnection10enableSendEv
FN:80,_ZN4DUUF4COMF3UDP13UdpConnection13enableReceiveEv
FN:100,_ZNK4DUUF4COMF3UDP13UdpConnection9getFamilyEv
FN:104,_ZNK4DUUF4COMF3UDP13UdpConnection7getModeEv
FN:108,_ZNK4DUUF4COMF3UDP13UdpConnection7getNameB5cxx11Ev
FN:112,_ZNK4DUUF4COMF3UDP13UdpConnection7getPortEv
FN:116,_ZNK4DUUF4COMF3UDP13UdpConnection10getUdpAddrB5cxx11Ev
FN:120,_ZNK4DUUF4COMF3UDP13UdpConnection4sendEPKcm
FN:128,_ZNK4DUUF4COMF3UDP13UdpConnection4recvEPcm
FN:136,_ZN4DUUF4COMF3UDP13UdpConnection11disableSendEv
FN:153,_ZN4DUUF4COMF3UDP13UdpConnection14disableReceiveEv
FN:171,_ZNK4DUUF4COMF3UDP13UdpConnection10timed_recvEPcmi
FNDA:0,_ZN4DUUF4COMF3UDP13UdpConnectionC2ERKNSt7__cxx1112basic_stringIcSt11char_traitsIcESaIcEEERKNS1_22Send_Receive_Mode_EnumESA_RKiSF_
FNDA:0,_ZN4DUUF4COMF3UDP13UdpConnectionD0Ev
FNDA:0,_ZN4DUUF4COMF3UDP13UdpConnectionD2Ev
FNDA:0,_ZN4DUUF4COMF3UDP13UdpConnection10enableSendEv
FNDA:0,_ZN4DUUF4COMF3UDP13UdpConnection13enableReceiveEv
FNDA:0,_ZNK4DUUF4COMF3UDP13UdpConnection9getFamilyEv
FNDA:0,_ZNK4DUUF4COMF3UDP13UdpConnection7getModeEv
FNDA:0,_ZNK4DUUF4COMF3UDP13UdpConnection7getNameB5cxx11Ev
FNDA:0,_ZNK4DUUF4COMF3UDP13UdpConnection7getPortEv
FNDA:0,_ZNK4DUUF4COMF3UDP13UdpConnection10getUdpAddrB5cxx11Ev
FNDA:0,_ZNK4DUUF4COMF3UDP13UdpConnection4sendEPKcm
FNDA:0,_ZNK4DUUF4COMF3UDP13UdpConnection4recvEPcm
FNDA:0,_ZN4DUUF4COMF3UDP13UdpConnection11disableSendEv
FNDA:0,_ZN4DUUF4COMF3UDP13UdpConnection14disableReceiveEv
FNDA:0,_ZNK4DUUF4COMF3UDP13UdpConnection10timed_recvEPcmi
FNF:15
FNH:0
DA:14,0
DA:15,0
DA:16,0
DA:17,0
DA:18,0
DA:19,0
DA:21,0
DA:22,0
DA:23,0
DA:24,0
DA:26,0
DA:27,0
DA:28,0
DA:29,0
DA:31,0
DA:32,0
DA:33,0
DA:34,0
DA:36,0
DA:37,0
DA:38,0
DA:39,0
DA:43,0
DA:45,0
DA:46,0
DA:47,0
DA:49,0
DA:50,0
DA:52,0
DA:60,0
DA:61,0
DA:62,0
DA:63,0
DA:64,0
DA:66,0
DA:67,0
DA:68,0
DA:69,0
DA:73,0
DA:76,0
DA:80,0
DA:81,0
DA:82,0
DA:83,0
DA:84,0
DA:86,0
DA:87,0
DA:88,0
DA:89,0
DA:93,0
DA:96,0
DA:100,0
DA:101,0
DA:104,0
DA:105,0
DA:108,0
DA:109,0
DA:112,0
DA:113,0
DA:116,0
DA:117,0
DA:120,0
DA:121,0
DA:122,0
DA:124,0
DA:128,0
DA:129,0
DA:130,0
DA:132,0
DA:136,0
DA:137,0
DA:138,0
DA:139,0
DA:141,0
DA:142,0
DA:143,0
DA:144,0
DA:146,0
DA:149,0
DA:153,0
DA:154,0
DA:155,0
DA:156,0
DA:158,0
DA:159,0
DA:160,0
DA:161,0
DA:164,0
DA:167,0
DA:171,0
DA:172,0
DA:173,0
DA:175,0
LF:93
LH:0
end_of_record
SF:/usr/include/c++/8/bits/alloc_traits.h
FN:504,_ZNSt16allocator_traitsISaIcEE37select_on_container_copy_constructionERKS0_
FNDA:0,_ZNSt16allocator_traitsISaIcEE37select_on_container_copy_constructionERKS0_
FNF:1
FNH:0
DA:504,0
DA:505,0
LF:2
LH:0
end_of_record
SF:/usr/include/c++/8/ext/alloc_traits.h
FN:94,_ZN9__gnu_cxx14__alloc_traitsISaIcEcE17_S_select_on_copyERKS1_
FNDA:0,_ZN9__gnu_cxx14__alloc_traitsISaIcEcE17_S_select_on_copyERKS1_
FNF:1
FNH:0
DA:94,0
DA:95,0
LF:2
LH:0
end_of_record
SF:/usr/include/c++/8/bits/basic_string.h
FN:232,_ZNSt7__cxx1112basic_stringIcSt11char_traitsIcESaIcEE16_M_construct_auxIPcEEvT_S7_St12__false_type
FN:252,_ZNSt7__cxx1112basic_stringIcSt11char_traitsIcESaIcEE12_M_constructIPcEEvT_S7_
FNDA:0,_ZNSt7__cxx1112basic_stringIcSt11char_traitsIcESaIcEE16_M_construct_auxIPcEEvT_S7_St12__false_type
FNDA:0,_ZNSt7__cxx1112basic_stringIcSt11char_traitsIcESaIcEE12_M_constructIPcEEvT_S7_
FNF:2
FNH:0
DA:232,0
DA:236,0
DA:237,0
DA:252,0
DA:255,0
DA:256,0
LF:6
LH:0
end_of_record
SF:/usr/include/c++/8/bits/basic_string.tcc
FN:206,_ZNSt7__cxx1112basic_stringIcSt11char_traitsIcESaIcEE12_M_constructIPcEEvT_S7_St20forward_iterator_tag
FNDA:0,_ZNSt7__cxx1112basic_stringIcSt11char_traitsIcESaIcEE12_M_constructIPcEEvT_S7_St20forward_iterator_tag
FNF:1
FNH:0
DA:206,0
DA:211,0
DA:212,0
DA:215,0
DA:217,0
DA:219,0
DA:220,0
DA:225,0
DA:226,0
DA:228,0
DA:229,0
DA:232,0
DA:233,0
LF:13
LH:0
end_of_record
SF:/usr/include/c++/8/bits/move.h
FN:99,_ZSt4moveIRSaIcEEONSt16remove_referenceIT_E4typeEOS3_
FNDA:0,_ZSt4moveIRSaIcEEONSt16remove_referenceIT_E4typeEOS3_
FNF:1
FNH:0
DA:99,0
DA:100,0
LF:2
LH:0
end_of_record
SF:/usr/include/c++/8/ext/new_allocator.h
FN:81,_ZN9__gnu_cxx13new_allocatorIcEC2ERKS1_
FN:86,_ZN9__gnu_cxx13new_allocatorIcED2Ev
FNDA:0,_ZN9__gnu_cxx13new_allocatorIcEC2ERKS1_
FNDA:0,_ZN9__gnu_cxx13new_allocatorIcED2Ev
FNF:2
FNH:0
DA:81,0
DA:86,0
LF:2
LH:0
end_of_record
SF:/usr/include/c++/8/bits/stl_iterator_base_funcs.h
FN:98,_ZSt10__distanceIPcENSt15iterator_traitsIT_E15difference_typeES2_S2_St26random_access_iterator_tag
FN:138,_ZSt8distanceIPcENSt15iterator_traitsIT_E15difference_typeES2_S2_
FNDA:0,_ZSt10__distanceIPcENSt15iterator_traitsIT_E15difference_typeES2_S2_St26random_access_iterator_tag
FNDA:0,_ZSt8distanceIPcENSt15iterator_traitsIT_E15difference_typeES2_S2_
FNF:2
FNH:0
DA:98,0
DA:104,0
DA:138,0
DA:141,0
DA:142,0
LF:5
LH:0
end_of_record
SF:/usr/include/c++/8/bits/stl_iterator_base_types.h
FN:205,_ZSt19__iterator_categoryIPcENSt15iterator_traitsIT_E17iterator_categoryERKS2_
FNDA:0,_ZSt19__iterator_categoryIPcENSt15iterator_traitsIT_E17iterator_categoryERKS2_
FNF:1
FNH:0
DA:205,0
DA:206,0
LF:2
LH:0
end_of_record
SF:/usr/include/c++/8/ext/type_traits.h
FN:152,_ZN9__gnu_cxx17__is_null_pointerIcEEbPT_
FNDA:0,_ZN9__gnu_cxx17__is_null_pointerIcEEbPT_
FNF:1
FNH:0
DA:152,0
DA:153,0
LF:2
LH:0
end_of_record
TN:
SF:/mnt/hgfs/Desktop/DUUF/COMF/udp_customer/UdpCustomer.cpp
FN:14,_ZN4DUUF4COMF3UDP11UdpCustomerC2Ev
FN:17,_ZN4DUUF4COMF3UDP11UdpCustomerD0Ev
FN:17,_ZN4DUUF4COMF3UDP11UdpCustomerD2Ev
FN:21,_ZN4DUUF4COMF3UDP11UdpCustomer14openConnectionERKNSt7__cxx1112basic_stringIcSt11char_traitsIcESaIcEEERKNS1_22Send_Receive_Mode_EnumESA_RKiSF_
FN:32,_ZN4DUUF4COMF3UDP11UdpCustomer15closeConnectionERKNSt7__cxx1112basic_stringIcSt11char_traitsIcESaIcEEE
FN:44,_ZN4DUUF4COMF3UDP11UdpCustomer20enableConnectionSendERKNSt7__cxx1112basic_stringIcSt11char_traitsIcESaIcEEE
FN:58,_ZN4DUUF4COMF3UDP11UdpCustomer23enableConnectionReceiveERKNSt7__cxx1112basic_stringIcSt11char_traitsIcESaIcEEE
FN:72,_ZNK4DUUF4COMF3UDP11UdpCustomer4sendEPKcmRKNSt7__cxx1112basic_stringIcSt11char_traitsIcESaIcEEE
FN:82,_ZNK4DUUF4COMF3UDP11UdpCustomer4recvEPcmRKNSt7__cxx1112basic_stringIcSt11char_traitsIcESaIcEEE
FN:92,_ZNK4DUUF4COMF3UDP11UdpCustomer10timed_recvEPcmiRKNSt7__cxx1112basic_stringIcSt11char_traitsIcESaIcEEE
FN:102,_ZN4DUUF4COMF3UDP11UdpCustomer21disableConnectionSendERKNSt7__cxx1112basic_stringIcSt11char_traitsIcESaIcEEE
FN:116,_ZN4DUUF4COMF3UDP11UdpCustomer24disableConnectionReceiveERKNSt7__cxx1112basic_stringIcSt11char_traitsIcESaIcEEE
FN:130,_ZN4DUUF4COMF3UDP11UdpCustomer16isConnectionOpenERKNSt7__cxx1112basic_stringIcSt11char_traitsIcESaIcEEE
FNDA:0,_ZN4DUUF4COMF3UDP11UdpCustomerC2Ev
FNDA:0,_ZN4DUUF4COMF3UDP11UdpCustomerD0Ev
FNDA:0,_ZN4DUUF4COMF3UDP11UdpCustomerD2Ev
FNDA:0,_ZN4DUUF4COMF3UDP11UdpCustomer14openConnectionERKNSt7__cxx1112basic_stringIcSt11char_traitsIcESaIcEEERKNS1_22Send_Receive_Mode_EnumESA_RKiSF_
FNDA:0,_ZN4DUUF4COMF3UDP11UdpCustomer15closeConnectionERKNSt7__cxx1112basic_stringIcSt11char_traitsIcESaIcEEE
FNDA:0,_ZN4DUUF4COMF3UDP11UdpCustomer20enableConnectionSendERKNSt7__cxx1112basic_stringIcSt11char_traitsIcESaIcEEE
FNDA:0,_ZN4DUUF4COMF3UDP11UdpCustomer23enableConnectionReceiveERKNSt7__cxx1112basic_stringIcSt11char_traitsIcESaIcEEE
FNDA:0,_ZNK4DUUF4COMF3UDP11UdpCustomer4sendEPKcmRKNSt7__cxx1112basic_stringIcSt11char_traitsIcESaIcEEE
FNDA:0,_ZNK4DUUF4COMF3UDP11UdpCustomer4recvEPcmRKNSt7__cxx1112basic_stringIcSt11char_traitsIcESaIcEEE
FNDA:0,_ZNK4DUUF4COMF3UDP11UdpCustomer10timed_recvEPcmiRKNSt7__cxx1112basic_stringIcSt11char_traitsIcESaIcEEE
FNDA:0,_ZN4DUUF4COMF3UDP11UdpCustomer21disableConnectionSendERKNSt7__cxx1112basic_stringIcSt11char_traitsIcESaIcEEE
FNDA:0,_ZN4DUUF4COMF3UDP11UdpCustomer24disableConnectionReceiveERKNSt7__cxx1112basic_stringIcSt11char_traitsIcESaIcEEE
FNDA:0,_ZN4DUUF4COMF3UDP11UdpCustomer16isConnectionOpenERKNSt7__cxx1112basic_stringIcSt11char_traitsIcESaIcEEE
FNF:13
FNH:0
DA:14,0
DA:15,0
DA:17,0
DA:18,0
DA:19,0
DA:21,0
DA:22,0
DA:24,0
DA:26,0
DA:27,0
DA:29,0
DA:32,0
DA:33,0
DA:34,0
DA:36,0
DA:38,0
DA:39,0
DA:41,0
DA:44,0
DA:45,0
DA:47,0
DA:49,0
DA:50,0
DA:52,0
DA:55,0
DA:58,0
DA:59,0
DA:61,0
DA:63,0
DA:64,0
DA:66,0
DA:69,0
DA:72,0
DA:73,0
DA:74,0
DA:76,0
DA:78,0
DA:82,0
DA:83,0
DA:84,0
DA:86,0
DA:88,0
DA:92,0
DA:93,0
DA:94,0
DA:96,0
DA:98,0
DA:102,0
DA:103,0
DA:105,0
DA:107,0
DA:108,0
DA:110,0
DA:113,0
DA:116,0
DA:117,0
DA:119,0
DA:121,0
DA:122,0
DA:124,0
DA:127,0
DA:130,0
DA:131,0
DA:132,0
DA:134,0
DA:136,0
LF:66
LH:0
end_of_record
SF:/usr/include/c++/8/ext/aligned_buffer.h
FN:64,_ZN9__gnu_cxx16__aligned_membufISt4pairIKNSt7__cxx1112basic_stringIcSt11char_traitsIcESaIcEEESt10shared_ptrIN4DUUF4COMF3UDP13UdpConnectionEEEE7_M_addrEv
FN:68,_ZNK9__gnu_cxx16__aligned_membufISt4pairIKNSt7__cxx1112basic_stringIcSt11char_traitsIcESaIcEEESt10shared_ptrIN4DUUF4COMF3UDP13UdpConnectionEEEE7_M_addrEv
FN:72,_ZN9__gnu_cxx16__aligned_membufISt4pairIKNSt7__cxx1112basic_stringIcSt11char_traitsIcESaIcEEESt10shared_ptrIN4DUUF4COMF3UDP13UdpConnectionEEEE6_M_ptrEv
FN:76,_ZNK9__gnu_cxx16__aligned_membufISt4pairIKNSt7__cxx1112basic_stringIcSt11char_traitsIcESaIcEEESt10shared_ptrIN4DUUF4COMF3UDP13UdpConnectionEEEE6_M_ptrEv
FN:102,_ZN9__gnu_cxx16__aligned_bufferIN4DUUF4COMF3UDP13UdpConnectionEE7_M_addrEv
FN:114,_ZN9__gnu_cxx16__aligned_bufferIN4DUUF4COMF3UDP13UdpConnectionEE6_M_ptrEv
FNDA:0,_ZN9__gnu_cxx16__aligned_membufISt4pairIKNSt7__cxx1112basic_stringIcSt11char_traitsIcESaIcEEESt10shared_ptrIN4DUUF4COMF3UDP13UdpConnectionEEEE7_M_addrEv
FNDA:0,_ZNK9__gnu_cxx16__aligned_membufISt4pairIKNSt7__cxx1112basic_stringIcSt11char_traitsIcESaIcEEESt10shared_ptrIN4DUUF4COMF3UDP13UdpConnectionEEEE7_M_addrEv
FNDA:0,_ZN9__gnu_cxx16__aligned_membufISt4pairIKNSt7__cxx1112basic_stringIcSt11char_traitsIcESaIcEEESt10shared_ptrIN4DUUF4COMF3UDP13UdpConnectionEEEE6_M_ptrEv
FNDA:0,_ZNK9__gnu_cxx16__aligned_membufISt4pairIKNSt7__cxx1112basic_stringIcSt11char_traitsIcESaIcEEESt10shared_ptrIN4DUUF4COMF3UDP13UdpConnectionEEEE6_M_ptrEv
FNDA:0,_ZN9__gnu_cxx16__aligned_bufferIN4DUUF4COMF3UDP13UdpConnectionEE7_M_addrEv
FNDA:0,_ZN9__gnu_cxx16__aligned_bufferIN4DUUF4COMF3UDP13UdpConnectionEE6_M_ptrEv
FNF:6
FNH:0
DA:64,0
DA:65,0
DA:68,0
DA:69,0
DA:72,0
DA:73,0
DA:76,0
DA:77,0
DA:102,0
DA:104,0
DA:114,0
DA:115,0
LF:12
LH:0
end_of_record
SF:/usr/include/c++/8/bits/alloc_traits.h
FN:435,_ZNSt16allocator_traitsISaISt23_Sp_counted_ptr_inplaceIN4DUUF4COMF3UDP13UdpConnectionESaIS4_ELN9__gnu_cxx12_Lock_policyE2EEEE8allocateERS9_m
FN:435,_ZNSt16allocator_traitsISaISt13_Rb_tree_nodeISt4pairIKNSt7__cxx1112basic_stringIcSt11char_traitsIcESaIcEEESt10shared_ptrIN4DUUF4COMF3UDP13UdpConnectionEEEEEE8allocateERSH_m
FN:461,_ZNSt16allocator_traitsISaISt23_Sp_counted_ptr_inplaceIN4DUUF4COMF3UDP13UdpConnectionESaIS4_ELN9__gnu_cxx12_Lock_policyE2EEEE10deallocateERS9_PS8_m
FN:461,_ZNSt16allocator_traitsISaISt13_Rb_tree_nodeISt4pairIKNSt7__cxx1112basic_stringIcSt11char_traitsIcESaIcEEESt10shared_ptrIN4DUUF4COMF3UDP13UdpConnectionEEEEEE10deallocateERSH_PSG_m
FN:474,_ZNSt16allocator_traitsISaIN4DUUF4COMF3UDP13UdpConnectionEEE9constructIS3_JRKNSt7__cxx1112basic_stringIcSt11char_traitsIcESaIcEEERKNS2_22Send_Receive_Mode_EnumESE_RKiSJ_EEEvRS4_PT_DpOT0_
FN:474,_ZNSt16allocator_traitsISaISt13_Rb_tree_nodeISt4pairIKNSt7__cxx1112basic_stringIcSt11char_traitsIcESaIcEEESt10shared_ptrIN4DUUF4COMF3UDP13UdpConnectionEEEEEE9constructISF_JS1_IS7_SE_EEEEvRSH_PT_DpOT0_
FN:486,_ZNSt16allocator_traitsISaISt13_Rb_tree_nodeISt4pairIKNSt7__cxx1112basic_stringIcSt11char_traitsIcESaIcEEESt10shared_ptrIN4DUUF4COMF3UDP13UdpConnectionEEEEEE7destroyISF_EEvRSH_PT_
FN:486,_ZNSt16allocator_traitsISaIN4DUUF4COMF3UDP13UdpConnectionEEE7destroyIS3_EEvRS4_PT_
FN:504,_ZNSt16allocator_traitsISaIcEE37select_on_container_copy_constructionERKS0_
FNDA:0,_ZNSt16allocator_traitsISaISt23_Sp_counted_ptr_inplaceIN4DUUF4COMF3UDP13UdpConnectionESaIS4_ELN9__gnu_cxx12_Lock_policyE2EEEE8allocateERS9_m
FNDA:0,_ZNSt16allocator_traitsISaISt13_Rb_tree_nodeISt4pairIKNSt7__cxx1112basic_stringIcSt11char_traitsIcESaIcEEESt10shared_ptrIN4DUUF4COMF3UDP13UdpConnectionEEEEEE8allocateERSH_m
FNDA:0,_ZNSt16allocator_traitsISaISt23_Sp_counted_ptr_inplaceIN4DUUF4COMF3UDP13UdpConnectionESaIS4_ELN9__gnu_cxx12_Lock_policyE2EEEE10deallocateERS9_PS8_m
FNDA:0,_ZNSt16allocator_traitsISaISt13_Rb_tree_nodeISt4pairIKNSt7__cxx1112basic_stringIcSt11char_traitsIcESaIcEEESt10shared_ptrIN4DUUF4COMF3UDP13UdpConnectionEEEEEE10deallocateERSH_PSG_m
FNDA:0,_ZNSt16allocator_traitsISaIN4DUUF4COMF3UDP13UdpConnectionEEE9constructIS3_JRKNSt7__cxx1112basic_stringIcSt11char_traitsIcESaIcEEERKNS2_22Send_Receive_Mode_EnumESE_RKiSJ_EEEvRS4_PT_DpOT0_
FNDA:0,_ZNSt16allocator_traitsISaISt13_Rb_tree_nodeISt4pairIKNSt7__cxx1112basic_stringIcSt11char_traitsIcESaIcEEESt10shared_ptrIN4DUUF4COMF3UDP13UdpConnectionEEEEEE9constructISF_JS1_IS7_SE_EEEEvRSH_PT_DpOT0_
FNDA:0,_ZNSt16allocator_traitsISaIN4DUUF4COMF3UDP13UdpConnectionEEE7destroyIS3_EEvRS4_PT_
FNDA:0,_ZNSt16allocator_traitsISaISt13_Rb_tree_nodeISt4pairIKNSt7__cxx1112basic_stringIcSt11char_traitsIcESaIcEEESt10shared_ptrIN4DUUF4COMF3UDP13UdpConnectionEEEEEE7destroyISF_EEvRSH_PT_
FNDA:0,_ZNSt16allocator_traitsISaIcEE37select_on_container_copy_constructionERKS0_
FNF:9
FNH:0
DA:435,0
DA:436,0
DA:461,0
DA:462,0
DA:474,0
DA:475,0
DA:486,0
DA:487,0
DA:504,0
DA:505,0
LF:10
LH:0
end_of_record
SF:/usr/include/c++/8/ext/alloc_traits.h
FN:94,_ZN9__gnu_cxx14__alloc_traitsISaIcEcE17_S_select_on_copyERKS1_
FNDA:0,_ZN9__gnu_cxx14__alloc_traitsISaIcEcE17_S_select_on_copyERKS1_
FNF:1
FNH:0
DA:94,0
DA:95,0
LF:2
LH:0
end_of_record
SF:/usr/include/c++/8/bits/allocated_ptr.h
FN:52,_ZNSt15__allocated_ptrISaISt23_Sp_counted_ptr_inplaceIN4DUUF4COMF3UDP13UdpConnectionESaIS4_ELN9__gnu_cxx12_Lock_policyE2EEEEC2ERS9_PS8_
FN:70,_ZNSt15__allocated_ptrISaISt23_Sp_counted_ptr_inplaceIN4DUUF4COMF3UDP13UdpConnectionESaIS4_ELN9__gnu_cxx12_Lock_policyE2EEEED2Ev
FN:78,_ZNSt15__allocated_ptrISaISt23_Sp_counted_ptr_inplaceIN4DUUF4COMF3UDP13UdpConnectionESaIS4_ELN9__gnu_cxx12_Lock_policyE2EEEEaSEDn
FN:85,_ZNSt15__allocated_ptrISaISt23_Sp_counted_ptr_inplaceIN4DUUF4COMF3UDP13UdpConnectionESaIS4_ELN9__gnu_cxx12_Lock_policyE2EEEE3getEv
FN:95,_ZSt18__allocate_guardedISaISt23_Sp_counted_ptr_inplaceIN4DUUF4COMF3UDP13UdpConnectionESaIS4_ELN9__gnu_cxx12_Lock_policyE2EEEESt15__allocated_ptrIT_ERSB_
FNDA:0,_ZNSt15__allocated_ptrISaISt23_Sp_counted_ptr_inplaceIN4DUUF4COMF3UDP13UdpConnectionESaIS4_ELN9__gnu_cxx12_Lock_policyE2EEEEC2ERS9_PS8_
FNDA:0,_ZNSt15__allocated_ptrISaISt23_Sp_counted_ptr_inplaceIN4DUUF4COMF3UDP13UdpConnectionESaIS4_ELN9__gnu_cxx12_Lock_policyE2EEEED2Ev
FNDA:0,_ZNSt15__allocated_ptrISaISt23_Sp_counted_ptr_inplaceIN4DUUF4COMF3UDP13UdpConnectionESaIS4_ELN9__gnu_cxx12_Lock_policyE2EEEEaSEDn
FNDA:0,_ZNSt15__allocated_ptrISaISt23_Sp_counted_ptr_inplaceIN4DUUF4COMF3UDP13UdpConnectionESaIS4_ELN9__gnu_cxx12_Lock_policyE2EEEE3getEv
FNDA:0,_ZSt18__allocate_guardedISaISt23_Sp_counted_ptr_inplaceIN4DUUF4COMF3UDP13UdpConnectionESaIS4_ELN9__gnu_cxx12_Lock_policyE2EEEESt15__allocated_ptrIT_ERSB_
FNF:5
FNH:0
DA:52,0
DA:53,0
DA:54,0
DA:70,0
DA:72,0
DA:73,0
DA:74,0
DA:78,0
DA:80,0
DA:81,0
DA:85,0
DA:95,0
DA:97,0
LF:13
LH:0
end_of_record
SF:/usr/include/c++/8/bits/allocator.h
FN:131,_ZNSaISt13_Rb_tree_nodeISt4pairIKNSt7__cxx1112basic_stringIcSt11char_traitsIcESaIcEEESt10shared_ptrIN4DUUF4COMF3UDP13UdpConnectionEEEEEC2Ev
FN:131,_ZNSaIN4DUUF4COMF3UDP13UdpConnectionEEC2Ev
FN:133,_ZNSaIN4DUUF4COMF3UDP13UdpConnectionEEC2ERKS3_
FN:137,_ZNSaISt23_Sp_counted_ptr_inplaceIN4DUUF4COMF3UDP13UdpConnectionESaIS3_ELN9__gnu_cxx12_Lock_policyE2EEEC2IS3_EERKSaIT_E
FN:139,_ZNSaIN4DUUF4COMF3UDP13UdpConnectionEED2Ev
FN:139,_ZNSaISt23_Sp_counted_ptr_inplaceIN4DUUF4COMF3UDP13UdpConnectionESaIS3_ELN9__gnu_cxx12_Lock_policyE2EEED2Ev
FN:139,_ZNSaISt13_Rb_tree_nodeISt4pairIKNSt7__cxx1112basic_stringIcSt11char_traitsIcESaIcEEESt10shared_ptrIN4DUUF4COMF3UDP13UdpConnectionEEEEED2Ev
FNDA:0,_ZNSaIN4DUUF4COMF3UDP13UdpConnectionEEC2Ev
FNDA:0,_ZNSaISt13_Rb_tree_nodeISt4pairIKNSt7__cxx1112basic_stringIcSt11char_traitsIcESaIcEEESt10shared_ptrIN4DUUF4COMF3UDP13UdpConnectionEEEEEC2Ev
FNDA:0,_ZNSaIN4DUUF4COMF3UDP13UdpConnectionEEC2ERKS3_
FNDA:0,_ZNSaISt23_Sp_counted_ptr_inplaceIN4DUUF4COMF3UDP13UdpConnectionESaIS3_ELN9__gnu_cxx12_Lock_policyE2EEEC2IS3_EERKSaIT_E
FNDA:0,_ZNSaISt23_Sp_counted_ptr_inplaceIN4DUUF4COMF3UDP13UdpConnectionESaIS3_ELN9__gnu_cxx12_Lock_policyE2EEED2Ev
FNDA:0,_ZNSaIN4DUUF4COMF3UDP13UdpConnectionEED2Ev
FNDA:0,_ZNSaISt13_Rb_tree_nodeISt4pairIKNSt7__cxx1112basic_stringIcSt11char_traitsIcESaIcEEESt10shared_ptrIN4DUUF4COMF3UDP13UdpConnectionEEEEED2Ev
FNF:7
FNH:0
DA:131,0
DA:133,0
DA:134,0
DA:137,0
DA:139,0
LF:5
LH:0
end_of_record
SF:/usr/include/c++/8/ext/atomicity.h
FN:48,_ZN9__gnu_cxxL18__exchange_and_addEPVii
FN:52,_ZN9__gnu_cxxL12__atomic_addEPVii
FN:65,_ZN9__gnu_cxxL25__exchange_and_add_singleEPii
FN:73,_ZN9__gnu_cxxL19__atomic_add_singleEPii
FN:78,_ZN9__gnu_cxxL27__exchange_and_add_dispatchEPii
FN:92,_ZN9__gnu_cxxL21__atomic_add_dispatchEPii
FNDA:0,_ZN9__gnu_cxxL18__exchange_and_addEPVii
FNDA:0,_ZN9__gnu_cxxL12__atomic_addEPVii
FNDA:0,_ZN9__gnu_cxxL25__exchange_and_add_singleEPii
FNDA:0,_ZN9__gnu_cxxL19__atomic_add_singleEPii
FNDA:0,_ZN9__gnu_cxxL27__exchange_and_add_dispatchEPii
FNDA:0,_ZN9__gnu_cxxL21__atomic_add_dispatchEPii
FNF:6
FNH:0
DA:48,0
DA:49,0
DA:52,0
DA:53,0
DA:65,0
DA:67,0
DA:68,0
DA:69,0
DA:73,0
DA:74,0
DA:78,0
DA:81,0
DA:82,0
DA:84,0
DA:92,0
DA:95,0
DA:96,0
DA:98,0
DA:102,0
LF:19
LH:0
end_of_record
SF:/usr/include/c++/8/bits/basic_string.h
FN:232,_ZNSt7__cxx1112basic_stringIcSt11char_traitsIcESaIcEE16_M_construct_auxIPcEEvT_S7_St12__false_type
FN:252,_ZNSt7__cxx1112basic_stringIcSt11char_traitsIcESaIcEE12_M_constructIPcEEvT_S7_
FN:6133,_ZStltIcSt11char_traitsIcESaIcEEbRKNSt7__cxx1112basic_stringIT_T0_T1_EESA_
FNDA:0,_ZNSt7__cxx1112basic_stringIcSt11char_traitsIcESaIcEE16_M_construct_auxIPcEEvT_S7_St12__false_type
FNDA:0,_ZNSt7__cxx1112basic_stringIcSt11char_traitsIcESaIcEE12_M_constructIPcEEvT_S7_
FNDA:0,_ZStltIcSt11char_traitsIcESaIcEEbRKNSt7__cxx1112basic_stringIT_T0_T1_EESA_
FNF:3
FNH:0
DA:232,0
DA:236,0
DA:237,0
DA:252,0
DA:255,0
DA:256,0
DA:6133,0
DA:6136,0
LF:8
LH:0
end_of_record
SF:/usr/include/c++/8/bits/basic_string.tcc
FN:206,_ZNSt7__cxx1112basic_stringIcSt11char_traitsIcESaIcEE12_M_constructIPcEEvT_S7_St20forward_iterator_tag
FNDA:0,_ZNSt7__cxx1112basic_stringIcSt11char_traitsIcESaIcEE12_M_constructIPcEEvT_S7_St20forward_iterator_tag
FNF:1
FNH:0
DA:206,0
DA:211,0
DA:212,0
DA:215,0
DA:217,0
DA:219,0
DA:220,0
DA:225,0
DA:226,0
DA:228,0
DA:229,0
DA:232,0
DA:233,0
LF:13
LH:0
end_of_record
SF:/usr/include/c++/8/bits/char_traits.h
FN:348,_ZNSt11char_traitsIcE4copyEPcPKcm
FNDA:0,_ZNSt11char_traitsIcE4copyEPcPKcm
FNF:1
FNH:0
DA:348,0
DA:350,0
DA:351,0
DA:352,0
LF:4
LH:0
end_of_record
SF:/usr/include/c++/8/x86_64-redhat-linux/bits/gthr-default.h
FN:247,_ZL18__gthread_active_pv
FNDA:0,_ZL18__gthread_active_pv
FNF:1
FNH:0
DA:247,0
DA:251,0
LF:2
LH:0
end_of_record
SF:/usr/include/c++/8/bits/move.h
FN:47,_ZSt11__addressofISaISt23_Sp_counted_ptr_inplaceIN4DUUF4COMF3UDP13UdpConnectionESaIS4_ELN9__gnu_cxx12_Lock_policyE2EEEEPT_RSA_
FN:74,_ZSt7forwardIRKNSt7__cxx1112basic_stringIcSt11char_traitsIcESaIcEEEEOT_RNSt16remove_referenceIS8_E4typeE
FN:74,_ZSt7forwardIbEOT_RNSt16remove_referenceIS0_E4typeE
FN:74,_ZSt7forwardIRPSt18_Rb_tree_node_baseEOT_RNSt16remove_referenceIS3_E4typeE
FN:74,_ZSt7forwardIRSt10shared_ptrIN4DUUF4COMF3UDP13UdpConnectionEEEOT_RNSt16remove_referenceIS7_E4typeE
FN:74,_ZSt7forwardINSt7__cxx1112basic_stringIcSt11char_traitsIcESaIcEEEEOT_RNSt16remove_referenceIS6_E4typeE
FN:74,_ZSt7forwardIRKN4DUUF4COMF3UDP22Send_Receive_Mode_EnumEEOT_RNSt16remove_referenceIS6_E4typeE
FN:74,_ZSt7forwardISt17_Rb_tree_iteratorISt4pairIKNSt7__cxx1112basic_stringIcSt11char_traitsIcESaIcEEESt10shared_ptrIN4DUUF4COMF3UDP13UdpConnectionEEEEEOT_RNSt16remove_referenceISH_E4typeE
FN:74,_ZSt7forwardIRPSt13_Rb_tree_nodeISt4pairIKNSt7__cxx1112basic_stringIcSt11char_traitsIcESaIcEEESt10shared_ptrIN4DUUF4COMF3UDP13UdpConnectionEEEEEOT_RNSt16remove_referenceISJ_E4typeE
FN:74,_ZSt7forwardISt4pairINSt7__cxx1112basic_stringIcSt11char_traitsIcESaIcEEESt10shared_ptrIN4DUUF4COMF3UDP13UdpConnectionEEEEOT_RNSt16remove_referenceISE_E4typeE
FN:74,_ZSt7forwardIRKiEOT_RNSt16remove_referenceIS2_E4typeE
FN:74,_ZSt7forwardISt10shared_ptrIN4DUUF4COMF3UDP13UdpConnectionEEEOT_RNSt16remove_referenceIS6_E4typeE
FN:99,_ZSt4moveIRSt10shared_ptrIN4DUUF4COMF3UDP13UdpConnectionEEEONSt16remove_referenceIT_E4typeEOS8_
FN:99,_ZSt4moveIRSaIcEEONSt16remove_referenceIT_E4typeEOS3_
FNDA:0,_ZSt11__addressofISaISt23_Sp_counted_ptr_inplaceIN4DUUF4COMF3UDP13UdpConnectionESaIS4_ELN9__gnu_cxx12_Lock_policyE2EEEEPT_RSA_
FNDA:0,_ZSt7forwardISt10shared_ptrIN4DUUF4COMF3UDP13UdpConnectionEEEOT_RNSt16remove_referenceIS6_E4typeE
FNDA:0,_ZSt7forwardINSt7__cxx1112basic_stringIcSt11char_traitsIcESaIcEEEEOT_RNSt16remove_referenceIS6_E4typeE
FNDA:0,_ZSt7forwardIRPSt18_Rb_tree_node_baseEOT_RNSt16remove_referenceIS3_E4typeE
FNDA:0,_ZSt7forwardIRPSt13_Rb_tree_nodeISt4pairIKNSt7__cxx1112basic_stringIcSt11char_traitsIcESaIcEEESt10shared_ptrIN4DUUF4COMF3UDP13UdpConnectionEEEEEOT_RNSt16remove_referenceISJ_E4typeE
FNDA:0,_ZSt7forwardIbEOT_RNSt16remove_referenceIS0_E4typeE
FNDA:0,_ZSt7forwardISt17_Rb_tree_iteratorISt4pairIKNSt7__cxx1112basic_stringIcSt11char_traitsIcESaIcEEESt10shared_ptrIN4DUUF4COMF3UDP13UdpConnectionEEEEEOT_RNSt16remove_referenceISH_E4typeE
FNDA:0,_ZSt7forwardISt4pairINSt7__cxx1112basic_stringIcSt11char_traitsIcESaIcEEESt10shared_ptrIN4DUUF4COMF3UDP13UdpConnectionEEEEOT_RNSt16remove_referenceISE_E4typeE
FNDA:0,_ZSt7forwardIRSt10shared_ptrIN4DUUF4COMF3UDP13UdpConnectionEEEOT_RNSt16remove_referenceIS7_E4typeE
FNDA:0,_ZSt7forwardIRKiEOT_RNSt16remove_referenceIS2_E4typeE
FNDA:0,_ZSt7forwardIRKN4DUUF4COMF3UDP22Send_Receive_Mode_EnumEEOT_RNSt16remove_referenceIS6_E4typeE
FNDA:0,_ZSt7forwardIRKNSt7__cxx1112basic_stringIcSt11char_traitsIcESaIcEEEEOT_RNSt16remove_referenceIS8_E4typeE
FNDA:0,_ZSt4moveIRSt10shared_ptrIN4DUUF4COMF3UDP13UdpConnectionEEEONSt16remove_referenceIT_E4typeEOS8_
FNDA:0,_ZSt4moveIRSaIcEEONSt16remove_referenceIT_E4typeEOS3_
FNF:14
FNH:0
DA:47,0
DA:48,0
DA:74,0
DA:75,0
DA:99,0
DA:100,0
LF:6
LH:0
end_of_record
SF:/usr/include/c++/8/new
FN:168,_ZnwmPv
FN:174,_ZdlPvS_
FNDA:0,_ZnwmPv
FNDA:0,_ZdlPvS_
FNF:2
FNH:0
DA:168,0
DA:169,0
DA:174,0
LF:3
LH:0
end_of_record
SF:/usr/include/c++/8/ext/new_allocator.h
FN:79,_ZN9__gnu_cxx13new_allocatorISt13_Rb_tree_nodeISt4pairIKNSt7__cxx1112basic_stringIcSt11char_traitsIcESaIcEEESt10shared_ptrIN4DUUF4COMF3UDP13UdpConnectionEEEEEC2Ev
FN:79,_ZN9__gnu_cxx13new_allocatorISt23_Sp_counted_ptr_inplaceIN4DUUF4COMF3UDP13UdpConnectionESaIS5_ELNS_12_Lock_policyE2EEEC2Ev
FN:79,_ZN9__gnu_cxx13new_allocatorIN4DUUF4COMF3UDP13UdpConnectionEEC2Ev
FN:81,_ZN9__gnu_cxx13new_allocatorIN4DUUF4COMF3UDP13UdpConnectionEEC2ERKS5_
FN:81,_ZN9__gnu_cxx13new_allocatorIcEC2ERKS1_
FN:86,_ZN9__gnu_cxx13new_allocatorISt23_Sp_counted_ptr_inplaceIN4DUUF4COMF3UDP13UdpConnectionESaIS5_ELNS_12_Lock_policyE2EEED2Ev
FN:86,_ZN9__gnu_cxx13new_allocatorIN4DUUF4COMF3UDP13UdpConnectionEED2Ev
FN:86,_ZN9__gnu_cxx13new_allocatorISt13_Rb_tree_nodeISt4pairIKNSt7__cxx1112basic_stringIcSt11char_traitsIcESaIcEEESt10shared_ptrIN4DUUF4COMF3UDP13UdpConnectionEEEEED2Ev
FN:86,_ZN9__gnu_cxx13new_allocatorIcED2Ev
FN:99,_ZN9__gnu_cxx13new_allocatorISt13_Rb_tree_nodeISt4pairIKNSt7__cxx1112basic_stringIcSt11char_traitsIcESaIcEEESt10shared_ptrIN4DUUF4COMF3UDP13UdpConnectionEEEEE8allocateEmPKv
FN:99,_ZN9__gnu_cxx13new_allocatorISt23_Sp_counted_ptr_inplaceIN4DUUF4COMF3UDP13UdpConnectionESaIS5_ELNS_12_Lock_policyE2EEE8allocateEmPKv
FN:116,_ZN9__gnu_cxx13new_allocatorISt23_Sp_counted_ptr_inplaceIN4DUUF4COMF3UDP13UdpConnectionESaIS5_ELNS_12_Lock_policyE2EEE10deallocateEPS8_m
FN:116,_ZN9__gnu_cxx13new_allocatorISt13_Rb_tree_nodeISt4pairIKNSt7__cxx1112basic_stringIcSt11char_traitsIcESaIcEEESt10shared_ptrIN4DUUF4COMF3UDP13UdpConnectionEEEEE10deallocateEPSH_m
FN:129,_ZNK9__gnu_cxx13new_allocatorISt13_Rb_tree_nodeISt4pairIKNSt7__cxx1112basic_stringIcSt11char_traitsIcESaIcEEESt10shared_ptrIN4DUUF4COMF3UDP13UdpConnectionEEEEE8max_sizeEv
FN:129,_ZNK9__gnu_cxx13new_allocatorISt23_Sp_counted_ptr_inplaceIN4DUUF4COMF3UDP13UdpConnectionESaIS5_ELNS_12_Lock_policyE2EEE8max_sizeEv
FN:135,_ZN9__gnu_cxx13new_allocatorISt13_Rb_tree_nodeISt4pairIKNSt7__cxx1112basic_stringIcSt11char_traitsIcESaIcEEESt10shared_ptrIN4DUUF4COMF3UDP13UdpConnectionEEEEE9constructISG_JS2_IS8_SF_EEEEvPT_DpOT0_
FN:135,_ZN9__gnu_cxx13new_allocatorIN4DUUF4COMF3UDP13UdpConnectionEE9constructIS4_JRKNSt7__cxx1112basic_stringIcSt11char_traitsIcESaIcEEERKNS3_22Send_Receive_Mode_EnumESE_RKiSJ_EEEvPT_DpOT0_
FN:140,_ZN9__gnu_cxx13new_allocatorIN4DUUF4COMF3UDP13UdpConnectionEE7destroyIS4_EEvPT_
FN:140,_ZN9__gnu_cxx13new_allocatorISt13_Rb_tree_nodeISt4pairIKNSt7__cxx1112basic_stringIcSt11char_traitsIcESaIcEEESt10shared_ptrIN4DUUF4COMF3UDP13UdpConnectionEEEEE7destroyISG_EEvPT_
FNDA:0,_ZN9__gnu_cxx13new_allocatorISt23_Sp_counted_ptr_inplaceIN4DUUF4COMF3UDP13UdpConnectionESaIS5_ELNS_12_Lock_policyE2EEEC2Ev
FNDA:0,_ZN9__gnu_cxx13new_allocatorIN4DUUF4COMF3UDP13UdpConnectionEEC2Ev
FNDA:0,_ZN9__gnu_cxx13new_allocatorISt13_Rb_tree_nodeISt4pairIKNSt7__cxx1112basic_stringIcSt11char_traitsIcESaIcEEESt10shared_ptrIN4DUUF4COMF3UDP13UdpConnectionEEEEEC2Ev
FNDA:0,_ZN9__gnu_cxx13new_allocatorIN4DUUF4COMF3UDP13UdpConnectionEEC2ERKS5_
FNDA:0,_ZN9__gnu_cxx13new_allocatorIcEC2ERKS1_
FNDA:0,_ZN9__gnu_cxx13new_allocatorISt23_Sp_counted_ptr_inplaceIN4DUUF4COMF3UDP13UdpConnectionESaIS5_ELNS_12_Lock_policyE2EEED2Ev
FNDA:0,_ZN9__gnu_cxx13new_allocatorIN4DUUF4COMF3UDP13UdpConnectionEED2Ev
FNDA:0,_ZN9__gnu_cxx13new_allocatorISt13_Rb_tree_nodeISt4pairIKNSt7__cxx1112basic_stringIcSt11char_traitsIcESaIcEEESt10shared_ptrIN4DUUF4COMF3UDP13UdpConnectionEEEEED2Ev
FNDA:0,_ZN9__gnu_cxx13new_allocatorIcED2Ev
FNDA:0,_ZN9__gnu_cxx13new_allocatorISt23_Sp_counted_ptr_inplaceIN4DUUF4COMF3UDP13UdpConnectionESaIS5_ELNS_12_Lock_policyE2EEE8allocateEmPKv
FNDA:0,_ZN9__gnu_cxx13new_allocatorISt13_Rb_tree_nodeISt4pairIKNSt7__cxx1112basic_stringIcSt11char_traitsIcESaIcEEESt10shared_ptrIN4DUUF4COMF3UDP13UdpConnectionEEEEE8allocateEmPKv
FNDA:0,_ZN9__gnu_cxx13new_allocatorISt23_Sp_counted_ptr_inplaceIN4DUUF4COMF3UDP13UdpConnectionESaIS5_ELNS_12_Lock_policyE2EEE10deallocateEPS8_m
FNDA:0,_ZN9__gnu_cxx13new_allocatorISt13_Rb_tree_nodeISt4pairIKNSt7__cxx1112basic_stringIcSt11char_traitsIcESaIcEEESt10shared_ptrIN4DUUF4COMF3UDP13UdpConnectionEEEEE10deallocateEPSH_m
FNDA:0,_ZNK9__gnu_cxx13new_allocatorISt23_Sp_counted_ptr_inplaceIN4DUUF4COMF3UDP13UdpConnectionESaIS5_ELNS_12_Lock_policyE2EEE8max_sizeEv
FNDA:0,_ZNK9__gnu_cxx13new_allocatorISt13_Rb_tree_nodeISt4pairIKNSt7__cxx1112basic_stringIcSt11char_traitsIcESaIcEEESt10shared_ptrIN4DUUF4COMF3UDP13UdpConnectionEEEEE8max_sizeEv
FNDA:0,_ZN9__gnu_cxx13new_allocatorIN4DUUF4COMF3UDP13UdpConnectionEE9constructIS4_JRKNSt7__cxx1112basic_stringIcSt11char_traitsIcESaIcEEERKNS3_22Send_Receive_Mode_EnumESE_RKiSJ_EEEvPT_DpOT0_
FNDA:0,_ZN9__gnu_cxx13new_allocatorISt13_Rb_tree_nodeISt4pairIKNSt7__cxx1112basic_stringIcSt11char_traitsIcESaIcEEESt10shared_ptrIN4DUUF4COMF3UDP13UdpConnectionEEEEE9constructISG_JS2_IS8_SF_EEEEvPT_DpOT0_
FNDA:0,_ZN9__gnu_cxx13new_allocatorIN4DUUF4COMF3UDP13UdpConnectionEE7destroyIS4_EEvPT_
FNDA:0,_ZN9__gnu_cxx13new_allocatorISt13_Rb_tree_nodeISt4pairIKNSt7__cxx1112basic_stringIcSt11char_traitsIcESaIcEEESt10shared_ptrIN4DUUF4COMF3UDP13UdpConnectionEEEEE7destroyISG_EEvPT_
FNF:19
FNH:0
DA:79,0
DA:81,0
DA:86,0
DA:99,0
DA:101,0
DA:102,0
DA:111,0
DA:116,0
DA:125,0
DA:126,0
DA:129,0
DA:130,0
DA:135,0
DA:136,0
DA:140,0
LF:15
LH:0
end_of_record
SF:/usr/include/c++/8/bits/ptr_traits.h
FN:151,_ZSt12__to_addressISt23_Sp_counted_ptr_inplaceIN4DUUF4COMF3UDP13UdpConnectionESaIS4_ELN9__gnu_cxx12_Lock_policyE2EEEPT_SA_
FNDA:0,_ZSt12__to_addressISt23_Sp_counted_ptr_inplaceIN4DUUF4COMF3UDP13UdpConnectionESaIS4_ELN9__gnu_cxx12_Lock_policyE2EEEPT_SA_
FNF:1
FNH:0
DA:151,0
DA:154,0
LF:2
LH:0
end_of_record
SF:/usr/include/c++/8/bits/shared_ptr.h
FN:129,_ZNSt10shared_ptrIN4DUUF4COMF3UDP13UdpConnectionEEC2ERKS4_
FN:254,_ZNSt10shared_ptrIN4DUUF4COMF3UDP13UdpConnectionEEC2EOS4_
FN:358,_ZNSt10shared_ptrIN4DUUF4COMF3UDP13UdpConnectionEEC2ISaIS3_EJRKNSt7__cxx1112basic_stringIcSt11char_traitsIcESaIcEEERKNS2_22Send_Receive_Mode_EnumESE_RKiSJ_EEESt20_Sp_alloc_shared_tagIT_EDpOT0_
FN:703,_ZSt15allocate_sharedIN4DUUF4COMF3UDP13UdpConnectionESaIS3_EJRKNSt7__cxx1112basic_stringIcSt11char_traitsIcESaIcEEERKNS2_22Send_Receive_Mode_EnumESC_RKiSH_EESt10shared_ptrIT_ERKT0_DpOT1_
FN:718,_ZSt11make_sharedIN4DUUF4COMF3UDP13UdpConnectionEJRKNSt7__cxx1112basic_stringIcSt11char_traitsIcESaIcEEERKNS2_22Send_Receive_Mode_EnumESB_RKiSG_EESt10shared_ptrIT_EDpOT0_
FNDA:0,_ZNSt10shared_ptrIN4DUUF4COMF3UDP13UdpConnectionEEC2ERKS4_
FNDA:0,_ZNSt10shared_ptrIN4DUUF4COMF3UDP13UdpConnectionEEC2EOS4_
FNDA:0,_ZNSt10shared_ptrIN4DUUF4COMF3UDP13UdpConnectionEEC2ISaIS3_EJRKNSt7__cxx1112basic_stringIcSt11char_traitsIcESaIcEEERKNS2_22Send_Receive_Mode_EnumESE_RKiSJ_EEESt20_Sp_alloc_shared_tagIT_EDpOT0_
FNDA:0,_ZSt15allocate_sharedIN4DUUF4COMF3UDP13UdpConnectionESaIS3_EJRKNSt7__cxx1112basic_stringIcSt11char_traitsIcESaIcEEERKNS2_22Send_Receive_Mode_EnumESC_RKiSH_EESt10shared_ptrIT_ERKT0_DpOT1_
FNDA:0,_ZSt11make_sharedIN4DUUF4COMF3UDP13UdpConnectionEJRKNSt7__cxx1112basic_stringIcSt11char_traitsIcESaIcEEERKNS2_22Send_Receive_Mode_EnumESB_RKiSG_EESt10shared_ptrIT_EDpOT0_
FNF:5
FNH:0
DA:129,0
DA:254,0
DA:255,0
DA:358,0
DA:359,0
DA:360,0
DA:703,0
DA:706,0
DA:718,0
DA:722,0
LF:10
LH:0
end_of_record
SF:/usr/include/c++/8/bits/shared_ptr_base.h
FN:117,_ZNSt16_Sp_counted_baseILN9__gnu_cxx12_Lock_policyE2EEC2Ev
FN:121,_ZNSt16_Sp_counted_baseILN9__gnu_cxx12_Lock_policyE2EED2Ev
FN:121,_ZNSt16_Sp_counted_baseILN9__gnu_cxx12_Lock_policyE2EED0Ev
FN:131,_ZNSt16_Sp_counted_baseILN9__gnu_cxx12_Lock_policyE2EE10_M_destroyEv
FN:138,_ZNSt16_Sp_counted_baseILN9__gnu_cxx12_Lock_policyE2EE15_M_add_ref_copyEv
FN:148,_ZNSt16_Sp_counted_baseILN9__gnu_cxx12_Lock_policyE2EE10_M_releaseEv
FN:414,_ZNSt14_Sp_ebo_helperILi0ESaIN4DUUF4COMF3UDP13UdpConnectionEELb1EEC2ERKS4_
FN:418,_ZNSt14_Sp_ebo_helperILi0ESaIN4DUUF4COMF3UDP13UdpConnectionEELb1EE6_S_getERS5_
FN:508,_ZNSt19_Sp_make_shared_tag5_S_tiEv
FN:529,_ZNSt23_Sp_counted_ptr_inplaceIN4DUUF4COMF3UDP13UdpConnectionESaIS3_ELN9__gnu_cxx12_Lock_policyE2EE5_ImplC2ES4_
FN:531,_ZNSt23_Sp_counted_ptr_inplaceIN4DUUF4COMF3UDP13UdpConnectionESaIS3_ELN9__gnu_cxx12_Lock_policyE2EE5_Impl8_M_allocEv
FN:540,_ZNSt23_Sp_counted_ptr_inplaceIN4DUUF4COMF3UDP13UdpConnectionESaIS3_ELN9__gnu_cxx12_Lock_policyE2EEC2IJRKNSt7__cxx1112basic_stringIcSt11char_traitsIcESaIcEEERKNS2_22Send_Receive_Mode_EnumESG_RKiSL_EEES4_DpOT_
FN:549,_ZNSt23_Sp_counted_ptr_inplaceIN4DUUF4COMF3UDP13UdpConnectionESaIS3_ELN9__gnu_cxx12_Lock_policyE2EED2Ev
FN:549,_ZNSt23_Sp_counted_ptr_inplaceIN4DUUF4COMF3UDP13UdpConnectionESaIS3_ELN9__gnu_cxx12_Lock_policyE2EED0Ev
FN:552,_ZNSt23_Sp_counted_ptr_inplaceIN4DUUF4COMF3UDP13UdpConnectionESaIS3_ELN9__gnu_cxx12_Lock_policyE2EE10_M_disposeEv
FN:559,_ZNSt23_Sp_counted_ptr_inplaceIN4DUUF4COMF3UDP13UdpConnectionESaIS3_ELN9__gnu_cxx12_Lock_policyE2EE10_M_destroyEv
FN:572,_ZNSt23_Sp_counted_ptr_inplaceIN4DUUF4COMF3UDP13UdpConnectionESaIS3_ELN9__gnu_cxx12_Lock_policyE2EE14_M_get_deleterERKSt9type_info
FN:592,_ZNSt23_Sp_counted_ptr_inplaceIN4DUUF4COMF3UDP13UdpConnectionESaIS3_ELN9__gnu_cxx12_Lock_policyE2EE6_M_ptrEv
FN:614,_ZNSt14__shared_countILN9__gnu_cxx12_Lock_policyE2EEC2Ev
FN:670,_ZNSt14__shared_countILN9__gnu_cxx12_Lock_policyE2EEC2IN4DUUF4COMF3UDP13UdpConnectionESaIS7_EJRKNSt7__cxx1112basic_stringIcSt11char_traitsIcESaIcEEERKNS6_22Send_Receive_Mode_EnumESG_RKiSL_EEERPT_St20_Sp_alloc_shared_tagIT0_EDpOT1_
FN:725,_ZNSt14__shared_countILN9__gnu_cxx12_Lock_policyE2EED2Ev
FN:731,_ZNSt14__shared_countILN9__gnu_cxx12_Lock_policyE2EEC2ERKS2_
FN:754,_ZNSt14__shared_countILN9__gnu_cxx12_Lock_policyE2EE7_M_swapERS2_
FN:1165,_ZNSt12__shared_ptrIN4DUUF4COMF3UDP13UdpConnectionELN9__gnu_cxx12_Lock_policyE2EEC2ERKS6_
FN:1167,_ZNSt12__shared_ptrIN4DUUF4COMF3UDP13UdpConnectionELN9__gnu_cxx12_Lock_policyE2EED2Ev
FN:1174,_ZNSt12__shared_ptrIN4DUUF4COMF3UDP13UdpConnectionELN9__gnu_cxx12_Lock_policyE2EEC2EOS6_
FN:1307,_ZNKSt12__shared_ptrIN4DUUF4COMF3UDP13UdpConnectionELN9__gnu_cxx12_Lock_policyE2EE3getEv
FN:1341,_ZNSt12__shared_ptrIN4DUUF4COMF3UDP13UdpConnectionELN9__gnu_cxx12_Lock_policyE2EEC2ISaIS3_EJRKNSt7__cxx1112basic_stringIcSt11char_traitsIcESaIcEEERKNS2_22Send_Receive_Mode_EnumESG_RKiSL_EEESt20_Sp_alloc_shared_tagIT_EDpOT0_
FN:1386,_ZNSt12__shared_ptrIN4DUUF4COMF3UDP13UdpConnectionELN9__gnu_cxx12_Lock_policyE2EE31_M_enable_shared_from_this_withIS3_S3_EENSt9enable_ifIXntsrNS6_15__has_esft_baseIT0_vEE5valueEvE4typeEPT_
FNDA:0,_ZNSt16_Sp_counted_baseILN9__gnu_cxx12_Lock_policyE2EEC2Ev
FNDA:0,_ZNSt16_Sp_counted_baseILN9__gnu_cxx12_Lock_policyE2EED0Ev
FNDA:0,_ZNSt16_Sp_counted_baseILN9__gnu_cxx12_Lock_policyE2EED2Ev
FNDA:0,_ZNSt16_Sp_counted_baseILN9__gnu_cxx12_Lock_policyE2EE10_M_destroyEv
FNDA:0,_ZNSt16_Sp_counted_baseILN9__gnu_cxx12_Lock_policyE2EE15_M_add_ref_copyEv
FNDA:0,_ZNSt16_Sp_counted_baseILN9__gnu_cxx12_Lock_policyE2EE10_M_releaseEv
FNDA:0,_ZNSt14_Sp_ebo_helperILi0ESaIN4DUUF4COMF3UDP13UdpConnectionEELb1EEC2ERKS4_
FNDA:0,_ZNSt14_Sp_ebo_helperILi0ESaIN4DUUF4COMF3UDP13UdpConnectionEELb1EE6_S_getERS5_
FNDA:0,_ZNSt19_Sp_make_shared_tag5_S_tiEv
FNDA:0,_ZNSt23_Sp_counted_ptr_inplaceIN4DUUF4COMF3UDP13UdpConnectionESaIS3_ELN9__gnu_cxx12_Lock_policyE2EE5_ImplC2ES4_
FNDA:0,_ZNSt23_Sp_counted_ptr_inplaceIN4DUUF4COMF3UDP13UdpConnectionESaIS3_ELN9__gnu_cxx12_Lock_policyE2EE5_Impl8_M_allocEv
FNDA:0,_ZNSt23_Sp_counted_ptr_inplaceIN4DUUF4COMF3UDP13UdpConnectionESaIS3_ELN9__gnu_cxx12_Lock_policyE2EEC2IJRKNSt7__cxx1112basic_stringIcSt11char_traitsIcESaIcEEERKNS2_22Send_Receive_Mode_EnumESG_RKiSL_EEES4_DpOT_
FNDA:0,_ZNSt23_Sp_counted_ptr_inplaceIN4DUUF4COMF3UDP13UdpConnectionESaIS3_ELN9__gnu_cxx12_Lock_policyE2EED0Ev
FNDA:0,_ZNSt23_Sp_counted_ptr_inplaceIN4DUUF4COMF3UDP13UdpConnectionESaIS3_ELN9__gnu_cxx12_Lock_policyE2EED2Ev
FNDA:0,_ZNSt23_Sp_counted_ptr_inplaceIN4DUUF4COMF3UDP13UdpConnectionESaIS3_ELN9__gnu_cxx12_Lock_policyE2EE10_M_disposeEv
FNDA:0,_ZNSt23_Sp_counted_ptr_inplaceIN4DUUF4COMF3UDP13UdpConnectionESaIS3_ELN9__gnu_cxx12_Lock_policyE2EE10_M_destroyEv
FNDA:0,_ZNSt23_Sp_counted_ptr_inplaceIN4DUUF4COMF3UDP13UdpConnectionESaIS3_ELN9__gnu_cxx12_Lock_policyE2EE14_M_get_deleterERKSt9type_info
FNDA:0,_ZNSt23_Sp_counted_ptr_inplaceIN4DUUF4COMF3UDP13UdpConnectionESaIS3_ELN9__gnu_cxx12_Lock_policyE2EE6_M_ptrEv
FNDA:0,_ZNSt14__shared_countILN9__gnu_cxx12_Lock_policyE2EEC2Ev
FNDA:0,_ZNSt14__shared_countILN9__gnu_cxx12_Lock_policyE2EEC2IN4DUUF4COMF3UDP13UdpConnectionESaIS7_EJRKNSt7__cxx1112basic_stringIcSt11char_traitsIcESaIcEEERKNS6_22Send_Receive_Mode_EnumESG_RKiSL_EEERPT_St20_Sp_alloc_shared_tagIT0_EDpOT1_
FNDA:0,_ZNSt14__shared_countILN9__gnu_cxx12_Lock_policyE2EED2Ev
FNDA:0,_ZNSt14__shared_countILN9__gnu_cxx12_Lock_policyE2EEC2ERKS2_
FNDA:0,_ZNSt14__shared_countILN9__gnu_cxx12_Lock_policyE2EE7_M_swapERS2_
FNDA:0,_ZNSt12__shared_ptrIN4DUUF4COMF3UDP13UdpConnectionELN9__gnu_cxx12_Lock_policyE2EEC2ERKS6_
FNDA:0,_ZNSt12__shared_ptrIN4DUUF4COMF3UDP13UdpConnectionELN9__gnu_cxx12_Lock_policyE2EED2Ev
FNDA:0,_ZNSt12__shared_ptrIN4DUUF4COMF3UDP13UdpConnectionELN9__gnu_cxx12_Lock_policyE2EEC2EOS6_
FNDA:0,_ZNKSt12__shared_ptrIN4DUUF4COMF3UDP13UdpConnectionELN9__gnu_cxx12_Lock_policyE2EE3getEv
FNDA:0,_ZNSt12__shared_ptrIN4DUUF4COMF3UDP13UdpConnectionELN9__gnu_cxx12_Lock_policyE2EEC2ISaIS3_EJRKNSt7__cxx1112basic_stringIcSt11char_traitsIcESaIcEEERKNS2_22Send_Receive_Mode_EnumESG_RKiSL_EEESt20_Sp_alloc_shared_tagIT_EDpOT0_
FNDA:0,_ZNSt12__shared_ptrIN4DUUF4COMF3UDP13UdpConnectionELN9__gnu_cxx12_Lock_policyE2EE31_M_enable_shared_from_this_withIS3_S3_EENSt9enable_ifIXntsrNS6_15__has_esft_baseIT0_vEE5valueEvE4typeEPT_
FNF:29
FNH:0
DA:117,0
DA:118,0
DA:121,0
DA:122,0
DA:131,0
DA:132,0
DA:138,0
DA:139,0
DA:148,0
DA:152,0
DA:155,0
DA:167,0
DA:168,0
DA:171,0
DA:174,0
DA:414,0
DA:418,0
DA:508,0
DA:511,0
DA:529,0
DA:531,0
DA:540,0
DA:541,0
DA:545,0
DA:547,0
DA:549,0
DA:552,0
DA:554,0
DA:555,0
DA:559,0
DA:561,0
DA:562,0
DA:563,0
DA:564,0
DA:572,0
DA:576,0
DA:577,0
DA:581,0
DA:582,0
DA:589,0
DA:592,0
DA:614,0
DA:615,0
DA:670,0
DA:674,0
DA:675,0
DA:676,0
DA:677,0
DA:678,0
DA:679,0
DA:680,0
DA:681,0
DA:682,0
DA:725,0
DA:727,0
DA:728,0
DA:729,0
DA:731,0
DA:732,0
DA:734,0
DA:735,0
DA:736,0
DA:754,0
DA:756,0
DA:757,0
DA:758,0
DA:759,0
DA:1165,0
DA:1167,0
DA:1174,0
DA:1175,0
DA:1177,0
DA:1178,0
DA:1179,0
DA:1307,0
DA:1308,0
DA:1341,0
DA:1342,0
DA:1343,0
DA:1386,0
DA:1387,0
LF:81
LH:0
end_of_record
SF:/usr/include/c++/8/bits/stl_function.h
FN:385,_ZNKSt4lessINSt7__cxx1112basic_stringIcSt11char_traitsIcESaIcEEEEclERKS5_S8_
FN:1131,_ZNKSt10_Select1stISt4pairIKNSt7__cxx1112basic_stringIcSt11char_traitsIcESaIcEEESt10shared_ptrIN4DUUF4COMF3UDP13UdpConnectionEEEEclERKSE_
FNDA:0,_ZNKSt4lessINSt7__cxx1112basic_stringIcSt11char_traitsIcESaIcEEEEclERKS5_S8_
FNDA:0,_ZNKSt10_Select1stISt4pairIKNSt7__cxx1112basic_stringIcSt11char_traitsIcESaIcEEESt10shared_ptrIN4DUUF4COMF3UDP13UdpConnectionEEEEclERKSE_
FNF:2
FNH:0
DA:385,0
DA:386,0
DA:1131,0
DA:1132,0
LF:4
LH:0
end_of_record
SF:/usr/include/c++/8/bits/stl_iterator_base_funcs.h
FN:98,_ZSt10__distanceIPcENSt15iterator_traitsIT_E15difference_typeES2_S2_St26random_access_iterator_tag
FN:138,_ZSt8distanceIPcENSt15iterator_traitsIT_E15difference_typeES2_S2_
FNDA:0,_ZSt10__distanceIPcENSt15iterator_traitsIT_E15difference_typeES2_S2_St26random_access_iterator_tag
FNDA:0,_ZSt8distanceIPcENSt15iterator_traitsIT_E15difference_typeES2_S2_
FNF:2
FNH:0
DA:98,0
DA:104,0
DA:138,0
DA:141,0
DA:142,0
LF:5
LH:0
end_of_record
SF:/usr/include/c++/8/bits/stl_iterator_base_types.h
FN:205,_ZSt19__iterator_categoryIPcENSt15iterator_traitsIT_E17iterator_categoryERKS2_
FNDA:0,_ZSt19__iterator_categoryIPcENSt15iterator_traitsIT_E17iterator_categoryERKS2_
FNF:1
FNH:0
DA:205,0
DA:206,0
LF:2
LH:0
end_of_record
SF:/usr/include/c++/8/bits/stl_map.h
FN:183,_ZNSt3mapINSt7__cxx1112basic_stringIcSt11char_traitsIcESaIcEEESt10shared_ptrIN4DUUF4COMF3UDP13UdpConnectionEESt4lessIS5_ESaISt4pairIKS5_SB_EEEC2Ev
FN:300,_ZNSt3mapINSt7__cxx1112basic_stringIcSt11char_traitsIcESaIcEEESt10shared_ptrIN4DUUF4COMF3UDP13UdpConnectionEESt4lessIS5_ESaISt4pairIKS5_SB_EEED2Ev
FN:372,_ZNSt3mapINSt7__cxx1112basic_stringIcSt11char_traitsIcESaIcEEESt10shared_ptrIN4DUUF4COMF3UDP13UdpConnectionEESt4lessIS5_ESaISt4pairIKS5_SB_EEE3endEv
FN:381,_ZNKSt3mapINSt7__cxx1112basic_stringIcSt11char_traitsIcESaIcEEESt10shared_ptrIN4DUUF4COMF3UDP13UdpConnectionEESt4lessIS5_ESaISt4pairIKS5_SB_EEE3endEv
FN:814,_ZNSt3mapINSt7__cxx1112basic_stringIcSt11char_traitsIcESaIcEEESt10shared_ptrIN4DUUF4COMF3UDP13UdpConnectionEESt4lessIS5_ESaISt4pairIKS5_SB_EEE6insertISE_IS5_SB_EEENSt9enable_ifIXsrSt16is_constructibleISG_JT_EE5valueESE_ISt17_Rb_tree_iteratorISG_EbEE4typeEOSN_
FN:1036,_ZNSt3mapINSt7__cxx1112basic_stringIcSt11char_traitsIcESaIcEEESt10shared_ptrIN4DUUF4COMF3UDP13UdpConnectionEESt4lessIS5_ESaISt4pairIKS5_SB_EEE5eraseB5cxx11ESt17_Rb_tree_iteratorISG_E
FN:1132,_ZNSt3mapINSt7__cxx1112basic_stringIcSt11char_traitsIcESaIcEEESt10shared_ptrIN4DUUF4COMF3UDP13UdpConnectionEESt4lessIS5_ESaISt4pairIKS5_SB_EEE5clearEv
FN:1168,_ZNSt3mapINSt7__cxx1112basic_stringIcSt11char_traitsIcESaIcEEESt10shared_ptrIN4DUUF4COMF3UDP13UdpConnectionEESt4lessIS5_ESaISt4pairIKS5_SB_EEE4findERSF_
FN:1193,_ZNKSt3mapINSt7__cxx1112basic_stringIcSt11char_traitsIcESaIcEEESt10shared_ptrIN4DUUF4COMF3UDP13UdpConnectionEESt4lessIS5_ESaISt4pairIKS5_SB_EEE4findERSF_
FNDA:0,_ZNSt3mapINSt7__cxx1112basic_stringIcSt11char_traitsIcESaIcEEESt10shared_ptrIN4DUUF4COMF3UDP13UdpConnectionEESt4lessIS5_ESaISt4pairIKS5_SB_EEEC2Ev
FNDA:0,_ZNSt3mapINSt7__cxx1112basic_stringIcSt11char_traitsIcESaIcEEESt10shared_ptrIN4DUUF4COMF3UDP13UdpConnectionEESt4lessIS5_ESaISt4pairIKS5_SB_EEED2Ev
FNDA:0,_ZNSt3mapINSt7__cxx1112basic_stringIcSt11char_traitsIcESaIcEEESt10shared_ptrIN4DUUF4COMF3UDP13UdpConnectionEESt4lessIS5_ESaISt4pairIKS5_SB_EEE3endEv
FNDA:0,_ZNKSt3mapINSt7__cxx1112basic_stringIcSt11char_traitsIcESaIcEEESt10shared_ptrIN4DUUF4COMF3UDP13UdpConnectionEESt4lessIS5_ESaISt4pairIKS5_SB_EEE3endEv
FNDA:0,_ZNSt3mapINSt7__cxx1112basic_stringIcSt11char_traitsIcESaIcEEESt10shared_ptrIN4DUUF4COMF3UDP13UdpConnectionEESt4lessIS5_ESaISt4pairIKS5_SB_EEE6insertISE_IS5_SB_EEENSt9enable_ifIXsrSt16is_constructibleISG_JT_EE5valueESE_ISt17_Rb_tree_iteratorISG_EbEE4typeEOSN_
FNDA:0,_ZNSt3mapINSt7__cxx1112basic_stringIcSt11char_traitsIcESaIcEEESt10shared_ptrIN4DUUF4COMF3UDP13UdpConnectionEESt4lessIS5_ESaISt4pairIKS5_SB_EEE5eraseB5cxx11ESt17_Rb_tree_iteratorISG_E
FNDA:0,_ZNSt3mapINSt7__cxx1112basic_stringIcSt11char_traitsIcESaIcEEESt10shared_ptrIN4DUUF4COMF3UDP13UdpConnectionEESt4lessIS5_ESaISt4pairIKS5_SB_EEE5clearEv
FNDA:0,_ZNSt3mapINSt7__cxx1112basic_stringIcSt11char_traitsIcESaIcEEESt10shared_ptrIN4DUUF4COMF3UDP13UdpConnectionEESt4lessIS5_ESaISt4pairIKS5_SB_EEE4findERSF_
FNDA:0,_ZNKSt3mapINSt7__cxx1112basic_stringIcSt11char_traitsIcESaIcEEESt10shared_ptrIN4DUUF4COMF3UDP13UdpConnectionEESt4lessIS5_ESaISt4pairIKS5_SB_EEE4findERSF_
FNF:9
FNH:0
DA:183,0
DA:300,0
DA:372,0
DA:373,0
DA:381,0
DA:382,0
DA:814,0
DA:815,0
DA:1036,0
DA:1037,0
DA:1132,0
DA:1133,0
DA:1168,0
DA:1169,0
DA:1193,0
DA:1194,0
LF:16
LH:0
end_of_record
SF:/usr/include/c++/8/bits/stl_pair.h
FN:311,_ZNSt4pairIPSt18_Rb_tree_node_baseS1_EC2IRS1_Lb1EEEOT_RKS1_
FN:325,_ZNSt4pairINSt7__cxx1112basic_stringIcSt11char_traitsIcESaIcEEESt10shared_ptrIN4DUUF4COMF3UDP13UdpConnectionEEEC2IRSB_Lb1EEERKS5_OT_
FN:341,_ZNSt4pairIPSt18_Rb_tree_node_baseS1_EC2IRPSt13_Rb_tree_nodeIS_IKNSt7__cxx1112basic_stringIcSt11char_traitsIcESaIcEEESt10shared_ptrIN4DUUF4COMF3UDP13UdpConnectionEEEERS1_Lb1EEEOT_OT0_
FN:341,_ZNSt4pairISt17_Rb_tree_iteratorIS_IKNSt7__cxx1112basic_stringIcSt11char_traitsIcESaIcEEESt10shared_ptrIN4DUUF4COMF3UDP13UdpConnectionEEEEbEC2ISF_bLb1EEEOT_OT0_
FN:360,_ZNSt4pairIKNSt7__cxx1112basic_stringIcSt11char_traitsIcESaIcEEESt10shared_ptrIN4DUUF4COMF3UDP13UdpConnectionEEEC2IS5_SC_Lb1EEEOS_IT_T0_E
FN:524,_ZSt9make_pairIRKNSt7__cxx1112basic_stringIcSt11char_traitsIcESaIcEEERSt10shared_ptrIN4DUUF4COMF3UDP13UdpConnectionEEESt4pairINSt17__decay_and_stripIT_E6__typeENSG_IT0_E6__typeEEOSH_OSK_
FNDA:0,_ZNSt4pairIPSt18_Rb_tree_node_baseS1_EC2IRS1_Lb1EEEOT_RKS1_
FNDA:0,_ZNSt4pairINSt7__cxx1112basic_stringIcSt11char_traitsIcESaIcEEESt10shared_ptrIN4DUUF4COMF3UDP13UdpConnectionEEEC2IRSB_Lb1EEERKS5_OT_
FNDA:0,_ZNSt4pairIPSt18_Rb_tree_node_baseS1_EC2IRPSt13_Rb_tree_nodeIS_IKNSt7__cxx1112basic_stringIcSt11char_traitsIcESaIcEEESt10shared_ptrIN4DUUF4COMF3UDP13UdpConnectionEEEERS1_Lb1EEEOT_OT0_
FNDA:0,_ZNSt4pairISt17_Rb_tree_iteratorIS_IKNSt7__cxx1112basic_stringIcSt11char_traitsIcESaIcEEESt10shared_ptrIN4DUUF4COMF3UDP13UdpConnectionEEEEbEC2ISF_bLb1EEEOT_OT0_
FNDA:0,_ZNSt4pairIKNSt7__cxx1112basic_stringIcSt11char_traitsIcESaIcEEESt10shared_ptrIN4DUUF4COMF3UDP13UdpConnectionEEEC2IS5_SC_Lb1EEEOS_IT_T0_E
FNDA:0,_ZSt9make_pairIRKNSt7__cxx1112basic_stringIcSt11char_traitsIcESaIcEEERSt10shared_ptrIN4DUUF4COMF3UDP13UdpConnectionEEESt4pairINSt17__decay_and_stripIT_E6__typeENSG_IT0_E6__typeEEOSH_OSK_
FNF:6
FNH:0
DA:311,0
DA:312,0
DA:325,0
DA:326,0
DA:341,0
DA:342,0
DA:360,0
DA:361,0
DA:362,0
DA:524,0
DA:529,0
LF:11
LH:0
end_of_record
SF:/usr/include/c++/8/bits/stl_tree.h
FN:146,_ZNSt20_Rb_tree_key_compareISt4lessINSt7__cxx1112basic_stringIcSt11char_traitsIcESaIcEEEEEC2Ev
FN:173,_ZNSt15_Rb_tree_headerC2Ev
FN:206,_ZNSt15_Rb_tree_header8_M_resetEv
FN:234,_ZNSt13_Rb_tree_nodeISt4pairIKNSt7__cxx1112basic_stringIcSt11char_traitsIcESaIcEEESt10shared_ptrIN4DUUF4COMF3UDP13UdpConnectionEEEE9_M_valptrEv
FN:238,_ZNKSt13_Rb_tree_nodeISt4pairIKNSt7__cxx1112basic_stringIcSt11char_traitsIcESaIcEEESt10shared_ptrIN4DUUF4COMF3UDP13UdpConnectionEEEE9_M_valptrEv
FN:273,_ZNSt17_Rb_tree_iteratorISt4pairIKNSt7__cxx1112basic_stringIcSt11char_traitsIcESaIcEEESt10shared_ptrIN4DUUF4COMF3UDP13UdpConnectionEEEEC2EPSt18_Rb_tree_node_base
FN:281,_ZNKSt17_Rb_tree_iteratorISt4pairIKNSt7__cxx1112basic_stringIcSt11char_traitsIcESaIcEEESt10shared_ptrIN4DUUF4COMF3UDP13UdpConnectionEEEEptEv
FN:285,_ZNSt17_Rb_tree_iteratorISt4pairIKNSt7__cxx1112basic_stringIcSt11char_traitsIcESaIcEEESt10shared_ptrIN4DUUF4COMF3UDP13UdpConnectionEEEEppEv
FN:300,_ZNSt17_Rb_tree_iteratorISt4pairIKNSt7__cxx1112basic_stringIcSt11char_traitsIcESaIcEEESt10shared_ptrIN4DUUF4COMF3UDP13UdpConnectionEEEEmmEv
FN:315,_ZNKSt17_Rb_tree_iteratorISt4pairIKNSt7__cxx1112basic_stringIcSt11char_traitsIcESaIcEEESt10shared_ptrIN4DUUF4COMF3UDP13UdpConnectionEEEEeqERKSF_
FN:345,_ZNSt23_Rb_tree_const_iteratorISt4pairIKNSt7__cxx1112basic_stringIcSt11char_traitsIcESaIcEEESt10shared_ptrIN4DUUF4COMF3UDP13UdpConnectionEEEEC2EPKSt18_Rb_tree_node_base
FN:348,_ZNSt23_Rb_tree_const_iteratorISt4pairIKNSt7__cxx1112basic_stringIcSt11char_traitsIcESaIcEEESt10shared_ptrIN4DUUF4COMF3UDP13UdpConnectionEEEEC2ERKSt17_Rb_tree_iteratorISE_E
FN:360,_ZNKSt23_Rb_tree_const_iteratorISt4pairIKNSt7__cxx1112basic_stringIcSt11char_traitsIcESaIcEEESt10shared_ptrIN4DUUF4COMF3UDP13UdpConnectionEEEEptEv
FN:394,_ZNKSt23_Rb_tree_const_iteratorISt4pairIKNSt7__cxx1112basic_stringIcSt11char_traitsIcESaIcEEESt10shared_ptrIN4DUUF4COMF3UDP13UdpConnectionEEEEeqERKSF_
FN:574,_ZNSt8_Rb_treeINSt7__cxx1112basic_stringIcSt11char_traitsIcESaIcEEESt4pairIKS5_St10shared_ptrIN4DUUF4COMF3UDP13UdpConnectionEEESt10_Select1stISE_ESt4lessIS5_ESaISE_EE21_M_get_Node_allocatorEv
FN:587,_ZNSt8_Rb_treeINSt7__cxx1112basic_stringIcSt11char_traitsIcESaIcEEESt4pairIKS5_St10shared_ptrIN4DUUF4COMF3UDP13UdpConnectionEEESt10_Select1stISE_ESt4lessIS5_ESaISE_EE11_M_get_nodeEv
FN:591,_ZNSt8_Rb_treeINSt7__cxx1112basic_stringIcSt11char_traitsIcESaIcEEESt4pairIKS5_St10shared_ptrIN4DUUF4COMF3UDP13UdpConnectionEEESt10_Select1stISE_ESt4lessIS5_ESaISE_EE11_M_put_nodeEPSt13_Rb_tree_nodeISE_E
FN:621,_ZNSt8_Rb_treeINSt7__cxx1112basic_stringIcSt11char_traitsIcESaIcEEESt4pairIKS5_St10shared_ptrIN4DUUF4COMF3UDP13UdpConnectionEEESt10_Select1stISE_ESt4lessIS5_ESaISE_EE17_M_construct_nodeIJS6_IS5_SD_EEEEvPSt13_Rb_tree_nodeISE_EDpOT_
FN:640,_ZNSt8_Rb_treeINSt7__cxx1112basic_stringIcSt11char_traitsIcESaIcEEESt4pairIKS5_St10shared_ptrIN4DUUF4COMF3UDP13UdpConnectionEEESt10_Select1stISE_ESt4lessIS5_ESaISE_EE14_M_create_nodeIJS6_IS5_SD_EEEEPSt13_Rb_tree_nodeISE_EDpOT_
FN:648,_ZNSt8_Rb_treeINSt7__cxx1112basic_stringIcSt11char_traitsIcESaIcEEESt4pairIKS5_St10shared_ptrIN4DUUF4COMF3UDP13UdpConnectionEEESt10_Select1stISE_ESt4lessIS5_ESaISE_EE15_M_destroy_nodeEPSt13_Rb_tree_nodeISE_E
FN:656,_ZNSt8_Rb_treeINSt7__cxx1112basic_stringIcSt11char_traitsIcESaIcEEESt4pairIKS5_St10shared_ptrIN4DUUF4COMF3UDP13UdpConnectionEEESt10_Select1stISE_ESt4lessIS5_ESaISE_EE12_M_drop_nodeEPSt13_Rb_tree_nodeISE_E
FN:688,_ZNSt8_Rb_treeINSt7__cxx1112basic_stringIcSt11char_traitsIcESaIcEEESt4pairIKS5_St10shared_ptrIN4DUUF4COMF3UDP13UdpConnectionEEESt10_Select1stISE_ESt4lessIS5_ESaISE_EE13_Rb_tree_implISI_Lb1EEC2Ev
FN:741,_ZNSt8_Rb_treeINSt7__cxx1112basic_stringIcSt11char_traitsIcESaIcEEESt4pairIKS5_St10shared_ptrIN4DUUF4COMF3UDP13UdpConnectionEEESt10_Select1stISE_ESt4lessIS5_ESaISE_EE8_M_beginEv
FN:745,_ZNKSt8_Rb_treeINSt7__cxx1112basic_stringIcSt11char_traitsIcESaIcEEESt4pairIKS5_St10shared_ptrIN4DUUF4COMF3UDP13UdpConnectionEEESt10_Select1stISE_ESt4lessIS5_ESaISE_EE8_M_beginEv
FN:752,_ZNSt8_Rb_treeINSt7__cxx1112basic_stringIcSt11char_traitsIcESaIcEEESt4pairIKS5_St10shared_ptrIN4DUUF4COMF3UDP13UdpConnectionEEESt10_Select1stISE_ESt4lessIS5_ESaISE_EE6_M_endEv
FN:756,_ZNKSt8_Rb_treeINSt7__cxx1112basic_stringIcSt11char_traitsIcESaIcEEESt4pairIKS5_St10shared_ptrIN4DUUF4COMF3UDP13UdpConnectionEEESt10_Select1stISE_ESt4lessIS5_ESaISE_EE6_M_endEv
FN:760,_ZNSt8_Rb_treeINSt7__cxx1112basic_stringIcSt11char_traitsIcESaIcEEESt4pairIKS5_St10shared_ptrIN4DUUF4COMF3UDP13UdpConnectionEEESt10_Select1stISE_ESt4lessIS5_ESaISE_EE8_S_valueEPKSt13_Rb_tree_nodeISE_E
FN:764,_ZNSt8_Rb_treeINSt7__cxx1112basic_stringIcSt11char_traitsIcESaIcEEESt4pairIKS5_St10shared_ptrIN4DUUF4COMF3UDP13UdpConnectionEEESt10_Select1stISE_ESt4lessIS5_ESaISE_EE6_S_keyEPKSt13_Rb_tree_nodeISE_E
FN:768,_ZNSt8_Rb_treeINSt7__cxx1112basic_stringIcSt11char_traitsIcESaIcEEESt4pairIKS5_St10shared_ptrIN4DUUF4COMF3UDP13UdpConnectionEEESt10_Select1stISE_ESt4lessIS5_ESaISE_EE7_S_leftEPSt18_Rb_tree_node_base
FN:772,_ZNSt8_Rb_treeINSt7__cxx1112basic_stringIcSt11char_traitsIcESaIcEEESt4pairIKS5_St10shared_ptrIN4DUUF4COMF3UDP13UdpConnectionEEESt10_Select1stISE_ESt4lessIS5_ESaISE_EE7_S_leftEPKSt18_Rb_tree_node_base
FN:776,_ZNSt8_Rb_treeINSt7__cxx1112basic_stringIcSt11char_traitsIcESaIcEEESt4pairIKS5_St10shared_ptrIN4DUUF4COMF3UDP13UdpConnectionEEESt10_Select1stISE_ESt4lessIS5_ESaISE_EE8_S_rightEPSt18_Rb_tree_node_base
FN:780,_ZNSt8_Rb_treeINSt7__cxx1112basic_stringIcSt11char_traitsIcESaIcEEESt4pairIKS5_St10shared_ptrIN4DUUF4COMF3UDP13UdpConnectionEEESt10_Select1stISE_ESt4lessIS5_ESaISE_EE8_S_rightEPKSt18_Rb_tree_node_base
FN:784,_ZNSt8_Rb_treeINSt7__cxx1112basic_stringIcSt11char_traitsIcESaIcEEESt4pairIKS5_St10shared_ptrIN4DUUF4COMF3UDP13UdpConnectionEEESt10_Select1stISE_ESt4lessIS5_ESaISE_EE8_S_valueEPKSt18_Rb_tree_node_base
FN:788,_ZNSt8_Rb_treeINSt7__cxx1112basic_stringIcSt11char_traitsIcESaIcEEESt4pairIKS5_St10shared_ptrIN4DUUF4COMF3UDP13UdpConnectionEEESt10_Select1stISE_ESt4lessIS5_ESaISE_EE6_S_keyEPKSt18_Rb_tree_node_base
FN:918,_ZNSt8_Rb_treeINSt7__cxx1112basic_stringIcSt11char_traitsIcESaIcEEESt4pairIKS5_St10shared_ptrIN4DUUF4COMF3UDP13UdpConnectionEEESt10_Select1stISE_ESt4lessIS5_ESaISE_EEC2Ev
FN:953,_ZNSt8_Rb_treeINSt7__cxx1112basic_stringIcSt11char_traitsIcESaIcEEESt4pairIKS5_St10shared_ptrIN4DUUF4COMF3UDP13UdpConnectionEEESt10_Select1stISE_ESt4lessIS5_ESaISE_EED2Ev
FN:979,_ZNSt8_Rb_treeINSt7__cxx1112basic_stringIcSt11char_traitsIcESaIcEEESt4pairIKS5_St10shared_ptrIN4DUUF4COMF3UDP13UdpConnectionEEESt10_Select1stISE_ESt4lessIS5_ESaISE_EE5beginEv
FN:987,_ZNSt8_Rb_treeINSt7__cxx1112basic_stringIcSt11char_traitsIcESaIcEEESt4pairIKS5_St10shared_ptrIN4DUUF4COMF3UDP13UdpConnectionEEESt10_Select1stISE_ESt4lessIS5_ESaISE_EE3endEv
FN:991,_ZNKSt8_Rb_treeINSt7__cxx1112basic_stringIcSt11char_traitsIcESaIcEEESt4pairIKS5_St10shared_ptrIN4DUUF4COMF3UDP13UdpConnectionEEESt10_Select1stISE_ESt4lessIS5_ESaISE_EE3endEv
FN:1139,_ZNSt8_Rb_treeINSt7__cxx1112basic_stringIcSt11char_traitsIcESaIcEEESt4pairIKS5_St10shared_ptrIN4DUUF4COMF3UDP13UdpConnectionEEESt10_Select1stISE_ESt4lessIS5_ESaISE_EE5eraseB5cxx11ESt17_Rb_tree_iteratorISE_E
FN:1188,_ZNSt8_Rb_treeINSt7__cxx1112basic_stringIcSt11char_traitsIcESaIcEEESt4pairIKS5_St10shared_ptrIN4DUUF4COMF3UDP13UdpConnectionEEESt10_Select1stISE_ESt4lessIS5_ESaISE_EE5clearEv
FN:1869,_ZNSt8_Rb_treeINSt7__cxx1112basic_stringIcSt11char_traitsIcESaIcEEESt4pairIKS5_St10shared_ptrIN4DUUF4COMF3UDP13UdpConnectionEEESt10_Select1stISE_ESt4lessIS5_ESaISE_EE8_M_eraseEPSt13_Rb_tree_nodeISE_E
FN:1886,_ZNSt8_Rb_treeINSt7__cxx1112basic_stringIcSt11char_traitsIcESaIcEEESt4pairIKS5_St10shared_ptrIN4DUUF4COMF3UDP13UdpConnectionEEESt10_Select1stISE_ESt4lessIS5_ESaISE_EE14_M_lower_boundEPSt13_Rb_tree_nodeISE_EPSt18_Rb_tree_node_baseRS7_
FN:1902,_ZNKSt8_Rb_treeINSt7__cxx1112basic_stringIcSt11char_traitsIcESaIcEEESt4pairIKS5_St10shared_ptrIN4DUUF4COMF3UDP13UdpConnectionEEESt10_Select1stISE_ESt4lessIS5_ESaISE_EE14_M_lower_boundEPKSt13_Rb_tree_nodeISE_EPKSt18_Rb_tree_node_baseRS7_
FN:2047,_ZNSt8_Rb_treeINSt7__cxx1112basic_stringIcSt11char_traitsIcESaIcEEESt4pairIKS5_St10shared_ptrIN4DUUF4COMF3UDP13UdpConnectionEEESt10_Select1stISE_ESt4lessIS5_ESaISE_EE24_M_get_insert_unique_posERS7_
FN:2316,_ZNSt8_Rb_treeINSt7__cxx1112basic_stringIcSt11char_traitsIcESaIcEEESt4pairIKS5_St10shared_ptrIN4DUUF4COMF3UDP13UdpConnectionEEESt10_Select1stISE_ESt4lessIS5_ESaISE_EE14_M_insert_nodeEPSt18_Rb_tree_node_baseSM_PSt13_Rb_tree_nodeISE_E
FN:2367,_ZNSt8_Rb_treeINSt7__cxx1112basic_stringIcSt11char_traitsIcESaIcEEESt4pairIKS5_St10shared_ptrIN4DUUF4COMF3UDP13UdpConnectionEEESt10_Select1stISE_ESt4lessIS5_ESaISE_EE17_M_emplace_uniqueIJS6_IS5_SD_EEEES6_ISt17_Rb_tree_iteratorISE_EbEDpOT_
FN:2489,_ZNSt8_Rb_treeINSt7__cxx1112basic_stringIcSt11char_traitsIcESaIcEEESt4pairIKS5_St10shared_ptrIN4DUUF4COMF3UDP13UdpConnectionEEESt10_Select1stISE_ESt4lessIS5_ESaISE_EE12_M_erase_auxESt23_Rb_tree_const_iteratorISE_E
FN:2539,_ZNSt8_Rb_treeINSt7__cxx1112basic_stringIcSt11char_traitsIcESaIcEEESt4pairIKS5_St10shared_ptrIN4DUUF4COMF3UDP13UdpConnectionEEESt10_Select1stISE_ESt4lessIS5_ESaISE_EE4findERS7_
FN:2552,_ZNKSt8_Rb_treeINSt7__cxx1112basic_stringIcSt11char_traitsIcESaIcEEESt4pairIKS5_St10shared_ptrIN4DUUF4COMF3UDP13UdpConnectionEEESt10_Select1stISE_ESt4lessIS5_ESaISE_EE4findERS7_
FNDA:0,_ZNSt20_Rb_tree_key_compareISt4lessINSt7__cxx1112basic_stringIcSt11char_traitsIcESaIcEEEEEC2Ev
FNDA:0,_ZNSt15_Rb_tree_headerC2Ev
FNDA:0,_ZNSt15_Rb_tree_header8_M_resetEv
FNDA:0,_ZNSt13_Rb_tree_nodeISt4pairIKNSt7__cxx1112basic_stringIcSt11char_traitsIcESaIcEEESt10shared_ptrIN4DUUF4COMF3UDP13UdpConnectionEEEE9_M_valptrEv
FNDA:0,_ZNKSt13_Rb_tree_nodeISt4pairIKNSt7__cxx1112basic_stringIcSt11char_traitsIcESaIcEEESt10shared_ptrIN4DUUF4COMF3UDP13UdpConnectionEEEE9_M_valptrEv
FNDA:0,_ZNSt17_Rb_tree_iteratorISt4pairIKNSt7__cxx1112basic_stringIcSt11char_traitsIcESaIcEEESt10shared_ptrIN4DUUF4COMF3UDP13UdpConnectionEEEEC2EPSt18_Rb_tree_node_base
FNDA:0,_ZNKSt17_Rb_tree_iteratorISt4pairIKNSt7__cxx1112basic_stringIcSt11char_traitsIcESaIcEEESt10shared_ptrIN4DUUF4COMF3UDP13UdpConnectionEEEEptEv
FNDA:0,_ZNSt17_Rb_tree_iteratorISt4pairIKNSt7__cxx1112basic_stringIcSt11char_traitsIcESaIcEEESt10shared_ptrIN4DUUF4COMF3UDP13UdpConnectionEEEEppEv
FNDA:0,_ZNSt17_Rb_tree_iteratorISt4pairIKNSt7__cxx1112basic_stringIcSt11char_traitsIcESaIcEEESt10shared_ptrIN4DUUF4COMF3UDP13UdpConnectionEEEEmmEv
FNDA:0,_ZNKSt17_Rb_tree_iteratorISt4pairIKNSt7__cxx1112basic_stringIcSt11char_traitsIcESaIcEEESt10shared_ptrIN4DUUF4COMF3UDP13UdpConnectionEEEEeqERKSF_
FNDA:0,_ZNSt23_Rb_tree_const_iteratorISt4pairIKNSt7__cxx1112basic_stringIcSt11char_traitsIcESaIcEEESt10shared_ptrIN4DUUF4COMF3UDP13UdpConnectionEEEEC2EPKSt18_Rb_tree_node_base
FNDA:0,_ZNSt23_Rb_tree_const_iteratorISt4pairIKNSt7__cxx1112basic_stringIcSt11char_traitsIcESaIcEEESt10shared_ptrIN4DUUF4COMF3UDP13UdpConnectionEEEEC2ERKSt17_Rb_tree_iteratorISE_E
FNDA:0,_ZNKSt23_Rb_tree_const_iteratorISt4pairIKNSt7__cxx1112basic_stringIcSt11char_traitsIcESaIcEEESt10shared_ptrIN4DUUF4COMF3UDP13UdpConnectionEEEEptEv
FNDA:0,_ZNKSt23_Rb_tree_const_iteratorISt4pairIKNSt7__cxx1112basic_stringIcSt11char_traitsIcESaIcEEESt10shared_ptrIN4DUUF4COMF3UDP13UdpConnectionEEEEeqERKSF_
FNDA:0,_ZNSt8_Rb_treeINSt7__cxx1112basic_stringIcSt11char_traitsIcESaIcEEESt4pairIKS5_St10shared_ptrIN4DUUF4COMF3UDP13UdpConnectionEEESt10_Select1stISE_ESt4lessIS5_ESaISE_EE21_M_get_Node_allocatorEv
FNDA:0,_ZNSt8_Rb_treeINSt7__cxx1112basic_stringIcSt11char_traitsIcESaIcEEESt4pairIKS5_St10shared_ptrIN4DUUF4COMF3UDP13UdpConnectionEEESt10_Select1stISE_ESt4lessIS5_ESaISE_EE11_M_get_nodeEv
FNDA:0,_ZNSt8_Rb_treeINSt7__cxx1112basic_stringIcSt11char_traitsIcESaIcEEESt4pairIKS5_St10shared_ptrIN4DUUF4COMF3UDP13UdpConnectionEEESt10_Select1stISE_ESt4lessIS5_ESaISE_EE11_M_put_nodeEPSt13_Rb_tree_nodeISE_E
FNDA:0,_ZNSt8_Rb_treeINSt7__cxx1112basic_stringIcSt11char_traitsIcESaIcEEESt4pairIKS5_St10shared_ptrIN4DUUF4COMF3UDP13UdpConnectionEEESt10_Select1stISE_ESt4lessIS5_ESaISE_EE17_M_construct_nodeIJS6_IS5_SD_EEEEvPSt13_Rb_tree_nodeISE_EDpOT_
FNDA:0,_ZNSt8_Rb_treeINSt7__cxx1112basic_stringIcSt11char_traitsIcESaIcEEESt4pairIKS5_St10shared_ptrIN4DUUF4COMF3UDP13UdpConnectionEEESt10_Select1stISE_ESt4lessIS5_ESaISE_EE14_M_create_nodeIJS6_IS5_SD_EEEEPSt13_Rb_tree_nodeISE_EDpOT_
FNDA:0,_ZNSt8_Rb_treeINSt7__cxx1112basic_stringIcSt11char_traitsIcESaIcEEESt4pairIKS5_St10shared_ptrIN4DUUF4COMF3UDP13UdpConnectionEEESt10_Select1stISE_ESt4lessIS5_ESaISE_EE15_M_destroy_nodeEPSt13_Rb_tree_nodeISE_E
FNDA:0,_ZNSt8_Rb_treeINSt7__cxx1112basic_stringIcSt11char_traitsIcESaIcEEESt4pairIKS5_St10shared_ptrIN4DUUF4COMF3UDP13UdpConnectionEEESt10_Select1stISE_ESt4lessIS5_ESaISE_EE12_M_drop_nodeEPSt13_Rb_tree_nodeISE_E
FNDA:0,_ZNSt8_Rb_treeINSt7__cxx1112basic_stringIcSt11char_traitsIcESaIcEEESt4pairIKS5_St10shared_ptrIN4DUUF4COMF3UDP13UdpConnectionEEESt10_Select1stISE_ESt4lessIS5_ESaISE_EE13_Rb_tree_implISI_Lb1EEC2Ev
FNDA:0,_ZNSt8_Rb_treeINSt7__cxx1112basic_stringIcSt11char_traitsIcESaIcEEESt4pairIKS5_St10shared_ptrIN4DUUF4COMF3UDP13UdpConnectionEEESt10_Select1stISE_ESt4lessIS5_ESaISE_EE8_M_beginEv
FNDA:0,_ZNKSt8_Rb_treeINSt7__cxx1112basic_stringIcSt11char_traitsIcESaIcEEESt4pairIKS5_St10shared_ptrIN4DUUF4COMF3UDP13UdpConnectionEEESt10_Select1stISE_ESt4lessIS5_ESaISE_EE8_M_beginEv
FNDA:0,_ZNSt8_Rb_treeINSt7__cxx1112basic_stringIcSt11char_traitsIcESaIcEEESt4pairIKS5_St10shared_ptrIN4DUUF4COMF3UDP13UdpConnectionEEESt10_Select1stISE_ESt4lessIS5_ESaISE_EE6_M_endEv
FNDA:0,_ZNKSt8_Rb_treeINSt7__cxx1112basic_stringIcSt11char_traitsIcESaIcEEESt4pairIKS5_St10shared_ptrIN4DUUF4COMF3UDP13UdpConnectionEEESt10_Select1stISE_ESt4lessIS5_ESaISE_EE6_M_endEv
FNDA:0,_ZNSt8_Rb_treeINSt7__cxx1112basic_stringIcSt11char_traitsIcESaIcEEESt4pairIKS5_St10shared_ptrIN4DUUF4COMF3UDP13UdpConnectionEEESt10_Select1stISE_ESt4lessIS5_ESaISE_EE8_S_valueEPKSt13_Rb_tree_nodeISE_E
FNDA:0,_ZNSt8_Rb_treeINSt7__cxx1112basic_stringIcSt11char_traitsIcESaIcEEESt4pairIKS5_St10shared_ptrIN4DUUF4COMF3UDP13UdpConnectionEEESt10_Select1stISE_ESt4lessIS5_ESaISE_EE6_S_keyEPKSt13_Rb_tree_nodeISE_E
FNDA:0,_ZNSt8_Rb_treeINSt7__cxx1112basic_stringIcSt11char_traitsIcESaIcEEESt4pairIKS5_St10shared_ptrIN4DUUF4COMF3UDP13UdpConnectionEEESt10_Select1stISE_ESt4lessIS5_ESaISE_EE7_S_leftEPSt18_Rb_tree_node_base
FNDA:0,_ZNSt8_Rb_treeINSt7__cxx1112basic_stringIcSt11char_traitsIcESaIcEEESt4pairIKS5_St10shared_ptrIN4DUUF4COMF3UDP13UdpConnectionEEESt10_Select1stISE_ESt4lessIS5_ESaISE_EE7_S_leftEPKSt18_Rb_tree_node_base
FNDA:0,_ZNSt8_Rb_treeINSt7__cxx1112basic_stringIcSt11char_traitsIcESaIcEEESt4pairIKS5_St10shared_ptrIN4DUUF4COMF3UDP13UdpConnectionEEESt10_Select1stISE_ESt4lessIS5_ESaISE_EE8_S_rightEPSt18_Rb_tree_node_base
FNDA:0,_ZNSt8_Rb_treeINSt7__cxx1112basic_stringIcSt11char_traitsIcESaIcEEESt4pairIKS5_St10shared_ptrIN4DUUF4COMF3UDP13UdpConnectionEEESt10_Select1stISE_ESt4lessIS5_ESaISE_EE8_S_rightEPKSt18_Rb_tree_node_base
FNDA:0,_ZNSt8_Rb_treeINSt7__cxx1112basic_stringIcSt11char_traitsIcESaIcEEESt4pairIKS5_St10shared_ptrIN4DUUF4COMF3UDP13UdpConnectionEEESt10_Select1stISE_ESt4lessIS5_ESaISE_EE8_S_valueEPKSt18_Rb_tree_node_base
FNDA:0,_ZNSt8_Rb_treeINSt7__cxx1112basic_stringIcSt11char_traitsIcESaIcEEESt4pairIKS5_St10shared_ptrIN4DUUF4COMF3UDP13UdpConnectionEEESt10_Select1stISE_ESt4lessIS5_ESaISE_EE6_S_keyEPKSt18_Rb_tree_node_base
FNDA:0,_ZNSt8_Rb_treeINSt7__cxx1112basic_stringIcSt11char_traitsIcESaIcEEESt4pairIKS5_St10shared_ptrIN4DUUF4COMF3UDP13UdpConnectionEEESt10_Select1stISE_ESt4lessIS5_ESaISE_EEC2Ev
FNDA:0,_ZNSt8_Rb_treeINSt7__cxx1112basic_stringIcSt11char_traitsIcESaIcEEESt4pairIKS5_St10shared_ptrIN4DUUF4COMF3UDP13UdpConnectionEEESt10_Select1stISE_ESt4lessIS5_ESaISE_EED2Ev
FNDA:0,_ZNSt8_Rb_treeINSt7__cxx1112basic_stringIcSt11char_traitsIcESaIcEEESt4pairIKS5_St10shared_ptrIN4DUUF4COMF3UDP13UdpConnectionEEESt10_Select1stISE_ESt4lessIS5_ESaISE_EE5beginEv
FNDA:0,_ZNSt8_Rb_treeINSt7__cxx1112basic_stringIcSt11char_traitsIcESaIcEEESt4pairIKS5_St10shared_ptrIN4DUUF4COMF3UDP13UdpConnectionEEESt10_Select1stISE_ESt4lessIS5_ESaISE_EE3endEv
FNDA:0,_ZNKSt8_Rb_treeINSt7__cxx1112basic_stringIcSt11char_traitsIcESaIcEEESt4pairIKS5_St10shared_ptrIN4DUUF4COMF3UDP13UdpConnectionEEESt10_Select1stISE_ESt4lessIS5_ESaISE_EE3endEv
FNDA:0,_ZNSt8_Rb_treeINSt7__cxx1112basic_stringIcSt11char_traitsIcESaIcEEESt4pairIKS5_St10shared_ptrIN4DUUF4COMF3UDP13UdpConnectionEEESt10_Select1stISE_ESt4lessIS5_ESaISE_EE5eraseB5cxx11ESt17_Rb_tree_iteratorISE_E
FNDA:0,_ZNSt8_Rb_treeINSt7__cxx1112basic_stringIcSt11char_traitsIcESaIcEEESt4pairIKS5_St10shared_ptrIN4DUUF4COMF3UDP13UdpConnectionEEESt10_Select1stISE_ESt4lessIS5_ESaISE_EE5clearEv
FNDA:0,_ZNSt8_Rb_treeINSt7__cxx1112basic_stringIcSt11char_traitsIcESaIcEEESt4pairIKS5_St10shared_ptrIN4DUUF4COMF3UDP13UdpConnectionEEESt10_Select1stISE_ESt4lessIS5_ESaISE_EE8_M_eraseEPSt13_Rb_tree_nodeISE_E
FNDA:0,_ZNSt8_Rb_treeINSt7__cxx1112basic_stringIcSt11char_traitsIcESaIcEEESt4pairIKS5_St10shared_ptrIN4DUUF4COMF3UDP13UdpConnectionEEESt10_Select1stISE_ESt4lessIS5_ESaISE_EE14_M_lower_boundEPSt13_Rb_tree_nodeISE_EPSt18_Rb_tree_node_baseRS7_
FNDA:0,_ZNKSt8_Rb_treeINSt7__cxx1112basic_stringIcSt11char_traitsIcESaIcEEESt4pairIKS5_St10shared_ptrIN4DUUF4COMF3UDP13UdpConnectionEEESt10_Select1stISE_ESt4lessIS5_ESaISE_EE14_M_lower_boundEPKSt13_Rb_tree_nodeISE_EPKSt18_Rb_tree_node_baseRS7_
FNDA:0,_ZNSt8_Rb_treeINSt7__cxx1112basic_stringIcSt11char_traitsIcESaIcEEESt4pairIKS5_St10shared_ptrIN4DUUF4COMF3UDP13UdpConnectionEEESt10_Select1stISE_ESt4lessIS5_ESaISE_EE24_M_get_insert_unique_posERS7_
FNDA:0,_ZNSt8_Rb_treeINSt7__cxx1112basic_stringIcSt11char_traitsIcESaIcEEESt4pairIKS5_St10shared_ptrIN4DUUF4COMF3UDP13UdpConnectionEEESt10_Select1stISE_ESt4lessIS5_ESaISE_EE14_M_insert_nodeEPSt18_Rb_tree_node_baseSM_PSt13_Rb_tree_nodeISE_E
FNDA:0,_ZNSt8_Rb_treeINSt7__cxx1112basic_stringIcSt11char_traitsIcESaIcEEESt4pairIKS5_St10shared_ptrIN4DUUF4COMF3UDP13UdpConnectionEEESt10_Select1stISE_ESt4lessIS5_ESaISE_EE17_M_emplace_uniqueIJS6_IS5_SD_EEEES6_ISt17_Rb_tree_iteratorISE_EbEDpOT_
FNDA:0,_ZNSt8_Rb_treeINSt7__cxx1112basic_stringIcSt11char_traitsIcESaIcEEESt4pairIKS5_St10shared_ptrIN4DUUF4COMF3UDP13UdpConnectionEEESt10_Select1stISE_ESt4lessIS5_ESaISE_EE12_M_erase_auxESt23_Rb_tree_const_iteratorISE_E
FNDA:0,_ZNSt8_Rb_treeINSt7__cxx1112basic_stringIcSt11char_traitsIcESaIcEEESt4pairIKS5_St10shared_ptrIN4DUUF4COMF3UDP13UdpConnectionEEESt10_Select1stISE_ESt4lessIS5_ESaISE_EE4findERS7_
FNDA:0,_ZNKSt8_Rb_treeINSt7__cxx1112basic_stringIcSt11char_traitsIcESaIcEEESt4pairIKS5_St10shared_ptrIN4DUUF4COMF3UDP13UdpConnectionEEESt10_Select1stISE_ESt4lessIS5_ESaISE_EE4findERS7_
FNF:50
FNH:0
DA:146,0
DA:150,0
DA:173,0
DA:174,0
DA:175,0
DA:176,0
DA:177,0
DA:206,0
DA:208,0
DA:209,0
DA:210,0
DA:211,0
DA:212,0
DA:234,0
DA:235,0
DA:238,0
DA:239,0
DA:273,0
DA:274,0
DA:281,0
DA:282,0
DA:285,0
DA:287,0
DA:288,0
DA:300,0
DA:302,0
DA:303,0
DA:315,0
DA:316,0
DA:345,0
DA:346,0
DA:348,0
DA:349,0
DA:360,0
DA:361,0
DA:394,0
DA:395,0
DA:574,0
DA:575,0
DA:587,0
DA:588,0
DA:591,0
DA:592,0
DA:621,0
DA:625,0
DA:626,0
DA:630,0
DA:633,0
DA:634,0
DA:636,0
DA:640,0
DA:642,0
DA:643,0
DA:644,0
DA:648,0
DA:650,0
DA:652,0
DA:656,0
DA:658,0
DA:659,0
DA:660,0
DA:688,0
DA:692,0
DA:693,0
DA:741,0
DA:742,0
DA:745,0
DA:748,0
DA:752,0
DA:753,0
DA:756,0
DA:757,0
DA:760,0
DA:761,0
DA:764,0
DA:765,0
DA:768,0
DA:769,0
DA:772,0
DA:773,0
DA:776,0
DA:777,0
DA:780,0
DA:781,0
DA:784,0
DA:785,0
DA:788,0
DA:789,0
DA:918,0
DA:953,0
DA:955,0
DA:968,0
DA:979,0
DA:980,0
DA:987,0
DA:988,0
DA:991,0
DA:992,0
DA:1139,0
DA:1142,0
DA:1143,0
DA:1144,0
DA:1145,0
DA:1188,0
DA:1190,0
DA:1191,0
DA:1192,0
DA:1869,0
DA:1873,0
DA:1875,0
DA:1876,0
DA:1877,0
DA:1878,0
DA:1880,0
DA:1886,0
DA:1890,0
DA:1891,0
DA:1892,0
DA:1894,0
DA:1895,0
DA:1902,0
DA:1906,0
DA:1907,0
DA:1908,0
DA:1910,0
DA:1911,0
DA:2047,0
DA:2051,0
DA:2052,0
DA:2053,0
DA:2054,0
DA:2056,0
DA:2057,0
DA:2058,0
DA:2060,0
DA:2061,0
DA:2063,0
DA:2064,0
DA:2066,0
DA:2068,0
DA:2069,0
DA:2070,0
DA:2316,0
DA:2319,0
DA:2320,0
DA:2323,0
DA:2324,0
DA:2325,0
DA:2326,0
DA:2367,0
DA:2370,0
DA:2375,0
DA:2376,0
DA:2377,0
DA:2379,0
DA:2380,0
DA:2382,0
DA:2384,0
DA:2385,0
DA:2489,0
DA:2494,0
DA:2495,0
DA:2496,0
DA:2497,0
DA:2498,0
DA:2539,0
DA:2542,0
DA:2543,0
DA:2544,0
DA:2545,0
DA:2552,0
DA:2555,0
DA:2556,0
DA:2557,0
DA:2558,0
LF:175
LH:0
end_of_record
SF:/usr/include/c++/8/ext/type_traits.h
FN:152,_ZN9__gnu_cxx17__is_null_pointerIcEEbPT_
FNDA:0,_ZN9__gnu_cxx17__is_null_pointerIcEEbPT_
FNF:1
FNH:0
DA:152,0
DA:153,0
LF:2
LH:0
end_of_record
SF:/usr/include/c++/8/typeinfo
FN:120,_ZNKSt9type_infoeqERKS_
FNDA:0,_ZNKSt9type_infoeqERKS_
FNF:1
FNH:0
DA:120,0
DA:122,0
DA:123,0
DA:124,0
LF:4
LH:0
end_of_record
TN:
SF:/mnt/hgfs/Desktop/DUUF/COMF/udp_message_queue/UdpMessageQueue.cpp
FN:20,_ZN4DUUF4COMF3UDP15UdpMessageQueueC2Ev
FN:23,_ZN4DUUF4COMF3UDP15UdpMessageQueueC2ERKS2_
FN:26,_ZN4DUUF4COMF3UDP15UdpMessageQueueD2Ev
FN:26,_ZN4DUUF4COMF3UDP15UdpMessageQueueD0Ev
FNDA:0,_ZN4DUUF4COMF3UDP15UdpMessageQueueC2Ev
FNDA:0,_ZN4DUUF4COMF3UDP15UdpMessageQueueC2ERKS2_
FNDA:0,_ZN4DUUF4COMF3UDP15UdpMessageQueueD0Ev
FNDA:0,_ZN4DUUF4COMF3UDP15UdpMessageQueueD2Ev
FNF:4
FNH:0
DA:20,0
DA:21,0
DA:23,0
DA:24,0
DA:26,0
DA:27,0
LF:6
LH:0
end_of_record
TN:
SF:/mnt/hgfs/Desktop/DUUF/COMF/udp_sender_receiver/UdpBase.cpp
FN:25,_ZN4DUUF4COMF3UDP7UdpBaseC2ERKNSt7__cxx1112basic_stringIcSt11char_traitsIcESaIcEEERKiSC_
FN:57,_ZN4DUUF4COMF3UDP7UdpBaseD0Ev
FN:57,_ZN4DUUF4COMF3UDP7UdpBaseD2Ev
FN:64,_ZNK4DUUF4COMF3UDP7UdpBase10get_socketEv
FN:68,_ZNK4DUUF4COMF3UDP7UdpBase8get_portEv
FN:72,_ZNK4DUUF4COMF3UDP7UdpBase11get_addressB5cxx11Ev
FNDA:6,_ZN4DUUF4COMF3UDP7UdpBaseC2ERKNSt7__cxx1112basic_stringIcSt11char_traitsIcESaIcEEERKiSC_
FNDA:0,_ZN4DUUF4COMF3UDP7UdpBaseD0Ev
FNDA:3,_ZN4DUUF4COMF3UDP7UdpBaseD2Ev
FNDA:0,_ZNK4DUUF4COMF3UDP7UdpBase10get_socketEv
FNDA:0,_ZNK4DUUF4COMF3UDP7UdpBase8get_portEv
FNDA:0,_ZNK4DUUF4COMF3UDP7UdpBase11get_addressB5cxx11Ev
FNF:6
FNH:2
DA:25,6
DA:26,6
DA:27,6
DA:31,6
DA:35,12
DA:36,6
DA:37,12
DA:39,6
DA:40,6
DA:41,6
DA:42,6
DA:45,6
DA:46,6
DA:50,6
DA:51,6
DA:55,6
DA:57,3
DA:58,3
DA:59,3
DA:60,3
DA:62,3
DA:64,0
DA:65,0
DA:68,0
DA:69,0
DA:72,0
DA:73,0
LF:27
LH:21
end_of_record
SF:/usr/include/c++/8/bits/alloc_traits.h
FN:504,_ZNSt16allocator_traitsISaIcEE37select_on_container_copy_constructionERKS0_
FNDA:0,_ZNSt16allocator_traitsISaIcEE37select_on_container_copy_constructionERKS0_
FNF:1
FNH:0
DA:504,0
DA:505,0
LF:2
LH:0
end_of_record
SF:/usr/include/c++/8/ext/alloc_traits.h
FN:94,_ZN9__gnu_cxx14__alloc_traitsISaIcEcE17_S_select_on_copyERKS1_
FNDA:0,_ZN9__gnu_cxx14__alloc_traitsISaIcEcE17_S_select_on_copyERKS1_
FNF:1
FNH:0
DA:94,0
DA:95,0
LF:2
LH:0
end_of_record
SF:/usr/include/c++/8/bits/basic_string.h
FN:232,_ZNSt7__cxx1112basic_stringIcSt11char_traitsIcESaIcEE16_M_construct_auxIPcEEvT_S7_St12__false_type
FN:252,_ZNSt7__cxx1112basic_stringIcSt11char_traitsIcESaIcEE12_M_constructIPcEEvT_S7_
FNDA:0,_ZNSt7__cxx1112basic_stringIcSt11char_traitsIcESaIcEE16_M_construct_auxIPcEEvT_S7_St12__false_type
FNDA:0,_ZNSt7__cxx1112basic_stringIcSt11char_traitsIcESaIcEE12_M_constructIPcEEvT_S7_
FNF:2
FNH:0
DA:232,0
DA:236,0
DA:237,0
DA:252,0
DA:255,0
DA:256,0
LF:6
LH:0
end_of_record
SF:/usr/include/c++/8/bits/basic_string.tcc
FN:206,_ZNSt7__cxx1112basic_stringIcSt11char_traitsIcESaIcEE12_M_constructIPcEEvT_S7_St20forward_iterator_tag
FNDA:0,_ZNSt7__cxx1112basic_stringIcSt11char_traitsIcESaIcEE12_M_constructIPcEEvT_S7_St20forward_iterator_tag
FNF:1
FNH:0
DA:206,0
DA:211,0
DA:212,0
DA:215,0
DA:217,0
DA:219,0
DA:220,0
DA:225,0
DA:226,0
DA:228,0
DA:229,0
DA:232,0
DA:233,0
LF:13
LH:0
end_of_record
SF:/usr/include/c++/8/bits/ios_base.h
FN:129,_ZStorSt13_Ios_OpenmodeS_
FNDA:0,_ZStorSt13_Ios_OpenmodeS_
FNF:1
FNH:0
DA:129,0
DA:130,0
LF:2
LH:0
end_of_record
SF:/usr/include/c++/8/bits/move.h
FN:99,_ZSt4moveIRSaIcEEONSt16remove_referenceIT_E4typeEOS3_
FNDA:0,_ZSt4moveIRSaIcEEONSt16remove_referenceIT_E4typeEOS3_
FNF:1
FNH:0
DA:99,0
DA:100,0
LF:2
LH:0
end_of_record
SF:/usr/include/c++/8/ext/new_allocator.h
FN:81,_ZN9__gnu_cxx13new_allocatorIcEC2ERKS1_
FN:86,_ZN9__gnu_cxx13new_allocatorIcED2Ev
FNDA:0,_ZN9__gnu_cxx13new_allocatorIcEC2ERKS1_
FNDA:0,_ZN9__gnu_cxx13new_allocatorIcED2Ev
FNF:2
FNH:0
DA:81,0
DA:86,0
LF:2
LH:0
end_of_record
SF:/usr/include/c++/8/bits/stl_iterator_base_funcs.h
FN:98,_ZSt10__distanceIPcENSt15iterator_traitsIT_E15difference_typeES2_S2_St26random_access_iterator_tag
FN:138,_ZSt8distanceIPcENSt15iterator_traitsIT_E15difference_typeES2_S2_
FNDA:0,_ZSt10__distanceIPcENSt15iterator_traitsIT_E15difference_typeES2_S2_St26random_access_iterator_tag
FNDA:0,_ZSt8distanceIPcENSt15iterator_traitsIT_E15difference_typeES2_S2_
FNF:2
FNH:0
DA:98,0
DA:104,0
DA:138,0
DA:141,0
DA:142,0
LF:5
LH:0
end_of_record
SF:/usr/include/c++/8/bits/stl_iterator_base_types.h
FN:205,_ZSt19__iterator_categoryIPcENSt15iterator_traitsIT_E17iterator_categoryERKS2_
FNDA:0,_ZSt19__iterator_categoryIPcENSt15iterator_traitsIT_E17iterator_categoryERKS2_
FNF:1
FNH:0
DA:205,0
DA:206,0
LF:2
LH:0
end_of_record
SF:/usr/include/c++/8/ext/type_traits.h
FN:152,_ZN9__gnu_cxx17__is_null_pointerIcEEbPT_
FNDA:0,_ZN9__gnu_cxx17__is_null_pointerIcEEbPT_
FNF:1
FNH:0
DA:152,0
DA:153,0
LF:2
LH:0
end_of_record
TN:
SF:/mnt/hgfs/Desktop/DUUF/COMF/udp_sender_receiver/UdpReceiver.cpp
FN:27,_ZN4DUUF4COMF3UDP11UdpReceiverC2ERKNSt7__cxx1112basic_stringIcSt11char_traitsIcESaIcEEERKiSC_PS9_
FN:94,_ZNK4DUUF4COMF3UDP11UdpReceiver4recvEPcm
FN:98,_ZNK4DUUF4COMF3UDP11UdpReceiver10timed_recvEPcmi
FN:116,_ZNK4DUUF4COMF3UDP11UdpReceiver10timed_recvB5cxx11Eii
FNDA:0,_ZN4DUUF4COMF3UDP11UdpReceiverC2ERKNSt7__cxx1112basic_stringIcSt11char_traitsIcESaIcEEERKiSC_PS9_
FNDA:0,_ZNK4DUUF4COMF3UDP11UdpReceiver4recvEPcm
FNDA:0,_ZNK4DUUF4COMF3UDP11UdpReceiver10timed_recvEPcmi
FNDA:0,_ZNK4DUUF4COMF3UDP11UdpReceiver10timed_recvB5cxx11Eii
FNF:4
FNH:0
DA:27,0
DA:28,0
DA:29,0
DA:30,0
DA:31,0
DA:34,0
DA:35,0
DA:36,0
DA:37,0
DA:38,0
DA:39,0
DA:40,0
DA:41,0
DA:42,0
DA:43,0
DA:48,0
DA:51,0
DA:52,0
DA:53,0
DA:55,0
DA:56,0
DA:57,0
DA:58,0
DA:60,0
DA:61,0
DA:62,0
DA:67,0
DA:70,0
DA:71,0
DA:72,0
DA:73,0
DA:75,0
DA:82,0
DA:83,0
DA:92,0
DA:94,0
DA:95,0
DA:98,0
DA:100,0
DA:101,0
DA:102,0
DA:103,0
DA:105,0
DA:106,0
DA:108,0
DA:112,0
DA:113,0
DA:116,0
DA:117,0
DA:118,0
DA:119,0
DA:120,0
DA:122,0
DA:127,0
DA:129,0
DA:130,0
DA:131,0
DA:133,0
LF:58
LH:0
end_of_record
SF:/mnt/hgfs/Desktop/DUUF/COMF/udp_sender_receiver/UdpReceiver.h
FN:26,_ZN4DUUF4COMF3UDP11UdpReceiverD0Ev
FN:26,_ZN4DUUF4COMF3UDP11UdpReceiverD2Ev
FNDA:0,_ZN4DUUF4COMF3UDP11UdpReceiverD0Ev
FNDA:0,_ZN4DUUF4COMF3UDP11UdpReceiverD2Ev
FNF:2
FNH:0
DA:26,0
LF:1
LH:0
end_of_record
SF:/usr/include/c++/8/bits/alloc_traits.h
FN:435,_ZNSt16allocator_traitsISaIcEE8allocateERS0_m
FN:461,_ZNSt16allocator_traitsISaIcEE10deallocateERS0_Pcm
FN:474,_ZNSt16allocator_traitsISaIcEE9constructIcJRKcEEEvRS0_PT_DpOT0_
FN:486,_ZNSt16allocator_traitsISaIcEE7destroyIcEEvRS0_PT_
FN:495,_ZNSt16allocator_traitsISaIcEE8max_sizeERKS0_
FNDA:0,_ZNSt16allocator_traitsISaIcEE8allocateERS0_m
FNDA:0,_ZNSt16allocator_traitsISaIcEE10deallocateERS0_Pcm
FNDA:0,_ZNSt16allocator_traitsISaIcEE9constructIcJRKcEEEvRS0_PT_DpOT0_
FNDA:0,_ZNSt16allocator_traitsISaIcEE7destroyIcEEvRS0_PT_
FNDA:0,_ZNSt16allocator_traitsISaIcEE8max_sizeERKS0_
FNF:5
FNH:0
DA:435,0
DA:436,0
DA:461,0
DA:462,0
DA:474,0
DA:475,0
DA:486,0
DA:487,0
DA:495,0
DA:496,0
LF:10
LH:0
end_of_record
SF:/usr/include/c++/8/bits/char_traits.h
FN:348,_ZNSt11char_traitsIcE4copyEPcPKcm
FNDA:0,_ZNSt11char_traitsIcE4copyEPcPKcm
FNF:1
FNH:0
DA:348,0
DA:350,0
DA:351,0
DA:352,0
LF:4
LH:0
end_of_record
SF:/usr/include/c++/8/bits/cpp_type_traits.h
FN:419,_ZSt12__miter_baseIPcET_S1_
FN:419,_ZSt12__miter_baseIN9__gnu_cxx17__normal_iteratorIPcSt6vectorIcSaIcEEEEET_S7_
FNDA:0,_ZSt12__miter_baseIPcET_S1_
FNDA:0,_ZSt12__miter_baseIN9__gnu_cxx17__normal_iteratorIPcSt6vectorIcSaIcEEEEET_S7_
FNF:2
FNH:0
DA:419,0
DA:420,0
LF:2
LH:0
end_of_record
SF:/usr/include/c++/8/bits/ios_base.h
FN:129,_ZStorSt13_Ios_OpenmodeS_
FNDA:0,_ZStorSt13_Ios_OpenmodeS_
FNF:1
FNH:0
DA:129,0
DA:130,0
LF:2
LH:0
end_of_record
SF:/usr/include/c++/8/bits/move.h
FN:47,_ZSt11__addressofIcEPT_RS0_
FN:74,_ZSt7forwardIRKcEOT_RNSt16remove_referenceIS2_E4typeE
FN:99,_ZSt4moveIRSaIcEEONSt16remove_referenceIT_E4typeEOS3_
FN:138,_ZSt9addressofIcEPT_RS0_
FNDA:0,_ZSt11__addressofIcEPT_RS0_
FNDA:0,_ZSt7forwardIRKcEOT_RNSt16remove_referenceIS2_E4typeE
FNDA:0,_ZSt4moveIRSaIcEEONSt16remove_referenceIT_E4typeEOS3_
FNDA:0,_ZSt9addressofIcEPT_RS0_
FNF:4
FNH:0
DA:47,0
DA:48,0
DA:74,0
DA:75,0
DA:99,0
DA:100,0
DA:138,0
DA:139,0
LF:8
LH:0
end_of_record
SF:/usr/include/c++/8/new
FN:168,_ZnwmPv
FNDA:0,_ZnwmPv
FNF:1
FNH:0
DA:168,0
DA:169,0
LF:2
LH:0
end_of_record
SF:/usr/include/c++/8/ext/new_allocator.h
FN:79,_ZN9__gnu_cxx13new_allocatorIcEC2Ev
FN:86,_ZN9__gnu_cxx13new_allocatorIcED2Ev
FN:99,_ZN9__gnu_cxx13new_allocatorIcE8allocateEmPKv
FN:116,_ZN9__gnu_cxx13new_allocatorIcE10deallocateEPcm
FN:129,_ZNK9__gnu_cxx13new_allocatorIcE8max_sizeEv
FN:135,_ZN9__gnu_cxx13new_allocatorIcE9constructIcJRKcEEEvPT_DpOT0_
FN:140,_ZN9__gnu_cxx13new_allocatorIcE7destroyIcEEvPT_
FNDA:0,_ZN9__gnu_cxx13new_allocatorIcEC2Ev
FNDA:0,_ZN9__gnu_cxx13new_allocatorIcED2Ev
FNDA:0,_ZN9__gnu_cxx13new_allocatorIcE8allocateEmPKv
FNDA:0,_ZN9__gnu_cxx13new_allocatorIcE10deallocateEPcm
FNDA:0,_ZNK9__gnu_cxx13new_allocatorIcE8max_sizeEv
FNDA:0,_ZN9__gnu_cxx13new_allocatorIcE9constructIcJRKcEEEvPT_DpOT0_
FNDA:0,_ZN9__gnu_cxx13new_allocatorIcE7destroyIcEEvPT_
FNF:7
FNH:0
DA:79,0
DA:86,0
DA:99,0
DA:101,0
DA:102,0
DA:111,0
DA:116,0
DA:125,0
DA:126,0
DA:129,0
DA:130,0
DA:135,0
DA:136,0
DA:140,0
LF:14
LH:0
end_of_record
SF:/usr/include/c++/8/bits/ptr_traits.h
FN:141,_ZNSt14pointer_traitsIPcE10pointer_toERc
FNDA:0,_ZNSt14pointer_traitsIPcE10pointer_toERc
FNF:1
FNH:0
DA:141,0
DA:142,0
LF:2
LH:0
end_of_record
SF:/usr/include/c++/8/bits/stl_algobase.h
FN:219,_ZSt3maxImERKT_S2_S2_
FN:277,_ZSt12__niter_baseIPcET_S1_
FN:357,_ZNSt11__copy_moveILb1ELb1ESt26random_access_iterator_tagE8__copy_mIcEEPT_PKS3_S6_S4_
FN:357,_ZNSt11__copy_moveILb0ELb1ESt26random_access_iterator_tagE8__copy_mIcEEPT_PKS3_S6_S4_
FN:375,_ZSt13__copy_move_aILb1EPcS0_ET1_T0_S2_S1_
FN:375,_ZSt13__copy_move_aILb0EPcS0_ET1_T0_S2_S1_
FN:420,_ZSt14__copy_move_a2ILb1EPcS0_ET1_T0_S2_S1_
FN:420,_ZSt14__copy_move_a2ILb0EN9__gnu_cxx17__normal_iteratorIPcSt6vectorIcSaIcEEEENS1_IS2_NSt7__cxx1112basic_stringIcSt11char_traitsIcES4_EEEEET1_T0_SE_SD_
FN:446,_ZSt4copyISt13move_iteratorIPcES1_ET0_T_S4_S3_
FN:446,_ZSt4copyIN9__gnu_cxx17__normal_iteratorIPcSt6vectorIcSaIcEEEENS1_IS2_NSt7__cxx1112basic_stringIcSt11char_traitsIcES4_EEEEET0_T_SE_SD_
FN:559,_ZNSt20__copy_move_backwardILb1ELb1ESt26random_access_iterator_tagE13__copy_move_bIcEEPT_PKS3_S6_S4_
FN:577,_ZSt22__copy_move_backward_aILb1EPcS0_ET1_T0_S2_S1_
FN:595,_ZSt23__copy_move_backward_a2ILb1EPcS0_ET1_T0_S2_S1_
FN:658,_ZSt13move_backwardIPcS0_ET0_T_S2_S1_
FN:703,_ZSt8__fill_aIcEN9__gnu_cxx11__enable_ifIXsrSt9__is_byteIT_E7__valueEvE6__typeEPS3_S7_RKS3_
FN:724,_ZSt4fillIPccEvT_S1_RKT0_
FN:761,_ZSt10__fill_n_aImcEN9__gnu_cxx11__enable_ifIXsrSt9__is_byteIT0_E7__valueEPS3_E6__typeES5_T_RKS3_
FN:784,_ZSt6fill_nIPcmcET_S1_T0_RKT1_
FNDA:0,_ZSt3maxImERKT_S2_S2_
FNDA:0,_ZSt12__niter_baseIPcET_S1_
FNDA:0,_ZNSt11__copy_moveILb1ELb1ESt26random_access_iterator_tagE8__copy_mIcEEPT_PKS3_S6_S4_
FNDA:0,_ZNSt11__copy_moveILb0ELb1ESt26random_access_iterator_tagE8__copy_mIcEEPT_PKS3_S6_S4_
FNDA:0,_ZSt13__copy_move_aILb1EPcS0_ET1_T0_S2_S1_
FNDA:0,_ZSt13__copy_move_aILb0EPcS0_ET1_T0_S2_S1_
FNDA:0,_ZSt14__copy_move_a2ILb1EPcS0_ET1_T0_S2_S1_
FNDA:0,_ZSt14__copy_move_a2ILb0EN9__gnu_cxx17__normal_iteratorIPcSt6vectorIcSaIcEEEENS1_IS2_NSt7__cxx1112basic_stringIcSt11char_traitsIcES4_EEEEET1_T0_SE_SD_
FNDA:0,_ZSt4copyISt13move_iteratorIPcES1_ET0_T_S4_S3_
FNDA:0,_ZSt4copyIN9__gnu_cxx17__normal_iteratorIPcSt6vectorIcSaIcEEEENS1_IS2_NSt7__cxx1112basic_stringIcSt11char_traitsIcES4_EEEEET0_T_SE_SD_
FNDA:0,_ZNSt20__copy_move_backwardILb1ELb1ESt26random_access_iterator_tagE13__copy_move_bIcEEPT_PKS3_S6_S4_
FNDA:0,_ZSt22__copy_move_backward_aILb1EPcS0_ET1_T0_S2_S1_
FNDA:0,_ZSt23__copy_move_backward_a2ILb1EPcS0_ET1_T0_S2_S1_
FNDA:0,_ZSt13move_backwardIPcS0_ET0_T_S2_S1_
FNDA:0,_ZSt8__fill_aIcEN9__gnu_cxx11__enable_ifIXsrSt9__is_byteIT_E7__valueEvE6__typeEPS3_S7_RKS3_
FNDA:0,_ZSt4fillIPccEvT_S1_RKT0_
FNDA:0,_ZSt10__fill_n_aImcEN9__gnu_cxx11__enable_ifIXsrSt9__is_byteIT0_E7__valueEPS3_E6__typeES5_T_RKS3_
FNDA:0,_ZSt6fill_nIPcmcET_S1_T0_RKT1_
FNF:18
FNH:0
DA:219,0
DA:224,0
DA:225,0
DA:226,0
DA:277,0
DA:278,0
DA:357,0
DA:366,0
DA:367,0
DA:368,0
DA:369,0
DA:375,0
DA:380,0
DA:386,0
DA:420,0
DA:422,0
DA:424,0
DA:446,0
DA:455,0
DA:456,0
DA:559,0
DA:568,0
DA:569,0
DA:570,0
DA:571,0
DA:577,0
DA:582,0
DA:588,0
DA:590,0
DA:595,0
DA:598,0
DA:599,0
DA:658,0
DA:668,0
DA:670,0
DA:703,0
DA:705,0
DA:706,0
DA:707,0
DA:708,0
DA:724,0
DA:731,0
DA:733,0
DA:761,0
DA:763,0
DA:764,0
DA:784,0
DA:789,0
LF:48
LH:0
end_of_record
SF:/usr/include/c++/8/bits/stl_construct.h
FN:117,_ZNSt12_Destroy_auxILb1EE9__destroyIPcEEvT_S3_
FN:127,_ZSt8_DestroyIPcEvT_S1_
FN:203,_ZSt8_DestroyIPccEvT_S1_RSaIT0_E
FNDA:0,_ZNSt12_Destroy_auxILb1EE9__destroyIPcEEvT_S3_
FNDA:0,_ZSt8_DestroyIPcEvT_S1_
FNDA:0,_ZSt8_DestroyIPccEvT_S1_RSaIT0_E
FNF:3
FNH:0
DA:117,0
DA:127,0
DA:137,0
DA:138,0
DA:203,0
DA:206,0
DA:207,0
LF:7
LH:0
end_of_record
SF:/usr/include/c++/8/bits/stl_iterator.h
FN:783,_ZN9__gnu_cxx17__normal_iteratorIPcSt6vectorIcSaIcEEEC2ERKS1_
FN:783,_ZN9__gnu_cxx17__normal_iteratorIPcNSt7__cxx1112basic_stringIcSt11char_traitsIcESaIcEEEEC2ERKS1_
FN:848,_ZNK9__gnu_cxx17__normal_iteratorIPcNSt7__cxx1112basic_stringIcSt11char_traitsIcESaIcEEEE4baseEv
FN:848,_ZNK9__gnu_cxx17__normal_iteratorIPcSt6vectorIcSaIcEEE4baseEv
FN:966,_ZN9__gnu_cxxmiIPcSt6vectorIcSaIcEEEENS_17__normal_iteratorIT_T0_E15difference_typeERKS8_SB_
FN:987,_ZSt12__niter_baseIPcSt6vectorIcSaIcEEET_N9__gnu_cxx17__normal_iteratorIS4_T0_EE
FN:987,_ZSt12__niter_baseIPcNSt7__cxx1112basic_stringIcSt11char_traitsIcESaIcEEEET_N9__gnu_cxx17__normal_iteratorIS7_T0_EE
FN:1033,_ZNSt13move_iteratorIPcEC2ES0_
FN:1042,_ZNKSt13move_iteratorIPcE4baseEv
FN:1201,_ZSt18make_move_iteratorIPcESt13move_iteratorIT_ES2_
FN:1218,_ZSt32__make_move_if_noexcept_iteratorIcSt13move_iteratorIPcEET0_PT_
FN:1238,_ZSt12__miter_baseIPcEDTcl12__miter_basecldtfp_4baseEEESt13move_iteratorIT_E
FNDA:0,_ZN9__gnu_cxx17__normal_iteratorIPcNSt7__cxx1112basic_stringIcSt11char_traitsIcESaIcEEEEC2ERKS1_
FNDA:0,_ZN9__gnu_cxx17__normal_iteratorIPcSt6vectorIcSaIcEEEC2ERKS1_
FNDA:0,_ZNK9__gnu_cxx17__normal_iteratorIPcNSt7__cxx1112basic_stringIcSt11char_traitsIcESaIcEEEE4baseEv
FNDA:0,_ZNK9__gnu_cxx17__normal_iteratorIPcSt6vectorIcSaIcEEE4baseEv
FNDA:0,_ZN9__gnu_cxxmiIPcSt6vectorIcSaIcEEEENS_17__normal_iteratorIT_T0_E15difference_typeERKS8_SB_
FNDA:0,_ZSt12__niter_baseIPcNSt7__cxx1112basic_stringIcSt11char_traitsIcESaIcEEEET_N9__gnu_cxx17__normal_iteratorIS7_T0_EE
FNDA:0,_ZSt12__niter_baseIPcSt6vectorIcSaIcEEET_N9__gnu_cxx17__normal_iteratorIS4_T0_EE
FNDA:0,_ZNSt13move_iteratorIPcEC2ES0_
FNDA:0,_ZNKSt13move_iteratorIPcE4baseEv
FNDA:0,_ZSt18make_move_iteratorIPcESt13move_iteratorIT_ES2_
FNDA:0,_ZSt32__make_move_if_noexcept_iteratorIcSt13move_iteratorIPcEET0_PT_
FNDA:0,_ZSt12__miter_baseIPcEDTcl12__miter_basecldtfp_4baseEEESt13move_iteratorIT_E
FNF:12
FNH:0
DA:783,0
DA:784,0
DA:848,0
DA:849,0
DA:966,0
DA:969,0
DA:987,0
DA:988,0
DA:1033,0
DA:1034,0
DA:1042,0
DA:1043,0
DA:1201,0
DA:1202,0
DA:1218,0
DA:1219,0
DA:1238,0
DA:1240,0
LF:18
LH:0
end_of_record
SF:/usr/include/c++/8/bits/stl_uninitialized.h
FN:99,_ZNSt20__uninitialized_copyILb1EE13__uninit_copyISt13move_iteratorIPcES3_EET0_T_S6_S5_
FN:115,_ZSt18uninitialized_copyISt13move_iteratorIPcES1_ET0_T_S4_S3_
FN:226,_ZNSt22__uninitialized_fill_nILb1EE15__uninit_fill_nIPcmcEET_S3_T0_RKT1_
FN:244,_ZSt20uninitialized_fill_nIPcmcET_S1_T0_RKT1_
FN:287,_ZSt22__uninitialized_copy_aISt13move_iteratorIPcES1_cET0_T_S4_S3_RSaIT1_E
FN:294,_ZSt22__uninitialized_move_aIPcS0_SaIcEET0_T_S3_S2_RT1_
FN:305,_ZSt34__uninitialized_move_if_noexcept_aIPcS0_SaIcEET0_T_S3_S2_RT1_
FN:364,_ZSt24__uninitialized_fill_n_aIPcmccET_S1_T0_RKT1_RSaIT2_E
FNDA:0,_ZNSt20__uninitialized_copyILb1EE13__uninit_copyISt13move_iteratorIPcES3_EET0_T_S6_S5_
FNDA:0,_ZSt18uninitialized_copyISt13move_iteratorIPcES1_ET0_T_S4_S3_
FNDA:0,_ZNSt22__uninitialized_fill_nILb1EE15__uninit_fill_nIPcmcEET_S3_T0_RKT1_
FNDA:0,_ZSt20uninitialized_fill_nIPcmcET_S1_T0_RKT1_
FNDA:0,_ZSt22__uninitialized_copy_aISt13move_iteratorIPcES1_cET0_T_S4_S3_RSaIT1_E
[...]
FNDA:45,_ZSt3getILm0EJPNSt7__cxx1112basic_stringIcSt11char_traitsIcESaIcEEESt14default_deleteIS5_EEERNSt13tuple_elementIXT_ESt5tupleIJDpT0_EEE4typeERSD_
FNDA:786,_ZSt3getILm0EJPNSt7__cxx1118basic_stringstreamIcSt11char_traitsIcESaIcEEESt14default_deleteIS5_EEERNSt13tuple_elementIXT_ESt5tupleIJDpT0_EEE4typeERSD_
FNDA:39,_ZSt3getILm0EJPNSt7__cxx1112basic_stringIcSt11char_traitsIcESaIcEEESt14default_deleteIS5_EEERKNSt13tuple_elementIXT_ESt5tupleIJDpT0_EEE4typeERKSD_
FNF:20
FNH:20
DA:113,405
DA:160,831
DA:163,39
DA:195,831
DA:198,39
DA:351,405
DA:1303,1236
DA:1304,1236
DA:1308,39
DA:1309,39
DA:1314,1236
DA:1315,1236
DA:1320,39
DA:1321,39
LF:14
LH:14
end_of_record
SF:/usr/include/c++/8/ext/type_traits.h
FN:152,_ZN9__gnu_cxx17__is_null_pointerIcEEbPT_
FN:152,_ZN9__gnu_cxx17__is_null_pointerIKcEEbPT_
FNDA:0,_ZN9__gnu_cxx17__is_null_pointerIcEEbPT_
FNDA:0,_ZN9__gnu_cxx17__is_null_pointerIKcEEbPT_
FNF:2
FNH:0
DA:152,0
DA:153,0
LF:2
LH:0
end_of_record
SF:/usr/include/c++/8/bits/unique_ptr.h
FN:75,_ZNKSt14default_deleteINSt7__cxx1118basic_stringstreamIcSt11char_traitsIcESaIcEEEEclEPS5_
FN:75,_ZNKSt14default_deleteINSt7__cxx1112basic_stringIcSt11char_traitsIcESaIcEEEEclEPS5_
FN:149,_ZNSt15__uniq_ptr_implINSt7__cxx1118basic_stringstreamIcSt11char_traitsIcESaIcEEESt14default_deleteIS5_EE6_M_ptrEv
FN:149,_ZNSt15__uniq_ptr_implINSt7__cxx1112basic_stringIcSt11char_traitsIcESaIcEEESt14default_deleteIS5_EE6_M_ptrEv
FN:150,_ZNKSt15__uniq_ptr_implINSt7__cxx1112basic_stringIcSt11char_traitsIcESaIcEEESt14default_deleteIS5_EE6_M_ptrEv
FN:151,_ZNSt15__uniq_ptr_implINSt7__cxx1112basic_stringIcSt11char_traitsIcESaIcEEESt14default_deleteIS5_EE10_M_deleterEv
FN:151,_ZNSt15__uniq_ptr_implINSt7__cxx1118basic_stringstreamIcSt11char_traitsIcESaIcEEESt14default_deleteIS5_EE10_M_deleterEv
FN:270,_ZNSt10unique_ptrINSt7__cxx1112basic_stringIcSt11char_traitsIcESaIcEEESt14default_deleteIS5_EED2Ev
FN:270,_ZNSt10unique_ptrINSt7__cxx1118basic_stringstreamIcSt11char_traitsIcESaIcEEESt14default_deleteIS5_EED2Ev
FN:334,_ZNKSt10unique_ptrINSt7__cxx1112basic_stringIcSt11char_traitsIcESaIcEEESt14default_deleteIS5_EEptEv
FN:342,_ZNKSt10unique_ptrINSt7__cxx1112basic_stringIcSt11char_traitsIcESaIcEEESt14default_deleteIS5_EE3getEv
FN:347,_ZNSt10unique_ptrINSt7__cxx1112basic_stringIcSt11char_traitsIcESaIcEEESt14default_deleteIS5_EE11get_deleterEv
FN:347,_ZNSt10unique_ptrINSt7__cxx1118basic_stringstreamIcSt11char_traitsIcESaIcEEESt14default_deleteIS5_EE11get_deleterEv
FNDA:12,_ZNKSt14default_deleteINSt7__cxx1112basic_stringIcSt11char_traitsIcESaIcEEEEclEPS5_
FNDA:393,_ZNKSt14default_deleteINSt7__cxx1118basic_stringstreamIcSt11char_traitsIcESaIcEEEEclEPS5_
FNDA:45,_ZNSt15__uniq_ptr_implINSt7__cxx1112basic_stringIcSt11char_traitsIcESaIcEEESt14default_deleteIS5_EE6_M_ptrEv
FNDA:786,_ZNSt15__uniq_ptr_implINSt7__cxx1118basic_stringstreamIcSt11char_traitsIcESaIcEEESt14default_deleteIS5_EE6_M_ptrEv
FNDA:39,_ZNKSt15__uniq_ptr_implINSt7__cxx1112basic_stringIcSt11char_traitsIcESaIcEEESt14default_deleteIS5_EE6_M_ptrEv
FNDA:12,_ZNSt15__uniq_ptr_implINSt7__cxx1112basic_stringIcSt11char_traitsIcESaIcEEESt14default_deleteIS5_EE10_M_deleterEv
FNDA:393,_ZNSt15__uniq_ptr_implINSt7__cxx1118basic_stringstreamIcSt11char_traitsIcESaIcEEESt14default_deleteIS5_EE10_M_deleterEv
FNDA:33,_ZNSt10unique_ptrINSt7__cxx1112basic_stringIcSt11char_traitsIcESaIcEEESt14default_deleteIS5_EED2Ev
FNDA:393,_ZNSt10unique_ptrINSt7__cxx1118basic_stringstreamIcSt11char_traitsIcESaIcEEESt14default_deleteIS5_EED2Ev
FNDA:12,_ZNKSt10unique_ptrINSt7__cxx1112basic_stringIcSt11char_traitsIcESaIcEEESt14default_deleteIS5_EEptEv
FNDA:39,_ZNKSt10unique_ptrINSt7__cxx1112basic_stringIcSt11char_traitsIcESaIcEEESt14default_deleteIS5_EE3getEv
FNDA:12,_ZNSt10unique_ptrINSt7__cxx1112basic_stringIcSt11char_traitsIcESaIcEEESt14default_deleteIS5_EE11get_deleterEv
FNDA:393,_ZNSt10unique_ptrINSt7__cxx1118basic_stringstreamIcSt11char_traitsIcESaIcEEESt14default_deleteIS5_EE11get_deleterEv
FNF:13
FNH:13
DA:75,405
DA:81,405
DA:82,405
DA:149,831
DA:150,39
DA:151,405
DA:270,426
DA:272,426
DA:273,426
DA:274,405
DA:275,426
DA:276,426
DA:334,12
DA:337,12
DA:342,39
DA:343,39
DA:347,405
DA:348,405
LF:18
LH:18
end_of_record
TN:
SF:/usr/local/include/gtest/gtest.h
FN:2472,_Z13RUN_ALL_TESTSv
FNDA:6,_Z13RUN_ALL_TESTSv
FNF:1
FNH:1
DA:2472,6
DA:2473,6
LF:2
LH:2
end_of_record
SF:/mnt/hgfs/Desktop/DUUF/TESTS/test_main.cpp
FN:10,main
FNDA:6,main
FNF:1
FNH:1
DA:10,6
DA:11,6
DA:12,6
LF:3
LH:3
end_of_record
TN:
SF:/usr/include/c++/8/bits/alloc_traits.h
FN:504,_ZNSt16allocator_traitsISaIcEE37select_on_container_copy_constructionERKS0_
FNDA:0,_ZNSt16allocator_traitsISaIcEE37select_on_container_copy_constructionERKS0_
FNF:1
FNH:0
DA:504,0
DA:505,0
LF:2
LH:0
end_of_record
SF:/usr/include/c++/8/ext/alloc_traits.h
FN:94,_ZN9__gnu_cxx14__alloc_traitsISaIcEcE17_S_select_on_copyERKS1_
FNDA:0,_ZN9__gnu_cxx14__alloc_traitsISaIcEcE17_S_select_on_copyERKS1_
FNF:1
FNH:0
DA:94,0
DA:95,0
LF:2
LH:0
end_of_record
SF:/usr/include/c++/8/bits/basic_string.h
FN:232,_ZNSt7__cxx1112basic_stringIcSt11char_traitsIcESaIcEE16_M_construct_auxIPKcEEvT_S8_St12__false_type
FN:232,_ZNSt7__cxx1112basic_stringIcSt11char_traitsIcESaIcEE16_M_construct_auxIPcEEvT_S7_St12__false_type
FN:252,_ZNSt7__cxx1112basic_stringIcSt11char_traitsIcESaIcEE12_M_constructIPKcEEvT_S8_
FN:252,_ZNSt7__cxx1112basic_stringIcSt11char_traitsIcESaIcEE12_M_constructIPcEEvT_S7_
FNDA:0,_ZNSt7__cxx1112basic_stringIcSt11char_traitsIcESaIcEE16_M_construct_auxIPcEEvT_S7_St12__false_type
FNDA:0,_ZNSt7__cxx1112basic_stringIcSt11char_traitsIcESaIcEE16_M_construct_auxIPKcEEvT_S8_St12__false_type
FNDA:0,_ZNSt7__cxx1112basic_stringIcSt11char_traitsIcESaIcEE12_M_constructIPcEEvT_S7_
FNDA:0,_ZNSt7__cxx1112basic_stringIcSt11char_traitsIcESaIcEE12_M_constructIPKcEEvT_S8_
FNF:4
FNH:0
DA:232,0
DA:236,0
DA:237,0
DA:252,0
DA:255,0
DA:256,0
LF:6
LH:0
end_of_record
SF:/usr/include/c++/8/bits/basic_string.tcc
FN:206,_ZNSt7__cxx1112basic_stringIcSt11char_traitsIcESaIcEE12_M_constructIPKcEEvT_S8_St20forward_iterator_tag
FN:206,_ZNSt7__cxx1112basic_stringIcSt11char_traitsIcESaIcEE12_M_constructIPcEEvT_S7_St20forward_iterator_tag
FNDA:0,_ZNSt7__cxx1112basic_stringIcSt11char_traitsIcESaIcEE12_M_constructIPcEEvT_S7_St20forward_iterator_tag
FNDA:0,_ZNSt7__cxx1112basic_stringIcSt11char_traitsIcESaIcEE12_M_constructIPKcEEvT_S8_St20forward_iterator_tag
FNF:2
FNH:0
DA:206,0
DA:211,0
DA:212,0
DA:215,0
DA:217,0
DA:219,0
DA:220,0
DA:225,0
DA:226,0
DA:228,0
DA:229,0
DA:232,0
DA:233,0
LF:13
LH:0
end_of_record
SF:/usr/include/c++/8/bits/char_traits.h
FN:316,_ZNSt11char_traitsIcE6lengthEPKc
FNDA:0,_ZNSt11char_traitsIcE6lengthEPKc
FNF:1
FNH:0
DA:316,0
DA:322,0
LF:2
LH:0
end_of_record
SF:/usr/local/include/gtest/internal/gtest-internal.h
FN:442,_ZN7testing8internal15TestFactoryBaseD2Ev
FN:442,_ZN7testing8internal15TestFactoryBaseD0Ev
FN:449,_ZN7testing8internal15TestFactoryBaseC2Ev
FN:460,_ZN7testing8internal15TestFactoryImplI26test_udp_sender_test1_TestE10CreateTestEv
FN:481,_ZN7testing8internal12CodeLocationC2ERKNSt7__cxx1112basic_stringIcSt11char_traitsIcESaIcEEEi
FN:494,_ZN7testing8internal19GetNotDefaultOrNullEPFvvES2_
FN:509,_ZN7testing8internal16SuiteApiResolverINS_4TestEE19GetSetUpCaseOrSuiteEPKci
FN:524,_ZN7testing8internal16SuiteApiResolverINS_4TestEE22GetTearDownCaseOrSuiteEPKci
FNDA:0,_ZN7testing8internal15TestFactoryBaseD0Ev
FNDA:0,_ZN7testing8internal15TestFactoryBaseD2Ev
FNDA:0,_ZN7testing8internal15TestFactoryBaseC2Ev
FNDA:3,_ZN7testing8internal15TestFactoryImplI26test_udp_sender_test1_TestE10CreateTestEv
FNDA:0,_ZN7testing8internal12CodeLocationC2ERKNSt7__cxx1112basic_stringIcSt11char_traitsIcESaIcEEEi
FNDA:0,_ZN7testing8internal19GetNotDefaultOrNullEPFvvES2_
FNDA:0,_ZN7testing8internal16SuiteApiResolverINS_4TestEE19GetSetUpCaseOrSuiteEPKci
FNDA:0,_ZN7testing8internal16SuiteApiResolverINS_4TestEE22GetTearDownCaseOrSuiteEPKci
FNF:8
FNH:1
DA:442,0
DA:449,0
DA:460,3
DA:481,0
DA:482,0
DA:494,0
DA:496,0
DA:509,0
DA:512,0
DA:514,0
DA:516,0
DA:519,0
DA:521,0
DA:524,0
DA:527,0
DA:529,0
DA:531,0
DA:534,0
DA:536,0
LF:19
LH:1
end_of_record
SF:/usr/local/include/gtest/internal/gtest-port.h
FN:957,_ZN7testing8internal8GTestLog9GetStreamEv
FNDA:0,_ZN7testing8internal8GTestLog9GetStreamEv
FNF:1
FNH:0
DA:957,0
LF:1
LH:0
end_of_record
SF:/usr/local/include/gtest/gtest.h
FN:293,_ZN7testing15AssertionResultC2IbEERKT_PNSt9enable_ifIXntsrSt14is_convertibleIS2_S0_E5valueEvE4typeE
FN:312,_ZNK7testing15AssertionResultcvbEv
FN:417,_ZN7testing4Test14SetUpTestSuiteEv
FN:427,_ZN7testing4Test17TearDownTestSuiteEv
FN:431,_ZN7testing4Test16TearDownTestCaseEv
FN:432,_ZN7testing4Test13SetUpTestCaseEv
FN:513,_ZN7testing4Test5SetupEv
FNDA:15,_ZN7testing15AssertionResultC2IbEERKT_PNSt9enable_ifIXntsrSt14is_convertibleIS2_S0_E5valueEvE4typeE
FNDA:0,_ZNK7testing15AssertionResultcvbEv
FNDA:0,_ZN7testing4Test14SetUpTestSuiteEv
FNDA:0,_ZN7testing4Test17TearDownTestSuiteEv
FNDA:0,_ZN7testing4Test16TearDownTestCaseEv
FNDA:0,_ZN7testing4Test13SetUpTestCaseEv
FNDA:0,_ZN7testing4Test5SetupEv
FNF:7
FNH:1
DA:293,15
DA:299,15
DA:312,0
DA:417,0
DA:427,0
DA:431,0
DA:432,0
DA:513,0
LF:8
LH:2
end_of_record
SF:/usr/include/c++/8/bits/move.h
FN:99,_ZSt4moveIRSaIcEEONSt16remove_referenceIT_E4typeEOS3_
FNDA:0,_ZSt4moveIRSaIcEEONSt16remove_referenceIT_E4typeEOS3_
FNF:1
FNH:0
DA:99,0
DA:100,0
LF:2
LH:0
end_of_record
SF:/usr/include/c++/8/ext/new_allocator.h
FN:79,_ZN9__gnu_cxx13new_allocatorIcEC2Ev
FN:81,_ZN9__gnu_cxx13new_allocatorIcEC2ERKS1_
FN:86,_ZN9__gnu_cxx13new_allocatorIcED2Ev
FNDA:0,_ZN9__gnu_cxx13new_allocatorIcEC2Ev
FNDA:0,_ZN9__gnu_cxx13new_allocatorIcEC2ERKS1_
FNDA:0,_ZN9__gnu_cxx13new_allocatorIcED2Ev
FNF:3
FNH:0
DA:79,0
DA:81,0
DA:86,0
LF:3
LH:0
end_of_record
SF:/usr/include/c++/8/bits/stl_iterator_base_funcs.h
FN:98,_ZSt10__distanceIPcENSt15iterator_traitsIT_E15difference_typeES2_S2_St26random_access_iterator_tag
FN:98,_ZSt10__distanceIPKcENSt15iterator_traitsIT_E15difference_typeES3_S3_St26random_access_iterator_tag
FNDA:0,_ZSt10__distanceIPcENSt15iterator_traitsIT_E15difference_typeES2_S2_St26random_access_iterator_tag
FNDA:0,_ZSt10__distanceIPKcENSt15iterator_traitsIT_E15difference_typeES3_S3_St26random_access_iterator_tag
FNF:2
FNH:0
DA:98,0
DA:104,0
DA:138,0
DA:141,0
DA:142,0
LF:5
LH:0
end_of_record
SF:/usr/include/c++/8/bits/stl_iterator_base_types.h
FN:205,_ZSt19__iterator_categoryIPcENSt15iterator_traitsIT_E17iterator_categoryERKS2_
FN:205,_ZSt19__iterator_categoryIPKcENSt15iterator_traitsIT_E17iterator_categoryERKS3_
FNDA:0,_ZSt19__iterator_categoryIPcENSt15iterator_traitsIT_E17iterator_categoryERKS2_
FNDA:0,_ZSt19__iterator_categoryIPKcENSt15iterator_traitsIT_E17iterator_categoryERKS3_
FNF:2
FNH:0
DA:205,0
DA:206,0
LF:2
LH:0
end_of_record
SF:/mnt/hgfs/Desktop/DUUF/TESTS/test_udp_sender.cpp
FN:4,_ZN26test_udp_sender_test1_Test8TestBodyEv
FN:4,_ZN26test_udp_sender_test1_TestC2Ev
FNDA:3,_ZN26test_udp_sender_test1_Test8TestBodyEv
FNDA:3,_ZN26test_udp_sender_test1_TestC2Ev
FNF:2
FNH:2
DA:4,6
DA:5,3
DA:6,3
DA:8,3
DA:10,3
DA:12,3
DA:13,3
LF:7
LH:7
end_of_record
SF:/usr/include/c++/8/tuple
FN:76,_ZNSt10_Head_baseILm1ESt14default_deleteINSt7__cxx1112basic_stringIcSt11char_traitsIcESaIcEEEELb1EEC2Ev
FN:113,_ZNSt10_Head_baseILm1ESt14default_deleteINSt7__cxx1112basic_stringIcSt11char_traitsIcESaIcEEEELb1EE7_M_headERS8_
FN:113,_ZNSt10_Head_baseILm1ESt14default_deleteINSt7__cxx1118basic_stringstreamIcSt11char_traitsIcESaIcEEEELb1EE7_M_headERS8_
FN:122,_ZNSt10_Head_baseILm0EPNSt7__cxx1112basic_stringIcSt11char_traitsIcESaIcEEELb0EEC2Ev
FN:160,_ZNSt10_Head_baseILm0EPNSt7__cxx1112basic_stringIcSt11char_traitsIcESaIcEEELb0EE7_M_headERS7_
FN:160,_ZNSt10_Head_baseILm0EPNSt7__cxx1118basic_stringstreamIcSt11char_traitsIcESaIcEEELb0EE7_M_headERS7_
FN:195,_ZNSt11_Tuple_implILm0EJPNSt7__cxx1118basic_stringstreamIcSt11char_traitsIcESaIcEEESt14default_deleteIS5_EEE7_M_headERS9_
FN:195,_ZNSt11_Tuple_implILm0EJPNSt7__cxx1112basic_stringIcSt11char_traitsIcESaIcEEESt14default_deleteIS5_EEE7_M_headERS9_
FN:206,_ZNSt11_Tuple_implILm0EJPNSt7__cxx1112basic_stringIcSt11char_traitsIcESaIcEEESt14default_deleteIS5_EEEC2Ev
FN:351,_ZNSt11_Tuple_implILm1EJSt14default_deleteINSt7__cxx1112basic_stringIcSt11char_traitsIcESaIcEEEEEE7_M_headERS8_
FN:351,_ZNSt11_Tuple_implILm1EJSt14default_deleteINSt7__cxx1118basic_stringstreamIcSt11char_traitsIcESaIcEEEEEE7_M_headERS8_
FN:356,_ZNSt11_Tuple_implILm1EJSt14default_deleteINSt7__cxx1112basic_stringIcSt11char_traitsIcESaIcEEEEEEC2Ev
FN:919,_ZNSt5tupleIJPNSt7__cxx1112basic_stringIcSt11char_traitsIcESaIcEEESt14default_deleteIS5_EEEC2IS6_S8_Lb1EEEv
FN:1303,_ZSt12__get_helperILm0EPNSt7__cxx1112basic_stringIcSt11char_traitsIcESaIcEEEJSt14default_deleteIS5_EEERT0_RSt11_Tuple_implIXT_EJS9_DpT1_EE
FN:1303,_ZSt12__get_helperILm1ESt14default_deleteINSt7__cxx1112basic_stringIcSt11char_traitsIcESaIcEEEEJEERT0_RSt11_Tuple_implIXT_EJS8_DpT1_EE
FN:1303,_ZSt12__get_helperILm1ESt14default_deleteINSt7__cxx1118basic_stringstreamIcSt11char_traitsIcESaIcEEEEJEERT0_RSt11_Tuple_implIXT_EJS8_DpT1_EE
FN:1303,_ZSt12__get_helperILm0EPNSt7__cxx1118basic_stringstreamIcSt11char_traitsIcESaIcEEEJSt14default_deleteIS5_EEERT0_RSt11_Tuple_implIXT_EJS9_DpT1_EE
FN:1314,_ZSt3getILm0EJPNSt7__cxx1118basic_stringstreamIcSt11char_traitsIcESaIcEEESt14default_deleteIS5_EEERNSt13tuple_elementIXT_ESt5tupleIJDpT0_EEE4typeERSD_
FN:1314,_ZSt3getILm0EJPNSt7__cxx1112basic_stringIcSt11char_traitsIcESaIcEEESt14default_deleteIS5_EEERNSt13tuple_elementIXT_ESt5tupleIJDpT0_EEE4typeERSD_
FN:1314,_ZSt3getILm1EJPNSt7__cxx1118basic_stringstreamIcSt11char_traitsIcESaIcEEESt14default_deleteIS5_EEERNSt13tuple_elementIXT_ESt5tupleIJDpT0_EEE4typeERSD_
FN:1314,_ZSt3getILm1EJPNSt7__cxx1112basic_stringIcSt11char_traitsIcESaIcEEESt14default_deleteIS5_EEERNSt13tuple_elementIXT_ESt5tupleIJDpT0_EEE4typeERSD_
FNDA:18,_ZNSt10_Head_baseILm1ESt14default_deleteINSt7__cxx1112basic_stringIcSt11char_traitsIcESaIcEEEELb1EEC2Ev
FNDA:0,_ZNSt10_Head_baseILm1ESt14default_deleteINSt7__cxx1112basic_stringIcSt11char_traitsIcESaIcEEEELb1EE7_M_headERS8_
FNDA:0,_ZNSt10_Head_baseILm1ESt14default_deleteINSt7__cxx1118basic_stringstreamIcSt11char_traitsIcESaIcEEEELb1EE7_M_headERS8_
FNDA:18,_ZNSt10_Head_baseILm0EPNSt7__cxx1112basic_stringIcSt11char_traitsIcESaIcEEELb0EEC2Ev
FNDA:0,_ZNSt10_Head_baseILm0EPNSt7__cxx1112basic_stringIcSt11char_traitsIcESaIcEEELb0EE7_M_headERS7_
FNDA:0,_ZNSt10_Head_baseILm0EPNSt7__cxx1118basic_stringstreamIcSt11char_traitsIcESaIcEEELb0EE7_M_headERS7_
FNDA:0,_ZNSt11_Tuple_implILm0EJPNSt7__cxx1112basic_stringIcSt11char_traitsIcESaIcEEESt14default_deleteIS5_EEE7_M_headERS9_
FNDA:0,_ZNSt11_Tuple_implILm0EJPNSt7__cxx1118basic_stringstreamIcSt11char_traitsIcESaIcEEESt14default_deleteIS5_EEE7_M_headERS9_
FNDA:18,_ZNSt11_Tuple_implILm0EJPNSt7__cxx1112basic_stringIcSt11char_traitsIcESaIcEEESt14default_deleteIS5_EEEC2Ev
FNDA:0,_ZNSt11_Tuple_implILm1EJSt14default_deleteINSt7__cxx1112basic_stringIcSt11char_traitsIcESaIcEEEEEE7_M_headERS8_
FNDA:0,_ZNSt11_Tuple_implILm1EJSt14default_deleteINSt7__cxx1118basic_stringstreamIcSt11char_traitsIcESaIcEEEEEE7_M_headERS8_
FNDA:18,_ZNSt11_Tuple_implILm1EJSt14default_deleteINSt7__cxx1112basic_stringIcSt11char_traitsIcESaIcEEEEEEC2Ev
FNDA:18,_ZNSt5tupleIJPNSt7__cxx1112basic_stringIcSt11char_traitsIcESaIcEEESt14default_deleteIS5_EEEC2IS6_S8_Lb1EEEv
FNDA:0,_ZSt12__get_helperILm1ESt14default_deleteINSt7__cxx1112basic_stringIcSt11char_traitsIcESaIcEEEEJEERT0_RSt11_Tuple_implIXT_EJS8_DpT1_EE
FNDA:0,_ZSt12__get_helperILm1ESt14default_deleteINSt7__cxx1118basic_stringstreamIcSt11char_traitsIcESaIcEEEEJEERT0_RSt11_Tuple_implIXT_EJS8_DpT1_EE
FNDA:0,_ZSt12__get_helperILm0EPNSt7__cxx1112basic_stringIcSt11char_traitsIcESaIcEEEJSt14default_deleteIS5_EEERT0_RSt11_Tuple_implIXT_EJS9_DpT1_EE
FNDA:0,_ZSt12__get_helperILm0EPNSt7__cxx1118basic_stringstreamIcSt11char_traitsIcESaIcEEEJSt14default_deleteIS5_EEERT0_RSt11_Tuple_implIXT_EJS9_DpT1_EE
FNDA:0,_ZSt3getILm1EJPNSt7__cxx1112basic_stringIcSt11char_traitsIcESaIcEEESt14default_deleteIS5_EEERNSt13tuple_elementIXT_ESt5tupleIJDpT0_EEE4typeERSD_
FNDA:0,_ZSt3getILm1EJPNSt7__cxx1118basic_stringstreamIcSt11char_traitsIcESaIcEEESt14default_deleteIS5_EEERNSt13tuple_elementIXT_ESt5tupleIJDpT0_EEE4typeERSD_
FNDA:0,_ZSt3getILm0EJPNSt7__cxx1112basic_stringIcSt11char_traitsIcESaIcEEESt14default_deleteIS5_EEERNSt13tuple_elementIXT_ESt5tupleIJDpT0_EEE4typeERSD_
FNDA:0,_ZSt3getILm0EJPNSt7__cxx1118basic_stringstreamIcSt11char_traitsIcESaIcEEESt14default_deleteIS5_EEERNSt13tuple_elementIXT_ESt5tupleIJDpT0_EEE4typeERSD_
FNF:21
FNH:5
DA:76,18
DA:77,18
DA:113,0
DA:122,18
DA:123,18
DA:160,0
DA:195,0
DA:206,18
DA:207,18
DA:351,0
DA:356,18
DA:357,18
DA:919,18
DA:920,18
DA:1303,0
DA:1304,0
DA:1314,0
DA:1315,0
LF:18
LH:10
end_of_record
SF:/usr/include/c++/8/ext/type_traits.h
FN:152,_ZN9__gnu_cxx17__is_null_pointerIcEEbPT_
FN:152,_ZN9__gnu_cxx17__is_null_pointerIKcEEbPT_
FNDA:0,_ZN9__gnu_cxx17__is_null_pointerIcEEbPT_
FNDA:0,_ZN9__gnu_cxx17__is_null_pointerIKcEEbPT_
FNF:2
FNH:0
DA:152,0
DA:153,0
LF:2
LH:0
end_of_record
SF:/usr/include/c++/8/bits/unique_ptr.h
FN:75,_ZNKSt14default_deleteINSt7__cxx1118basic_stringstreamIcSt11char_traitsIcESaIcEEEEclEPS5_
FN:75,_ZNKSt14default_deleteINSt7__cxx1112basic_stringIcSt11char_traitsIcESaIcEEEEclEPS5_
FN:142,_ZNSt15__uniq_ptr_implINSt7__cxx1112basic_stringIcSt11char_traitsIcESaIcEEESt14default_deleteIS5_EEC2Ev
FN:149,_ZNSt15__uniq_ptr_implINSt7__cxx1118basic_stringstreamIcSt11char_traitsIcESaIcEEESt14default_deleteIS5_EE6_M_ptrEv
FN:149,_ZNSt15__uniq_ptr_implINSt7__cxx1112basic_stringIcSt11char_traitsIcESaIcEEESt14default_deleteIS5_EE6_M_ptrEv
FN:151,_ZNSt15__uniq_ptr_implINSt7__cxx1112basic_stringIcSt11char_traitsIcESaIcEEESt14default_deleteIS5_EE10_M_deleterEv
FN:151,_ZNSt15__uniq_ptr_implINSt7__cxx1118basic_stringstreamIcSt11char_traitsIcESaIcEEESt14default_deleteIS5_EE10_M_deleterEv
FN:191,_ZNSt10unique_ptrINSt7__cxx1112basic_stringIcSt11char_traitsIcESaIcEEESt14default_deleteIS5_EEC2IS7_vEEv
FN:270,_ZNSt10unique_ptrINSt7__cxx1112basic_stringIcSt11char_traitsIcESaIcEEESt14default_deleteIS5_EED2Ev
FN:270,_ZNSt10unique_ptrINSt7__cxx1118basic_stringstreamIcSt11char_traitsIcESaIcEEESt14default_deleteIS5_EED2Ev
FN:347,_ZNSt10unique_ptrINSt7__cxx1112basic_stringIcSt11char_traitsIcESaIcEEESt14default_deleteIS5_EE11get_deleterEv
FN:347,_ZNSt10unique_ptrINSt7__cxx1118basic_stringstreamIcSt11char_traitsIcESaIcEEESt14default_deleteIS5_EE11get_deleterEv
FNDA:0,_ZNKSt14default_deleteINSt7__cxx1112basic_stringIcSt11char_traitsIcESaIcEEEEclEPS5_
FNDA:0,_ZNKSt14default_deleteINSt7__cxx1118basic_stringstreamIcSt11char_traitsIcESaIcEEEEclEPS5_
FNDA:15,_ZNSt15__uniq_ptr_implINSt7__cxx1112basic_stringIcSt11char_traitsIcESaIcEEESt14default_deleteIS5_EEC2Ev
FNDA:0,_ZNSt15__uniq_ptr_implINSt7__cxx1112basic_stringIcSt11char_traitsIcESaIcEEESt14default_deleteIS5_EE6_M_ptrEv
FNDA:0,_ZNSt15__uniq_ptr_implINSt7__cxx1118basic_stringstreamIcSt11char_traitsIcESaIcEEESt14default_deleteIS5_EE6_M_ptrEv
FNDA:0,_ZNSt15__uniq_ptr_implINSt7__cxx1112basic_stringIcSt11char_traitsIcESaIcEEESt14default_deleteIS5_EE10_M_deleterEv
FNDA:0,_ZNSt15__uniq_ptr_implINSt7__cxx1118basic_stringstreamIcSt11char_traitsIcESaIcEEESt14default_deleteIS5_EE10_M_deleterEv
FNDA:15,_ZNSt10unique_ptrINSt7__cxx1112basic_stringIcSt11char_traitsIcESaIcEEESt14default_deleteIS5_EEC2IS7_vEEv
FNDA:0,_ZNSt10unique_ptrINSt7__cxx1112basic_stringIcSt11char_traitsIcESaIcEEESt14default_deleteIS5_EED2Ev
FNDA:0,_ZNSt10unique_ptrINSt7__cxx1118basic_stringstreamIcSt11char_traitsIcESaIcEEESt14default_deleteIS5_EED2Ev
FNDA:0,_ZNSt10unique_ptrINSt7__cxx1112basic_stringIcSt11char_traitsIcESaIcEEESt14default_deleteIS5_EE11get_deleterEv
FNDA:0,_ZNSt10unique_ptrINSt7__cxx1118basic_stringstreamIcSt11char_traitsIcESaIcEEESt14default_deleteIS5_EE11get_deleterEv
FNF:12
FNH:2
DA:75,0
DA:81,0
DA:82,0
DA:142,15
DA:149,0
DA:151,0
DA:191,15
DA:192,15
DA:193,15
DA:270,0
DA:272,0
DA:273,0
DA:274,0
DA:275,0
DA:276,0
DA:347,0
DA:348,0
LF:17
LH:4
end_of_record
