TN:
SF:/mnt/hgfs/Desktop/DUUF/COMF/COMFLogger.cpp
FN:17,_ZN4DUUF4COMF11COMF_LoggerC2Ev
FN:30,_ZN4DUUF4COMF11COMF_LoggerD0Ev
FN:30,_ZN4DUUF4COMF11COMF_LoggerD2Ev
FN:33,_ZN4DUUF4COMF11COMF_Logger9getLoggerEv
FNDA:7248,_ZN4DUUF4COMF11COMF_Logger9getLoggerEv
FNDA:14,_ZN4DUUF4COMF11COMF_LoggerD2Ev
FNDA:14,_ZN4DUUF4COMF11COMF_LoggerC2Ev
FNDA:0,_ZN4DUUF4COMF11COMF_LoggerD0Ev
FNF:4
FNH:3
DA:17,14
DA:18,14
DA:19,28
DA:20,14
DA:21,14
DA:22,14
DA:23,14
DA:24,14
DA:25,14
DA:26,14
DA:27,14
DA:28,14
DA:30,14
DA:31,14
DA:33,7248
DA:34,7248
DA:35,7248
LF:17
LH:17
end_of_record
TN:
SF:/mnt/hgfs/Desktop/DUUF/COMF/message/BaseMessage.cpp
FN:22,_ZN4DUUF4COMF7MESSAGE11BaseMessageC2Ev
FN:27,_ZN4DUUF4COMF7MESSAGE11BaseMessageC2ERKS2_
FN:36,_ZN4DUUF4COMF7MESSAGE11BaseMessageD2Ev
FN:36,_ZN4DUUF4COMF7MESSAGE11BaseMessageD0Ev
FN:42,_ZN4DUUF4COMF7MESSAGE11BaseMessage7SetDataEPKcj
FN:51,_ZNK4DUUF4COMF7MESSAGE11BaseMessage7GetDataEv
FN:55,_ZN4DUUF4COMF7MESSAGE11BaseMessage9SetHeaderERNS1_9BASICTYPE13MessageHeaderE
FN:59,_ZN4DUUF4COMF7MESSAGE11BaseMessage9GetHeaderEv
FN:63,_ZN4DUUF4COMF7MESSAGE11BaseMessage11deserializeERSi
FN:75,_ZNK4DUUF4COMF7MESSAGE11BaseMessage9serializeERSo
FN:82,_ZNK4DUUF4COMF7MESSAGE11BaseMessageeqERKS2_
FNDA:90,_ZN4DUUF4COMF7MESSAGE11BaseMessage7SetDataEPKcj
FNDA:30,_ZNK4DUUF4COMF7MESSAGE11BaseMessage9serializeERSo
FNDA:230,_ZN4DUUF4COMF7MESSAGE11BaseMessage9GetHeaderEv
FNDA:110,_ZN4DUUF4COMF7MESSAGE11BaseMessageC2ERKS2_
FNDA:90,_ZN4DUUF4COMF7MESSAGE11BaseMessage9SetHeaderERNS1_9BASICTYPE13MessageHeaderE
FNDA:0,_ZN4DUUF4COMF7MESSAGE11BaseMessageD0Ev
FNDA:30,_ZN4DUUF4COMF7MESSAGE11BaseMessage11deserializeERSi
FNDA:220,_ZN4DUUF4COMF7MESSAGE11BaseMessageD2Ev
FNDA:40,_ZNK4DUUF4COMF7MESSAGE11BaseMessageeqERKS2_
FNDA:150,_ZNK4DUUF4COMF7MESSAGE11BaseMessage7GetDataEv
FNDA:110,_ZN4DUUF4COMF7MESSAGE11BaseMessageC2Ev
FNF:11
FNH:10
DA:22,110
DA:23,110
DA:24,110
DA:25,110
DA:27,110
DA:31,110
DA:32,110
DA:33,110
DA:34,110
DA:36,220
DA:37,220
DA:38,210
DA:40,220
DA:42,90
DA:43,90
DA:44,10
DA:46,90
DA:47,90
DA:48,90
DA:49,90
DA:51,150
DA:52,150
DA:55,90
DA:56,90
DA:57,90
DA:59,230
DA:60,230
DA:63,30
DA:64,30
DA:65,30
DA:66,30
DA:67,10
DA:69,30
DA:70,30
DA:71,30
DA:75,30
DA:76,30
DA:77,30
DA:78,30
DA:79,30
DA:82,40
DA:83,40
LF:42
LH:42
end_of_record
TN:
SF:/mnt/hgfs/Desktop/DUUF/COMF/message/basic_type/MessageHeader.cpp
FN:24,_ZN4DUUF4COMF7MESSAGE9BASICTYPE13MessageHeaderC2Ev
FN:31,_ZN4DUUF4COMF7MESSAGE9BASICTYPE13MessageHeaderD2Ev
FN:31,_ZN4DUUF4COMF7MESSAGE9BASICTYPE13MessageHeaderD0Ev
FN:34,_ZN4DUUF4COMF7MESSAGE9BASICTYPE13MessageHeader11SetDataSizeEj
FN:38,_ZNK4DUUF4COMF7MESSAGE9BASICTYPE13MessageHeader11GetDataSizeEv
FN:42,_ZN4DUUF4COMF7MESSAGE9BASICTYPE13MessageHeader16SetUsecTimestampERKNSt6chrono8durationIlSt5ratioILl1ELl1000000EEEE
FN:46,_ZN4DUUF4COMF7MESSAGE9BASICTYPE13MessageHeader19SetUsecTimestampNowEv
FN:54,_ZNK4DUUF4COMF7MESSAGE9BASICTYPE13MessageHeader16GetUsecTimestampEv
FN:58,_ZN4DUUF4COMF7MESSAGE9BASICTYPE13MessageHeader7SetPortEi
FN:62,_ZNK4DUUF4COMF7MESSAGE9BASICTYPE13MessageHeader7GetPortEv
FN:66,_ZN4DUUF4COMF7MESSAGE9BASICTYPE13MessageHeader7SetAddrERKNSt7__cxx1112basic_stringIcSt11char_traitsIcESaIcEEE
FN:70,_ZNK4DUUF4COMF7MESSAGE9BASICTYPE13MessageHeader7GetAddrB5cxx11Ev
FN:74,_ZN4DUUF4COMF7MESSAGE9BASICTYPE13MessageHeader11deserializeERSi
FN:86,_ZNK4DUUF4COMF7MESSAGE9BASICTYPE13MessageHeader9serializeERSo
FN:97,_ZNK4DUUF4COMF7MESSAGE9BASICTYPE13MessageHeader12getMessageIdEv
FN:101,_ZN4DUUF4COMF7MESSAGE9BASICTYPE13MessageHeader12setMessageIdEm
FN:105,_ZNK4DUUF4COMF7MESSAGE9BASICTYPE13MessageHeadereqERKS3_
FNDA:90,_ZN4DUUF4COMF7MESSAGE9BASICTYPE13MessageHeader12setMessageIdEm
FNDA:0,_ZN4DUUF4COMF7MESSAGE9BASICTYPE13MessageHeaderD0Ev
FNDA:90,_ZN4DUUF4COMF7MESSAGE9BASICTYPE13MessageHeader11SetDataSizeEj
FNDA:310,_ZN4DUUF4COMF7MESSAGE9BASICTYPE13MessageHeaderC2Ev
FNDA:20,_ZNK4DUUF4COMF7MESSAGE9BASICTYPE13MessageHeader7GetAddrB5cxx11Ev
FNDA:420,_ZNK4DUUF4COMF7MESSAGE9BASICTYPE13MessageHeader11GetDataSizeEv
FNDA:310,_ZN4DUUF4COMF7MESSAGE9BASICTYPE13MessageHeaderD2Ev
FNDA:90,_ZN4DUUF4COMF7MESSAGE9BASICTYPE13MessageHeader7SetPortEi
FNDA:90,_ZN4DUUF4COMF7MESSAGE9BASICTYPE13MessageHeader7SetAddrERKNSt7__cxx1112basic_stringIcSt11char_traitsIcESaIcEEE
FNDA:20,_ZNK4DUUF4COMF7MESSAGE9BASICTYPE13MessageHeader7GetPortEv
FNDA:50,_ZN4DUUF4COMF7MESSAGE9BASICTYPE13MessageHeader19SetUsecTimestampNowEv
FNDA:20,_ZNK4DUUF4COMF7MESSAGE9BASICTYPE13MessageHeader16GetUsecTimestampEv
FNDA:30,_ZN4DUUF4COMF7MESSAGE9BASICTYPE13MessageHeader11deserializeERSi
FNDA:20,_ZNK4DUUF4COMF7MESSAGE9BASICTYPE13MessageHeader12getMessageIdEv
FNDA:30,_ZNK4DUUF4COMF7MESSAGE9BASICTYPE13MessageHeader9serializeERSo
FNDA:40,_ZN4DUUF4COMF7MESSAGE9BASICTYPE13MessageHeader16SetUsecTimestampERKNSt6chrono8durationIlSt5ratioILl1ELl1000000EEEE
FNDA:80,_ZNK4DUUF4COMF7MESSAGE9BASICTYPE13MessageHeadereqERKS3_
FNF:17
FNH:16
DA:24,310
DA:25,310
DA:26,310
DA:27,310
DA:28,310
DA:29,310
DA:31,310
DA:32,310
DA:34,90
DA:35,90
DA:36,90
DA:38,420
DA:39,420
DA:42,40
DA:43,40
DA:44,40
DA:46,50
DA:47,50
DA:48,50
DA:49,50
DA:50,50
DA:51,50
DA:52,50
DA:54,20
DA:55,20
DA:58,90
DA:59,90
DA:60,90
DA:62,20
DA:63,20
DA:66,90
DA:67,90
DA:68,90
DA:70,20
DA:71,20
DA:74,30
DA:75,30
DA:77,30
DA:78,30
DA:79,30
DA:80,30
DA:81,30
DA:82,30
DA:83,30
DA:86,30
DA:87,30
DA:88,30
DA:89,30
DA:90,30
DA:91,30
DA:92,30
DA:93,30
DA:94,30
DA:97,20
DA:98,20
DA:101,90
DA:102,90
DA:103,90
DA:105,80
DA:106,80
LF:60
LH:60
end_of_record
TN:
SF:/mnt/hgfs/Desktop/DUUF/COMF/serialization/Serializable.h
FN:27,_ZN4DUUF4COMF12SerializableD0Ev
FN:27,_ZN4DUUF4COMF12SerializableD2Ev
FNDA:530,_ZN4DUUF4COMF12SerializableD2Ev
FNDA:0,_ZN4DUUF4COMF12SerializableD0Ev
FNF:2
FNH:1
DA:27,530
LF:1
LH:1
end_of_record
TN:
SF:/mnt/hgfs/Desktop/DUUF/COMF/serialization/Serialization.cpp
FN:25,_ZN4DUUF4COMF20deserialize_templateIlEEjRSiRT_
FN:25,_ZN4DUUF4COMF20deserialize_templateIjEEjRSiRT_
FN:25,_ZN4DUUF4COMF20deserialize_templateIcEEjRSiRT_
FN:25,_ZN4DUUF4COMF20deserialize_templateItEEjRSiRT_
FN:25,_ZN4DUUF4COMF20deserialize_templateImEEjRSiRT_
FN:25,_ZN4DUUF4COMF20deserialize_templateIbEEjRSiRT_
FN:25,_ZN4DUUF4COMF20deserialize_templateIsEEjRSiRT_
FN:25,_ZN4DUUF4COMF20deserialize_templateIfEEjRSiRT_
FN:25,_ZN4DUUF4COMF20deserialize_templateIhEEjRSiRT_
FN:25,_ZN4DUUF4COMF20deserialize_templateIiEEjRSiRT_
FN:25,_ZN4DUUF4COMF20deserialize_templateIdEEjRSiRT_
FN:31,_ZN4DUUF4COMF18serialize_templateIdEEjRKT_RSo
FN:31,_ZN4DUUF4COMF18serialize_templateIjEEjRKT_RSo
FN:31,_ZN4DUUF4COMF18serialize_templateIfEEjRKT_RSo
FN:31,_ZN4DUUF4COMF18serialize_templateIhEEjRKT_RSo
FN:31,_ZN4DUUF4COMF18serialize_templateIsEEjRKT_RSo
FN:31,_ZN4DUUF4COMF18serialize_templateIcEEjRKT_RSo
FN:31,_ZN4DUUF4COMF18serialize_templateIiEEjRKT_RSo
FN:31,_ZN4DUUF4COMF18serialize_templateIlEEjRKT_RSo
FN:31,_ZN4DUUF4COMF18serialize_templateItEEjRKT_RSo
FN:31,_ZN4DUUF4COMF18serialize_templateIbEEjRKT_RSo
FN:31,_ZN4DUUF4COMF18serialize_templateImEEjRKT_RSo
FN:37,_ZN4DUUF4COMF13Serialization9serializeERKiRSo
FN:42,_ZN4DUUF4COMF13Serialization9serializeERKjRSo
FN:47,_ZN4DUUF4COMF13Serialization9serializeERKsRSo
FN:52,_ZN4DUUF4COMF13Serialization9serializeERKtRSo
FN:57,_ZN4DUUF4COMF13Serialization9serializeERKlRSo
FN:62,_ZN4DUUF4COMF13Serialization9serializeERKmRSo
FN:67,_ZN4DUUF4COMF13Serialization9serializeERKcRSo
FN:72,_ZN4DUUF4COMF13Serialization9serializeERKhRSo
FN:77,_ZN4DUUF4COMF13Serialization9serializeERKfRSo
FN:82,_ZN4DUUF4COMF13Serialization9serializeERKdRSo
FN:87,_ZN4DUUF4COMF13Serialization9serializeERKbRSo
FN:92,_ZN4DUUF4COMF13Serialization9serializeERKNSt7__cxx1112basic_stringIcSt11char_traitsIcESaIcEEERSo
FN:101,_ZN4DUUF4COMF13Serialization9serializeEPKcjRSo
FN:109,_ZN4DUUF4COMF13Serialization9serializeERKNS0_12SerializableERSo
FN:114,_ZN4DUUF4COMF13Serialization11deserializeERSiRi
FN:119,_ZN4DUUF4COMF13Serialization11deserializeERSiRj
FN:124,_ZN4DUUF4COMF13Serialization11deserializeERSiRs
FN:129,_ZN4DUUF4COMF13Serialization11deserializeERSiRt
FN:134,_ZN4DUUF4COMF13Serialization11deserializeERSiRl
FN:139,_ZN4DUUF4COMF13Serialization11deserializeERSiRm
FN:144,_ZN4DUUF4COMF13Serialization11deserializeERSiRc
FN:149,_ZN4DUUF4COMF13Serialization11deserializeERSiRh
FN:154,_ZN4DUUF4COMF13Serialization11deserializeERSiRf
FN:159,_ZN4DUUF4COMF13Serialization11deserializeERSiRd
FN:164,_ZN4DUUF4COMF13Serialization11deserializeERSiRb
FN:169,_ZN4DUUF4COMF13Serialization11deserializeERSiRNSt7__cxx1112basic_stringIcSt11char_traitsIcESaIcEEE
FN:181,_ZN4DUUF4COMF13Serialization11deserializeERSijPc
FN:196,_ZN4DUUF4COMF13Serialization11deserializeERSiRNS0_12SerializableE
FN:201,_ZN4DUUF4COMF13Serialization18streambufToCharBufERNSt7__cxx1118basic_stringstreamIcSt11char_traitsIcESaIcEEEPcj
FN:212,_ZN4DUUF4COMF13Serialization18charBufToStreamBufEPKcRNSt7__cxx1118basic_stringstreamIcSt11char_traitsIcESaIcEEEj
FNDA:140,_ZN4DUUF4COMF18serialize_templateIjEEjRKT_RSo
FNDA:130,_ZN4DUUF4COMF20deserialize_templateIjEEjRSiRT_
FNDA:10,_ZN4DUUF4COMF20deserialize_templateIcEEjRSiRT_
FNDA:10,_ZN4DUUF4COMF20deserialize_templateItEEjRSiRT_
FNDA:70,_ZN4DUUF4COMF20deserialize_templateImEEjRSiRT_
FNDA:10,_ZN4DUUF4COMF13Serialization11deserializeERSiRf
FNDA:10,_ZN4DUUF4COMF20deserialize_templateIbEEjRSiRT_
FNDA:10,_ZN4DUUF4COMF13Serialization18charBufToStreamBufEPKcRNSt7__cxx1118basic_stringstreamIcSt11char_traitsIcESaIcEEEj
FNDA:10,_ZN4DUUF4COMF13Serialization11deserializeERSiRb
FNDA:10,_ZN4DUUF4COMF20deserialize_templateIsEEjRSiRT_
FNDA:10,_ZN4DUUF4COMF18serialize_templateIfEEjRKT_RSo
FNDA:10,_ZN4DUUF4COMF13Serialization9serializeERKsRSo
FNDA:70,_ZN4DUUF4COMF13Serialization9serializeERKmRSo
FNDA:10,_ZN4DUUF4COMF18serialize_templateIhEEjRKT_RSo
FNDA:10,_ZN4DUUF4COMF13Serialization9serializeERKdRSo
FNDA:10,_ZN4DUUF4COMF18serialize_templateIsEEjRKT_RSo
FNDA:10,_ZN4DUUF4COMF18serialize_templateIcEEjRKT_RSo
FNDA:10,_ZN4DUUF4COMF13Serialization11deserializeERSiRt
FNDA:10,_ZN4DUUF4COMF13Serialization9serializeERKbRSo
FNDA:10,_ZN4DUUF4COMF18serialize_templateIdEEjRKT_RSo
FNDA:10,_ZN4DUUF4COMF13Serialization11deserializeERSiRs
FNDA:70,_ZN4DUUF4COMF13Serialization11deserializeERSiRm
FNDA:40,_ZN4DUUF4COMF13Serialization9serializeERKiRSo
FNDA:10,_ZN4DUUF4COMF13Serialization9serializeERKlRSo
FNDA:40,_ZN4DUUF4COMF13Serialization11deserializeERSiRNSt7__cxx1112basic_stringIcSt11char_traitsIcESaIcEEE
FNDA:10,_ZN4DUUF4COMF13Serialization9serializeERKfRSo
FNDA:10,_ZN4DUUF4COMF20deserialize_templateIlEEjRSiRT_
FNDA:40,_ZN4DUUF4COMF20deserialize_templateIiEEjRSiRT_
FNDA:10,_ZN4DUUF4COMF18serialize_templateIlEEjRKT_RSo
FNDA:10,_ZN4DUUF4COMF20deserialize_templateIdEEjRSiRT_
FNDA:10,_ZN4DUUF4COMF18serialize_templateItEEjRKT_RSo
FNDA:10,_ZN4DUUF4COMF18serialize_templateIbEEjRKT_RSo
FNDA:10,_ZN4DUUF4COMF13Serialization11deserializeERSiRd
FNDA:30,_ZN4DUUF4COMF13Serialization9serializeERKNS0_12SerializableERSo
FNDA:40,_ZN4DUUF4COMF13Serialization11deserializeERSiRi
FNDA:70,_ZN4DUUF4COMF18serialize_templateImEEjRKT_RSo
FNDA:40,_ZN4DUUF4COMF18serialize_templateIiEEjRKT_RSo
FNDA:30,_ZN4DUUF4COMF13Serialization11deserializeERSiRNS0_12SerializableE
FNDA:10,_ZN4DUUF4COMF13Serialization11deserializeERSiRh
FNDA:60,_ZN4DUUF4COMF13Serialization9serializeEPKcjRSo
FNDA:10,_ZN4DUUF4COMF13Serialization11deserializeERSiRc
FNDA:20,_ZN4DUUF4COMF13Serialization18streambufToCharBufERNSt7__cxx1118basic_stringstreamIcSt11char_traitsIcESaIcEEEPcj
FNDA:10,_ZN4DUUF4COMF20deserialize_templateIfEEjRSiRT_
FNDA:10,_ZN4DUUF4COMF13Serialization9serializeERKtRSo
FNDA:10,_ZN4DUUF4COMF13Serialization11deserializeERSiRl
FNDA:50,_ZN4DUUF4COMF13Serialization11deserializeERSijPc
FNDA:40,_ZN4DUUF4COMF13Serialization9serializeERKjRSo
FNDA:10,_ZN4DUUF4COMF20deserialize_templateIhEEjRSiRT_
FNDA:40,_ZN4DUUF4COMF13Serialization11deserializeERSiRj
FNDA:10,_ZN4DUUF4COMF13Serialization9serializeERKcRSo
FNDA:10,_ZN4DUUF4COMF13Serialization9serializeERKhRSo
FNDA:40,_ZN4DUUF4COMF13Serialization9serializeERKNSt7__cxx1112basic_stringIcSt11char_traitsIcESaIcEEERSo
FNF:52
FNH:52
DA:25,320
DA:26,320
DA:27,320
DA:28,320
DA:31,330
DA:32,330
DA:33,330
DA:34,330
DA:37,40
DA:38,40
DA:39,40
DA:42,40
DA:43,40
DA:44,40
DA:47,10
DA:48,10
DA:49,10
DA:52,10
DA:53,10
DA:54,10
DA:57,10
DA:58,10
DA:59,10
DA:62,70
DA:63,70
DA:64,70
DA:67,10
DA:68,10
DA:69,10
DA:72,10
DA:73,10
DA:74,10
DA:77,10
DA:78,10
DA:79,10
DA:82,10
DA:83,10
DA:84,10
DA:87,10
DA:88,10
DA:89,10
DA:92,40
DA:93,40
DA:94,40
DA:95,40
DA:96,40
DA:97,40
DA:98,40
DA:101,60
DA:102,60
DA:103,60
DA:104,60
DA:105,60
DA:106,60
DA:109,30
DA:110,30
DA:111,30
DA:114,40
DA:115,40
DA:116,40
DA:119,40
DA:120,40
DA:121,40
DA:124,10
DA:125,10
DA:126,10
DA:129,10
DA:130,10
DA:131,10
DA:134,10
DA:135,10
DA:136,10
DA:139,70
DA:140,70
DA:141,70
DA:144,10
DA:145,10
DA:146,10
DA:149,10
DA:150,10
DA:151,10
DA:154,10
DA:155,10
DA:156,10
DA:159,10
DA:160,10
DA:161,10
DA:164,10
DA:165,10
DA:166,10
DA:169,40
DA:170,40
DA:171,40
DA:172,40
DA:173,40
DA:174,40
DA:175,40
DA:176,40
DA:177,40
DA:178,80
DA:181,50
DA:182,50
DA:183,50
DA:184,50
DA:185,50
DA:186,50
DA:187,50
DA:188,50
DA:189,40
DA:191,10
DA:193,100
DA:196,30
DA:197,30
DA:198,30
DA:201,20
DA:202,20
DA:203,20
DA:204,10
DA:205,10
DA:207,10
DA:209,10
DA:212,10
DA:213,10
DA:214,10
LF:124
LH:124
end_of_record
TN:
SF:/mnt/hgfs/Desktop/DUUF/COMF/tcp_server_client/TcpBase.cpp
FN:20,_ZN4DUUF4COMF3TCP7TcpBaseC2ERKNSt7__cxx1112basic_stringIcSt11char_traitsIcESaIcEEERKiSC_
FN:55,_ZN4DUUF4COMF3TCP7TcpBaseD0Ev
FN:55,_ZN4DUUF4COMF3TCP7TcpBaseD2Ev
FN:62,_ZNK4DUUF4COMF3TCP7TcpBase10get_socketEv
FN:66,_ZNK4DUUF4COMF3TCP7TcpBase8get_portEv
FN:70,_ZNK4DUUF4COMF3TCP7TcpBase11get_addressB5cxx11Ev
FNDA:21,_ZNK4DUUF4COMF3TCP7TcpBase10get_socketEv
FNDA:12,_ZNK4DUUF4COMF3TCP7TcpBase8get_portEv
FNDA:79,_ZN4DUUF4COMF3TCP7TcpBaseC2ERKNSt7__cxx1112basic_stringIcSt11char_traitsIcESaIcEEERKiSC_
FNDA:0,_ZN4DUUF4COMF3TCP7TcpBaseD0Ev
FNDA:79,_ZN4DUUF4COMF3TCP7TcpBaseD2Ev
FNDA:12,_ZNK4DUUF4COMF3TCP7TcpBase11get_addressB5cxx11Ev
FNF:6
FNH:5
DA:20,79
DA:21,79
DA:22,79
DA:24,0
DA:27,79
DA:29,3
DA:32,158
DA:33,79
DA:34,158
DA:36,79
DA:37,79
DA:38,79
DA:39,79
DA:42,79
DA:43,79
DA:45,5
DA:48,79
DA:49,79
DA:51,5
DA:53,79
DA:55,79
DA:56,79
DA:57,79
DA:58,79
DA:60,79
DA:62,21
DA:63,21
DA:66,12
DA:67,12
DA:70,12
DA:71,12
LF:31
LH:30
end_of_record
TN:
SF:/mnt/hgfs/Desktop/DUUF/COMF/tcp_server_client/TcpClient.cpp
FN:20,_ZN4DUUF4COMF3TCP9TcpClientC2ERKNSt7__cxx1112basic_stringIcSt11char_traitsIcESaIcEEERKiSC_
FN:26,_ZN4DUUF4COMF3TCP9TcpClient7connectEv
FN:33,_ZZN4DUUF4COMF3TCP9TcpClient7connectEvENKUlvE_clEv
FN:69,_ZNK4DUUF4COMF3TCP9TcpClient4sendEPKcm
FN:82,_ZN4DUUF4COMF3TCP9TcpClient4stopEv
FN:86,_ZNK4DUUF4COMF3TCP9TcpClient11isConnectedEv
FNDA:14,_ZNK4DUUF4COMF3TCP9TcpClient4sendEPKcm
FNDA:3,_ZN4DUUF4COMF3TCP9TcpClient7connectEv
FNDA:0,_ZZN4DUUF4COMF3TCP9TcpClient7connectEvENKUlvE_clEv
FNDA:0,_ZN4DUUF4COMF3TCP9TcpClient4stopEv
FNDA:83,_ZN4DUUF4COMF3TCP9TcpClientC2ERKNSt7__cxx1112basic_stringIcSt11char_traitsIcESaIcEEERKiSC_
FNDA:3,_ZNK4DUUF4COMF3TCP9TcpClient11isConnectedEv
FNF:6
FNH:4
DA:20,83
DA:21,83
DA:22,83
DA:23,83
DA:24,83
DA:26,3
DA:28,3
DA:29,3
DA:31,3
DA:33,0
DA:34,0
DA:37,0
DA:40,0
DA:41,0
DA:47,0
DA:50,0
DA:53,0
DA:55,0
DA:56,0
DA:58,0
DA:59,0
DA:61,3
DA:64,0
DA:67,3
DA:69,14
DA:70,14
DA:71,0
DA:72,0
DA:73,0
DA:74,0
DA:76,14
DA:77,14
DA:82,0
DA:83,0
DA:84,0
DA:86,3
DA:87,3
LF:37
LH:17
end_of_record
TN:
SF:/mnt/hgfs/Desktop/DUUF/COMF/tcp_server_client/TcpClient.h
FN:24,_ZN4DUUF4COMF3TCP9TcpClientD0Ev
FN:24,_ZN4DUUF4COMF3TCP9TcpClientD2Ev
FNDA:83,_ZN4DUUF4COMF3TCP9TcpClientD0Ev
FNDA:83,_ZN4DUUF4COMF3TCP9TcpClientD2Ev
FNF:2
FNH:2
DA:24,166
LF:1
LH:1
end_of_record
TN:
SF:/mnt/hgfs/Desktop/DUUF/COMF/tcp_server_client/TcpServer.cpp
FN:20,_ZN4DUUF4COMF3TCP9TcpServerC2ERKNSt7__cxx1112basic_stringIcSt11char_traitsIcESaIcEEERKiSC_j
FN:28,_ZN4DUUF4COMF3TCP9TcpServerD0Ev
FN:28,_ZN4DUUF4COMF3TCP9TcpServerD2Ev
FN:34,_ZN4DUUF4COMF3TCP9TcpServer6listenEv
FN:63,_ZZN4DUUF4COMF3TCP9TcpServer6listenEvENKUlvE_clEv
FN:90,_ZN4DUUF4COMF3TCP9TcpServer20setOnMessageFunctionEPFvPcjE
FN:93,_ZN4DUUF4COMF3TCP9TcpServer4stopEv
FNDA:10,_ZN4DUUF4COMF3TCP9TcpServerC2ERKNSt7__cxx1112basic_stringIcSt11char_traitsIcESaIcEEERKiSC_j
FNDA:0,_ZN4DUUF4COMF3TCP9TcpServer20setOnMessageFunctionEPFvPcjE
FNDA:0,_ZN4DUUF4COMF3TCP9TcpServer6listenEv
FNDA:10,_ZN4DUUF4COMF3TCP9TcpServerD0Ev
FNDA:0,_ZZN4DUUF4COMF3TCP9TcpServer6listenEvENKUlvE_clEv
FNDA:0,_ZN4DUUF4COMF3TCP9TcpServer4stopEv
FNDA:10,_ZN4DUUF4COMF3TCP9TcpServerD2Ev
FNF:7
FNH:3
DA:20,10
DA:21,10
DA:22,10
DA:23,10
DA:24,10
DA:25,10
DA:26,10
DA:28,20
DA:29,10
DA:30,0
DA:32,20
DA:34,0
DA:35,0
DA:37,0
DA:39,0
DA:40,0
DA:41,0
DA:45,0
DA:46,0
DA:47,0
DA:48,0
DA:50,0
DA:51,0
DA:54,0
DA:56,0
DA:58,0
DA:59,0
DA:61,0
DA:63,0
DA:67,0
DA:70,0
DA:71,0
DA:72,0
DA:73,0
DA:77,0
DA:78,0
DA:80,0
DA:81,0
DA:82,0
DA:84,0
DA:86,0
DA:87,0
DA:90,0
DA:91,0
DA:92,0
DA:93,0
DA:94,0
DA:95,0
LF:48
LH:10
end_of_record
TN:
SF:/mnt/hgfs/Desktop/DUUF/COMF/udp_customer/UdpConnection.cpp
FN:15,_ZN4DUUF4COMF3UDP13UdpConnectionC2ERKNSt7__cxx1112basic_stringIcSt11char_traitsIcESaIcEEERKNS1_22Send_Receive_Mode_EnumESA_RKiSF_
FN:51,_ZN4DUUF4COMF3UDP13UdpConnectionD0Ev
FN:51,_ZN4DUUF4COMF3UDP13UdpConnectionD2Ev
FN:69,_ZN4DUUF4COMF3UDP13UdpConnection10enableSendEv
FN:92,_ZN4DUUF4COMF3UDP13UdpConnection13enableReceiveEv
FN:115,_ZNK4DUUF4COMF3UDP13UdpConnection9getFamilyEv
FN:119,_ZNK4DUUF4COMF3UDP13UdpConnection7getModeEv
FN:123,_ZNK4DUUF4COMF3UDP13UdpConnection7getNameB5cxx11Ev
FN:127,_ZNK4DUUF4COMF3UDP13UdpConnection7getPortEv
FN:131,_ZNK4DUUF4COMF3UDP13UdpConnection10getUdpAddrB5cxx11Ev
FN:135,_ZNK4DUUF4COMF3UDP13UdpConnection4sendEPKcm
FN:147,_ZNK4DUUF4COMF3UDP13UdpConnection4recvEPcm
FN:159,_ZN4DUUF4COMF3UDP13UdpConnection11disableSendEv
FN:179,_ZN4DUUF4COMF3UDP13UdpConnection14disableReceiveEv
FN:199,_ZNK4DUUF4COMF3UDP13UdpConnection10timed_recvEPcmi
FNDA:0,_ZNK4DUUF4COMF3UDP13UdpConnection10getUdpAddrB5cxx11Ev
FNDA:0,_ZNK4DUUF4COMF3UDP13UdpConnection7getNameB5cxx11Ev
FNDA:10,_ZNK4DUUF4COMF3UDP13UdpConnection10timed_recvEPcmi
FNDA:0,_ZNK4DUUF4COMF3UDP13UdpConnection7getPortEv
FNDA:0,_ZNK4DUUF4COMF3UDP13UdpConnection9getFamilyEv
FNDA:20,_ZN4DUUF4COMF3UDP13UdpConnection13enableReceiveEv
FNDA:30,_ZN4DUUF4COMF3UDP13UdpConnection11disableSendEv
FNDA:30,_ZN4DUUF4COMF3UDP13UdpConnection14disableReceiveEv
FNDA:10,_ZNK4DUUF4COMF3UDP13UdpConnection4recvEPcm
FNDA:0,_ZNK4DUUF4COMF3UDP13UdpConnection7getModeEv
FNDA:230,_ZN4DUUF4COMF3UDP13UdpConnectionC2ERKNSt7__cxx1112basic_stringIcSt11char_traitsIcESaIcEEERKNS1_22Send_Receive_Mode_EnumESA_RKiSF_
FNDA:40,_ZNK4DUUF4COMF3UDP13UdpConnection4sendEPKcm
FNDA:0,_ZN4DUUF4COMF3UDP13UdpConnectionD0Ev
FNDA:20,_ZN4DUUF4COMF3UDP13UdpConnection10enableSendEv
FNDA:230,_ZN4DUUF4COMF3UDP13UdpConnectionD2Ev
FNF:15
FNH:9
DA:15,230
DA:16,230
DA:17,230
DA:18,60
DA:19,60
DA:20,60
DA:21,60
DA:23,60
DA:24,70
DA:25,70
DA:26,70
DA:27,70
DA:29,70
DA:30,40
DA:31,40
DA:32,40
DA:33,40
DA:35,40
DA:36,60
DA:37,60
DA:38,60
DA:39,60
DA:41,60
DA:42,0
DA:43,0
DA:44,0
DA:45,0
DA:49,230
DA:51,230
DA:52,230
DA:53,90
DA:54,90
DA:56,230
DA:57,120
DA:58,120
DA:60,230
DA:61,230
DA:69,20
DA:70,20
DA:71,10
DA:72,10
DA:73,0
DA:74,0
DA:76,10
DA:77,0
DA:78,10
DA:79,10
DA:83,10
DA:84,10
DA:87,10
DA:88,10
DA:92,20
DA:93,20
DA:94,10
DA:95,10
DA:96,0
DA:97,0
DA:99,10
DA:100,0
DA:101,10
DA:102,10
DA:106,10
DA:107,10
DA:110,10
DA:111,10
DA:115,0
DA:116,0
DA:119,0
DA:120,0
DA:123,0
DA:124,0
DA:127,0
DA:128,0
DA:131,0
DA:132,0
DA:135,40
DA:136,40
DA:137,10
DA:138,10
DA:140,30
DA:141,30
DA:142,30
DA:143,30
DA:147,10
DA:148,10
DA:149,0
DA:150,0
DA:152,10
DA:153,10
DA:154,10
DA:155,10
DA:159,30
DA:160,30
DA:161,20
DA:162,20
DA:163,20
DA:165,20
DA:166,10
DA:167,10
DA:168,10
DA:170,20
DA:171,20
DA:174,10
DA:175,10
DA:179,30
DA:180,30
DA:181,20
DA:182,20
DA:183,20
DA:185,20
DA:186,10
DA:187,10
DA:188,10
DA:190,20
DA:191,20
DA:194,10
DA:195,10
DA:199,10
DA:200,10
DA:201,0
DA:202,0
DA:204,10
DA:205,10
DA:206,10
DA:207,10
LF:125
LH:101
end_of_record
TN:
SF:/mnt/hgfs/Desktop/DUUF/COMF/udp_customer/UdpCustomer.cpp
FN:15,_ZN4DUUF4COMF3UDP11UdpCustomerC2Ev
FN:18,_ZN4DUUF4COMF3UDP11UdpCustomerD2Ev
FN:18,_ZN4DUUF4COMF3UDP11UdpCustomerD0Ev
FN:21,_ZN4DUUF4COMF3UDP11UdpCustomer14openConnectionERKNSt7__cxx1112basic_stringIcSt11char_traitsIcESaIcEEERKNS1_22Send_Receive_Mode_EnumESA_RKiSF_
FN:34,_ZN4DUUF4COMF3UDP11UdpCustomer15closeConnectionERKNSt7__cxx1112basic_stringIcSt11char_traitsIcESaIcEEE
FN:48,_ZN4DUUF4COMF3UDP11UdpCustomer20enableConnectionSendERKNSt7__cxx1112basic_stringIcSt11char_traitsIcESaIcEEE
FN:65,_ZN4DUUF4COMF3UDP11UdpCustomer23enableConnectionReceiveERKNSt7__cxx1112basic_stringIcSt11char_traitsIcESaIcEEE
FN:82,_ZNK4DUUF4COMF3UDP11UdpCustomer4sendEPKcmRKNSt7__cxx1112basic_stringIcSt11char_traitsIcESaIcEEE
FN:96,_ZNK4DUUF4COMF3UDP11UdpCustomer4recvEPcmRKNSt7__cxx1112basic_stringIcSt11char_traitsIcESaIcEEE
FN:110,_ZNK4DUUF4COMF3UDP11UdpCustomer10timed_recvEPcmiRKNSt7__cxx1112basic_stringIcSt11char_traitsIcESaIcEEE
FN:124,_ZN4DUUF4COMF3UDP11UdpCustomer21disableConnectionSendERKNSt7__cxx1112basic_stringIcSt11char_traitsIcESaIcEEE
FN:141,_ZN4DUUF4COMF3UDP11UdpCustomer24disableConnectionReceiveERKNSt7__cxx1112basic_stringIcSt11char_traitsIcESaIcEEE
FN:158,_ZN4DUUF4COMF3UDP11UdpCustomer16isConnectionOpenERKNSt7__cxx1112basic_stringIcSt11char_traitsIcESaIcEEE
FNDA:20,_ZN4DUUF4COMF3UDP11UdpCustomer15closeConnectionERKNSt7__cxx1112basic_stringIcSt11char_traitsIcESaIcEEE
FNDA:10,_ZNK4DUUF4COMF3UDP11UdpCustomer10timed_recvEPcmiRKNSt7__cxx1112basic_stringIcSt11char_traitsIcESaIcEEE
FNDA:40,_ZN4DUUF4COMF3UDP11UdpCustomer21disableConnectionSendERKNSt7__cxx1112basic_stringIcSt11char_traitsIcESaIcEEE
FNDA:40,_ZN4DUUF4COMF3UDP11UdpCustomer24disableConnectionReceiveERKNSt7__cxx1112basic_stringIcSt11char_traitsIcESaIcEEE
FNDA:10,_ZNK4DUUF4COMF3UDP11UdpCustomer4recvEPcmRKNSt7__cxx1112basic_stringIcSt11char_traitsIcESaIcEEE
FNDA:240,_ZN4DUUF4COMF3UDP11UdpCustomerD0Ev
FNDA:240,_ZN4DUUF4COMF3UDP11UdpCustomerD2Ev
FNDA:50,_ZNK4DUUF4COMF3UDP11UdpCustomer4sendEPKcmRKNSt7__cxx1112basic_stringIcSt11char_traitsIcESaIcEEE
FNDA:240,_ZN4DUUF4COMF3UDP11UdpCustomer14openConnectionERKNSt7__cxx1112basic_stringIcSt11char_traitsIcESaIcEEERKNS1_22Send_Receive_Mode_EnumESA_RKiSF_
FNDA:30,_ZN4DUUF4COMF3UDP11UdpCustomer20enableConnectionSendERKNSt7__cxx1112basic_stringIcSt11char_traitsIcESaIcEEE
FNDA:30,_ZN4DUUF4COMF3UDP11UdpCustomer23enableConnectionReceiveERKNSt7__cxx1112basic_stringIcSt11char_traitsIcESaIcEEE
FNDA:400,_ZN4DUUF4COMF3UDP11UdpCustomer16isConnectionOpenERKNSt7__cxx1112basic_stringIcSt11char_traitsIcESaIcEEE
FNDA:240,_ZN4DUUF4COMF3UDP11UdpCustomerC2Ev
FNF:13
FNH:13
DA:15,240
DA:16,240
DA:18,480
DA:19,480
DA:21,240
DA:22,240
DA:24,10
DA:25,10
DA:27,230
DA:28,230
DA:30,230
DA:31,230
DA:34,20
DA:35,20
DA:36,20
DA:38,10
DA:39,10
DA:41,10
DA:42,10
DA:44,10
DA:45,10
DA:48,30
DA:49,30
DA:51,10
DA:52,10
DA:54,20
DA:55,20
DA:57,10
DA:58,10
DA:61,10
DA:62,10
DA:65,30
DA:66,30
DA:68,10
DA:69,10
DA:71,20
DA:72,20
DA:74,10
DA:75,10
DA:78,10
DA:79,10
DA:82,50
DA:83,50
DA:84,50
DA:86,10
DA:87,10
DA:89,40
DA:90,40
DA:91,40
DA:92,40
DA:96,10
DA:97,10
DA:98,10
DA:100,0
DA:101,0
DA:103,10
DA:104,10
DA:105,10
DA:106,10
DA:110,10
DA:111,10
DA:112,10
DA:114,0
DA:115,0
DA:117,10
DA:118,10
DA:119,10
DA:120,10
DA:124,40
DA:125,40
DA:127,10
DA:128,10
DA:130,30
DA:131,30
DA:133,10
DA:134,10
DA:137,20
DA:138,20
DA:141,40
DA:142,40
DA:144,10
DA:145,10
DA:147,30
DA:148,30
DA:150,10
DA:151,10
DA:154,20
DA:155,20
DA:158,400
DA:159,400
DA:160,400
DA:162,280
DA:163,280
DA:165,120
LF:94
LH:90
end_of_record
TN:
SF:/mnt/hgfs/Desktop/DUUF/COMF/udp_message_queue/UdpMessageQueue.cpp
FN:20,_ZN4DUUF4COMF3UDP15UdpMessageQueueC2Ev
FN:23,_ZN4DUUF4COMF3UDP15UdpMessageQueueD2Ev
FN:23,_ZN4DUUF4COMF3UDP15UdpMessageQueueD0Ev
FN:26,_ZN4DUUF4COMF3UDP15UdpMessageQueue5frontEv
FN:34,_ZN4DUUF4COMF3UDP15UdpMessageQueue9pop_frontEv
FN:44,_ZN4DUUF4COMF3UDP15UdpMessageQueue3popEv
FN:50,_ZN4DUUF4COMF3UDP15UdpMessageQueue9push_backERNS0_7MESSAGE11BaseMessageE
FN:54,_ZN4DUUF4COMF3UDP15UdpMessageQueue7isEmptyEv
FNDA:0,_ZN4DUUF4COMF3UDP15UdpMessageQueueD0Ev
FNDA:30,_ZN4DUUF4COMF3UDP15UdpMessageQueue5frontEv
FNDA:200,_ZN4DUUF4COMF3UDP15UdpMessageQueue7isEmptyEv
FNDA:40,_ZN4DUUF4COMF3UDP15UdpMessageQueue9push_backERNS0_7MESSAGE11BaseMessageE
FNDA:30,_ZN4DUUF4COMF3UDP15UdpMessageQueueC2Ev
FNDA:10,_ZN4DUUF4COMF3UDP15UdpMessageQueue9pop_frontEv
FNDA:30,_ZN4DUUF4COMF3UDP15UdpMessageQueueD2Ev
FNDA:30,_ZN4DUUF4COMF3UDP15UdpMessageQueue3popEv
FNF:8
FNH:7
DA:20,30
DA:21,30
DA:23,30
DA:24,30
DA:26,30
DA:27,30
DA:28,30
DA:30,0
DA:34,10
DA:35,10
DA:36,20
DA:37,10
DA:38,10
DA:40,0
DA:44,30
DA:45,30
DA:46,30
DA:48,30
DA:50,40
DA:51,40
DA:52,40
DA:54,200
DA:55,200
LF:23
LH:21
end_of_record
TN:
SF:/mnt/hgfs/Desktop/DUUF/COMF/udp_sender_receiver/UdpBase.cpp
FN:27,_ZN4DUUF4COMF3UDP7UdpBaseC2ERKNSt7__cxx1112basic_stringIcSt11char_traitsIcESaIcEEERKiSC_
FN:62,_ZN4DUUF4COMF3UDP7UdpBaseD2Ev
FN:62,_ZN4DUUF4COMF3UDP7UdpBaseD0Ev
FN:69,_ZNK4DUUF4COMF3UDP7UdpBase10get_socketEv
FN:73,_ZNK4DUUF4COMF3UDP7UdpBase8get_portEv
FN:77,_ZNK4DUUF4COMF3UDP7UdpBase11get_addressB5cxx11Ev
FNDA:460,_ZN4DUUF4COMF3UDP7UdpBaseC2ERKNSt7__cxx1112basic_stringIcSt11char_traitsIcESaIcEEERKiSC_
FNDA:440,_ZN4DUUF4COMF3UDP7UdpBaseD2Ev
FNDA:0,_ZN4DUUF4COMF3UDP7UdpBaseD0Ev
FNDA:20,_ZNK4DUUF4COMF3UDP7UdpBase11get_addressB5cxx11Ev
FNDA:20,_ZNK4DUUF4COMF3UDP7UdpBase8get_portEv
FNDA:30,_ZNK4DUUF4COMF3UDP7UdpBase10get_socketEv
FNF:6
FNH:5
DA:27,460
DA:28,460
DA:29,460
DA:31,0
DA:34,460
DA:36,0
DA:39,920
DA:40,460
DA:41,920
DA:43,460
DA:44,460
DA:45,460
DA:46,460
DA:49,460
DA:50,460
DA:52,7
DA:55,460
DA:56,460
DA:58,7
DA:60,460
DA:62,440
DA:63,440
DA:64,440
DA:65,440
DA:67,440
DA:69,30
DA:70,30
DA:73,20
DA:74,20
DA:77,20
DA:78,20
LF:31
LH:29
end_of_record
TN:
SF:/mnt/hgfs/Desktop/DUUF/COMF/udp_sender_receiver/UdpReceiver.cpp
FN:29,_ZN4DUUF4COMF3UDP11UdpReceiverC2ERKNSt7__cxx1112basic_stringIcSt11char_traitsIcESaIcEEERKiSC_PS9_
FN:98,_ZNK4DUUF4COMF3UDP11UdpReceiver4recvEPcm
FN:106,_ZNK4DUUF4COMF3UDP11UdpReceiver10timed_recvEPcmi
FN:129,_ZNK4DUUF4COMF3UDP11UdpReceiver10timed_recvB5cxx11Eii
FNDA:210,_ZN4DUUF4COMF3UDP11UdpReceiverC2ERKNSt7__cxx1112basic_stringIcSt11char_traitsIcESaIcEEERKiSC_PS9_
FNDA:20,_ZNK4DUUF4COMF3UDP11UdpReceiver4recvEPcm
FNDA:20,_ZNK4DUUF4COMF3UDP11UdpReceiver10timed_recvB5cxx11Eii
FNDA:50,_ZNK4DUUF4COMF3UDP11UdpReceiver10timed_recvEPcmi
FNF:4
FNH:4
DA:29,210
DA:30,210
DA:31,210
DA:32,210
DA:33,210
DA:34,0
DA:37,0
DA:38,0
DA:39,0
DA:40,0
DA:41,0
DA:42,0
DA:43,0
DA:44,0
DA:45,0
DA:46,0
DA:48,0
DA:51,210
DA:52,10
DA:55,20
DA:56,10
DA:57,20
DA:59,10
DA:60,10
DA:61,10
DA:62,10
DA:64,10
DA:65,10
DA:66,10
DA:67,0
DA:71,10
DA:72,10
DA:74,10
DA:75,10
DA:76,10
DA:77,10
DA:79,10
DA:80,10
DA:81,10
DA:82,10
DA:86,10
DA:87,10
DA:88,10
DA:90,0
DA:91,0
DA:96,210
DA:98,20
DA:99,20
DA:100,20
DA:101,20
DA:102,20
DA:103,20
DA:106,50
DA:107,50
DA:109,50
DA:110,50
DA:111,50
DA:112,50
DA:113,0
DA:114,0
DA:115,50
DA:117,30
DA:118,30
DA:119,30
DA:120,30
DA:124,20
DA:125,20
DA:126,20
DA:129,20
DA:130,40
DA:131,20
DA:132,20
DA:133,20
DA:135,10
DA:136,10
DA:141,10
DA:143,20
DA:144,10
DA:145,10
DA:146,10
DA:147,10
LF:81
LH:64
end_of_record
TN:
SF:/mnt/hgfs/Desktop/DUUF/COMF/udp_sender_receiver/UdpReceiver.h
FN:26,_ZN4DUUF4COMF3UDP11UdpReceiverD2Ev
FN:26,_ZN4DUUF4COMF3UDP11UdpReceiverD0Ev
FNDA:210,_ZN4DUUF4COMF3UDP11UdpReceiverD0Ev
FNDA:210,_ZN4DUUF4COMF3UDP11UdpReceiverD2Ev
FNF:2
FNH:2
DA:26,420
LF:1
LH:1
end_of_record
TN:
SF:/mnt/hgfs/Desktop/DUUF/COMF/udp_sender_receiver/UdpSender.cpp
FN:22,_ZN4DUUF4COMF3UDP9UdpSenderC2ERKNSt7__cxx1112basic_stringIcSt11char_traitsIcESaIcEEERKiSC_
FN:28,_ZNK4DUUF4COMF3UDP9UdpSender4sendEPKcm
FNDA:250,_ZN4DUUF4COMF3UDP9UdpSenderC2ERKNSt7__cxx1112basic_stringIcSt11char_traitsIcESaIcEEERKiSC_
FNDA:70,_ZNK4DUUF4COMF3UDP9UdpSender4sendEPKcm
FNF:2
FNH:2
DA:22,250
DA:23,250
DA:24,250
DA:26,250
DA:28,70
DA:29,70
DA:30,70
DA:31,70
DA:32,70
LF:9
LH:9
end_of_record
TN:
SF:/mnt/hgfs/Desktop/DUUF/COMF/udp_sender_receiver/UdpSender.h
FN:27,_ZN4DUUF4COMF3UDP9UdpSenderD2Ev
FN:27,_ZN4DUUF4COMF3UDP9UdpSenderD0Ev
FNDA:230,_ZN4DUUF4COMF3UDP9UdpSenderD0Ev
FNDA:230,_ZN4DUUF4COMF3UDP9UdpSenderD2Ev
FNF:2
FNH:2
DA:27,460
LF:1
LH:1
end_of_record
