TN:
SF:/home/matteo/Documenti/WorkingDir/DUUF/COMF/udp_sender_receiver/UdpSender.h
FN:27,_ZN4DUUF4COMF3UDP9UdpSenderD0Ev
FNDA:2,_ZN4DUUF4COMF3UDP9UdpSenderD0Ev
FN:27,_ZN4DUUF4COMF3UDP9UdpSenderD2Ev
FNDA:2,_ZN4DUUF4COMF3UDP9UdpSenderD2Ev
DA:27,2
DA:27,2
end_of_record
SF:/usr/include/c++/10/iostream
end_of_record
SF:/home/matteo/Documenti/WorkingDir/DUUF/COMF/udp_sender_receiver/UdpSender.cpp
FN:21,_ZN4DUUF4COMF3UDP9UdpSenderC2ERKNSt7__cxx1112basic_stringIcSt11char_traitsIcESaIcEEERKiSC_
FNDA:2,_ZN4DUUF4COMF3UDP9UdpSenderC2ERKNSt7__cxx1112basic_stringIcSt11char_traitsIcESaIcEEERKiSC_
FN:26,_ZNK4DUUF4COMF3UDP9UdpSender4sendEPKcm
FNDA:1,_ZNK4DUUF4COMF3UDP9UdpSender4sendEPKcm
DA:21,2
DA:22,2
DA:24,2
DA:26,1
DA:27,1
end_of_record
TN:
SF:/usr/include/c++/10/bits/alloc_traits.h
FN:459,_ZNSt16allocator_traitsISaIcEE8allocateERS0_m
FNDA:0,_ZNSt16allocator_traitsISaIcEE8allocateERS0_m
FN:491,_ZNSt16allocator_traitsISaIcEE10deallocateERS0_Pcm
FNDA:0,_ZNSt16allocator_traitsISaIcEE10deallocateERS0_Pcm
FN:507,_ZNSt16allocator_traitsISaIcEE9constructIcJRKcEEEvRS0_PT_DpOT0_
FNDA:0,_ZNSt16allocator_traitsISaIcEE9constructIcJRKcEEEvRS0_PT_DpOT0_
FN:527,_ZNSt16allocator_traitsISaIcEE7destroyIcEEvRS0_PT_
FNDA:0,_ZNSt16allocator_traitsISaIcEE7destroyIcEEvRS0_PT_
FN:543,_ZNSt16allocator_traitsISaIcEE8max_sizeERKS0_
FNDA:0,_ZNSt16allocator_traitsISaIcEE8max_sizeERKS0_
FN:735,_ZSt8_DestroyIPccEvT_S1_RSaIT0_E
FNDA:0,_ZSt8_DestroyIPccEvT_S1_RSaIT0_E
DA:459,0
DA:460,0
DA:491,0
DA:492,0
DA:507,0
DA:512,0
DA:516,0
DA:527,0
DA:531,0
DA:535,0
DA:543,0
DA:546,0
DA:735,0
DA:738,0
DA:739,0
end_of_record
SF:/usr/include/c++/10/bits/stl_iterator_base_types.h
FN:238,_ZSt19__iterator_categoryIPcENSt15iterator_traitsIT_E17iterator_categoryERKS2_
FNDA:0,_ZSt19__iterator_categoryIPcENSt15iterator_traitsIT_E17iterator_categoryERKS2_
DA:238,0
DA:239,0
end_of_record
SF:/usr/include/c++/10/bits/basic_string.h
end_of_record
SF:/usr/include/c++/10/bits/stl_vector.h
FN:97,_ZNSt12_Vector_baseIcSaIcEE17_Vector_impl_dataC2Ev
FNDA:0,_ZNSt12_Vector_baseIcSaIcEE17_Vector_impl_dataC2Ev
FN:131,_ZNSt12_Vector_baseIcSaIcEE12_Vector_implC2Ev
FNDA:0,_ZNSt12_Vector_baseIcSaIcEE12_Vector_implC2Ev
FN:276,_ZNSt12_Vector_baseIcSaIcEE19_M_get_Tp_allocatorEv
FNDA:0,_ZNSt12_Vector_baseIcSaIcEE19_M_get_Tp_allocatorEv
FN:280,_ZNKSt12_Vector_baseIcSaIcEE19_M_get_Tp_allocatorEv
FNDA:0,_ZNKSt12_Vector_baseIcSaIcEE19_M_get_Tp_allocatorEv
FN:288,_ZNSt12_Vector_baseIcSaIcEEC2Ev
FNDA:0,_ZNSt12_Vector_baseIcSaIcEEC2Ev
FN:333,_ZNSt12_Vector_baseIcSaIcEED2Ev
FNDA:0,_ZNSt12_Vector_baseIcSaIcEED2Ev
FN:343,_ZNSt12_Vector_baseIcSaIcEE11_M_allocateEm
FNDA:0,_ZNSt12_Vector_baseIcSaIcEE11_M_allocateEm
FN:350,_ZNSt12_Vector_baseIcSaIcEE13_M_deallocateEPcm
FNDA:0,_ZNSt12_Vector_baseIcSaIcEE13_M_deallocateEPcm
FN:487,_ZNSt6vectorIcSaIcEEC2Ev
FNDA:0,_ZNSt6vectorIcSaIcEEC2Ev
FN:678,_ZNSt6vectorIcSaIcEED2Ev
FNDA:0,_ZNSt6vectorIcSaIcEED2Ev
FN:811,_ZNSt6vectorIcSaIcEE5beginEv
FNDA:0,_ZNSt6vectorIcSaIcEE5beginEv
FN:829,_ZNSt6vectorIcSaIcEE3endEv
FNDA:0,_ZNSt6vectorIcSaIcEE3endEv
FN:918,_ZNKSt6vectorIcSaIcEE4sizeEv
FNDA:0,_ZNKSt6vectorIcSaIcEE4sizeEv
FN:923,_ZNKSt6vectorIcSaIcEE8max_sizeEv
FNDA:0,_ZNKSt6vectorIcSaIcEE8max_sizeEv
FN:957,_ZNSt6vectorIcSaIcEE6resizeEmRKc
FNDA:0,_ZNSt6vectorIcSaIcEE6resizeEmRKc
FN:1043,_ZNSt6vectorIcSaIcEEixEm
FNDA:0,_ZNSt6vectorIcSaIcEEixEm
FN:1709,_ZNSt6vectorIcSaIcEE16_Temporary_valueC2IJRKcEEEPS1_DpOT_
FNDA:0,_ZNSt6vectorIcSaIcEE16_Temporary_valueC2IJRKcEEEPS1_DpOT_
FN:1715,_ZNSt6vectorIcSaIcEE16_Temporary_valueD2Ev
FNDA:0,_ZNSt6vectorIcSaIcEE16_Temporary_valueD2Ev
FN:1719,_ZNSt6vectorIcSaIcEE16_Temporary_value6_M_valEv
FNDA:0,_ZNSt6vectorIcSaIcEE16_Temporary_value6_M_valEv
FN:1723,_ZNSt6vectorIcSaIcEE16_Temporary_value6_M_ptrEv
FNDA:0,_ZNSt6vectorIcSaIcEE16_Temporary_value6_M_ptrEv
FN:1756,_ZNKSt6vectorIcSaIcEE12_M_check_lenEmPKc
FNDA:0,_ZNKSt6vectorIcSaIcEE12_M_check_lenEmPKc
FN:1776,_ZNSt6vectorIcSaIcEE11_S_max_sizeERKS0_
FNDA:0,_ZNSt6vectorIcSaIcEE11_S_max_sizeERKS0_
FN:1792,_ZNSt6vectorIcSaIcEE15_M_erase_at_endEPc
FNDA:0,_ZNSt6vectorIcSaIcEE15_M_erase_at_endEPc
DA:97,0
DA:98,0
DA:99,0
DA:131,0
DA:133,0
DA:134,0
DA:276,0
DA:277,0
DA:280,0
DA:281,0
DA:288,0
DA:333,0
DA:335,0
DA:336,0
DA:337,0
DA:343,0
DA:346,0
DA:350,0
DA:353,0
DA:354,0
DA:355,0
DA:487,0
DA:678,0
DA:680,0
DA:681,0
DA:683,0
DA:811,0
DA:812,0
DA:829,0
DA:830,0
DA:918,0
DA:919,0
DA:923,0
DA:924,0
DA:957,0
DA:959,0
DA:960,0
DA:961,0
DA:962,0
DA:963,0
DA:1043,0
DA:1046,0
DA:1709,0
DA:1711,0
DA:1713,0
DA:1715,0
DA:1716,0
DA:1719,0
DA:1723,0
DA:1756,0
DA:1758,0
DA:1759,0
DA:1761,0
DA:1762,0
DA:1776,0
DA:1781,0
DA:1783,0
DA:1784,0
DA:1792,0
DA:1794,0
DA:1796,0
DA:1797,0
DA:1798,0
DA:1801,0
end_of_record
SF:/usr/include/c++/10/bits/stl_algobase.h
FN:230,_ZSt3minImERKT_S2_S2_
FNDA:0,_ZSt3minImERKT_S2_S2_
FN:254,_ZSt3maxImERKT_S2_S2_
FNDA:0,_ZSt3maxImERKT_S2_S2_
FN:313,_ZSt12__niter_baseIPcET_S1_
FNDA:0,_ZSt12__niter_baseIPcET_S1_
FN:323,_ZSt12__niter_wrapIN9__gnu_cxx17__normal_iteratorIPcNSt7__cxx1112basic_stringIcSt11char_traitsIcESaIcEEEEES2_ET_SA_T0_
FNDA:0,_ZSt12__niter_wrapIN9__gnu_cxx17__normal_iteratorIPcNSt7__cxx1112basic_stringIcSt11char_traitsIcESaIcEEEEES2_ET_SA_T0_
FN:330,_ZSt12__niter_wrapIPcET_RKS1_S1_
FNDA:0,_ZSt12__niter_wrapIPcET_RKS1_S1_
FN:415,_ZNSt11__copy_moveILb1ELb1ESt26random_access_iterator_tagE8__copy_mIcEEPT_PKS3_S6_S4_
FNDA:0,_ZNSt11__copy_moveILb1ELb1ESt26random_access_iterator_tagE8__copy_mIcEEPT_PKS3_S6_S4_
FN:415,_ZNSt11__copy_moveILb0ELb1ESt26random_access_iterator_tagE8__copy_mIcEEPT_PKS3_S6_S4_
FNDA:0,_ZNSt11__copy_moveILb0ELb1ESt26random_access_iterator_tagE8__copy_mIcEEPT_PKS3_S6_S4_
FN:463,_ZSt14__copy_move_a2ILb1EPcS0_ET1_T0_S2_S1_
FNDA:0,_ZSt14__copy_move_a2ILb1EPcS0_ET1_T0_S2_S1_
FN:463,_ZSt14__copy_move_a2ILb0EPcS0_ET1_T0_S2_S1_
FNDA:0,_ZSt14__copy_move_a2ILb0EPcS0_ET1_T0_S2_S1_
FN:505,_ZSt14__copy_move_a1ILb0EPcS0_ET1_T0_S2_S1_
FNDA:0,_ZSt14__copy_move_a1ILb0EPcS0_ET1_T0_S2_S1_
FN:505,_ZSt14__copy_move_a1ILb1EPcS0_ET1_T0_S2_S1_
FNDA:0,_ZSt14__copy_move_a1ILb1EPcS0_ET1_T0_S2_S1_
FN:511,_ZSt13__copy_move_aILb0EN9__gnu_cxx17__normal_iteratorIPcSt6vectorIcSaIcEEEENS1_IS2_NSt7__cxx1112basic_stringIcSt11char_traitsIcES4_EEEEET1_T0_SE_SD_
FNDA:0,_ZSt13__copy_move_aILb0EN9__gnu_cxx17__normal_iteratorIPcSt6vectorIcSaIcEEEENS1_IS2_NSt7__cxx1112basic_stringIcSt11char_traitsIcES4_EEEEET1_T0_SE_SD_
FN:511,_ZSt13__copy_move_aILb1EPcS0_ET1_T0_S2_S1_
FNDA:0,_ZSt13__copy_move_aILb1EPcS0_ET1_T0_S2_S1_
FN:560,_ZSt4copyISt13move_iteratorIPcES1_ET0_T_S4_S3_
FNDA:0,_ZSt4copyISt13move_iteratorIPcES1_ET0_T_S4_S3_
FN:560,_ZSt4copyIN9__gnu_cxx17__normal_iteratorIPcSt6vectorIcSaIcEEEENS1_IS2_NSt7__cxx1112basic_stringIcSt11char_traitsIcES4_EEEEET0_T_SE_SD_
FNDA:0,_ZSt4copyIN9__gnu_cxx17__normal_iteratorIPcSt6vectorIcSaIcEEEENS1_IS2_NSt7__cxx1112basic_stringIcSt11char_traitsIcES4_EEEEET0_T_SE_SD_
FN:680,_ZNSt20__copy_move_backwardILb1ELb1ESt26random_access_iterator_tagE13__copy_move_bIcEEPT_PKS3_S6_S4_
FNDA:0,_ZNSt20__copy_move_backwardILb1ELb1ESt26random_access_iterator_tagE13__copy_move_bIcEEPT_PKS3_S6_S4_
FN:699,_ZSt23__copy_move_backward_a2ILb1EPcS0_ET1_T0_S2_S1_
FNDA:0,_ZSt23__copy_move_backward_a2ILb1EPcS0_ET1_T0_S2_S1_
FN:717,_ZSt23__copy_move_backward_a1ILb1EPcS0_ET1_T0_S2_S1_
FNDA:0,_ZSt23__copy_move_backward_a1ILb1EPcS0_ET1_T0_S2_S1_
FN:745,_ZSt22__copy_move_backward_aILb1EPcS0_ET1_T0_S2_S1_
FNDA:0,_ZSt22__copy_move_backward_aILb1EPcS0_ET1_T0_S2_S1_
FN:833,_ZSt13move_backwardIPcS0_ET0_T_S2_S1_
FNDA:0,_ZSt13move_backwardIPcS0_ET0_T_S2_S1_
FN:880,_ZSt9__fill_a1IcEN9__gnu_cxx11__enable_ifIXsrSt9__is_byteIT_E7__valueEvE6__typeEPS3_S7_RKS3_
FNDA:0,_ZSt9__fill_a1IcEN9__gnu_cxx11__enable_ifIXsrSt9__is_byteIT_E7__valueEvE6__typeEPS3_S7_RKS3_
FN:904,_ZSt8__fill_aIPccEvT_S1_RKT0_
FNDA:0,_ZSt8__fill_aIPccEvT_S1_RKT0_
FN:928,_ZSt4fillIPccEvT_S1_RKT0_
FNDA:0,_ZSt4fillIPccEvT_S1_RKT0_
FN:946,_ZSt17__size_to_integerm
FNDA:0,_ZSt17__size_to_integerm
FN:1045,_ZSt10__fill_n_aIPcmcET_S1_T0_RKT1_St26random_access_iterator_tag
FNDA:0,_ZSt10__fill_n_aIPcmcET_S1_T0_RKT1_St26random_access_iterator_tag
FN:1080,_ZSt6fill_nIPcmcET_S1_T0_RKT1_
FNDA:0,_ZSt6fill_nIPcmcET_S1_T0_RKT1_
DA:230,0
DA:235,0
DA:236,0
DA:237,0
DA:254,0
DA:259,0
DA:260,0
DA:261,0
DA:313,0
DA:315,0
DA:323,0
DA:324,0
DA:330,0
DA:331,0
DA:415,0
DA:424,0
DA:425,0
DA:426,0
DA:427,0
DA:415,0
DA:424,0
DA:425,0
DA:426,0
DA:427,0
DA:463,0
DA:472,0
DA:463,0
DA:472,0
DA:505,0
DA:506,0
DA:505,0
DA:506,0
DA:511,0
DA:513,0
DA:516,0
DA:511,0
DA:513,0
DA:516,0
DA:560,0
DA:569,0
DA:560,0
DA:569,0
DA:680,0
DA:689,0
DA:690,0
DA:691,0
DA:692,0
DA:699,0
DA:709,0
DA:711,0
DA:717,0
DA:718,0
DA:745,0
DA:747,0
DA:750,0
DA:833,0
DA:843,0
DA:845,0
DA:880,0
DA:882,0
DA:883,0
DA:884,0
DA:885,0
DA:904,0
DA:905,0
DA:928,0
DA:935,0
DA:936,0
DA:946,0
DA:1045,0
DA:1051,0
DA:1052,0
DA:1056,0
DA:1057,0
DA:1080,0
DA:1085,0
DA:1086,0
end_of_record
SF:/home/matteo/Documenti/WorkingDir/DUUF/COMF/udp_sender_receiver/UdpReceiver.cpp
FN:27,_ZN4DUUF4COMF3UDP11UdpReceiverC2ERKNSt7__cxx1112basic_stringIcSt11char_traitsIcESaIcEEERKiSC_PS9_
FNDA:0,_ZN4DUUF4COMF3UDP11UdpReceiverC2ERKNSt7__cxx1112basic_stringIcSt11char_traitsIcESaIcEEERKiSC_PS9_
FN:94,_ZNK4DUUF4COMF3UDP11UdpReceiver4recvEPcm
FNDA:0,_ZNK4DUUF4COMF3UDP11UdpReceiver4recvEPcm
FN:98,_ZNK4DUUF4COMF3UDP11UdpReceiver10timed_recvEPcmi
FNDA:0,_ZNK4DUUF4COMF3UDP11UdpReceiver10timed_recvEPcmi
FN:116,_ZNK4DUUF4COMF3UDP11UdpReceiver10timed_recvB5cxx11Eii
FNDA:0,_ZNK4DUUF4COMF3UDP11UdpReceiver10timed_recvB5cxx11Eii
DA:27,0
DA:28,0
DA:29,0
DA:30,0
DA:31,0
DA:34,0
DA:35,0
DA:36,0
DA:37,0
DA:38,0
DA:39,0
DA:40,0
DA:41,0
DA:42,0
DA:43,0
DA:48,0
DA:51,0
DA:52,0
DA:53,0
DA:55,0
DA:56,0
DA:57,0
DA:58,0
DA:60,0
DA:61,0
DA:62,0
DA:67,0
DA:70,0
DA:71,0
DA:72,0
DA:73,0
DA:75,0
DA:82,0
DA:83,0
DA:92,0
DA:94,0
DA:95,0
DA:98,0
DA:100,0
DA:101,0
DA:102,0
DA:103,0
DA:105,0
DA:106,0
DA:108,0
DA:112,0
DA:113,0
DA:116,0
DA:117,0
DA:118,0
DA:119,0
DA:120,0
DA:122,0
DA:127,0
DA:129,0
DA:130,0
DA:131,0
DA:133,0
end_of_record
SF:/usr/include/c++/10/bits/move.h
FN:76,_ZSt7forwardIRKcEOT_RNSt16remove_referenceIS2_E4typeE
FNDA:0,_ZSt7forwardIRKcEOT_RNSt16remove_referenceIS2_E4typeE
FN:101,_ZSt4moveIRPcEONSt16remove_referenceIT_E4typeEOS3_
FNDA:0,_ZSt4moveIRPcEONSt16remove_referenceIT_E4typeEOS3_
FN:101,_ZSt4moveIRSaIcEEONSt16remove_referenceIT_E4typeEOS3_
FNDA:0,_ZSt4moveIRSaIcEEONSt16remove_referenceIT_E4typeEOS3_
DA:76,0
DA:77,0
DA:101,0
DA:102,0
DA:101,0
DA:102,0
end_of_record
SF:/usr/include/c++/10/bits/vector.tcc
FN:509,_ZNSt6vectorIcSaIcEE14_M_fill_insertEN9__gnu_cxx17__normal_iteratorIPcS1_EEmRKc
FNDA:0,_ZNSt6vectorIcSaIcEE14_M_fill_insertEN9__gnu_cxx17__normal_iteratorIPcS1_EEmRKc
DA:509,0
DA:512,0
DA:514,0
DA:515,0
DA:520,0
DA:521,0
DA:523,0
DA:524,0
DA:525,0
DA:528,0
DA:531,0
DA:532,0
DA:534,0
DA:536,0
DA:542,0
DA:543,0
DA:546,0
DA:548,0
DA:550,0
DA:551,0
DA:553,0
DA:559,0
DA:560,0
DA:561,0
DA:562,0
DA:566,0
DA:568,0
DA:569,0
DA:573,0
DA:574,0
DA:576,0
DA:580,0
DA:581,0
DA:583,0
DA:585,0
DA:586,0
DA:587,0
DA:588,0
DA:590,0
DA:591,0
DA:592,0
DA:593,0
DA:595,0
DA:596,0
DA:598,0
DA:599,0
DA:600,0
DA:601,0
DA:602,0
DA:603,0
DA:606,0
end_of_record
SF:/usr/include/c++/10/new
FN:174,_ZnwmPv
FNDA:0,_ZnwmPv
DA:174,0
DA:175,0
end_of_record
SF:/usr/include/c++/10/bits/stl_iterator.h
FN:953,_ZN9__gnu_cxx17__normal_iteratorIPcNSt7__cxx1112basic_stringIcSt11char_traitsIcESaIcEEEEC2ERKS1_
FNDA:0,_ZN9__gnu_cxx17__normal_iteratorIPcNSt7__cxx1112basic_stringIcSt11char_traitsIcESaIcEEEEC2ERKS1_
FN:953,_ZN9__gnu_cxx17__normal_iteratorIPcSt6vectorIcSaIcEEEC2ERKS1_
FNDA:0,_ZN9__gnu_cxx17__normal_iteratorIPcSt6vectorIcSaIcEEEC2ERKS1_
FN:1016,_ZNK9__gnu_cxx17__normal_iteratorIPcNSt7__cxx1112basic_stringIcSt11char_traitsIcESaIcEEEEplEl
FNDA:0,_ZNK9__gnu_cxx17__normal_iteratorIPcNSt7__cxx1112basic_stringIcSt11char_traitsIcESaIcEEEEplEl
FN:1031,_ZNK9__gnu_cxx17__normal_iteratorIPcNSt7__cxx1112basic_stringIcSt11char_traitsIcESaIcEEEE4baseEv
FNDA:0,_ZNK9__gnu_cxx17__normal_iteratorIPcNSt7__cxx1112basic_stringIcSt11char_traitsIcESaIcEEEE4baseEv
FN:1031,_ZNK9__gnu_cxx17__normal_iteratorIPcSt6vectorIcSaIcEEE4baseEv
FNDA:0,_ZNK9__gnu_cxx17__normal_iteratorIPcSt6vectorIcSaIcEEE4baseEv
FN:1177,_ZN9__gnu_cxxmiIPcSt6vectorIcSaIcEEEENS_17__normal_iteratorIT_T0_E15difference_typeERKS8_SB_
FNDA:0,_ZN9__gnu_cxxmiIPcSt6vectorIcSaIcEEEENS_17__normal_iteratorIT_T0_E15difference_typeERKS8_SB_
FN:1200,_ZSt12__niter_baseIPcNSt7__cxx1112basic_stringIcSt11char_traitsIcESaIcEEEET_N9__gnu_cxx17__normal_iteratorIS7_T0_EE
FNDA:0,_ZSt12__niter_baseIPcNSt7__cxx1112basic_stringIcSt11char_traitsIcESaIcEEEET_N9__gnu_cxx17__normal_iteratorIS7_T0_EE
FN:1200,_ZSt12__niter_baseIPcSt6vectorIcSaIcEEET_N9__gnu_cxx17__normal_iteratorIS4_T0_EE
FNDA:0,_ZSt12__niter_baseIPcSt6vectorIcSaIcEEET_N9__gnu_cxx17__normal_iteratorIS4_T0_EE
FN:1301,_ZNSt13move_iteratorIPcEC2ES0_
FNDA:0,_ZNSt13move_iteratorIPcEC2ES0_
FN:1311,_ZNKSt13move_iteratorIPcE4baseEv
FNDA:0,_ZNKSt13move_iteratorIPcE4baseEv
FN:1546,_ZSt18make_move_iteratorIPcESt13move_iteratorIT_ES2_
FNDA:0,_ZSt18make_move_iteratorIPcESt13move_iteratorIT_ES2_
FN:1563,_ZSt32__make_move_if_noexcept_iteratorIcSt13move_iteratorIPcEET0_PT_
FNDA:0,_ZSt32__make_move_if_noexcept_iteratorIcSt13move_iteratorIPcEET0_PT_
FN:2171,_ZSt12__miter_baseIPcEDTcl12__miter_basecldtfp_4baseEEESt13move_iteratorIT_E
FNDA:0,_ZSt12__miter_baseIPcEDTcl12__miter_basecldtfp_4baseEEESt13move_iteratorIT_E
DA:953,0
DA:954,0
DA:953,0
DA:954,0
DA:1016,0
DA:1017,0
DA:1031,0
DA:1032,0
DA:1031,0
DA:1032,0
DA:1177,0
DA:1180,0
DA:1200,0
DA:1202,0
DA:1200,0
DA:1202,0
DA:1301,0
DA:1302,0
DA:1311,0
DA:1312,0
DA:1546,0
DA:1547,0
DA:1563,0
DA:1564,0
DA:2171,0
DA:2173,0
end_of_record
SF:/usr/include/c++/10/ext/new_allocator.h
FN:79,_ZN9__gnu_cxx13new_allocatorIcEC2Ev
FNDA:0,_ZN9__gnu_cxx13new_allocatorIcEC2Ev
FN:89,_ZN9__gnu_cxx13new_allocatorIcED2Ev
FNDA:0,_ZN9__gnu_cxx13new_allocatorIcED2Ev
FN:103,_ZN9__gnu_cxx13new_allocatorIcE8allocateEmPKv
FNDA:0,_ZN9__gnu_cxx13new_allocatorIcE8allocateEmPKv
FN:120,_ZN9__gnu_cxx13new_allocatorIcE10deallocateEPcm
FNDA:0,_ZN9__gnu_cxx13new_allocatorIcE10deallocateEPcm
FN:142,_ZNK9__gnu_cxx13new_allocatorIcE8max_sizeEv
FNDA:0,_ZNK9__gnu_cxx13new_allocatorIcE8max_sizeEv
FN:148,_ZN9__gnu_cxx13new_allocatorIcE9constructIcJRKcEEEvPT_DpOT0_
FNDA:0,_ZN9__gnu_cxx13new_allocatorIcE9constructIcJRKcEEEvPT_DpOT0_
FN:154,_ZN9__gnu_cxx13new_allocatorIcE7destroyIcEEvPT_
FNDA:0,_ZN9__gnu_cxx13new_allocatorIcE7destroyIcEEvPT_
FN:185,_ZNK9__gnu_cxx13new_allocatorIcE11_M_max_sizeEv
FNDA:0,_ZNK9__gnu_cxx13new_allocatorIcE11_M_max_sizeEv
DA:79,0
DA:89,0
DA:103,0
DA:105,0
DA:106,0
DA:115,0
DA:120,0
DA:133,0
DA:138,0
DA:142,0
DA:143,0
DA:148,0
DA:150,0
DA:154,0
DA:156,0
DA:185,0
DA:188,0
end_of_record
SF:/usr/include/c++/10/bits/stl_construct.h
FN:161,_ZNSt12_Destroy_auxILb1EE9__destroyIPcEEvT_S3_
FNDA:0,_ZNSt12_Destroy_auxILb1EE9__destroyIPcEEvT_S3_
FN:171,_ZSt8_DestroyIPcEvT_S1_
FNDA:0,_ZSt8_DestroyIPcEvT_S1_
DA:161,0
DA:171,0
DA:185,0
DA:186,0
end_of_record
SF:/home/matteo/Documenti/WorkingDir/DUUF/COMF/udp_sender_receiver/UdpReceiver.h
FN:26,_ZN4DUUF4COMF3UDP11UdpReceiverD0Ev
FNDA:0,_ZN4DUUF4COMF3UDP11UdpReceiverD0Ev
FN:26,_ZN4DUUF4COMF3UDP11UdpReceiverD2Ev
FNDA:0,_ZN4DUUF4COMF3UDP11UdpReceiverD2Ev
DA:26,0
DA:26,0
end_of_record
SF:/usr/include/c++/10/bits/stl_uninitialized.h
FN:107,_ZNSt20__uninitialized_copyILb1EE13__uninit_copyISt13move_iteratorIPcES3_EET0_T_S6_S5_
FNDA:0,_ZNSt20__uninitialized_copyILb1EE13__uninit_copyISt13move_iteratorIPcES3_EET0_T_S6_S5_
FN:125,_ZSt18uninitialized_copyISt13move_iteratorIPcES1_ET0_T_S4_S3_
FNDA:0,_ZSt18uninitialized_copyISt13move_iteratorIPcES1_ET0_T_S4_S3_
FN:252,_ZNSt22__uninitialized_fill_nILb1EE15__uninit_fill_nIPcmcEET_S3_T0_RKT1_
FNDA:0,_ZNSt22__uninitialized_fill_nILb1EE15__uninit_fill_nIPcmcEET_S3_T0_RKT1_
FN:272,_ZSt20uninitialized_fill_nIPcmcET_S1_T0_RKT1_
FNDA:0,_ZSt20uninitialized_fill_nIPcmcET_S1_T0_RKT1_
FN:323,_ZSt22__uninitialized_copy_aISt13move_iteratorIPcES1_cET0_T_S4_S3_RSaIT1_E
FNDA:0,_ZSt22__uninitialized_copy_aISt13move_iteratorIPcES1_cET0_T_S4_S3_RSaIT1_E
FN:330,_ZSt22__uninitialized_move_aIPcS0_SaIcEET0_T_S3_S2_RT1_
FNDA:0,_ZSt22__uninitialized_move_aIPcS0_SaIcEET0_T_S3_S2_RT1_
FN:341,_ZSt34__uninitialized_move_if_noexcept_aIPcS0_SaIcEET0_T_S3_S2_RT1_
FNDA:0,_ZSt34__uninitialized_move_if_noexcept_aIPcS0_SaIcEET0_T_S3_S2_RT1_
FN:400,_ZSt24__uninitialized_fill_n_aIPcmccET_S1_T0_RKT1_RSaIT2_E
FNDA:0,_ZSt24__uninitialized_fill_n_aIPcmccET_S1_T0_RKT1_RSaIT2_E
DA:107,0
DA:109,0
DA:125,0
DA:144,0
DA:150,0
DA:252,0
DA:254,0
DA:272,0
DA:286,0
DA:289,0
DA:323,0
DA:325,0
DA:330,0
DA:333,0
DA:335,0
DA:341,0
DA:347,0
DA:348,0
DA:400,0
DA:402,0
end_of_record
SF:/usr/include/c++/10/bits/cpp_type_traits.h
FN:500,_ZSt12__miter_baseIPcET_S1_
FNDA:0,_ZSt12__miter_baseIPcET_S1_
FN:500,_ZSt12__miter_baseIN9__gnu_cxx17__normal_iteratorIPcSt6vectorIcSaIcEEEEET_S7_
FNDA:0,_ZSt12__miter_baseIN9__gnu_cxx17__normal_iteratorIPcSt6vectorIcSaIcEEEEET_S7_
DA:500,0
DA:501,0
DA:500,0
DA:501,0
end_of_record
SF:/usr/include/c++/10/bits/char_traits.h
FN:387,_ZNSt11char_traitsIcE4copyEPcPKcm
FNDA:0,_ZNSt11char_traitsIcE4copyEPcPKcm
DA:387,0
DA:389,0
DA:390,0
DA:395,0
end_of_record
TN:
SF:/usr/include/c++/10/iostream
end_of_record
SF:/usr/include/c++/10/bits/stl_iterator_base_funcs.h
FN:98,_ZSt10__distanceIPcENSt15iterator_traitsIT_E15difference_typeES2_S2_St26random_access_iterator_tag
FNDA:0,_ZSt10__distanceIPcENSt15iterator_traitsIT_E15difference_typeES2_S2_St26random_access_iterator_tag
FN:138,_ZSt8distanceIPcENSt15iterator_traitsIT_E15difference_typeES2_S2_
FNDA:0,_ZSt8distanceIPcENSt15iterator_traitsIT_E15difference_typeES2_S2_
DA:98,0
DA:104,0
DA:138,0
DA:141,0
DA:142,0
end_of_record
SF:/usr/include/c++/10/ext/alloc_traits.h
FN:97,_ZN9__gnu_cxx14__alloc_traitsISaIcEcE17_S_select_on_copyERKS1_
FNDA:0,_ZN9__gnu_cxx14__alloc_traitsISaIcEcE17_S_select_on_copyERKS1_
DA:97,0
DA:98,0
end_of_record
SF:/usr/include/c++/10/ext/new_allocator.h
FN:82,_ZN9__gnu_cxx13new_allocatorIcEC2ERKS1_
FNDA:0,_ZN9__gnu_cxx13new_allocatorIcEC2ERKS1_
FN:89,_ZN9__gnu_cxx13new_allocatorIcED2Ev
FNDA:0,_ZN9__gnu_cxx13new_allocatorIcED2Ev
DA:82,0
DA:89,0
end_of_record
SF:/usr/include/c++/10/bits/move.h
FN:101,_ZSt4moveIRSaIcEEONSt16remove_referenceIT_E4typeEOS3_
FNDA:0,_ZSt4moveIRSaIcEEONSt16remove_referenceIT_E4typeEOS3_
DA:101,0
DA:102,0
end_of_record
SF:/usr/include/c++/10/ext/type_traits.h
FN:152,_ZN9__gnu_cxx17__is_null_pointerIcEEbPT_
FNDA:0,_ZN9__gnu_cxx17__is_null_pointerIcEEbPT_
DA:152,0
DA:153,0
end_of_record
SF:/usr/include/c++/10/bits/basic_string.tcc
FN:206,_ZNSt7__cxx1112basic_stringIcSt11char_traitsIcESaIcEE12_M_constructIPcEEvT_S7_St20forward_iterator_tag
FNDA:0,_ZNSt7__cxx1112basic_stringIcSt11char_traitsIcESaIcEE12_M_constructIPcEEvT_S7_St20forward_iterator_tag
DA:206,0
DA:211,0
DA:212,0
DA:215,0
DA:217,0
DA:219,0
DA:220,0
DA:225,0
DA:226,0
DA:228,0
DA:229,0
DA:232,0
DA:233,0
end_of_record
SF:/usr/include/c++/10/bits/basic_string.h
FN:243,_ZNSt7__cxx1112basic_stringIcSt11char_traitsIcESaIcEE16_M_construct_auxIPcEEvT_S7_St12__false_type
FNDA:0,_ZNSt7__cxx1112basic_stringIcSt11char_traitsIcESaIcEE16_M_construct_auxIPcEEvT_S7_St12__false_type
FN:263,_ZNSt7__cxx1112basic_stringIcSt11char_traitsIcESaIcEE12_M_constructIPcEEvT_S7_
FNDA:0,_ZNSt7__cxx1112basic_stringIcSt11char_traitsIcESaIcEE12_M_constructIPcEEvT_S7_
DA:243,0
DA:247,0
DA:248,0
DA:263,0
DA:266,0
DA:267,0
end_of_record
SF:/home/matteo/Documenti/WorkingDir/DUUF/COMF/udp_sender_receiver/UdpBase.cpp
FN:25,_ZN4DUUF4COMF3UDP7UdpBaseC2ERKNSt7__cxx1112basic_stringIcSt11char_traitsIcESaIcEEERKiSC_
FNDA:2,_ZN4DUUF4COMF3UDP7UdpBaseC2ERKNSt7__cxx1112basic_stringIcSt11char_traitsIcESaIcEEERKiSC_
FN:57,_ZN4DUUF4COMF3UDP7UdpBaseD0Ev
FNDA:0,_ZN4DUUF4COMF3UDP7UdpBaseD0Ev
FN:57,_ZN4DUUF4COMF3UDP7UdpBaseD2Ev
FNDA:2,_ZN4DUUF4COMF3UDP7UdpBaseD2Ev
FN:64,_ZNK4DUUF4COMF3UDP7UdpBase10get_socketEv
FNDA:0,_ZNK4DUUF4COMF3UDP7UdpBase10get_socketEv
FN:68,_ZNK4DUUF4COMF3UDP7UdpBase8get_portEv
FNDA:0,_ZNK4DUUF4COMF3UDP7UdpBase8get_portEv
FN:72,_ZNK4DUUF4COMF3UDP7UdpBase11get_addressB5cxx11Ev
FNDA:0,_ZNK4DUUF4COMF3UDP7UdpBase11get_addressB5cxx11Ev
DA:25,2
DA:26,2
DA:27,2
DA:31,2
DA:35,4
DA:36,2
DA:37,4
DA:39,2
DA:40,2
DA:41,2
DA:42,2
DA:45,2
DA:46,2
DA:50,2
DA:51,2
DA:55,2
DA:57,0
DA:62,0
DA:57,2
DA:58,2
DA:59,2
DA:60,2
DA:62,2
DA:64,0
DA:65,0
DA:68,0
DA:69,0
DA:72,0
DA:73,0
end_of_record
SF:/usr/include/c++/10/bits/alloc_traits.h
FN:558,_ZNSt16allocator_traitsISaIcEE37select_on_container_copy_constructionERKS0_
FNDA:0,_ZNSt16allocator_traitsISaIcEE37select_on_container_copy_constructionERKS0_
DA:558,0
DA:559,0
end_of_record
SF:/usr/include/c++/10/bits/stl_iterator_base_types.h
FN:238,_ZSt19__iterator_categoryIPcENSt15iterator_traitsIT_E17iterator_categoryERKS2_
FNDA:0,_ZSt19__iterator_categoryIPcENSt15iterator_traitsIT_E17iterator_categoryERKS2_
DA:238,0
DA:239,0
end_of_record
TN:
SF:/usr/include/c++/10/x86_64-redhat-linux/bits/gthr-default.h
FN:248,_ZL18__gthread_active_pv
FNDA:0,_ZL18__gthread_active_pv
DA:248,0
DA:252,0
end_of_record
SF:/usr/include/c++/10/ext/alloc_traits.h
FN:97,_ZN9__gnu_cxx14__alloc_traitsISaIcEcE17_S_select_on_copyERKS1_
FNDA:0,_ZN9__gnu_cxx14__alloc_traitsISaIcEcE17_S_select_on_copyERKS1_
DA:97,0
DA:98,0
end_of_record
SF:/usr/include/c++/10/ext/atomicity.h
DA:50,0
DA:55,0
DA:68,0
DA:69,0
DA:70,0
DA:76,0
DA:83,0
DA:84,0
DA:86,0
DA:94,0
DA:97,0
end_of_record
SF:/usr/include/c++/10/typeinfo
FN:120,_ZNKSt9type_infoeqERKS_
FNDA:0,_ZNKSt9type_infoeqERKS_
DA:120,0
DA:122,0
DA:123,0
DA:124,0
end_of_record
SF:/usr/include/c++/10/ext/type_traits.h
FN:152,_ZN9__gnu_cxx17__is_null_pointerIcEEbPT_
FNDA:0,_ZN9__gnu_cxx17__is_null_pointerIcEEbPT_
DA:152,0
DA:153,0
end_of_record
SF:/usr/include/c++/10/bits/shared_ptr.h
FN:149,_ZNSt10shared_ptrIN4DUUF4COMF3UDP13UdpConnectionEEC2ERKS4_
FNDA:0,_ZNSt10shared_ptrIN4DUUF4COMF3UDP13UdpConnectionEEC2ERKS4_
FN:303,_ZNSt10shared_ptrIN4DUUF4COMF3UDP13UdpConnectionEEC2EOS4_
FNDA:0,_ZNSt10shared_ptrIN4DUUF4COMF3UDP13UdpConnectionEEC2EOS4_
FN:407,_ZNSt10shared_ptrIN4DUUF4COMF3UDP13UdpConnectionEEC2ISaIS3_EJRKNSt7__cxx1112basic_stringIcSt11char_traitsIcESaIcEEERKNS2_22Send_Receive_Mode_EnumESE_RKiSJ_EEESt20_Sp_alloc_shared_tagIT_EDpOT0_
FNDA:0,_ZNSt10shared_ptrIN4DUUF4COMF3UDP13UdpConnectionEEC2ISaIS3_EJRKNSt7__cxx1112basic_stringIcSt11char_traitsIcESaIcEEERKNS2_22Send_Receive_Mode_EnumESE_RKiSJ_EEESt20_Sp_alloc_shared_tagIT_EDpOT0_
FN:857,_ZSt15allocate_sharedIN4DUUF4COMF3UDP13UdpConnectionESaIS3_EJRKNSt7__cxx1112basic_stringIcSt11char_traitsIcESaIcEEERKNS2_22Send_Receive_Mode_EnumESC_RKiSH_EESt10shared_ptrIT_ERKT0_DpOT1_
FNDA:0,_ZSt15allocate_sharedIN4DUUF4COMF3UDP13UdpConnectionESaIS3_EJRKNSt7__cxx1112basic_stringIcSt11char_traitsIcESaIcEEERKNS2_22Send_Receive_Mode_EnumESC_RKiSH_EESt10shared_ptrIT_ERKT0_DpOT1_
FN:872,_ZSt11make_sharedIN4DUUF4COMF3UDP13UdpConnectionEJRKNSt7__cxx1112basic_stringIcSt11char_traitsIcESaIcEEERKNS2_22Send_Receive_Mode_EnumESB_RKiSG_EESt10shared_ptrIT_EDpOT0_
FNDA:0,_ZSt11make_sharedIN4DUUF4COMF3UDP13UdpConnectionEJRKNSt7__cxx1112basic_stringIcSt11char_traitsIcESaIcEEERKNS2_22Send_Receive_Mode_EnumESB_RKiSG_EESt10shared_ptrIT_EDpOT0_
DA:149,0
DA:303,0
DA:304,0
DA:407,0
DA:408,0
DA:409,0
DA:857,0
DA:860,0
DA:872,0
DA:875,0
DA:876,0
end_of_record
SF:/usr/include/c++/10/bits/stl_map.h
FN:185,_ZNSt3mapINSt7__cxx1112basic_stringIcSt11char_traitsIcESaIcEEESt10shared_ptrIN4DUUF4COMF3UDP13UdpConnectionEESt4lessIS5_ESaISt4pairIKS5_SB_EEEC2Ev
FNDA:0,_ZNSt3mapINSt7__cxx1112basic_stringIcSt11char_traitsIcESaIcEEESt10shared_ptrIN4DUUF4COMF3UDP13UdpConnectionEESt4lessIS5_ESaISt4pairIKS5_SB_EEEC2Ev
FN:302,_ZNSt3mapINSt7__cxx1112basic_stringIcSt11char_traitsIcESaIcEEESt10shared_ptrIN4DUUF4COMF3UDP13UdpConnectionEESt4lessIS5_ESaISt4pairIKS5_SB_EEED2Ev
FNDA:0,_ZNSt3mapINSt7__cxx1112basic_stringIcSt11char_traitsIcESaIcEEESt10shared_ptrIN4DUUF4COMF3UDP13UdpConnectionEESt4lessIS5_ESaISt4pairIKS5_SB_EEED2Ev
FN:374,_ZNSt3mapINSt7__cxx1112basic_stringIcSt11char_traitsIcESaIcEEESt10shared_ptrIN4DUUF4COMF3UDP13UdpConnectionEESt4lessIS5_ESaISt4pairIKS5_SB_EEE3endEv
FNDA:0,_ZNSt3mapINSt7__cxx1112basic_stringIcSt11char_traitsIcESaIcEEESt10shared_ptrIN4DUUF4COMF3UDP13UdpConnectionEESt4lessIS5_ESaISt4pairIKS5_SB_EEE3endEv
FN:383,_ZNKSt3mapINSt7__cxx1112basic_stringIcSt11char_traitsIcESaIcEEESt10shared_ptrIN4DUUF4COMF3UDP13UdpConnectionEESt4lessIS5_ESaISt4pairIKS5_SB_EEE3endEv
FNDA:0,_ZNKSt3mapINSt7__cxx1112basic_stringIcSt11char_traitsIcESaIcEEESt10shared_ptrIN4DUUF4COMF3UDP13UdpConnectionEESt4lessIS5_ESaISt4pairIKS5_SB_EEE3endEv
FN:816,_ZNSt3mapINSt7__cxx1112basic_stringIcSt11char_traitsIcESaIcEEESt10shared_ptrIN4DUUF4COMF3UDP13UdpConnectionEESt4lessIS5_ESaISt4pairIKS5_SB_EEE6insertISE_IS5_SB_EEENSt9enable_ifIXsrSt16is_constructibleISG_JT_EE5valueESE_ISt17_Rb_tree_iteratorISG_EbEE4typeEOSN_
FNDA:0,_ZNSt3mapINSt7__cxx1112basic_stringIcSt11char_traitsIcESaIcEEESt10shared_ptrIN4DUUF4COMF3UDP13UdpConnectionEESt4lessIS5_ESaISt4pairIKS5_SB_EEE6insertISE_IS5_SB_EEENSt9enable_ifIXsrSt16is_constructibleISG_JT_EE5valueESE_ISt17_Rb_tree_iteratorISG_EbEE4typeEOSN_
FN:1037,_ZNSt3mapINSt7__cxx1112basic_stringIcSt11char_traitsIcESaIcEEESt10shared_ptrIN4DUUF4COMF3UDP13UdpConnectionEESt4lessIS5_ESaISt4pairIKS5_SB_EEE5eraseB5cxx11ESt17_Rb_tree_iteratorISG_E
FNDA:0,_ZNSt3mapINSt7__cxx1112basic_stringIcSt11char_traitsIcESaIcEEESt10shared_ptrIN4DUUF4COMF3UDP13UdpConnectionEESt4lessIS5_ESaISt4pairIKS5_SB_EEE5eraseB5cxx11ESt17_Rb_tree_iteratorISG_E
FN:1133,_ZNSt3mapINSt7__cxx1112basic_stringIcSt11char_traitsIcESaIcEEESt10shared_ptrIN4DUUF4COMF3UDP13UdpConnectionEESt4lessIS5_ESaISt4pairIKS5_SB_EEE5clearEv
FNDA:0,_ZNSt3mapINSt7__cxx1112basic_stringIcSt11char_traitsIcESaIcEEESt10shared_ptrIN4DUUF4COMF3UDP13UdpConnectionEESt4lessIS5_ESaISt4pairIKS5_SB_EEE5clearEv
FN:1169,_ZNSt3mapINSt7__cxx1112basic_stringIcSt11char_traitsIcESaIcEEESt10shared_ptrIN4DUUF4COMF3UDP13UdpConnectionEESt4lessIS5_ESaISt4pairIKS5_SB_EEE4findERSF_
FNDA:0,_ZNSt3mapINSt7__cxx1112basic_stringIcSt11char_traitsIcESaIcEEESt10shared_ptrIN4DUUF4COMF3UDP13UdpConnectionEESt4lessIS5_ESaISt4pairIKS5_SB_EEE4findERSF_
FN:1194,_ZNKSt3mapINSt7__cxx1112basic_stringIcSt11char_traitsIcESaIcEEESt10shared_ptrIN4DUUF4COMF3UDP13UdpConnectionEESt4lessIS5_ESaISt4pairIKS5_SB_EEE4findERSF_
FNDA:0,_ZNKSt3mapINSt7__cxx1112basic_stringIcSt11char_traitsIcESaIcEEESt10shared_ptrIN4DUUF4COMF3UDP13UdpConnectionEESt4lessIS5_ESaISt4pairIKS5_SB_EEE4findERSF_
DA:185,0
DA:302,0
DA:374,0
DA:375,0
DA:383,0
DA:384,0
DA:816,0
DA:817,0
DA:1037,0
DA:1038,0
DA:1133,0
DA:1134,0
DA:1169,0
DA:1170,0
DA:1194,0
DA:1195,0
end_of_record
SF:/usr/include/c++/10/bits/basic_string.h
FN:243,_ZNSt7__cxx1112basic_stringIcSt11char_traitsIcESaIcEE16_M_construct_auxIPcEEvT_S7_St12__false_type
FNDA:0,_ZNSt7__cxx1112basic_stringIcSt11char_traitsIcESaIcEE16_M_construct_auxIPcEEvT_S7_St12__false_type
FN:263,_ZNSt7__cxx1112basic_stringIcSt11char_traitsIcESaIcEE12_M_constructIPcEEvT_S7_
FNDA:0,_ZNSt7__cxx1112basic_stringIcSt11char_traitsIcESaIcEE12_M_constructIPcEEvT_S7_
FN:6267,_ZStltIcSt11char_traitsIcESaIcEEbRKNSt7__cxx1112basic_stringIT_T0_T1_EESA_
FNDA:0,_ZStltIcSt11char_traitsIcESaIcEEbRKNSt7__cxx1112basic_stringIT_T0_T1_EESA_
DA:243,0
DA:247,0
DA:248,0
DA:263,0
DA:266,0
DA:267,0
DA:6267,0
DA:6270,0
end_of_record
SF:/usr/include/c++/10/bits/stl_tree.h
FN:146,_ZNSt20_Rb_tree_key_compareISt4lessINSt7__cxx1112basic_stringIcSt11char_traitsIcESaIcEEEEEC2Ev
FNDA:0,_ZNSt20_Rb_tree_key_compareISt4lessINSt7__cxx1112basic_stringIcSt11char_traitsIcESaIcEEEEEC2Ev
FN:173,_ZNSt15_Rb_tree_headerC2Ev
FNDA:0,_ZNSt15_Rb_tree_headerC2Ev
FN:206,_ZNSt15_Rb_tree_header8_M_resetEv
FNDA:0,_ZNSt15_Rb_tree_header8_M_resetEv
FN:234,_ZNSt13_Rb_tree_nodeISt4pairIKNSt7__cxx1112basic_stringIcSt11char_traitsIcESaIcEEESt10shared_ptrIN4DUUF4COMF3UDP13UdpConnectionEEEE9_M_valptrEv
FNDA:0,_ZNSt13_Rb_tree_nodeISt4pairIKNSt7__cxx1112basic_stringIcSt11char_traitsIcESaIcEEESt10shared_ptrIN4DUUF4COMF3UDP13UdpConnectionEEEE9_M_valptrEv
FN:238,_ZNKSt13_Rb_tree_nodeISt4pairIKNSt7__cxx1112basic_stringIcSt11char_traitsIcESaIcEEESt10shared_ptrIN4DUUF4COMF3UDP13UdpConnectionEEEE9_M_valptrEv
FNDA:0,_ZNKSt13_Rb_tree_nodeISt4pairIKNSt7__cxx1112basic_stringIcSt11char_traitsIcESaIcEEESt10shared_ptrIN4DUUF4COMF3UDP13UdpConnectionEEEE9_M_valptrEv
FN:273,_ZNSt17_Rb_tree_iteratorISt4pairIKNSt7__cxx1112basic_stringIcSt11char_traitsIcESaIcEEESt10shared_ptrIN4DUUF4COMF3UDP13UdpConnectionEEEEC2EPSt18_Rb_tree_node_base
FNDA:0,_ZNSt17_Rb_tree_iteratorISt4pairIKNSt7__cxx1112basic_stringIcSt11char_traitsIcESaIcEEESt10shared_ptrIN4DUUF4COMF3UDP13UdpConnectionEEEEC2EPSt18_Rb_tree_node_base
FN:281,_ZNKSt17_Rb_tree_iteratorISt4pairIKNSt7__cxx1112basic_stringIcSt11char_traitsIcESaIcEEESt10shared_ptrIN4DUUF4COMF3UDP13UdpConnectionEEEEptEv
FNDA:0,_ZNKSt17_Rb_tree_iteratorISt4pairIKNSt7__cxx1112basic_stringIcSt11char_traitsIcESaIcEEESt10shared_ptrIN4DUUF4COMF3UDP13UdpConnectionEEEEptEv
FN:285,_ZNSt17_Rb_tree_iteratorISt4pairIKNSt7__cxx1112basic_stringIcSt11char_traitsIcESaIcEEESt10shared_ptrIN4DUUF4COMF3UDP13UdpConnectionEEEEppEv
FNDA:0,_ZNSt17_Rb_tree_iteratorISt4pairIKNSt7__cxx1112basic_stringIcSt11char_traitsIcESaIcEEESt10shared_ptrIN4DUUF4COMF3UDP13UdpConnectionEEEEppEv
FN:300,_ZNSt17_Rb_tree_iteratorISt4pairIKNSt7__cxx1112basic_stringIcSt11char_traitsIcESaIcEEESt10shared_ptrIN4DUUF4COMF3UDP13UdpConnectionEEEEmmEv
FNDA:0,_ZNSt17_Rb_tree_iteratorISt4pairIKNSt7__cxx1112basic_stringIcSt11char_traitsIcESaIcEEESt10shared_ptrIN4DUUF4COMF3UDP13UdpConnectionEEEEmmEv
FN:315,_ZSteqRKSt17_Rb_tree_iteratorISt4pairIKNSt7__cxx1112basic_stringIcSt11char_traitsIcESaIcEEESt10shared_ptrIN4DUUF4COMF3UDP13UdpConnectionEEEESH_
FNDA:0,_ZSteqRKSt17_Rb_tree_iteratorISt4pairIKNSt7__cxx1112basic_stringIcSt11char_traitsIcESaIcEEESt10shared_ptrIN4DUUF4COMF3UDP13UdpConnectionEEEESH_
FN:347,_ZNSt23_Rb_tree_const_iteratorISt4pairIKNSt7__cxx1112basic_stringIcSt11char_traitsIcESaIcEEESt10shared_ptrIN4DUUF4COMF3UDP13UdpConnectionEEEEC2EPKSt18_Rb_tree_node_base
FNDA:0,_ZNSt23_Rb_tree_const_iteratorISt4pairIKNSt7__cxx1112basic_stringIcSt11char_traitsIcESaIcEEESt10shared_ptrIN4DUUF4COMF3UDP13UdpConnectionEEEEC2EPKSt18_Rb_tree_node_base
FN:350,_ZNSt23_Rb_tree_const_iteratorISt4pairIKNSt7__cxx1112basic_stringIcSt11char_traitsIcESaIcEEESt10shared_ptrIN4DUUF4COMF3UDP13UdpConnectionEEEEC2ERKSt17_Rb_tree_iteratorISE_E
FNDA:0,_ZNSt23_Rb_tree_const_iteratorISt4pairIKNSt7__cxx1112basic_stringIcSt11char_traitsIcESaIcEEESt10shared_ptrIN4DUUF4COMF3UDP13UdpConnectionEEEEC2ERKSt17_Rb_tree_iteratorISE_E
FN:362,_ZNKSt23_Rb_tree_const_iteratorISt4pairIKNSt7__cxx1112basic_stringIcSt11char_traitsIcESaIcEEESt10shared_ptrIN4DUUF4COMF3UDP13UdpConnectionEEEEptEv
FNDA:0,_ZNKSt23_Rb_tree_const_iteratorISt4pairIKNSt7__cxx1112basic_stringIcSt11char_traitsIcESaIcEEESt10shared_ptrIN4DUUF4COMF3UDP13UdpConnectionEEEEptEv
FN:396,_ZSteqRKSt23_Rb_tree_const_iteratorISt4pairIKNSt7__cxx1112basic_stringIcSt11char_traitsIcESaIcEEESt10shared_ptrIN4DUUF4COMF3UDP13UdpConnectionEEEESH_
FNDA:0,_ZSteqRKSt23_Rb_tree_const_iteratorISt4pairIKNSt7__cxx1112basic_stringIcSt11char_traitsIcESaIcEEESt10shared_ptrIN4DUUF4COMF3UDP13UdpConnectionEEEESH_
FN:570,_ZNSt8_Rb_treeINSt7__cxx1112basic_stringIcSt11char_traitsIcESaIcEEESt4pairIKS5_St10shared_ptrIN4DUUF4COMF3UDP13UdpConnectionEEESt10_Select1stISE_ESt4lessIS5_ESaISE_EE21_M_get_Node_allocatorEv
FNDA:0,_ZNSt8_Rb_treeINSt7__cxx1112basic_stringIcSt11char_traitsIcESaIcEEESt4pairIKS5_St10shared_ptrIN4DUUF4COMF3UDP13UdpConnectionEEESt10_Select1stISE_ESt4lessIS5_ESaISE_EE21_M_get_Node_allocatorEv
FN:583,_ZNSt8_Rb_treeINSt7__cxx1112basic_stringIcSt11char_traitsIcESaIcEEESt4pairIKS5_St10shared_ptrIN4DUUF4COMF3UDP13UdpConnectionEEESt10_Select1stISE_ESt4lessIS5_ESaISE_EE11_M_get_nodeEv
FNDA:0,_ZNSt8_Rb_treeINSt7__cxx1112basic_stringIcSt11char_traitsIcESaIcEEESt4pairIKS5_St10shared_ptrIN4DUUF4COMF3UDP13UdpConnectionEEESt10_Select1stISE_ESt4lessIS5_ESaISE_EE11_M_get_nodeEv
FN:587,_ZNSt8_Rb_treeINSt7__cxx1112basic_stringIcSt11char_traitsIcESaIcEEESt4pairIKS5_St10shared_ptrIN4DUUF4COMF3UDP13UdpConnectionEEESt10_Select1stISE_ESt4lessIS5_ESaISE_EE11_M_put_nodeEPSt13_Rb_tree_nodeISE_E
FNDA:0,_ZNSt8_Rb_treeINSt7__cxx1112basic_stringIcSt11char_traitsIcESaIcEEESt4pairIKS5_St10shared_ptrIN4DUUF4COMF3UDP13UdpConnectionEEESt10_Select1stISE_ESt4lessIS5_ESaISE_EE11_M_put_nodeEPSt13_Rb_tree_nodeISE_E
FN:613,_ZNSt8_Rb_treeINSt7__cxx1112basic_stringIcSt11char_traitsIcESaIcEEESt4pairIKS5_St10shared_ptrIN4DUUF4COMF3UDP13UdpConnectionEEESt10_Select1stISE_ESt4lessIS5_ESaISE_EE17_M_construct_nodeIJS6_IS5_SD_EEEEvPSt13_Rb_tree_nodeISE_EDpOT_
FNDA:0,_ZNSt8_Rb_treeINSt7__cxx1112basic_stringIcSt11char_traitsIcESaIcEEESt4pairIKS5_St10shared_ptrIN4DUUF4COMF3UDP13UdpConnectionEEESt10_Select1stISE_ESt4lessIS5_ESaISE_EE17_M_construct_nodeIJS6_IS5_SD_EEEEvPSt13_Rb_tree_nodeISE_EDpOT_
FN:632,_ZNSt8_Rb_treeINSt7__cxx1112basic_stringIcSt11char_traitsIcESaIcEEESt4pairIKS5_St10shared_ptrIN4DUUF4COMF3UDP13UdpConnectionEEESt10_Select1stISE_ESt4lessIS5_ESaISE_EE14_M_create_nodeIJS6_IS5_SD_EEEEPSt13_Rb_tree_nodeISE_EDpOT_
FNDA:0,_ZNSt8_Rb_treeINSt7__cxx1112basic_stringIcSt11char_traitsIcESaIcEEESt4pairIKS5_St10shared_ptrIN4DUUF4COMF3UDP13UdpConnectionEEESt10_Select1stISE_ESt4lessIS5_ESaISE_EE14_M_create_nodeIJS6_IS5_SD_EEEEPSt13_Rb_tree_nodeISE_EDpOT_
FN:641,_ZNSt8_Rb_treeINSt7__cxx1112basic_stringIcSt11char_traitsIcESaIcEEESt4pairIKS5_St10shared_ptrIN4DUUF4COMF3UDP13UdpConnectionEEESt10_Select1stISE_ESt4lessIS5_ESaISE_EE15_M_destroy_nodeEPSt13_Rb_tree_nodeISE_E
FNDA:0,_ZNSt8_Rb_treeINSt7__cxx1112basic_stringIcSt11char_traitsIcESaIcEEESt4pairIKS5_St10shared_ptrIN4DUUF4COMF3UDP13UdpConnectionEEESt10_Select1stISE_ESt4lessIS5_ESaISE_EE15_M_destroy_nodeEPSt13_Rb_tree_nodeISE_E
FN:652,_ZNSt8_Rb_treeINSt7__cxx1112basic_stringIcSt11char_traitsIcESaIcEEESt4pairIKS5_St10shared_ptrIN4DUUF4COMF3UDP13UdpConnectionEEESt10_Select1stISE_ESt4lessIS5_ESaISE_EE12_M_drop_nodeEPSt13_Rb_tree_nodeISE_E
FNDA:0,_ZNSt8_Rb_treeINSt7__cxx1112basic_stringIcSt11char_traitsIcESaIcEEESt4pairIKS5_St10shared_ptrIN4DUUF4COMF3UDP13UdpConnectionEEESt10_Select1stISE_ESt4lessIS5_ESaISE_EE12_M_drop_nodeEPSt13_Rb_tree_nodeISE_E
FN:684,_ZNSt8_Rb_treeINSt7__cxx1112basic_stringIcSt11char_traitsIcESaIcEEESt4pairIKS5_St10shared_ptrIN4DUUF4COMF3UDP13UdpConnectionEEESt10_Select1stISE_ESt4lessIS5_ESaISE_EE13_Rb_tree_implISI_Lb1EEC2Ev
FNDA:0,_ZNSt8_Rb_treeINSt7__cxx1112basic_stringIcSt11char_traitsIcESaIcEEESt4pairIKS5_St10shared_ptrIN4DUUF4COMF3UDP13UdpConnectionEEESt10_Select1stISE_ESt4lessIS5_ESaISE_EE13_Rb_tree_implISI_Lb1EEC2Ev
FN:748,_ZNSt8_Rb_treeINSt7__cxx1112basic_stringIcSt11char_traitsIcESaIcEEESt4pairIKS5_St10shared_ptrIN4DUUF4COMF3UDP13UdpConnectionEEESt10_Select1stISE_ESt4lessIS5_ESaISE_EE8_M_beginEv
FNDA:0,_ZNSt8_Rb_treeINSt7__cxx1112basic_stringIcSt11char_traitsIcESaIcEEESt4pairIKS5_St10shared_ptrIN4DUUF4COMF3UDP13UdpConnectionEEESt10_Select1stISE_ESt4lessIS5_ESaISE_EE8_M_beginEv
FN:752,_ZNKSt8_Rb_treeINSt7__cxx1112basic_stringIcSt11char_traitsIcESaIcEEESt4pairIKS5_St10shared_ptrIN4DUUF4COMF3UDP13UdpConnectionEEESt10_Select1stISE_ESt4lessIS5_ESaISE_EE8_M_beginEv
FNDA:0,_ZNKSt8_Rb_treeINSt7__cxx1112basic_stringIcSt11char_traitsIcESaIcEEESt4pairIKS5_St10shared_ptrIN4DUUF4COMF3UDP13UdpConnectionEEESt10_Select1stISE_ESt4lessIS5_ESaISE_EE8_M_beginEv
FN:759,_ZNSt8_Rb_treeINSt7__cxx1112basic_stringIcSt11char_traitsIcESaIcEEESt4pairIKS5_St10shared_ptrIN4DUUF4COMF3UDP13UdpConnectionEEESt10_Select1stISE_ESt4lessIS5_ESaISE_EE6_M_endEv
FNDA:0,_ZNSt8_Rb_treeINSt7__cxx1112basic_stringIcSt11char_traitsIcESaIcEEESt4pairIKS5_St10shared_ptrIN4DUUF4COMF3UDP13UdpConnectionEEESt10_Select1stISE_ESt4lessIS5_ESaISE_EE6_M_endEv
FN:763,_ZNKSt8_Rb_treeINSt7__cxx1112basic_stringIcSt11char_traitsIcESaIcEEESt4pairIKS5_St10shared_ptrIN4DUUF4COMF3UDP13UdpConnectionEEESt10_Select1stISE_ESt4lessIS5_ESaISE_EE6_M_endEv
FNDA:0,_ZNKSt8_Rb_treeINSt7__cxx1112basic_stringIcSt11char_traitsIcESaIcEEESt4pairIKS5_St10shared_ptrIN4DUUF4COMF3UDP13UdpConnectionEEESt10_Select1stISE_ESt4lessIS5_ESaISE_EE6_M_endEv
FN:767,_ZNSt8_Rb_treeINSt7__cxx1112basic_stringIcSt11char_traitsIcESaIcEEESt4pairIKS5_St10shared_ptrIN4DUUF4COMF3UDP13UdpConnectionEEESt10_Select1stISE_ESt4lessIS5_ESaISE_EE6_S_keyEPKSt13_Rb_tree_nodeISE_E
FNDA:0,_ZNSt8_Rb_treeINSt7__cxx1112basic_stringIcSt11char_traitsIcESaIcEEESt4pairIKS5_St10shared_ptrIN4DUUF4COMF3UDP13UdpConnectionEEESt10_Select1stISE_ESt4lessIS5_ESaISE_EE6_S_keyEPKSt13_Rb_tree_nodeISE_E
FN:789,_ZNSt8_Rb_treeINSt7__cxx1112basic_stringIcSt11char_traitsIcESaIcEEESt4pairIKS5_St10shared_ptrIN4DUUF4COMF3UDP13UdpConnectionEEESt10_Select1stISE_ESt4lessIS5_ESaISE_EE7_S_leftEPSt18_Rb_tree_node_base
FNDA:0,_ZNSt8_Rb_treeINSt7__cxx1112basic_stringIcSt11char_traitsIcESaIcEEESt4pairIKS5_St10shared_ptrIN4DUUF4COMF3UDP13UdpConnectionEEESt10_Select1stISE_ESt4lessIS5_ESaISE_EE7_S_leftEPSt18_Rb_tree_node_base
FN:793,_ZNSt8_Rb_treeINSt7__cxx1112basic_stringIcSt11char_traitsIcESaIcEEESt4pairIKS5_St10shared_ptrIN4DUUF4COMF3UDP13UdpConnectionEEESt10_Select1stISE_ESt4lessIS5_ESaISE_EE7_S_leftEPKSt18_Rb_tree_node_base
FNDA:0,_ZNSt8_Rb_treeINSt7__cxx1112basic_stringIcSt11char_traitsIcESaIcEEESt4pairIKS5_St10shared_ptrIN4DUUF4COMF3UDP13UdpConnectionEEESt10_Select1stISE_ESt4lessIS5_ESaISE_EE7_S_leftEPKSt18_Rb_tree_node_base
FN:797,_ZNSt8_Rb_treeINSt7__cxx1112basic_stringIcSt11char_traitsIcESaIcEEESt4pairIKS5_St10shared_ptrIN4DUUF4COMF3UDP13UdpConnectionEEESt10_Select1stISE_ESt4lessIS5_ESaISE_EE8_S_rightEPSt18_Rb_tree_node_base
FNDA:0,_ZNSt8_Rb_treeINSt7__cxx1112basic_stringIcSt11char_traitsIcESaIcEEESt4pairIKS5_St10shared_ptrIN4DUUF4COMF3UDP13UdpConnectionEEESt10_Select1stISE_ESt4lessIS5_ESaISE_EE8_S_rightEPSt18_Rb_tree_node_base
FN:801,_ZNSt8_Rb_treeINSt7__cxx1112basic_stringIcSt11char_traitsIcESaIcEEESt4pairIKS5_St10shared_ptrIN4DUUF4COMF3UDP13UdpConnectionEEESt10_Select1stISE_ESt4lessIS5_ESaISE_EE8_S_rightEPKSt18_Rb_tree_node_base
FNDA:0,_ZNSt8_Rb_treeINSt7__cxx1112basic_stringIcSt11char_traitsIcESaIcEEESt4pairIKS5_St10shared_ptrIN4DUUF4COMF3UDP13UdpConnectionEEESt10_Select1stISE_ESt4lessIS5_ESaISE_EE8_S_rightEPKSt18_Rb_tree_node_base
FN:805,_ZNSt8_Rb_treeINSt7__cxx1112basic_stringIcSt11char_traitsIcESaIcEEESt4pairIKS5_St10shared_ptrIN4DUUF4COMF3UDP13UdpConnectionEEESt10_Select1stISE_ESt4lessIS5_ESaISE_EE6_S_keyEPKSt18_Rb_tree_node_base
FNDA:0,_ZNSt8_Rb_treeINSt7__cxx1112basic_stringIcSt11char_traitsIcESaIcEEESt4pairIKS5_St10shared_ptrIN4DUUF4COMF3UDP13UdpConnectionEEESt10_Select1stISE_ESt4lessIS5_ESaISE_EE6_S_keyEPKSt18_Rb_tree_node_base
FN:935,_ZNSt8_Rb_treeINSt7__cxx1112basic_stringIcSt11char_traitsIcESaIcEEESt4pairIKS5_St10shared_ptrIN4DUUF4COMF3UDP13UdpConnectionEEESt10_Select1stISE_ESt4lessIS5_ESaISE_EEC2Ev
FNDA:0,_ZNSt8_Rb_treeINSt7__cxx1112basic_stringIcSt11char_traitsIcESaIcEEESt4pairIKS5_St10shared_ptrIN4DUUF4COMF3UDP13UdpConnectionEEESt10_Select1stISE_ESt4lessIS5_ESaISE_EEC2Ev
FN:990,_ZNSt8_Rb_treeINSt7__cxx1112basic_stringIcSt11char_traitsIcESaIcEEESt4pairIKS5_St10shared_ptrIN4DUUF4COMF3UDP13UdpConnectionEEESt10_Select1stISE_ESt4lessIS5_ESaISE_EED2Ev
FNDA:0,_ZNSt8_Rb_treeINSt7__cxx1112basic_stringIcSt11char_traitsIcESaIcEEESt4pairIKS5_St10shared_ptrIN4DUUF4COMF3UDP13UdpConnectionEEESt10_Select1stISE_ESt4lessIS5_ESaISE_EED2Ev
FN:1002,_ZNSt8_Rb_treeINSt7__cxx1112basic_stringIcSt11char_traitsIcESaIcEEESt4pairIKS5_St10shared_ptrIN4DUUF4COMF3UDP13UdpConnectionEEESt10_Select1stISE_ESt4lessIS5_ESaISE_EE5beginEv
FNDA:0,_ZNSt8_Rb_treeINSt7__cxx1112basic_stringIcSt11char_traitsIcESaIcEEESt4pairIKS5_St10shared_ptrIN4DUUF4COMF3UDP13UdpConnectionEEESt10_Select1stISE_ESt4lessIS5_ESaISE_EE5beginEv
FN:1010,_ZNSt8_Rb_treeINSt7__cxx1112basic_stringIcSt11char_traitsIcESaIcEEESt4pairIKS5_St10shared_ptrIN4DUUF4COMF3UDP13UdpConnectionEEESt10_Select1stISE_ESt4lessIS5_ESaISE_EE3endEv
FNDA:0,_ZNSt8_Rb_treeINSt7__cxx1112basic_stringIcSt11char_traitsIcESaIcEEESt4pairIKS5_St10shared_ptrIN4DUUF4COMF3UDP13UdpConnectionEEESt10_Select1stISE_ESt4lessIS5_ESaISE_EE3endEv
FN:1014,_ZNKSt8_Rb_treeINSt7__cxx1112basic_stringIcSt11char_traitsIcESaIcEEESt4pairIKS5_St10shared_ptrIN4DUUF4COMF3UDP13UdpConnectionEEESt10_Select1stISE_ESt4lessIS5_ESaISE_EE3endEv
FNDA:0,_ZNKSt8_Rb_treeINSt7__cxx1112basic_stringIcSt11char_traitsIcESaIcEEESt4pairIKS5_St10shared_ptrIN4DUUF4COMF3UDP13UdpConnectionEEESt10_Select1stISE_ESt4lessIS5_ESaISE_EE3endEv
FN:1211,_ZNSt8_Rb_treeINSt7__cxx1112basic_stringIcSt11char_traitsIcESaIcEEESt4pairIKS5_St10shared_ptrIN4DUUF4COMF3UDP13UdpConnectionEEESt10_Select1stISE_ESt4lessIS5_ESaISE_EE5eraseB5cxx11ESt17_Rb_tree_iteratorISE_E
FNDA:0,_ZNSt8_Rb_treeINSt7__cxx1112basic_stringIcSt11char_traitsIcESaIcEEESt4pairIKS5_St10shared_ptrIN4DUUF4COMF3UDP13UdpConnectionEEESt10_Select1stISE_ESt4lessIS5_ESaISE_EE5eraseB5cxx11ESt17_Rb_tree_iteratorISE_E
FN:1259,_ZNSt8_Rb_treeINSt7__cxx1112basic_stringIcSt11char_traitsIcESaIcEEESt4pairIKS5_St10shared_ptrIN4DUUF4COMF3UDP13UdpConnectionEEESt10_Select1stISE_ESt4lessIS5_ESaISE_EE5clearEv
FNDA:0,_ZNSt8_Rb_treeINSt7__cxx1112basic_stringIcSt11char_traitsIcESaIcEEESt4pairIKS5_St10shared_ptrIN4DUUF4COMF3UDP13UdpConnectionEEESt10_Select1stISE_ESt4lessIS5_ESaISE_EE5clearEv
FN:1913,_ZNSt8_Rb_treeINSt7__cxx1112basic_stringIcSt11char_traitsIcESaIcEEESt4pairIKS5_St10shared_ptrIN4DUUF4COMF3UDP13UdpConnectionEEESt10_Select1stISE_ESt4lessIS5_ESaISE_EE8_M_eraseEPSt13_Rb_tree_nodeISE_E
FNDA:0,_ZNSt8_Rb_treeINSt7__cxx1112basic_stringIcSt11char_traitsIcESaIcEEESt4pairIKS5_St10shared_ptrIN4DUUF4COMF3UDP13UdpConnectionEEESt10_Select1stISE_ESt4lessIS5_ESaISE_EE8_M_eraseEPSt13_Rb_tree_nodeISE_E
FN:1930,_ZNSt8_Rb_treeINSt7__cxx1112basic_stringIcSt11char_traitsIcESaIcEEESt4pairIKS5_St10shared_ptrIN4DUUF4COMF3UDP13UdpConnectionEEESt10_Select1stISE_ESt4lessIS5_ESaISE_EE14_M_lower_boundEPSt13_Rb_tree_nodeISE_EPSt18_Rb_tree_node_baseRS7_
FNDA:0,_ZNSt8_Rb_treeINSt7__cxx1112basic_stringIcSt11char_traitsIcESaIcEEESt4pairIKS5_St10shared_ptrIN4DUUF4COMF3UDP13UdpConnectionEEESt10_Select1stISE_ESt4lessIS5_ESaISE_EE14_M_lower_boundEPSt13_Rb_tree_nodeISE_EPSt18_Rb_tree_node_baseRS7_
FN:1946,_ZNKSt8_Rb_treeINSt7__cxx1112basic_stringIcSt11char_traitsIcESaIcEEESt4pairIKS5_St10shared_ptrIN4DUUF4COMF3UDP13UdpConnectionEEESt10_Select1stISE_ESt4lessIS5_ESaISE_EE14_M_lower_boundEPKSt13_Rb_tree_nodeISE_EPKSt18_Rb_tree_node_baseRS7_
FNDA:0,_ZNKSt8_Rb_treeINSt7__cxx1112basic_stringIcSt11char_traitsIcESaIcEEESt4pairIKS5_St10shared_ptrIN4DUUF4COMF3UDP13UdpConnectionEEESt10_Select1stISE_ESt4lessIS5_ESaISE_EE14_M_lower_boundEPKSt13_Rb_tree_nodeISE_EPKSt18_Rb_tree_node_baseRS7_
FN:2091,_ZNSt8_Rb_treeINSt7__cxx1112basic_stringIcSt11char_traitsIcESaIcEEESt4pairIKS5_St10shared_ptrIN4DUUF4COMF3UDP13UdpConnectionEEESt10_Select1stISE_ESt4lessIS5_ESaISE_EE24_M_get_insert_unique_posERS7_
FNDA:0,_ZNSt8_Rb_treeINSt7__cxx1112basic_stringIcSt11char_traitsIcESaIcEEESt4pairIKS5_St10shared_ptrIN4DUUF4COMF3UDP13UdpConnectionEEESt10_Select1stISE_ESt4lessIS5_ESaISE_EE24_M_get_insert_unique_posERS7_
FN:2360,_ZNSt8_Rb_treeINSt7__cxx1112basic_stringIcSt11char_traitsIcESaIcEEESt4pairIKS5_St10shared_ptrIN4DUUF4COMF3UDP13UdpConnectionEEESt10_Select1stISE_ESt4lessIS5_ESaISE_EE14_M_insert_nodeEPSt18_Rb_tree_node_baseSM_PSt13_Rb_tree_nodeISE_E
FNDA:0,_ZNSt8_Rb_treeINSt7__cxx1112basic_stringIcSt11char_traitsIcESaIcEEESt4pairIKS5_St10shared_ptrIN4DUUF4COMF3UDP13UdpConnectionEEESt10_Select1stISE_ESt4lessIS5_ESaISE_EE14_M_insert_nodeEPSt18_Rb_tree_node_baseSM_PSt13_Rb_tree_nodeISE_E
FN:2411,_ZNSt8_Rb_treeINSt7__cxx1112basic_stringIcSt11char_traitsIcESaIcEEESt4pairIKS5_St10shared_ptrIN4DUUF4COMF3UDP13UdpConnectionEEESt10_Select1stISE_ESt4lessIS5_ESaISE_EE17_M_emplace_uniqueIJS6_IS5_SD_EEEES6_ISt17_Rb_tree_iteratorISE_EbEDpOT_
FNDA:0,_ZNSt8_Rb_treeINSt7__cxx1112basic_stringIcSt11char_traitsIcESaIcEEESt4pairIKS5_St10shared_ptrIN4DUUF4COMF3UDP13UdpConnectionEEESt10_Select1stISE_ESt4lessIS5_ESaISE_EE17_M_emplace_uniqueIJS6_IS5_SD_EEEES6_ISt17_Rb_tree_iteratorISE_EbEDpOT_
FN:2510,_ZNSt8_Rb_treeINSt7__cxx1112basic_stringIcSt11char_traitsIcESaIcEEESt4pairIKS5_St10shared_ptrIN4DUUF4COMF3UDP13UdpConnectionEEESt10_Select1stISE_ESt4lessIS5_ESaISE_EE12_M_erase_auxESt23_Rb_tree_const_iteratorISE_E
FNDA:0,_ZNSt8_Rb_treeINSt7__cxx1112basic_stringIcSt11char_traitsIcESaIcEEESt4pairIKS5_St10shared_ptrIN4DUUF4COMF3UDP13UdpConnectionEEESt10_Select1stISE_ESt4lessIS5_ESaISE_EE12_M_erase_auxESt23_Rb_tree_const_iteratorISE_E
FN:2550,_ZNSt8_Rb_treeINSt7__cxx1112basic_stringIcSt11char_traitsIcESaIcEEESt4pairIKS5_St10shared_ptrIN4DUUF4COMF3UDP13UdpConnectionEEESt10_Select1stISE_ESt4lessIS5_ESaISE_EE4findERS7_
FNDA:0,_ZNSt8_Rb_treeINSt7__cxx1112basic_stringIcSt11char_traitsIcESaIcEEESt4pairIKS5_St10shared_ptrIN4DUUF4COMF3UDP13UdpConnectionEEESt10_Select1stISE_ESt4lessIS5_ESaISE_EE4findERS7_
FN:2563,_ZNKSt8_Rb_treeINSt7__cxx1112basic_stringIcSt11char_traitsIcESaIcEEESt4pairIKS5_St10shared_ptrIN4DUUF4COMF3UDP13UdpConnectionEEESt10_Select1stISE_ESt4lessIS5_ESaISE_EE4findERS7_
FNDA:0,_ZNKSt8_Rb_treeINSt7__cxx1112basic_stringIcSt11char_traitsIcESaIcEEESt4pairIKS5_St10shared_ptrIN4DUUF4COMF3UDP13UdpConnectionEEESt10_Select1stISE_ESt4lessIS5_ESaISE_EE4findERS7_
DA:146,0
DA:150,0
DA:173,0
DA:174,0
DA:175,0
DA:176,0
DA:177,0
DA:206,0
DA:208,0
DA:209,0
DA:210,0
DA:211,0
DA:212,0
DA:234,0
DA:235,0
DA:238,0
DA:239,0
DA:273,0
DA:274,0
DA:281,0
DA:282,0
DA:285,0
DA:287,0
DA:288,0
DA:300,0
DA:302,0
DA:303,0
DA:315,0
DA:316,0
DA:347,0
DA:348,0
DA:350,0
DA:351,0
DA:362,0
DA:363,0
DA:396,0
DA:397,0
DA:570,0
DA:571,0
DA:583,0
DA:584,0
DA:587,0
DA:588,0
DA:613,0
DA:617,0
DA:618,0
DA:622,0
DA:624,0
DA:625,0
DA:626,0
DA:628,0
DA:632,0
DA:634,0
DA:635,0
DA:636,0
DA:641,0
DA:646,0
DA:647,0
DA:649,0
DA:652,0
DA:654,0
DA:655,0
DA:656,0
DA:684,0
DA:688,0
DA:689,0
DA:748,0
DA:749,0
DA:752,0
DA:755,0
DA:759,0
DA:760,0
DA:763,0
DA:764,0
DA:767,0
DA:785,0
DA:789,0
DA:790,0
DA:793,0
DA:794,0
DA:797,0
DA:798,0
DA:801,0
DA:802,0
DA:805,0
DA:806,0
DA:935,0
DA:990,0
DA:991,0
DA:1002,0
DA:1003,0
DA:1010,0
DA:1011,0
DA:1014,0
DA:1015,0
DA:1211,0
DA:1214,0
DA:1215,0
DA:1216,0
DA:1217,0
DA:1259,0
DA:1261,0
DA:1262,0
DA:1263,0
DA:1913,0
DA:1917,0
DA:1919,0
DA:1920,0
DA:1921,0
DA:1922,0
DA:1924,0
DA:1930,0
DA:1934,0
DA:1935,0
DA:1936,0
DA:1938,0
DA:1939,0
DA:1946,0
DA:1950,0
DA:1951,0
DA:1952,0
DA:1954,0
DA:1955,0
DA:2091,0
DA:2095,0
DA:2096,0
DA:2097,0
DA:2098,0
DA:2100,0
DA:2101,0
DA:2102,0
DA:2104,0
DA:2105,0
DA:2107,0
DA:2108,0
DA:2110,0
DA:2112,0
DA:2113,0
DA:2114,0
DA:2360,0
DA:2363,0
DA:2364,0
DA:2367,0
DA:2368,0
DA:2369,0
DA:2370,0
DA:2411,0
DA:2414,0
DA:2419,0
DA:2420,0
DA:2421,0
DA:2423,0
DA:2424,0
DA:2426,0
DA:2428,0
DA:2429,0
DA:2510,0
DA:2515,0
DA:2516,0
DA:2517,0
DA:2518,0
DA:2519,0
DA:2550,0
DA:2553,0
DA:2554,0
DA:2555,0
DA:2556,0
DA:2563,0
DA:2566,0
DA:2567,0
DA:2568,0
DA:2569,0
end_of_record
SF:/usr/include/c++/10/bits/ptr_traits.h
FN:156,_ZSt12__to_addressISt23_Sp_counted_ptr_inplaceIN4DUUF4COMF3UDP13UdpConnectionESaIS4_ELN9__gnu_cxx12_Lock_policyE2EEEPT_SA_
FNDA:0,_ZSt12__to_addressISt23_Sp_counted_ptr_inplaceIN4DUUF4COMF3UDP13UdpConnectionESaIS4_ELN9__gnu_cxx12_Lock_policyE2EEEPT_SA_
DA:156,0
DA:159,0
end_of_record
SF:/usr/include/c++/10/bits/basic_string.tcc
FN:206,_ZNSt7__cxx1112basic_stringIcSt11char_traitsIcESaIcEE12_M_constructIPcEEvT_S7_St20forward_iterator_tag
FNDA:0,_ZNSt7__cxx1112basic_stringIcSt11char_traitsIcESaIcEE12_M_constructIPcEEvT_S7_St20forward_iterator_tag
DA:206,0
DA:211,0
DA:212,0
DA:215,0
DA:217,0
DA:219,0
DA:220,0
DA:225,0
DA:226,0
DA:228,0
DA:229,0
DA:232,0
DA:233,0
end_of_record
SF:/usr/include/c++/10/bits/stl_iterator_base_types.h
FN:238,_ZSt19__iterator_categoryIPcENSt15iterator_traitsIT_E17iterator_categoryERKS2_
FNDA:0,_ZSt19__iterator_categoryIPcENSt15iterator_traitsIT_E17iterator_categoryERKS2_
DA:238,0
DA:239,0
end_of_record
SF:/usr/include/c++/10/bits/alloc_traits.h
FN:459,_ZNSt16allocator_traitsISaISt23_Sp_counted_ptr_inplaceIN4DUUF4COMF3UDP13UdpConnectionESaIS4_ELN9__gnu_cxx12_Lock_policyE2EEEE8allocateERS9_m
FNDA:0,_ZNSt16allocator_traitsISaISt23_Sp_counted_ptr_inplaceIN4DUUF4COMF3UDP13UdpConnectionESaIS4_ELN9__gnu_cxx12_Lock_policyE2EEEE8allocateERS9_m
FN:459,_ZNSt16allocator_traitsISaISt13_Rb_tree_nodeISt4pairIKNSt7__cxx1112basic_stringIcSt11char_traitsIcESaIcEEESt10shared_ptrIN4DUUF4COMF3UDP13UdpConnectionEEEEEE8allocateERSH_m
FNDA:0,_ZNSt16allocator_traitsISaISt13_Rb_tree_nodeISt4pairIKNSt7__cxx1112basic_stringIcSt11char_traitsIcESaIcEEESt10shared_ptrIN4DUUF4COMF3UDP13UdpConnectionEEEEEE8allocateERSH_m
FN:491,_ZNSt16allocator_traitsISaISt23_Sp_counted_ptr_inplaceIN4DUUF4COMF3UDP13UdpConnectionESaIS4_ELN9__gnu_cxx12_Lock_policyE2EEEE10deallocateERS9_PS8_m
FNDA:0,_ZNSt16allocator_traitsISaISt23_Sp_counted_ptr_inplaceIN4DUUF4COMF3UDP13UdpConnectionESaIS4_ELN9__gnu_cxx12_Lock_policyE2EEEE10deallocateERS9_PS8_m
FN:491,_ZNSt16allocator_traitsISaISt13_Rb_tree_nodeISt4pairIKNSt7__cxx1112basic_stringIcSt11char_traitsIcESaIcEEESt10shared_ptrIN4DUUF4COMF3UDP13UdpConnectionEEEEEE10deallocateERSH_PSG_m
FNDA:0,_ZNSt16allocator_traitsISaISt13_Rb_tree_nodeISt4pairIKNSt7__cxx1112basic_stringIcSt11char_traitsIcESaIcEEESt10shared_ptrIN4DUUF4COMF3UDP13UdpConnectionEEEEEE10deallocateERSH_PSG_m
FN:507,_ZNSt16allocator_traitsISaIN4DUUF4COMF3UDP13UdpConnectionEEE9constructIS3_JRKNSt7__cxx1112basic_stringIcSt11char_traitsIcESaIcEEERKNS2_22Send_Receive_Mode_EnumESE_RKiSJ_EEEvRS4_PT_DpOT0_
FNDA:0,_ZNSt16allocator_traitsISaIN4DUUF4COMF3UDP13UdpConnectionEEE9constructIS3_JRKNSt7__cxx1112basic_stringIcSt11char_traitsIcESaIcEEERKNS2_22Send_Receive_Mode_EnumESE_RKiSJ_EEEvRS4_PT_DpOT0_
FN:507,_ZNSt16allocator_traitsISaISt13_Rb_tree_nodeISt4pairIKNSt7__cxx1112basic_stringIcSt11char_traitsIcESaIcEEESt10shared_ptrIN4DUUF4COMF3UDP13UdpConnectionEEEEEE9constructISF_JS1_IS7_SE_EEEEvRSH_PT_DpOT0_
FNDA:0,_ZNSt16allocator_traitsISaISt13_Rb_tree_nodeISt4pairIKNSt7__cxx1112basic_stringIcSt11char_traitsIcESaIcEEESt10shared_ptrIN4DUUF4COMF3UDP13UdpConnectionEEEEEE9constructISF_JS1_IS7_SE_EEEEvRSH_PT_DpOT0_
FN:527,_ZNSt16allocator_traitsISaIN4DUUF4COMF3UDP13UdpConnectionEEE7destroyIS3_EEvRS4_PT_
FNDA:0,_ZNSt16allocator_traitsISaIN4DUUF4COMF3UDP13UdpConnectionEEE7destroyIS3_EEvRS4_PT_
FN:527,_ZNSt16allocator_traitsISaISt13_Rb_tree_nodeISt4pairIKNSt7__cxx1112basic_stringIcSt11char_traitsIcESaIcEEESt10shared_ptrIN4DUUF4COMF3UDP13UdpConnectionEEEEEE7destroyISF_EEvRSH_PT_
FNDA:0,_ZNSt16allocator_traitsISaISt13_Rb_tree_nodeISt4pairIKNSt7__cxx1112basic_stringIcSt11char_traitsIcESaIcEEESt10shared_ptrIN4DUUF4COMF3UDP13UdpConnectionEEEEEE7destroyISF_EEvRSH_PT_
FN:558,_ZNSt16allocator_traitsISaIcEE37select_on_container_copy_constructionERKS0_
FNDA:0,_ZNSt16allocator_traitsISaIcEE37select_on_container_copy_constructionERKS0_
DA:459,0
DA:460,0
DA:459,0
DA:460,0
DA:491,0
DA:492,0
DA:491,0
DA:492,0
DA:507,0
DA:512,0
DA:516,0
DA:507,0
DA:512,0
DA:516,0
DA:527,0
DA:531,0
DA:535,0
DA:527,0
DA:531,0
DA:535,0
DA:558,0
DA:559,0
end_of_record
SF:/usr/include/c++/10/bits/stl_pair.h
FN:322,_ZNSt4pairIPSt18_Rb_tree_node_baseS1_EC2IRS1_Lb1EEEOT_RKS1_
FNDA:0,_ZNSt4pairIPSt18_Rb_tree_node_baseS1_EC2IRS1_Lb1EEEOT_RKS1_
FN:336,_ZNSt4pairINSt7__cxx1112basic_stringIcSt11char_traitsIcESaIcEEESt10shared_ptrIN4DUUF4COMF3UDP13UdpConnectionEEEC2IRSB_Lb1EEERKS5_OT_
FNDA:0,_ZNSt4pairINSt7__cxx1112basic_stringIcSt11char_traitsIcESaIcEEESt10shared_ptrIN4DUUF4COMF3UDP13UdpConnectionEEEC2IRSB_Lb1EEERKS5_OT_
FN:352,_ZNSt4pairIPSt18_Rb_tree_node_baseS1_EC2IRPSt13_Rb_tree_nodeIS_IKNSt7__cxx1112basic_stringIcSt11char_traitsIcESaIcEEESt10shared_ptrIN4DUUF4COMF3UDP13UdpConnectionEEEERS1_Lb1EEEOT_OT0_
FNDA:0,_ZNSt4pairIPSt18_Rb_tree_node_baseS1_EC2IRPSt13_Rb_tree_nodeIS_IKNSt7__cxx1112basic_stringIcSt11char_traitsIcESaIcEEESt10shared_ptrIN4DUUF4COMF3UDP13UdpConnectionEEEERS1_Lb1EEEOT_OT0_
FN:352,_ZNSt4pairISt17_Rb_tree_iteratorIS_IKNSt7__cxx1112basic_stringIcSt11char_traitsIcESaIcEEESt10shared_ptrIN4DUUF4COMF3UDP13UdpConnectionEEEEbEC2ISF_bLb1EEEOT_OT0_
FNDA:0,_ZNSt4pairISt17_Rb_tree_iteratorIS_IKNSt7__cxx1112basic_stringIcSt11char_traitsIcESaIcEEESt10shared_ptrIN4DUUF4COMF3UDP13UdpConnectionEEEEbEC2ISF_bLb1EEEOT_OT0_
FN:371,_ZNSt4pairIKNSt7__cxx1112basic_stringIcSt11char_traitsIcESaIcEEESt10shared_ptrIN4DUUF4COMF3UDP13UdpConnectionEEEC2IS5_SC_Lb1EEEOS_IT_T0_E
FNDA:0,_ZNSt4pairIKNSt7__cxx1112basic_stringIcSt11char_traitsIcESaIcEEESt10shared_ptrIN4DUUF4COMF3UDP13UdpConnectionEEEC2IS5_SC_Lb1EEEOS_IT_T0_E
FN:567,_ZSt9make_pairIRKNSt7__cxx1112basic_stringIcSt11char_traitsIcESaIcEEERSt10shared_ptrIN4DUUF4COMF3UDP13UdpConnectionEEESt4pairINSt25__strip_reference_wrapperINSt5decayIT_E4typeEE6__typeENSG_INSH_IT0_E4typeEE6__typeEEOSI_OSN_
FNDA:0,_ZSt9make_pairIRKNSt7__cxx1112basic_stringIcSt11char_traitsIcESaIcEEERSt10shared_ptrIN4DUUF4COMF3UDP13UdpConnectionEEESt4pairINSt25__strip_reference_wrapperINSt5decayIT_E4typeEE6__typeENSG_INSH_IT0_E4typeEE6__typeEEOSI_OSN_
DA:322,0
DA:323,0
DA:336,0
DA:337,0
DA:352,0
DA:353,0
DA:352,0
DA:353,0
DA:371,0
DA:372,0
DA:373,0
DA:567,0
DA:572,0
end_of_record
SF:/usr/include/c++/10/bits/allocated_ptr.h
FN:52,_ZNSt15__allocated_ptrISaISt23_Sp_counted_ptr_inplaceIN4DUUF4COMF3UDP13UdpConnectionESaIS4_ELN9__gnu_cxx12_Lock_policyE2EEEEC2ERS9_PS8_
FNDA:0,_ZNSt15__allocated_ptrISaISt23_Sp_counted_ptr_inplaceIN4DUUF4COMF3UDP13UdpConnectionESaIS4_ELN9__gnu_cxx12_Lock_policyE2EEEEC2ERS9_PS8_
FN:70,_ZNSt15__allocated_ptrISaISt23_Sp_counted_ptr_inplaceIN4DUUF4COMF3UDP13UdpConnectionESaIS4_ELN9__gnu_cxx12_Lock_policyE2EEEED2Ev
FNDA:0,_ZNSt15__allocated_ptrISaISt23_Sp_counted_ptr_inplaceIN4DUUF4COMF3UDP13UdpConnectionESaIS4_ELN9__gnu_cxx12_Lock_policyE2EEEED2Ev
FN:78,_ZNSt15__allocated_ptrISaISt23_Sp_counted_ptr_inplaceIN4DUUF4COMF3UDP13UdpConnectionESaIS4_ELN9__gnu_cxx12_Lock_policyE2EEEEaSEDn
FNDA:0,_ZNSt15__allocated_ptrISaISt23_Sp_counted_ptr_inplaceIN4DUUF4COMF3UDP13UdpConnectionESaIS4_ELN9__gnu_cxx12_Lock_policyE2EEEEaSEDn
FN:85,_ZNSt15__allocated_ptrISaISt23_Sp_counted_ptr_inplaceIN4DUUF4COMF3UDP13UdpConnectionESaIS4_ELN9__gnu_cxx12_Lock_policyE2EEEE3getEv
FNDA:0,_ZNSt15__allocated_ptrISaISt23_Sp_counted_ptr_inplaceIN4DUUF4COMF3UDP13UdpConnectionESaIS4_ELN9__gnu_cxx12_Lock_policyE2EEEE3getEv
FN:95,_ZSt18__allocate_guardedISaISt23_Sp_counted_ptr_inplaceIN4DUUF4COMF3UDP13UdpConnectionESaIS4_ELN9__gnu_cxx12_Lock_policyE2EEEESt15__allocated_ptrIT_ERSB_
FNDA:0,_ZSt18__allocate_guardedISaISt23_Sp_counted_ptr_inplaceIN4DUUF4COMF3UDP13UdpConnectionESaIS4_ELN9__gnu_cxx12_Lock_policyE2EEEESt15__allocated_ptrIT_ERSB_
DA:52,0
DA:53,0
DA:54,0
DA:70,0
DA:72,0
DA:73,0
DA:74,0
DA:78,0
DA:80,0
DA:81,0
DA:85,0
DA:95,0
DA:97,0
end_of_record
SF:/usr/include/c++/10/new
FN:174,_ZnwmPv
FNDA:0,_ZnwmPv
FN:180,_ZdlPvS_
FNDA:0,_ZdlPvS_
DA:174,0
DA:175,0
DA:180,0
end_of_record
SF:/usr/include/c++/10/ext/new_allocator.h
FN:79,_ZN9__gnu_cxx13new_allocatorISt13_Rb_tree_nodeISt4pairIKNSt7__cxx1112basic_stringIcSt11char_traitsIcESaIcEEESt10shared_ptrIN4DUUF4COMF3UDP13UdpConnectionEEEEEC2Ev
FNDA:0,_ZN9__gnu_cxx13new_allocatorISt13_Rb_tree_nodeISt4pairIKNSt7__cxx1112basic_stringIcSt11char_traitsIcESaIcEEESt10shared_ptrIN4DUUF4COMF3UDP13UdpConnectionEEEEEC2Ev
FN:79,_ZN9__gnu_cxx13new_allocatorISt23_Sp_counted_ptr_inplaceIN4DUUF4COMF3UDP13UdpConnectionESaIS5_ELNS_12_Lock_policyE2EEEC2Ev
FNDA:0,_ZN9__gnu_cxx13new_allocatorISt23_Sp_counted_ptr_inplaceIN4DUUF4COMF3UDP13UdpConnectionESaIS5_ELNS_12_Lock_policyE2EEEC2Ev
FN:79,_ZN9__gnu_cxx13new_allocatorIN4DUUF4COMF3UDP13UdpConnectionEEC2Ev
FNDA:0,_ZN9__gnu_cxx13new_allocatorIN4DUUF4COMF3UDP13UdpConnectionEEC2Ev
FN:82,_ZN9__gnu_cxx13new_allocatorIN4DUUF4COMF3UDP13UdpConnectionEEC2ERKS5_
FNDA:0,_ZN9__gnu_cxx13new_allocatorIN4DUUF4COMF3UDP13UdpConnectionEEC2ERKS5_
FN:82,_ZN9__gnu_cxx13new_allocatorIcEC2ERKS1_
FNDA:0,_ZN9__gnu_cxx13new_allocatorIcEC2ERKS1_
FN:89,_ZN9__gnu_cxx13new_allocatorIcED2Ev
FNDA:0,_ZN9__gnu_cxx13new_allocatorIcED2Ev
FN:89,_ZN9__gnu_cxx13new_allocatorISt13_Rb_tree_nodeISt4pairIKNSt7__cxx1112basic_stringIcSt11char_traitsIcESaIcEEESt10shared_ptrIN4DUUF4COMF3UDP13UdpConnectionEEEEED2Ev
FNDA:0,_ZN9__gnu_cxx13new_allocatorISt13_Rb_tree_nodeISt4pairIKNSt7__cxx1112basic_stringIcSt11char_traitsIcESaIcEEESt10shared_ptrIN4DUUF4COMF3UDP13UdpConnectionEEEEED2Ev
FN:89,_ZN9__gnu_cxx13new_allocatorISt23_Sp_counted_ptr_inplaceIN4DUUF4COMF3UDP13UdpConnectionESaIS5_ELNS_12_Lock_policyE2EEED2Ev
FNDA:0,_ZN9__gnu_cxx13new_allocatorISt23_Sp_counted_ptr_inplaceIN4DUUF4COMF3UDP13UdpConnectionESaIS5_ELNS_12_Lock_policyE2EEED2Ev
FN:89,_ZN9__gnu_cxx13new_allocatorIN4DUUF4COMF3UDP13UdpConnectionEED2Ev
FNDA:0,_ZN9__gnu_cxx13new_allocatorIN4DUUF4COMF3UDP13UdpConnectionEED2Ev
FN:103,_ZN9__gnu_cxx13new_allocatorISt23_Sp_counted_ptr_inplaceIN4DUUF4COMF3UDP13UdpConnectionESaIS5_ELNS_12_Lock_policyE2EEE8allocateEmPKv
FNDA:0,_ZN9__gnu_cxx13new_allocatorISt23_Sp_counted_ptr_inplaceIN4DUUF4COMF3UDP13UdpConnectionESaIS5_ELNS_12_Lock_policyE2EEE8allocateEmPKv
FN:103,_ZN9__gnu_cxx13new_allocatorISt13_Rb_tree_nodeISt4pairIKNSt7__cxx1112basic_stringIcSt11char_traitsIcESaIcEEESt10shared_ptrIN4DUUF4COMF3UDP13UdpConnectionEEEEE8allocateEmPKv
FNDA:0,_ZN9__gnu_cxx13new_allocatorISt13_Rb_tree_nodeISt4pairIKNSt7__cxx1112basic_stringIcSt11char_traitsIcESaIcEEESt10shared_ptrIN4DUUF4COMF3UDP13UdpConnectionEEEEE8allocateEmPKv
FN:120,_ZN9__gnu_cxx13new_allocatorISt23_Sp_counted_ptr_inplaceIN4DUUF4COMF3UDP13UdpConnectionESaIS5_ELNS_12_Lock_policyE2EEE10deallocateEPS8_m
FNDA:0,_ZN9__gnu_cxx13new_allocatorISt23_Sp_counted_ptr_inplaceIN4DUUF4COMF3UDP13UdpConnectionESaIS5_ELNS_12_Lock_policyE2EEE10deallocateEPS8_m
FN:120,_ZN9__gnu_cxx13new_allocatorISt13_Rb_tree_nodeISt4pairIKNSt7__cxx1112basic_stringIcSt11char_traitsIcESaIcEEESt10shared_ptrIN4DUUF4COMF3UDP13UdpConnectionEEEEE10deallocateEPSH_m
FNDA:0,_ZN9__gnu_cxx13new_allocatorISt13_Rb_tree_nodeISt4pairIKNSt7__cxx1112basic_stringIcSt11char_traitsIcESaIcEEESt10shared_ptrIN4DUUF4COMF3UDP13UdpConnectionEEEEE10deallocateEPSH_m
FN:148,_ZN9__gnu_cxx13new_allocatorISt13_Rb_tree_nodeISt4pairIKNSt7__cxx1112basic_stringIcSt11char_traitsIcESaIcEEESt10shared_ptrIN4DUUF4COMF3UDP13UdpConnectionEEEEE9constructISG_JS2_IS8_SF_EEEEvPT_DpOT0_
FNDA:0,_ZN9__gnu_cxx13new_allocatorISt13_Rb_tree_nodeISt4pairIKNSt7__cxx1112basic_stringIcSt11char_traitsIcESaIcEEESt10shared_ptrIN4DUUF4COMF3UDP13UdpConnectionEEEEE9constructISG_JS2_IS8_SF_EEEEvPT_DpOT0_
FN:148,_ZN9__gnu_cxx13new_allocatorIN4DUUF4COMF3UDP13UdpConnectionEE9constructIS4_JRKNSt7__cxx1112basic_stringIcSt11char_traitsIcESaIcEEERKNS3_22Send_Receive_Mode_EnumESE_RKiSJ_EEEvPT_DpOT0_
FNDA:0,_ZN9__gnu_cxx13new_allocatorIN4DUUF4COMF3UDP13UdpConnectionEE9constructIS4_JRKNSt7__cxx1112basic_stringIcSt11char_traitsIcESaIcEEERKNS3_22Send_Receive_Mode_EnumESE_RKiSJ_EEEvPT_DpOT0_
FN:154,_ZN9__gnu_cxx13new_allocatorISt13_Rb_tree_nodeISt4pairIKNSt7__cxx1112basic_stringIcSt11char_traitsIcESaIcEEESt10shared_ptrIN4DUUF4COMF3UDP13UdpConnectionEEEEE7destroyISG_EEvPT_
FNDA:0,_ZN9__gnu_cxx13new_allocatorISt13_Rb_tree_nodeISt4pairIKNSt7__cxx1112basic_stringIcSt11char_traitsIcESaIcEEESt10shared_ptrIN4DUUF4COMF3UDP13UdpConnectionEEEEE7destroyISG_EEvPT_
FN:154,_ZN9__gnu_cxx13new_allocatorIN4DUUF4COMF3UDP13UdpConnectionEE7destroyIS4_EEvPT_
FNDA:0,_ZN9__gnu_cxx13new_allocatorIN4DUUF4COMF3UDP13UdpConnectionEE7destroyIS4_EEvPT_
FN:185,_ZNK9__gnu_cxx13new_allocatorISt13_Rb_tree_nodeISt4pairIKNSt7__cxx1112basic_stringIcSt11char_traitsIcESaIcEEESt10shared_ptrIN4DUUF4COMF3UDP13UdpConnectionEEEEE11_M_max_sizeEv
FNDA:0,_ZNK9__gnu_cxx13new_allocatorISt13_Rb_tree_nodeISt4pairIKNSt7__cxx1112basic_stringIcSt11char_traitsIcESaIcEEESt10shared_ptrIN4DUUF4COMF3UDP13UdpConnectionEEEEE11_M_max_sizeEv
FN:185,_ZNK9__gnu_cxx13new_allocatorISt23_Sp_counted_ptr_inplaceIN4DUUF4COMF3UDP13UdpConnectionESaIS5_ELNS_12_Lock_policyE2EEE11_M_max_sizeEv
FNDA:0,_ZNK9__gnu_cxx13new_allocatorISt23_Sp_counted_ptr_inplaceIN4DUUF4COMF3UDP13UdpConnectionESaIS5_ELNS_12_Lock_policyE2EEE11_M_max_sizeEv
DA:79,0
DA:79,0
DA:79,0
DA:82,0
DA:82,0
DA:89,0
DA:89,0
DA:89,0
DA:89,0
DA:103,0
DA:105,0
DA:106,0
DA:115,0
DA:103,0
DA:105,0
DA:106,0
DA:115,0
DA:120,0
DA:133,0
DA:138,0
DA:120,0
DA:133,0
DA:138,0
DA:148,0
DA:150,0
DA:148,0
DA:150,0
DA:154,0
DA:156,0
DA:154,0
DA:156,0
DA:185,0
DA:188,0
DA:185,0
DA:188,0
end_of_record
SF:/usr/include/c++/10/bits/shared_ptr_base.h
FN:120,_ZNSt16_Sp_counted_baseILN9__gnu_cxx12_Lock_policyE2EEC2Ev
FNDA:0,_ZNSt16_Sp_counted_baseILN9__gnu_cxx12_Lock_policyE2EEC2Ev
FN:124,_ZNSt16_Sp_counted_baseILN9__gnu_cxx12_Lock_policyE2EED2Ev
FNDA:0,_ZNSt16_Sp_counted_baseILN9__gnu_cxx12_Lock_policyE2EED2Ev
FN:124,_ZNSt16_Sp_counted_baseILN9__gnu_cxx12_Lock_policyE2EED0Ev
FNDA:0,_ZNSt16_Sp_counted_baseILN9__gnu_cxx12_Lock_policyE2EED0Ev
FN:134,_ZNSt16_Sp_counted_baseILN9__gnu_cxx12_Lock_policyE2EE10_M_destroyEv
FNDA:0,_ZNSt16_Sp_counted_baseILN9__gnu_cxx12_Lock_policyE2EE10_M_destroyEv
FN:141,_ZNSt16_Sp_counted_baseILN9__gnu_cxx12_Lock_policyE2EE15_M_add_ref_copyEv
FNDA:0,_ZNSt16_Sp_counted_baseILN9__gnu_cxx12_Lock_policyE2EE15_M_add_ref_copyEv
FN:151,_ZNSt16_Sp_counted_baseILN9__gnu_cxx12_Lock_policyE2EE10_M_releaseEv
FNDA:0,_ZNSt16_Sp_counted_baseILN9__gnu_cxx12_Lock_policyE2EE10_M_releaseEv
FN:417,_ZNSt14_Sp_ebo_helperILi0ESaIN4DUUF4COMF3UDP13UdpConnectionEELb1EEC2ERKS4_
FNDA:0,_ZNSt14_Sp_ebo_helperILi0ESaIN4DUUF4COMF3UDP13UdpConnectionEELb1EEC2ERKS4_
FN:421,_ZNSt14_Sp_ebo_helperILi0ESaIN4DUUF4COMF3UDP13UdpConnectionEELb1EE6_S_getERS5_
FNDA:0,_ZNSt14_Sp_ebo_helperILi0ESaIN4DUUF4COMF3UDP13UdpConnectionEELb1EE6_S_getERS5_
FN:511,_ZNSt19_Sp_make_shared_tag5_S_tiEv
FNDA:0,_ZNSt19_Sp_make_shared_tag5_S_tiEv
FN:534,_ZNSt23_Sp_counted_ptr_inplaceIN4DUUF4COMF3UDP13UdpConnectionESaIS3_ELN9__gnu_cxx12_Lock_policyE2EE5_ImplC2ES4_
FNDA:0,_ZNSt23_Sp_counted_ptr_inplaceIN4DUUF4COMF3UDP13UdpConnectionESaIS3_ELN9__gnu_cxx12_Lock_policyE2EE5_ImplC2ES4_
FN:536,_ZNSt23_Sp_counted_ptr_inplaceIN4DUUF4COMF3UDP13UdpConnectionESaIS3_ELN9__gnu_cxx12_Lock_policyE2EE5_Impl8_M_allocEv
FNDA:0,_ZNSt23_Sp_counted_ptr_inplaceIN4DUUF4COMF3UDP13UdpConnectionESaIS3_ELN9__gnu_cxx12_Lock_policyE2EE5_Impl8_M_allocEv
FN:546,_ZNSt23_Sp_counted_ptr_inplaceIN4DUUF4COMF3UDP13UdpConnectionESaIS3_ELN9__gnu_cxx12_Lock_policyE2EEC1IJRKNSt7__cxx1112basic_stringIcSt11char_traitsIcESaIcEEERKNS2_22Send_Receive_Mode_EnumESG_RKiSL_EEES4_DpOT_
FNDA:0,_ZNSt23_Sp_counted_ptr_inplaceIN4DUUF4COMF3UDP13UdpConnectionESaIS3_ELN9__gnu_cxx12_Lock_policyE2EEC1IJRKNSt7__cxx1112basic_stringIcSt11char_traitsIcESaIcEEERKNS2_22Send_Receive_Mode_EnumESG_RKiSL_EEES4_DpOT_
FN:555,_ZNSt23_Sp_counted_ptr_inplaceIN4DUUF4COMF3UDP13UdpConnectionESaIS3_ELN9__gnu_cxx12_Lock_policyE2EED1Ev
FNDA:0,_ZNSt23_Sp_counted_ptr_inplaceIN4DUUF4COMF3UDP13UdpConnectionESaIS3_ELN9__gnu_cxx12_Lock_policyE2EED1Ev
FN:555,_ZNSt23_Sp_counted_ptr_inplaceIN4DUUF4COMF3UDP13UdpConnectionESaIS3_ELN9__gnu_cxx12_Lock_policyE2EED0Ev
FNDA:0,_ZNSt23_Sp_counted_ptr_inplaceIN4DUUF4COMF3UDP13UdpConnectionESaIS3_ELN9__gnu_cxx12_Lock_policyE2EED0Ev
FN:558,_ZNSt23_Sp_counted_ptr_inplaceIN4DUUF4COMF3UDP13UdpConnectionESaIS3_ELN9__gnu_cxx12_Lock_policyE2EE10_M_disposeEv
FNDA:0,_ZNSt23_Sp_counted_ptr_inplaceIN4DUUF4COMF3UDP13UdpConnectionESaIS3_ELN9__gnu_cxx12_Lock_policyE2EE10_M_disposeEv
FN:565,_ZNSt23_Sp_counted_ptr_inplaceIN4DUUF4COMF3UDP13UdpConnectionESaIS3_ELN9__gnu_cxx12_Lock_policyE2EE10_M_destroyEv
FNDA:0,_ZNSt23_Sp_counted_ptr_inplaceIN4DUUF4COMF3UDP13UdpConnectionESaIS3_ELN9__gnu_cxx12_Lock_policyE2EE10_M_destroyEv
FN:578,_ZNSt23_Sp_counted_ptr_inplaceIN4DUUF4COMF3UDP13UdpConnectionESaIS3_ELN9__gnu_cxx12_Lock_policyE2EE14_M_get_deleterERKSt9type_info
FNDA:0,_ZNSt23_Sp_counted_ptr_inplaceIN4DUUF4COMF3UDP13UdpConnectionESaIS3_ELN9__gnu_cxx12_Lock_policyE2EE14_M_get_deleterERKSt9type_info
FN:597,_ZNSt23_Sp_counted_ptr_inplaceIN4DUUF4COMF3UDP13UdpConnectionESaIS3_ELN9__gnu_cxx12_Lock_policyE2EE6_M_ptrEv
FNDA:0,_ZNSt23_Sp_counted_ptr_inplaceIN4DUUF4COMF3UDP13UdpConnectionESaIS3_ELN9__gnu_cxx12_Lock_policyE2EE6_M_ptrEv
FN:619,_ZNSt14__shared_countILN9__gnu_cxx12_Lock_policyE2EEC2Ev
FNDA:0,_ZNSt14__shared_countILN9__gnu_cxx12_Lock_policyE2EEC2Ev
FN:675,_ZNSt14__shared_countILN9__gnu_cxx12_Lock_policyE2EEC2IN4DUUF4COMF3UDP13UdpConnectionESaIS7_EJRKNSt7__cxx1112basic_stringIcSt11char_traitsIcESaIcEEERKNS6_22Send_Receive_Mode_EnumESG_RKiSL_EEERPT_St20_Sp_alloc_shared_tagIT0_EDpOT1_
FNDA:0,_ZNSt14__shared_countILN9__gnu_cxx12_Lock_policyE2EEC2IN4DUUF4COMF3UDP13UdpConnectionESaIS7_EJRKNSt7__cxx1112basic_stringIcSt11char_traitsIcESaIcEEERKNS6_22Send_Receive_Mode_EnumESG_RKiSL_EEERPT_St20_Sp_alloc_shared_tagIT0_EDpOT1_
FN:730,_ZNSt14__shared_countILN9__gnu_cxx12_Lock_policyE2EED2Ev
FNDA:0,_ZNSt14__shared_countILN9__gnu_cxx12_Lock_policyE2EED2Ev
FN:736,_ZNSt14__shared_countILN9__gnu_cxx12_Lock_policyE2EEC2ERKS2_
FNDA:0,_ZNSt14__shared_countILN9__gnu_cxx12_Lock_policyE2EEC2ERKS2_
FN:759,_ZNSt14__shared_countILN9__gnu_cxx12_Lock_policyE2EE7_M_swapERS2_
FNDA:0,_ZNSt14__shared_countILN9__gnu_cxx12_Lock_policyE2EE7_M_swapERS2_
FN:1181,_ZNSt12__shared_ptrIN4DUUF4COMF3UDP13UdpConnectionELN9__gnu_cxx12_Lock_policyE2EEC2ERKS6_
FNDA:0,_ZNSt12__shared_ptrIN4DUUF4COMF3UDP13UdpConnectionELN9__gnu_cxx12_Lock_policyE2EEC2ERKS6_
FN:1183,_ZNSt12__shared_ptrIN4DUUF4COMF3UDP13UdpConnectionELN9__gnu_cxx12_Lock_policyE2EED2Ev
FNDA:0,_ZNSt12__shared_ptrIN4DUUF4COMF3UDP13UdpConnectionELN9__gnu_cxx12_Lock_policyE2EED2Ev
FN:1190,_ZNSt12__shared_ptrIN4DUUF4COMF3UDP13UdpConnectionELN9__gnu_cxx12_Lock_policyE2EEC2EOS6_
FNDA:0,_ZNSt12__shared_ptrIN4DUUF4COMF3UDP13UdpConnectionELN9__gnu_cxx12_Lock_policyE2EEC2EOS6_
FN:1324,_ZNKSt12__shared_ptrIN4DUUF4COMF3UDP13UdpConnectionELN9__gnu_cxx12_Lock_policyE2EE3getEv
FNDA:0,_ZNKSt12__shared_ptrIN4DUUF4COMF3UDP13UdpConnectionELN9__gnu_cxx12_Lock_policyE2EE3getEv
FN:1370,_ZNSt12__shared_ptrIN4DUUF4COMF3UDP13UdpConnectionELN9__gnu_cxx12_Lock_policyE2EEC2ISaIS3_EJRKNSt7__cxx1112basic_stringIcSt11char_traitsIcESaIcEEERKNS2_22Send_Receive_Mode_EnumESG_RKiSL_EEESt20_Sp_alloc_shared_tagIT_EDpOT0_
FNDA:0,_ZNSt12__shared_ptrIN4DUUF4COMF3UDP13UdpConnectionELN9__gnu_cxx12_Lock_policyE2EEC2ISaIS3_EJRKNSt7__cxx1112basic_stringIcSt11char_traitsIcESaIcEEERKNS2_22Send_Receive_Mode_EnumESG_RKiSL_EEESt20_Sp_alloc_shared_tagIT_EDpOT0_
FN:1415,_ZNSt12__shared_ptrIN4DUUF4COMF3UDP13UdpConnectionELN9__gnu_cxx12_Lock_policyE2EE31_M_enable_shared_from_this_withIS3_S3_EENSt9enable_ifIXntsrNS6_15__has_esft_baseIT0_vEE5valueEvE4typeEPT_
FNDA:0,_ZNSt12__shared_ptrIN4DUUF4COMF3UDP13UdpConnectionELN9__gnu_cxx12_Lock_policyE2EE31_M_enable_shared_from_this_withIS3_S3_EENSt9enable_ifIXntsrNS6_15__has_esft_baseIT0_vEE5valueEvE4typeEPT_
DA:120,0
DA:121,0
DA:124,0
DA:125,0
DA:124,0
DA:125,0
DA:134,0
DA:135,0
DA:141,0
DA:142,0
DA:151,0
DA:155,0
DA:158,0
DA:170,0
DA:171,0
DA:174,0
DA:177,0
DA:417,0
DA:421,0
DA:511,0
DA:514,0
DA:534,0
DA:536,0
DA:546,0
DA:547,0
DA:551,0
DA:553,0
DA:555,0
DA:555,0
DA:558,0
DA:560,0
DA:561,0
DA:565,0
DA:567,0
DA:568,0
DA:569,0
DA:570,0
DA:578,0
DA:580,0
DA:585,0
DA:586,0
DA:588,0
DA:593,0
DA:594,0
DA:597,0
DA:619,0
DA:620,0
DA:675,0
DA:679,0
DA:680,0
DA:681,0
DA:682,0
DA:683,0
DA:684,0
DA:685,0
DA:686,0
DA:687,0
DA:730,0
DA:732,0
DA:733,0
DA:734,0
DA:736,0
DA:737,0
DA:739,0
DA:740,0
DA:741,0
DA:759,0
DA:761,0
DA:762,0
DA:763,0
DA:764,0
DA:1181,0
DA:1183,0
DA:1190,0
DA:1191,0
DA:1193,0
DA:1194,0
DA:1195,0
DA:1324,0
DA:1325,0
DA:1370,0
DA:1371,0
DA:1372,0
DA:1415,0
DA:1416,0
end_of_record
SF:/usr/include/c++/10/bits/stl_iterator_base_funcs.h
FN:98,_ZSt10__distanceIPcENSt15iterator_traitsIT_E15difference_typeES2_S2_St26random_access_iterator_tag
FNDA:0,_ZSt10__distanceIPcENSt15iterator_traitsIT_E15difference_typeES2_S2_St26random_access_iterator_tag
FN:138,_ZSt8distanceIPcENSt15iterator_traitsIT_E15difference_typeES2_S2_
FNDA:0,_ZSt8distanceIPcENSt15iterator_traitsIT_E15difference_typeES2_S2_
DA:98,0
DA:104,0
DA:138,0
DA:141,0
DA:142,0
end_of_record
SF:/usr/include/c++/10/bits/char_traits.h
FN:387,_ZNSt11char_traitsIcE4copyEPcPKcm
FNDA:0,_ZNSt11char_traitsIcE4copyEPcPKcm
DA:387,0
DA:389,0
DA:390,0
DA:395,0
end_of_record
SF:/usr/include/c++/10/bits/move.h
FN:49,_ZSt11__addressofISaISt23_Sp_counted_ptr_inplaceIN4DUUF4COMF3UDP13UdpConnectionESaIS4_ELN9__gnu_cxx12_Lock_policyE2EEEEPT_RSA_
FNDA:0,_ZSt11__addressofISaISt23_Sp_counted_ptr_inplaceIN4DUUF4COMF3UDP13UdpConnectionESaIS4_ELN9__gnu_cxx12_Lock_policyE2EEEEPT_RSA_
FN:76,_ZSt7forwardISt10shared_ptrIN4DUUF4COMF3UDP13UdpConnectionEEEOT_RNSt16remove_referenceIS6_E4typeE
FNDA:0,_ZSt7forwardISt10shared_ptrIN4DUUF4COMF3UDP13UdpConnectionEEEOT_RNSt16remove_referenceIS6_E4typeE
FN:76,_ZSt7forwardINSt7__cxx1112basic_stringIcSt11char_traitsIcESaIcEEEEOT_RNSt16remove_referenceIS6_E4typeE
FNDA:0,_ZSt7forwardINSt7__cxx1112basic_stringIcSt11char_traitsIcESaIcEEEEOT_RNSt16remove_referenceIS6_E4typeE
FN:76,_ZSt7forwardIRPSt18_Rb_tree_node_baseEOT_RNSt16remove_referenceIS3_E4typeE
FNDA:0,_ZSt7forwardIRPSt18_Rb_tree_node_baseEOT_RNSt16remove_referenceIS3_E4typeE
FN:76,_ZSt7forwardIRPSt13_Rb_tree_nodeISt4pairIKNSt7__cxx1112basic_stringIcSt11char_traitsIcESaIcEEESt10shared_ptrIN4DUUF4COMF3UDP13UdpConnectionEEEEEOT_RNSt16remove_referenceISJ_E4typeE
FNDA:0,_ZSt7forwardIRPSt13_Rb_tree_nodeISt4pairIKNSt7__cxx1112basic_stringIcSt11char_traitsIcESaIcEEESt10shared_ptrIN4DUUF4COMF3UDP13UdpConnectionEEEEEOT_RNSt16remove_referenceISJ_E4typeE
FN:76,_ZSt7forwardIbEOT_RNSt16remove_referenceIS0_E4typeE
FNDA:0,_ZSt7forwardIbEOT_RNSt16remove_referenceIS0_E4typeE
FN:76,_ZSt7forwardISt17_Rb_tree_iteratorISt4pairIKNSt7__cxx1112basic_stringIcSt11char_traitsIcESaIcEEESt10shared_ptrIN4DUUF4COMF3UDP13UdpConnectionEEEEEOT_RNSt16remove_referenceISH_E4typeE
FNDA:0,_ZSt7forwardISt17_Rb_tree_iteratorISt4pairIKNSt7__cxx1112basic_stringIcSt11char_traitsIcESaIcEEESt10shared_ptrIN4DUUF4COMF3UDP13UdpConnectionEEEEEOT_RNSt16remove_referenceISH_E4typeE
FN:76,_ZSt7forwardISt4pairINSt7__cxx1112basic_stringIcSt11char_traitsIcESaIcEEESt10shared_ptrIN4DUUF4COMF3UDP13UdpConnectionEEEEOT_RNSt16remove_referenceISE_E4typeE
FNDA:0,_ZSt7forwardISt4pairINSt7__cxx1112basic_stringIcSt11char_traitsIcESaIcEEESt10shared_ptrIN4DUUF4COMF3UDP13UdpConnectionEEEEOT_RNSt16remove_referenceISE_E4typeE
FN:76,_ZSt7forwardIRSt10shared_ptrIN4DUUF4COMF3UDP13UdpConnectionEEEOT_RNSt16remove_referenceIS7_E4typeE
FNDA:0,_ZSt7forwardIRSt10shared_ptrIN4DUUF4COMF3UDP13UdpConnectionEEEOT_RNSt16remove_referenceIS7_E4typeE
FN:76,_ZSt7forwardIRKiEOT_RNSt16remove_referenceIS2_E4typeE
FNDA:0,_ZSt7forwardIRKiEOT_RNSt16remove_referenceIS2_E4typeE
FN:76,_ZSt7forwardIRKN4DUUF4COMF3UDP22Send_Receive_Mode_EnumEEOT_RNSt16remove_referenceIS6_E4typeE
FNDA:0,_ZSt7forwardIRKN4DUUF4COMF3UDP22Send_Receive_Mode_EnumEEOT_RNSt16remove_referenceIS6_E4typeE
FN:76,_ZSt7forwardIRKNSt7__cxx1112basic_stringIcSt11char_traitsIcESaIcEEEEOT_RNSt16remove_referenceIS8_E4typeE
FNDA:0,_ZSt7forwardIRKNSt7__cxx1112basic_stringIcSt11char_traitsIcESaIcEEEEOT_RNSt16remove_referenceIS8_E4typeE
FN:101,_ZSt4moveIRSt10shared_ptrIN4DUUF4COMF3UDP13UdpConnectionEEEONSt16remove_referenceIT_E4typeEOS8_
FNDA:0,_ZSt4moveIRSt10shared_ptrIN4DUUF4COMF3UDP13UdpConnectionEEEONSt16remove_referenceIT_E4typeEOS8_
FN:101,_ZSt4moveIRSaIcEEONSt16remove_referenceIT_E4typeEOS3_
FNDA:0,_ZSt4moveIRSaIcEEONSt16remove_referenceIT_E4typeEOS3_
DA:49,0
DA:50,0
DA:76,0
DA:77,0
DA:76,0
DA:77,0
DA:76,0
DA:77,0
DA:76,0
DA:77,0
DA:76,0
DA:77,0
DA:76,0
DA:77,0
DA:76,0
DA:77,0
DA:76,0
DA:77,0
DA:76,0
DA:77,0
DA:76,0
DA:77,0
DA:76,0
DA:77,0
DA:101,0
DA:102,0
DA:101,0
DA:102,0
end_of_record
SF:/usr/include/c++/10/bits/allocator.h
FN:144,_ZNSaIN4DUUF4COMF3UDP13UdpConnectionEEC2Ev
FNDA:0,_ZNSaIN4DUUF4COMF3UDP13UdpConnectionEEC2Ev
FN:144,_ZNSaISt13_Rb_tree_nodeISt4pairIKNSt7__cxx1112basic_stringIcSt11char_traitsIcESaIcEEESt10shared_ptrIN4DUUF4COMF3UDP13UdpConnectionEEEEEC2Ev
FNDA:0,_ZNSaISt13_Rb_tree_nodeISt4pairIKNSt7__cxx1112basic_stringIcSt11char_traitsIcESaIcEEESt10shared_ptrIN4DUUF4COMF3UDP13UdpConnectionEEEEEC2Ev
FN:147,_ZNSaIN4DUUF4COMF3UDP13UdpConnectionEEC2ERKS3_
FNDA:0,_ZNSaIN4DUUF4COMF3UDP13UdpConnectionEEC2ERKS3_
FN:157,_ZNSaISt23_Sp_counted_ptr_inplaceIN4DUUF4COMF3UDP13UdpConnectionESaIS3_ELN9__gnu_cxx12_Lock_policyE2EEEC2IS3_EERKSaIT_E
FNDA:0,_ZNSaISt23_Sp_counted_ptr_inplaceIN4DUUF4COMF3UDP13UdpConnectionESaIS3_ELN9__gnu_cxx12_Lock_policyE2EEEC2IS3_EERKSaIT_E
FN:162,_ZNSaISt23_Sp_counted_ptr_inplaceIN4DUUF4COMF3UDP13UdpConnectionESaIS3_ELN9__gnu_cxx12_Lock_policyE2EEED2Ev
FNDA:0,_ZNSaISt23_Sp_counted_ptr_inplaceIN4DUUF4COMF3UDP13UdpConnectionESaIS3_ELN9__gnu_cxx12_Lock_policyE2EEED2Ev
FN:162,_ZNSaIN4DUUF4COMF3UDP13UdpConnectionEED2Ev
FNDA:0,_ZNSaIN4DUUF4COMF3UDP13UdpConnectionEED2Ev
FN:162,_ZNSaISt13_Rb_tree_nodeISt4pairIKNSt7__cxx1112basic_stringIcSt11char_traitsIcESaIcEEESt10shared_ptrIN4DUUF4COMF3UDP13UdpConnectionEEEEED2Ev
FNDA:0,_ZNSaISt13_Rb_tree_nodeISt4pairIKNSt7__cxx1112basic_stringIcSt11char_traitsIcESaIcEEESt10shared_ptrIN4DUUF4COMF3UDP13UdpConnectionEEEEED2Ev
DA:144,0
DA:144,0
DA:147,0
DA:148,0
DA:157,0
DA:162,0
DA:162,0
DA:162,0
end_of_record
SF:/usr/include/c++/10/ext/aligned_buffer.h
FN:64,_ZN9__gnu_cxx16__aligned_membufISt4pairIKNSt7__cxx1112basic_stringIcSt11char_traitsIcESaIcEEESt10shared_ptrIN4DUUF4COMF3UDP13UdpConnectionEEEE7_M_addrEv
FNDA:0,_ZN9__gnu_cxx16__aligned_membufISt4pairIKNSt7__cxx1112basic_stringIcSt11char_traitsIcESaIcEEESt10shared_ptrIN4DUUF4COMF3UDP13UdpConnectionEEEE7_M_addrEv
FN:68,_ZNK9__gnu_cxx16__aligned_membufISt4pairIKNSt7__cxx1112basic_stringIcSt11char_traitsIcESaIcEEESt10shared_ptrIN4DUUF4COMF3UDP13UdpConnectionEEEE7_M_addrEv
FNDA:0,_ZNK9__gnu_cxx16__aligned_membufISt4pairIKNSt7__cxx1112basic_stringIcSt11char_traitsIcESaIcEEESt10shared_ptrIN4DUUF4COMF3UDP13UdpConnectionEEEE7_M_addrEv
FN:72,_ZN9__gnu_cxx16__aligned_membufISt4pairIKNSt7__cxx1112basic_stringIcSt11char_traitsIcESaIcEEESt10shared_ptrIN4DUUF4COMF3UDP13UdpConnectionEEEE6_M_ptrEv
FNDA:0,_ZN9__gnu_cxx16__aligned_membufISt4pairIKNSt7__cxx1112basic_stringIcSt11char_traitsIcESaIcEEESt10shared_ptrIN4DUUF4COMF3UDP13UdpConnectionEEEE6_M_ptrEv
FN:76,_ZNK9__gnu_cxx16__aligned_membufISt4pairIKNSt7__cxx1112basic_stringIcSt11char_traitsIcESaIcEEESt10shared_ptrIN4DUUF4COMF3UDP13UdpConnectionEEEE6_M_ptrEv
FNDA:0,_ZNK9__gnu_cxx16__aligned_membufISt4pairIKNSt7__cxx1112basic_stringIcSt11char_traitsIcESaIcEEESt10shared_ptrIN4DUUF4COMF3UDP13UdpConnectionEEEE6_M_ptrEv
FN:102,_ZN9__gnu_cxx16__aligned_bufferIN4DUUF4COMF3UDP13UdpConnectionEE7_M_addrEv
FNDA:0,_ZN9__gnu_cxx16__aligned_bufferIN4DUUF4COMF3UDP13UdpConnectionEE7_M_addrEv
FN:114,_ZN9__gnu_cxx16__aligned_bufferIN4DUUF4COMF3UDP13UdpConnectionEE6_M_ptrEv
FNDA:0,_ZN9__gnu_cxx16__aligned_bufferIN4DUUF4COMF3UDP13UdpConnectionEE6_M_ptrEv
DA:64,0
DA:65,0
DA:68,0
DA:69,0
DA:72,0
DA:73,0
DA:76,0
DA:77,0
DA:102,0
DA:104,0
DA:114,0
DA:115,0
end_of_record
SF:/home/matteo/Documenti/WorkingDir/DUUF/COMF/udp_customer/UdpCustomer.cpp
FN:14,_ZN4DUUF4COMF3UDP11UdpCustomerC2Ev
FNDA:0,_ZN4DUUF4COMF3UDP11UdpCustomerC2Ev
FN:17,_ZN4DUUF4COMF3UDP11UdpCustomerD0Ev
FNDA:0,_ZN4DUUF4COMF3UDP11UdpCustomerD0Ev
FN:17,_ZN4DUUF4COMF3UDP11UdpCustomerD2Ev
FNDA:0,_ZN4DUUF4COMF3UDP11UdpCustomerD2Ev
FN:21,_ZN4DUUF4COMF3UDP11UdpCustomer14openConnectionERKNSt7__cxx1112basic_stringIcSt11char_traitsIcESaIcEEERKNS1_22Send_Receive_Mode_EnumESA_RKiSF_
FNDA:0,_ZN4DUUF4COMF3UDP11UdpCustomer14openConnectionERKNSt7__cxx1112basic_stringIcSt11char_traitsIcESaIcEEERKNS1_22Send_Receive_Mode_EnumESA_RKiSF_
FN:32,_ZN4DUUF4COMF3UDP11UdpCustomer15closeConnectionERKNSt7__cxx1112basic_stringIcSt11char_traitsIcESaIcEEE
FNDA:0,_ZN4DUUF4COMF3UDP11UdpCustomer15closeConnectionERKNSt7__cxx1112basic_stringIcSt11char_traitsIcESaIcEEE
FN:44,_ZN4DUUF4COMF3UDP11UdpCustomer20enableConnectionSendERKNSt7__cxx1112basic_stringIcSt11char_traitsIcESaIcEEE
FNDA:0,_ZN4DUUF4COMF3UDP11UdpCustomer20enableConnectionSendERKNSt7__cxx1112basic_stringIcSt11char_traitsIcESaIcEEE
FN:58,_ZN4DUUF4COMF3UDP11UdpCustomer23enableConnectionReceiveERKNSt7__cxx1112basic_stringIcSt11char_traitsIcESaIcEEE
FNDA:0,_ZN4DUUF4COMF3UDP11UdpCustomer23enableConnectionReceiveERKNSt7__cxx1112basic_stringIcSt11char_traitsIcESaIcEEE
FN:72,_ZNK4DUUF4COMF3UDP11UdpCustomer4sendEPKcmRKNSt7__cxx1112basic_stringIcSt11char_traitsIcESaIcEEE
FNDA:0,_ZNK4DUUF4COMF3UDP11UdpCustomer4sendEPKcmRKNSt7__cxx1112basic_stringIcSt11char_traitsIcESaIcEEE
FN:82,_ZNK4DUUF4COMF3UDP11UdpCustomer4recvEPcmRKNSt7__cxx1112basic_stringIcSt11char_traitsIcESaIcEEE
FNDA:0,_ZNK4DUUF4COMF3UDP11UdpCustomer4recvEPcmRKNSt7__cxx1112basic_stringIcSt11char_traitsIcESaIcEEE
FN:92,_ZNK4DUUF4COMF3UDP11UdpCustomer10timed_recvEPcmiRKNSt7__cxx1112basic_stringIcSt11char_traitsIcESaIcEEE
FNDA:0,_ZNK4DUUF4COMF3UDP11UdpCustomer10timed_recvEPcmiRKNSt7__cxx1112basic_stringIcSt11char_traitsIcESaIcEEE
FN:102,_ZN4DUUF4COMF3UDP11UdpCustomer21disableConnectionSendERKNSt7__cxx1112basic_stringIcSt11char_traitsIcESaIcEEE
FNDA:0,_ZN4DUUF4COMF3UDP11UdpCustomer21disableConnectionSendERKNSt7__cxx1112basic_stringIcSt11char_traitsIcESaIcEEE
FN:116,_ZN4DUUF4COMF3UDP11UdpCustomer24disableConnectionReceiveERKNSt7__cxx1112basic_stringIcSt11char_traitsIcESaIcEEE
FNDA:0,_ZN4DUUF4COMF3UDP11UdpCustomer24disableConnectionReceiveERKNSt7__cxx1112basic_stringIcSt11char_traitsIcESaIcEEE
FN:130,_ZN4DUUF4COMF3UDP11UdpCustomer16isConnectionOpenERKNSt7__cxx1112basic_stringIcSt11char_traitsIcESaIcEEE
FNDA:0,_ZN4DUUF4COMF3UDP11UdpCustomer16isConnectionOpenERKNSt7__cxx1112basic_stringIcSt11char_traitsIcESaIcEEE
DA:14,0
DA:15,0
DA:17,0
DA:19,0
DA:17,0
DA:18,0
DA:19,0
DA:21,0
DA:22,0
DA:24,0
DA:26,0
DA:27,0
DA:29,0
DA:32,0
DA:33,0
DA:34,0
DA:36,0
DA:38,0
DA:39,0
DA:41,0
DA:44,0
DA:45,0
DA:47,0
DA:49,0
DA:50,0
DA:52,0
DA:55,0
DA:58,0
DA:59,0
DA:61,0
DA:63,0
DA:64,0
DA:66,0
DA:69,0
DA:72,0
DA:73,0
DA:74,0
DA:76,0
DA:78,0
DA:82,0
DA:83,0
DA:84,0
DA:86,0
DA:88,0
DA:92,0
DA:93,0
DA:94,0
DA:96,0
DA:98,0
DA:102,0
DA:103,0
DA:105,0
DA:107,0
DA:108,0
DA:110,0
DA:113,0
DA:116,0
DA:117,0
DA:119,0
DA:121,0
DA:122,0
DA:124,0
DA:127,0
DA:130,0
DA:131,0
DA:132,0
DA:134,0
DA:136,0
end_of_record
SF:/usr/include/c++/10/bits/stl_function.h
FN:385,_ZNKSt4lessINSt7__cxx1112basic_stringIcSt11char_traitsIcESaIcEEEEclERKS5_S8_
FNDA:0,_ZNKSt4lessINSt7__cxx1112basic_stringIcSt11char_traitsIcESaIcEEEEclERKS5_S8_
FN:1155,_ZNKSt10_Select1stISt4pairIKNSt7__cxx1112basic_stringIcSt11char_traitsIcESaIcEEESt10shared_ptrIN4DUUF4COMF3UDP13UdpConnectionEEEEclERKSE_
FNDA:0,_ZNKSt10_Select1stISt4pairIKNSt7__cxx1112basic_stringIcSt11char_traitsIcESaIcEEESt10shared_ptrIN4DUUF4COMF3UDP13UdpConnectionEEEEclERKSE_
DA:385,0
DA:386,0
DA:1155,0
DA:1156,0
end_of_record
TN:
SF:/usr/include/c++/10/ext/new_allocator.h
FN:82,_ZN9__gnu_cxx13new_allocatorIcEC2ERKS1_
FNDA:0,_ZN9__gnu_cxx13new_allocatorIcEC2ERKS1_
FN:89,_ZN9__gnu_cxx13new_allocatorIcED2Ev
FNDA:0,_ZN9__gnu_cxx13new_allocatorIcED2Ev
DA:82,0
DA:89,0
end_of_record
SF:/usr/include/c++/10/bits/stl_iterator_base_funcs.h
FN:98,_ZSt10__distanceIPcENSt15iterator_traitsIT_E15difference_typeES2_S2_St26random_access_iterator_tag
FNDA:0,_ZSt10__distanceIPcENSt15iterator_traitsIT_E15difference_typeES2_S2_St26random_access_iterator_tag
FN:138,_ZSt8distanceIPcENSt15iterator_traitsIT_E15difference_typeES2_S2_
FNDA:0,_ZSt8distanceIPcENSt15iterator_traitsIT_E15difference_typeES2_S2_
DA:98,0
DA:104,0
DA:138,0
DA:141,0
DA:142,0
end_of_record
SF:/usr/include/c++/10/bits/move.h
FN:101,_ZSt4moveIRSaIcEEONSt16remove_referenceIT_E4typeEOS3_
FNDA:0,_ZSt4moveIRSaIcEEONSt16remove_referenceIT_E4typeEOS3_
DA:101,0
DA:102,0
end_of_record
SF:/usr/include/c++/10/ext/alloc_traits.h
FN:97,_ZN9__gnu_cxx14__alloc_traitsISaIcEcE17_S_select_on_copyERKS1_
FNDA:0,_ZN9__gnu_cxx14__alloc_traitsISaIcEcE17_S_select_on_copyERKS1_
DA:97,0
DA:98,0
end_of_record
SF:/usr/include/c++/10/ext/type_traits.h
FN:152,_ZN9__gnu_cxx17__is_null_pointerIcEEbPT_
FNDA:0,_ZN9__gnu_cxx17__is_null_pointerIcEEbPT_
DA:152,0
DA:153,0
end_of_record
SF:/usr/include/c++/10/bits/basic_string.h
FN:243,_ZNSt7__cxx1112basic_stringIcSt11char_traitsIcESaIcEE16_M_construct_auxIPcEEvT_S7_St12__false_type
FNDA:0,_ZNSt7__cxx1112basic_stringIcSt11char_traitsIcESaIcEE16_M_construct_auxIPcEEvT_S7_St12__false_type
FN:263,_ZNSt7__cxx1112basic_stringIcSt11char_traitsIcESaIcEE12_M_constructIPcEEvT_S7_
FNDA:0,_ZNSt7__cxx1112basic_stringIcSt11char_traitsIcESaIcEE12_M_constructIPcEEvT_S7_
DA:243,0
DA:247,0
DA:248,0
DA:263,0
DA:266,0
DA:267,0
end_of_record
[...]
FNDA:3,_ZSt4moveIRPNSt7__cxx1112basic_stringIcSt11char_traitsIcESaIcEEEEONSt16remove_referenceIT_E4typeEOS9_
FN:101,_ZSt4moveIRPNSt7__cxx1118basic_stringstreamIcSt11char_traitsIcESaIcEEEEONSt16remove_referenceIT_E4typeEOS9_
FNDA:74,_ZSt4moveIRPNSt7__cxx1118basic_stringstreamIcSt11char_traitsIcESaIcEEEEONSt16remove_referenceIT_E4typeEOS9_
FN:101,_ZSt4moveIRSaIcEEONSt16remove_referenceIT_E4typeEOS3_
FNDA:0,_ZSt4moveIRSaIcEEONSt16remove_referenceIT_E4typeEOS3_
DA:101,3
DA:102,3
DA:101,74
DA:102,74
DA:101,0
DA:102,0
end_of_record
SF:/usr/include/c++/10/bits/unique_ptr.h
FN:78,_ZNKSt14default_deleteINSt7__cxx1112basic_stringIcSt11char_traitsIcESaIcEEEEclEPS5_
FNDA:2,_ZNKSt14default_deleteINSt7__cxx1112basic_stringIcSt11char_traitsIcESaIcEEEEclEPS5_
FN:78,_ZNKSt14default_deleteINSt7__cxx1118basic_stringstreamIcSt11char_traitsIcESaIcEEEEclEPS5_
FNDA:74,_ZNKSt14default_deleteINSt7__cxx1118basic_stringstreamIcSt11char_traitsIcESaIcEEEEclEPS5_
FN:171,_ZNSt15__uniq_ptr_implINSt7__cxx1112basic_stringIcSt11char_traitsIcESaIcEEESt14default_deleteIS5_EE6_M_ptrEv
FNDA:12,_ZNSt15__uniq_ptr_implINSt7__cxx1112basic_stringIcSt11char_traitsIcESaIcEEESt14default_deleteIS5_EE6_M_ptrEv
FN:171,_ZNSt15__uniq_ptr_implINSt7__cxx1118basic_stringstreamIcSt11char_traitsIcESaIcEEESt14default_deleteIS5_EE6_M_ptrEv
FNDA:148,_ZNSt15__uniq_ptr_implINSt7__cxx1118basic_stringstreamIcSt11char_traitsIcESaIcEEESt14default_deleteIS5_EE6_M_ptrEv
FN:172,_ZNKSt15__uniq_ptr_implINSt7__cxx1112basic_stringIcSt11char_traitsIcESaIcEEESt14default_deleteIS5_EE6_M_ptrEv
FNDA:8,_ZNKSt15__uniq_ptr_implINSt7__cxx1112basic_stringIcSt11char_traitsIcESaIcEEESt14default_deleteIS5_EE6_M_ptrEv
FN:173,_ZNSt15__uniq_ptr_implINSt7__cxx1112basic_stringIcSt11char_traitsIcESaIcEEESt14default_deleteIS5_EE10_M_deleterEv
FNDA:2,_ZNSt15__uniq_ptr_implINSt7__cxx1112basic_stringIcSt11char_traitsIcESaIcEEESt14default_deleteIS5_EE10_M_deleterEv
FN:173,_ZNSt15__uniq_ptr_implINSt7__cxx1118basic_stringstreamIcSt11char_traitsIcESaIcEEESt14default_deleteIS5_EE10_M_deleterEv
FNDA:74,_ZNSt15__uniq_ptr_implINSt7__cxx1118basic_stringstreamIcSt11char_traitsIcESaIcEEESt14default_deleteIS5_EE10_M_deleterEv
FN:354,_ZNSt10unique_ptrINSt7__cxx1112basic_stringIcSt11char_traitsIcESaIcEEESt14default_deleteIS5_EED2Ev
FNDA:9,_ZNSt10unique_ptrINSt7__cxx1112basic_stringIcSt11char_traitsIcESaIcEEESt14default_deleteIS5_EED2Ev
FN:354,_ZNSt10unique_ptrINSt7__cxx1118basic_stringstreamIcSt11char_traitsIcESaIcEEESt14default_deleteIS5_EED2Ev
FNDA:74,_ZNSt10unique_ptrINSt7__cxx1118basic_stringstreamIcSt11char_traitsIcESaIcEEESt14default_deleteIS5_EED2Ev
FN:412,_ZNKSt10unique_ptrINSt7__cxx1112basic_stringIcSt11char_traitsIcESaIcEEESt14default_deleteIS5_EEptEv
FNDA:2,_ZNKSt10unique_ptrINSt7__cxx1112basic_stringIcSt11char_traitsIcESaIcEEESt14default_deleteIS5_EEptEv
FN:420,_ZNKSt10unique_ptrINSt7__cxx1112basic_stringIcSt11char_traitsIcESaIcEEESt14default_deleteIS5_EE3getEv
FNDA:8,_ZNKSt10unique_ptrINSt7__cxx1112basic_stringIcSt11char_traitsIcESaIcEEESt14default_deleteIS5_EE3getEv
FN:425,_ZNSt10unique_ptrINSt7__cxx1112basic_stringIcSt11char_traitsIcESaIcEEESt14default_deleteIS5_EE11get_deleterEv
FNDA:2,_ZNSt10unique_ptrINSt7__cxx1112basic_stringIcSt11char_traitsIcESaIcEEESt14default_deleteIS5_EE11get_deleterEv
FN:425,_ZNSt10unique_ptrINSt7__cxx1118basic_stringstreamIcSt11char_traitsIcESaIcEEESt14default_deleteIS5_EE11get_deleterEv
FNDA:74,_ZNSt10unique_ptrINSt7__cxx1118basic_stringstreamIcSt11char_traitsIcESaIcEEESt14default_deleteIS5_EE11get_deleterEv
DA:78,2
DA:84,2
DA:85,2
DA:78,74
DA:84,74
DA:85,74
DA:171,12
DA:171,148
DA:172,8
DA:173,2
DA:173,74
DA:354,9
DA:358,9
DA:359,9
DA:360,2
DA:361,9
DA:362,9
DA:354,74
DA:358,74
DA:359,74
DA:360,74
DA:361,74
DA:362,74
DA:412,2
DA:415,2
DA:420,8
DA:421,8
DA:425,2
DA:426,2
DA:425,74
DA:426,74
end_of_record
SF:/usr/include/gtest/gtest-message.h
end_of_record
SF:/usr/include/c++/10/ext/new_allocator.h
FN:79,_ZN9__gnu_cxx13new_allocatorIcEC2Ev
FNDA:0,_ZN9__gnu_cxx13new_allocatorIcEC2Ev
FN:82,_ZN9__gnu_cxx13new_allocatorIcEC2ERKS1_
FNDA:0,_ZN9__gnu_cxx13new_allocatorIcEC2ERKS1_
FN:89,_ZN9__gnu_cxx13new_allocatorIcED2Ev
FNDA:0,_ZN9__gnu_cxx13new_allocatorIcED2Ev
DA:79,0
DA:82,0
DA:89,0
end_of_record
SF:/usr/include/c++/10/iostream
end_of_record
SF:/usr/include/gtest/gtest.h
FN:312,_ZNK7testing15AssertionResultcvbEv
FNDA:8,_ZNK7testing15AssertionResultcvbEv
FN:321,_ZNK7testing15AssertionResult7messageEv
FNDA:3,_ZNK7testing15AssertionResult7messageEv
FN:325,_ZNK7testing15AssertionResult15failure_messageEv
FNDA:1,_ZNK7testing15AssertionResult15failure_messageEv
FN:417,_ZN7testing4Test14SetUpTestSuiteEv
FNDA:0,_ZN7testing4Test14SetUpTestSuiteEv
FN:427,_ZN7testing4Test17TearDownTestSuiteEv
FNDA:0,_ZN7testing4Test17TearDownTestSuiteEv
FN:431,_ZN7testing4Test16TearDownTestCaseEv
FNDA:0,_ZN7testing4Test16TearDownTestCaseEv
FN:432,_ZN7testing4Test13SetUpTestCaseEv
FNDA:0,_ZN7testing4Test13SetUpTestCaseEv
FN:513,_ZN7testing4Test5SetupEv
FNDA:0,_ZN7testing4Test5SetupEv
FN:1504,_ZN7testing8internal18CmpHelperEQFailureIiiEENS_15AssertionResultEPKcS4_RKT_RKT0_
FNDA:1,_ZN7testing8internal18CmpHelperEQFailureIiiEENS_15AssertionResultEPKcS4_RKT_RKT0_
FN:1523,_ZN7testing8internal11CmpHelperEQIiiEENS_15AssertionResultEPKcS4_RKT_RKT0_
FNDA:3,_ZN7testing8internal11CmpHelperEQIiiEENS_15AssertionResultEPKcS4_RKT_RKT0_
FN:1551,_ZN7testing8internal8EqHelper7CompareIiiLPv0EEENS_15AssertionResultEPKcS6_RKT_RKT0_
FNDA:3,_ZN7testing8internal8EqHelper7CompareIiiLPv0EEENS_15AssertionResultEPKcS6_RKT_RKT0_
DA:312,8
DA:321,3
DA:322,3
DA:325,1
DA:417,0
DA:427,0
DA:431,0
DA:432,0
DA:513,0
DA:1504,1
DA:1509,2
DA:1510,2
DA:1511,2
DA:1523,3
DA:1527,3
DA:1528,2
DA:1531,1
DA:1551,3
DA:1554,3
end_of_record
SF:/usr/include/c++/10/bits/char_traits.h
FN:351,_ZNSt11char_traitsIcE6lengthEPKc
FNDA:0,_ZNSt11char_traitsIcE6lengthEPKc
DA:351,0
DA:357,0
end_of_record
SF:/usr/include/c++/10/bits/stl_iterator_base_funcs.h
FN:98,_ZSt10__distanceIPcENSt15iterator_traitsIT_E15difference_typeES2_S2_St26random_access_iterator_tag
FNDA:0,_ZSt10__distanceIPcENSt15iterator_traitsIT_E15difference_typeES2_S2_St26random_access_iterator_tag
FN:98,_ZSt10__distanceIPKcENSt15iterator_traitsIT_E15difference_typeES3_S3_St26random_access_iterator_tag
FNDA:0,_ZSt10__distanceIPKcENSt15iterator_traitsIT_E15difference_typeES3_S3_St26random_access_iterator_tag
FN:138,_ZSt8distanceIPcENSt15iterator_traitsIT_E15difference_typeES2_S2_
FNDA:0,_ZSt8distanceIPcENSt15iterator_traitsIT_E15difference_typeES2_S2_
FN:138,_ZSt8distanceIPKcENSt15iterator_traitsIT_E15difference_typeES3_S3_
FNDA:0,_ZSt8distanceIPKcENSt15iterator_traitsIT_E15difference_typeES3_S3_
DA:98,0
DA:104,0
DA:98,0
DA:104,0
DA:138,0
DA:141,0
DA:142,0
DA:138,0
DA:141,0
DA:142,0
end_of_record
SF:/usr/include/gtest/gtest-printers.h
FN:260,_ZN16testing_internal26DefaultPrintNonContainerToIiEEvRKT_PSo
FNDA:2,_ZN16testing_internal26DefaultPrintNonContainerToIiEEvRKT_PSo
FN:313,_ZN7testing8internal19FormatForComparisonIiiE6FormatB5cxx11ERKi
FNDA:2,_ZN7testing8internal19FormatForComparisonIiiE6FormatB5cxx11ERKi
FN:377,_ZN7testing8internal33FormatForComparisonFailureMessageIiiEENSt7__cxx1112basic_stringIcSt11char_traitsIcESaIcEEERKT_RKT0_
FNDA:2,_ZN7testing8internal33FormatForComparisonFailureMessageIiiEENSt7__cxx1112basic_stringIcSt11char_traitsIcESaIcEEERKT_RKT0_
FN:466,_ZN7testing8internal14DefaultPrintToIiEEvNS0_15WrapPrinterTypeILNS0_18DefaultPrinterTypeE3EEERKT_PSo
FNDA:2,_ZN7testing8internal14DefaultPrintToIiEEvNS0_15WrapPrinterTypeILNS0_18DefaultPrinterTypeE3EEERKT_PSo
FN:483,_ZN7testing8internal7PrintToIiEEvRKT_PSo
FNDA:2,_ZN7testing8internal7PrintToIiEEvRKT_PSo
FN:670,_ZN7testing8internal16UniversalPrinterIiE5PrintERKiPSo
FNDA:2,_ZN7testing8internal16UniversalPrinterIiE5PrintERKiPSo
FN:796,_ZN7testing8internal21UniversalTersePrinterIiE5PrintERKiPSo
FNDA:2,_ZN7testing8internal21UniversalTersePrinterIiE5PrintERKiPSo
FN:865,_ZN7testing8internal14UniversalPrintIiEEvRKT_PSo
FNDA:2,_ZN7testing8internal14UniversalPrintIiEEvRKT_PSo
FN:915,_ZN7testing13PrintToStringIiEENSt7__cxx1112basic_stringIcSt11char_traitsIcESaIcEEERKT_
FNDA:2,_ZN7testing13PrintToStringIiEENSt7__cxx1112basic_stringIcSt11char_traitsIcESaIcEEERKT_
DA:260,2
DA:287,2
DA:288,2
DA:313,2
DA:314,2
DA:377,2
DA:379,2
DA:466,2
DA:468,2
DA:469,2
DA:483,2
DA:503,2
DA:514,2
DA:670,2
DA:679,2
DA:680,2
DA:796,2
DA:797,2
DA:798,2
DA:865,2
DA:869,2
DA:870,2
DA:915,2
DA:916,4
DA:917,2
DA:918,4
end_of_record
SF:/usr/include/c++/10/ext/type_traits.h
FN:152,_ZN9__gnu_cxx17__is_null_pointerIcEEbPT_
FNDA:0,_ZN9__gnu_cxx17__is_null_pointerIcEEbPT_
FN:152,_ZN9__gnu_cxx17__is_null_pointerIKcEEbPT_
FNDA:0,_ZN9__gnu_cxx17__is_null_pointerIKcEEbPT_
DA:152,0
DA:153,0
DA:152,0
DA:153,0
end_of_record
SF:/usr/include/gtest/internal/gtest-internal.h
FN:442,_ZN7testing8internal15TestFactoryBaseD0Ev
FNDA:0,_ZN7testing8internal15TestFactoryBaseD0Ev
FN:442,_ZN7testing8internal15TestFactoryBaseD2Ev
FNDA:5,_ZN7testing8internal15TestFactoryBaseD2Ev
FN:449,_ZN7testing8internal15TestFactoryBaseC2Ev
FNDA:5,_ZN7testing8internal15TestFactoryBaseC2Ev
FN:460,_ZN7testing8internal15TestFactoryImplI38test_example_family1_testexample1_TestE10CreateTestEv
FNDA:1,_ZN7testing8internal15TestFactoryImplI38test_example_family1_testexample1_TestE10CreateTestEv
FN:460,_ZN7testing8internal15TestFactoryImplI38test_example_family1_testexample2_TestE10CreateTestEv
FNDA:1,_ZN7testing8internal15TestFactoryImplI38test_example_family1_testexample2_TestE10CreateTestEv
FN:460,_ZN7testing8internal15TestFactoryImplI38test_example_family2_testexample1_TestE10CreateTestEv
FNDA:1,_ZN7testing8internal15TestFactoryImplI38test_example_family2_testexample1_TestE10CreateTestEv
FN:481,_ZN7testing8internal12CodeLocationC2ERKNSt7__cxx1112basic_stringIcSt11char_traitsIcESaIcEEEi
FNDA:5,_ZN7testing8internal12CodeLocationC2ERKNSt7__cxx1112basic_stringIcSt11char_traitsIcESaIcEEEi
FN:494,_ZN7testing8internal19GetNotDefaultOrNullEPFvvES2_
FNDA:20,_ZN7testing8internal19GetNotDefaultOrNullEPFvvES2_
FN:509,_ZN7testing8internal16SuiteApiResolverINS_4TestEE19GetSetUpCaseOrSuiteEPKci
FNDA:5,_ZN7testing8internal16SuiteApiResolverINS_4TestEE19GetSetUpCaseOrSuiteEPKci
FN:524,_ZN7testing8internal16SuiteApiResolverINS_4TestEE22GetTearDownCaseOrSuiteEPKci
FNDA:5,_ZN7testing8internal16SuiteApiResolverINS_4TestEE22GetTearDownCaseOrSuiteEPKci
DA:442,0
DA:442,5
DA:449,5
DA:460,1
DA:460,1
DA:460,1
DA:481,5
DA:482,5
DA:494,20
DA:496,20
DA:509,5
DA:512,5
DA:514,5
DA:516,5
DA:519,0
DA:521,5
DA:524,5
DA:527,5
DA:529,5
DA:531,5
DA:534,0
DA:536,5
end_of_record
SF:/home/matteo/Documenti/WorkingDir/DUUF/TESTS/test_example.cpp
FN:10,_ZN38test_example_family1_testexample1_Test8TestBodyEv
FNDA:1,_ZN38test_example_family1_testexample1_Test8TestBodyEv
FN:10,_ZN38test_example_family1_testexample1_TestC2Ev
FNDA:1,_ZN38test_example_family1_testexample1_TestC2Ev
FN:14,_ZN38test_example_family1_testexample2_Test8TestBodyEv
FNDA:1,_ZN38test_example_family1_testexample2_Test8TestBodyEv
FN:14,_ZN38test_example_family1_testexample2_TestC2Ev
FNDA:1,_ZN38test_example_family1_testexample2_TestC2Ev
FN:18,_ZN38test_example_family2_testexample1_Test8TestBodyEv
FNDA:1,_ZN38test_example_family2_testexample1_Test8TestBodyEv
FN:18,_ZN38test_example_family2_testexample1_TestC2Ev
FNDA:1,_ZN38test_example_family2_testexample1_TestC2Ev
DA:10,1
DA:11,1
DA:12,1
DA:10,1
DA:14,1
DA:15,1
DA:16,1
DA:14,1
DA:18,1
DA:19,1
DA:20,1
DA:18,1
end_of_record
SF:/usr/include/c++/10/ext/alloc_traits.h
FN:97,_ZN9__gnu_cxx14__alloc_traitsISaIcEcE17_S_select_on_copyERKS1_
FNDA:0,_ZN9__gnu_cxx14__alloc_traitsISaIcEcE17_S_select_on_copyERKS1_
DA:97,0
DA:98,0
end_of_record
SF:/usr/include/c++/10/bits/stl_iterator_base_types.h
FN:238,_ZSt19__iterator_categoryIPcENSt15iterator_traitsIT_E17iterator_categoryERKS2_
FNDA:0,_ZSt19__iterator_categoryIPcENSt15iterator_traitsIT_E17iterator_categoryERKS2_
FN:238,_ZSt19__iterator_categoryIPKcENSt15iterator_traitsIT_E17iterator_categoryERKS3_
FNDA:0,_ZSt19__iterator_categoryIPKcENSt15iterator_traitsIT_E17iterator_categoryERKS3_
DA:238,0
DA:239,0
DA:238,0
DA:239,0
end_of_record
SF:/usr/include/c++/10/bits/alloc_traits.h
FN:558,_ZNSt16allocator_traitsISaIcEE37select_on_container_copy_constructionERKS0_
FNDA:0,_ZNSt16allocator_traitsISaIcEE37select_on_container_copy_constructionERKS0_
DA:558,0
DA:559,0
end_of_record
SF:/usr/include/gtest/internal/gtest-port.h
FN:957,_ZN7testing8internal8GTestLog9GetStreamEv
FNDA:0,_ZN7testing8internal8GTestLog9GetStreamEv
DA:957,0
end_of_record
SF:/usr/include/c++/10/tuple
FN:117,_ZNSt10_Head_baseILm1ESt14default_deleteINSt7__cxx1118basic_stringstreamIcSt11char_traitsIcESaIcEEEELb1EE7_M_headERS8_
FNDA:74,_ZNSt10_Head_baseILm1ESt14default_deleteINSt7__cxx1118basic_stringstreamIcSt11char_traitsIcESaIcEEEELb1EE7_M_headERS8_
FN:117,_ZNSt10_Head_baseILm1ESt14default_deleteINSt7__cxx1112basic_stringIcSt11char_traitsIcESaIcEEEELb1EE7_M_headERS8_
FNDA:2,_ZNSt10_Head_baseILm1ESt14default_deleteINSt7__cxx1112basic_stringIcSt11char_traitsIcESaIcEEEELb1EE7_M_headERS8_
FN:166,_ZNSt10_Head_baseILm0EPNSt7__cxx1112basic_stringIcSt11char_traitsIcESaIcEEELb0EE7_M_headERS7_
FNDA:12,_ZNSt10_Head_baseILm0EPNSt7__cxx1112basic_stringIcSt11char_traitsIcESaIcEEELb0EE7_M_headERS7_
FN:166,_ZNSt10_Head_baseILm0EPNSt7__cxx1118basic_stringstreamIcSt11char_traitsIcESaIcEEELb0EE7_M_headERS7_
FNDA:148,_ZNSt10_Head_baseILm0EPNSt7__cxx1118basic_stringstreamIcSt11char_traitsIcESaIcEEELb0EE7_M_headERS7_
FN:169,_ZNSt10_Head_baseILm0EPNSt7__cxx1112basic_stringIcSt11char_traitsIcESaIcEEELb0EE7_M_headERKS7_
FNDA:8,_ZNSt10_Head_baseILm0EPNSt7__cxx1112basic_stringIcSt11char_traitsIcESaIcEEELb0EE7_M_headERKS7_
FN:201,_ZNSt11_Tuple_implILm0EJPNSt7__cxx1112basic_stringIcSt11char_traitsIcESaIcEEESt14default_deleteIS5_EEE7_M_headERS9_
FNDA:12,_ZNSt11_Tuple_implILm0EJPNSt7__cxx1112basic_stringIcSt11char_traitsIcESaIcEEESt14default_deleteIS5_EEE7_M_headERS9_
FN:201,_ZNSt11_Tuple_implILm0EJPNSt7__cxx1118basic_stringstreamIcSt11char_traitsIcESaIcEEESt14default_deleteIS5_EEE7_M_headERS9_
FNDA:148,_ZNSt11_Tuple_implILm0EJPNSt7__cxx1118basic_stringstreamIcSt11char_traitsIcESaIcEEESt14default_deleteIS5_EEE7_M_headERS9_
FN:204,_ZNSt11_Tuple_implILm0EJPNSt7__cxx1112basic_stringIcSt11char_traitsIcESaIcEEESt14default_deleteIS5_EEE7_M_headERKS9_
FNDA:8,_ZNSt11_Tuple_implILm0EJPNSt7__cxx1112basic_stringIcSt11char_traitsIcESaIcEEESt14default_deleteIS5_EEE7_M_headERKS9_
FN:349,_ZNSt11_Tuple_implILm1EJSt14default_deleteINSt7__cxx1112basic_stringIcSt11char_traitsIcESaIcEEEEEE7_M_headERS8_
FNDA:2,_ZNSt11_Tuple_implILm1EJSt14default_deleteINSt7__cxx1112basic_stringIcSt11char_traitsIcESaIcEEEEEE7_M_headERS8_
FN:349,_ZNSt11_Tuple_implILm1EJSt14default_deleteINSt7__cxx1118basic_stringstreamIcSt11char_traitsIcESaIcEEEEEE7_M_headERS8_
FNDA:74,_ZNSt11_Tuple_implILm1EJSt14default_deleteINSt7__cxx1118basic_stringstreamIcSt11char_traitsIcESaIcEEEEEE7_M_headERS8_
FN:1283,_ZSt12__get_helperILm1ESt14default_deleteINSt7__cxx1118basic_stringstreamIcSt11char_traitsIcESaIcEEEEJEERT0_RSt11_Tuple_implIXT_EJS8_DpT1_EE
FNDA:74,_ZSt12__get_helperILm1ESt14default_deleteINSt7__cxx1118basic_stringstreamIcSt11char_traitsIcESaIcEEEEJEERT0_RSt11_Tuple_implIXT_EJS8_DpT1_EE
FN:1283,_ZSt12__get_helperILm0EPNSt7__cxx1118basic_stringstreamIcSt11char_traitsIcESaIcEEEJSt14default_deleteIS5_EEERT0_RSt11_Tuple_implIXT_EJS9_DpT1_EE
FNDA:148,_ZSt12__get_helperILm0EPNSt7__cxx1118basic_stringstreamIcSt11char_traitsIcESaIcEEEJSt14default_deleteIS5_EEERT0_RSt11_Tuple_implIXT_EJS9_DpT1_EE
FN:1283,_ZSt12__get_helperILm0EPNSt7__cxx1112basic_stringIcSt11char_traitsIcESaIcEEEJSt14default_deleteIS5_EEERT0_RSt11_Tuple_implIXT_EJS9_DpT1_EE
FNDA:12,_ZSt12__get_helperILm0EPNSt7__cxx1112basic_stringIcSt11char_traitsIcESaIcEEEJSt14default_deleteIS5_EEERT0_RSt11_Tuple_implIXT_EJS9_DpT1_EE
FN:1283,_ZSt12__get_helperILm1ESt14default_deleteINSt7__cxx1112basic_stringIcSt11char_traitsIcESaIcEEEEJEERT0_RSt11_Tuple_implIXT_EJS8_DpT1_EE
FNDA:2,_ZSt12__get_helperILm1ESt14default_deleteINSt7__cxx1112basic_stringIcSt11char_traitsIcESaIcEEEEJEERT0_RSt11_Tuple_implIXT_EJS8_DpT1_EE
FN:1288,_ZSt12__get_helperILm0EPNSt7__cxx1112basic_stringIcSt11char_traitsIcESaIcEEEJSt14default_deleteIS5_EEERKT0_RKSt11_Tuple_implIXT_EJS9_DpT1_EE
FNDA:8,_ZSt12__get_helperILm0EPNSt7__cxx1112basic_stringIcSt11char_traitsIcESaIcEEEJSt14default_deleteIS5_EEERKT0_RKSt11_Tuple_implIXT_EJS9_DpT1_EE
FN:1294,_ZSt3getILm1EJPNSt7__cxx1112basic_stringIcSt11char_traitsIcESaIcEEESt14default_deleteIS5_EEERNSt13tuple_elementIXT_ESt5tupleIJDpT0_EEE4typeERSD_
FNDA:2,_ZSt3getILm1EJPNSt7__cxx1112basic_stringIcSt11char_traitsIcESaIcEEESt14default_deleteIS5_EEERNSt13tuple_elementIXT_ESt5tupleIJDpT0_EEE4typeERSD_
FN:1294,_ZSt3getILm1EJPNSt7__cxx1118basic_stringstreamIcSt11char_traitsIcESaIcEEESt14default_deleteIS5_EEERNSt13tuple_elementIXT_ESt5tupleIJDpT0_EEE4typeERSD_
FNDA:74,_ZSt3getILm1EJPNSt7__cxx1118basic_stringstreamIcSt11char_traitsIcESaIcEEESt14default_deleteIS5_EEERNSt13tuple_elementIXT_ESt5tupleIJDpT0_EEE4typeERSD_
FN:1294,_ZSt3getILm0EJPNSt7__cxx1112basic_stringIcSt11char_traitsIcESaIcEEESt14default_deleteIS5_EEERNSt13tuple_elementIXT_ESt5tupleIJDpT0_EEE4typeERSD_
FNDA:12,_ZSt3getILm0EJPNSt7__cxx1112basic_stringIcSt11char_traitsIcESaIcEEESt14default_deleteIS5_EEERNSt13tuple_elementIXT_ESt5tupleIJDpT0_EEE4typeERSD_
FN:1294,_ZSt3getILm0EJPNSt7__cxx1118basic_stringstreamIcSt11char_traitsIcESaIcEEESt14default_deleteIS5_EEERNSt13tuple_elementIXT_ESt5tupleIJDpT0_EEE4typeERSD_
FNDA:148,_ZSt3getILm0EJPNSt7__cxx1118basic_stringstreamIcSt11char_traitsIcESaIcEEESt14default_deleteIS5_EEERNSt13tuple_elementIXT_ESt5tupleIJDpT0_EEE4typeERSD_
FN:1300,_ZSt3getILm0EJPNSt7__cxx1112basic_stringIcSt11char_traitsIcESaIcEEESt14default_deleteIS5_EEERKNSt13tuple_elementIXT_ESt5tupleIJDpT0_EEE4typeERKSD_
FNDA:8,_ZSt3getILm0EJPNSt7__cxx1112basic_stringIcSt11char_traitsIcESaIcEEESt14default_deleteIS5_EEERKNSt13tuple_elementIXT_ESt5tupleIJDpT0_EEE4typeERKSD_
DA:117,2
DA:117,74
DA:166,12
DA:166,148
DA:169,8
DA:201,12
DA:201,148
DA:204,8
DA:349,2
DA:349,74
DA:1283,2
DA:1284,2
DA:1283,74
DA:1284,74
DA:1283,12
DA:1284,12
DA:1283,148
DA:1284,148
DA:1288,8
DA:1289,8
DA:1294,2
DA:1295,2
DA:1294,74
DA:1295,74
DA:1294,12
DA:1295,12
DA:1294,148
DA:1295,148
DA:1300,8
DA:1301,8
end_of_record
SF:/usr/include/c++/10/bits/basic_string.h
FN:243,_ZNSt7__cxx1112basic_stringIcSt11char_traitsIcESaIcEE16_M_construct_auxIPcEEvT_S7_St12__false_type
FNDA:0,_ZNSt7__cxx1112basic_stringIcSt11char_traitsIcESaIcEE16_M_construct_auxIPcEEvT_S7_St12__false_type
FN:243,_ZNSt7__cxx1112basic_stringIcSt11char_traitsIcESaIcEE16_M_construct_auxIPKcEEvT_S8_St12__false_type
FNDA:0,_ZNSt7__cxx1112basic_stringIcSt11char_traitsIcESaIcEE16_M_construct_auxIPKcEEvT_S8_St12__false_type
FN:263,_ZNSt7__cxx1112basic_stringIcSt11char_traitsIcESaIcEE12_M_constructIPcEEvT_S7_
FNDA:0,_ZNSt7__cxx1112basic_stringIcSt11char_traitsIcESaIcEE12_M_constructIPcEEvT_S7_
FN:263,_ZNSt7__cxx1112basic_stringIcSt11char_traitsIcESaIcEE12_M_constructIPKcEEvT_S8_
FNDA:0,_ZNSt7__cxx1112basic_stringIcSt11char_traitsIcESaIcEE12_M_constructIPKcEEvT_S8_
DA:243,0
DA:247,0
DA:248,0
DA:243,0
DA:247,0
DA:248,0
DA:263,0
DA:266,0
DA:267,0
DA:263,0
DA:266,0
DA:267,0
end_of_record
SF:/usr/include/c++/10/bits/basic_string.tcc
FN:206,_ZNSt7__cxx1112basic_stringIcSt11char_traitsIcESaIcEE12_M_constructIPcEEvT_S7_St20forward_iterator_tag
FNDA:0,_ZNSt7__cxx1112basic_stringIcSt11char_traitsIcESaIcEE12_M_constructIPcEEvT_S7_St20forward_iterator_tag
FN:206,_ZNSt7__cxx1112basic_stringIcSt11char_traitsIcESaIcEE12_M_constructIPKcEEvT_S8_St20forward_iterator_tag
FNDA:0,_ZNSt7__cxx1112basic_stringIcSt11char_traitsIcESaIcEE12_M_constructIPKcEEvT_S8_St20forward_iterator_tag
DA:206,0
DA:211,0
DA:212,0
DA:215,0
DA:217,0
DA:219,0
DA:220,0
DA:225,0
DA:226,0
DA:228,0
DA:229,0
DA:232,0
DA:233,0
DA:206,0
DA:211,0
DA:212,0
DA:215,0
DA:217,0
DA:219,0
DA:220,0
DA:225,0
DA:226,0
DA:228,0
DA:229,0
DA:232,0
DA:233,0
end_of_record
